ARM GAS  /var/folders/f2/xhg999f973v6h87pc1fwp6lm0000gn/T//ccdRh0NC.s 			page 1


   1              		.syntax unified
   2              		.cpu cortex-m4
   3              		.fpu softvfp
   4              		.eabi_attribute 20, 1
   5              		.eabi_attribute 21, 1
   6              		.eabi_attribute 23, 3
   7              		.eabi_attribute 24, 1
   8              		.eabi_attribute 25, 1
   9              		.eabi_attribute 26, 1
  10              		.eabi_attribute 30, 2
  11              		.eabi_attribute 34, 1
  12              		.eabi_attribute 18, 4
  13              		.thumb
  14              		.file	"ccsbcs.c"
  15              		.text
  16              	.Ltext0:
  17              		.cfi_sections	.debug_frame
  18              		.section	.text.ff_convert,"ax",%progbits
  19              		.align	2
  20              		.p2align 4,,15
  21              		.global	ff_convert
  22              		.thumb
  23              		.thumb_func
  24              		.type	ff_convert, %function
  25              	ff_convert:
  26              	.LFB7:
  27              		.file 1 "../../ext/fatfs/src/option/ccsbcs.c"
  28              		.loc 1 505 0
  29              		.cfi_startproc
  30              		@ args = 0, pretend = 0, frame = 0
  31              		@ frame_needed = 0, uses_anonymous_args = 0
  32              		@ link register save eliminated.
  33              	.LVL0:
  34              		.loc 1 509 0
  35 0000 7F28     		cmp	r0, #127
  36              		.loc 1 505 0
  37 0002 10B4     		push	{r4}
  38              		.cfi_def_cfa_offset 4
  39              		.cfi_offset 4, -4
  40              		.loc 1 509 0
  41 0004 0ED9     		bls	.L2
  42              		.loc 1 513 0
  43 0006 81B9     		cbnz	r1, .L11
  44 0008 0E4B     		ldr	r3, .L12
  45 000a 01E0     		b	.L6
  46              	.LVL1:
  47              	.L4:
  48              		.loc 1 517 0
  49 000c 8029     		cmp	r1, #128
  50 000e 15D0     		beq	.L7
  51              	.LVL2:
  52              	.L6:
  53              		.loc 1 518 0
  54 0010 33F8022F 		ldrh	r2, [r3, #2]!
  55 0014 8242     		cmp	r2, r0
  56 0016 8CB2     		uxth	r4, r1
  57              	.LVL3:
ARM GAS  /var/folders/f2/xhg999f973v6h87pc1fwp6lm0000gn/T//ccdRh0NC.s 			page 2


  58 0018 01F10101 		add	r1, r1, #1
  59 001c F6D1     		bne	.L4
  60 001e 04F18000 		add	r0, r4, #128
  61              	.LVL4:
  62 0022 80B2     		uxth	r0, r0
  63              	.LVL5:
  64              	.L2:
  65              		.loc 1 525 0
  66 0024 5DF8044B 		ldr	r4, [sp], #4
  67 0028 7047     		bx	lr
  68              	.LVL6:
  69              	.L11:
  70              		.loc 1 514 0
  71 002a FF28     		cmp	r0, #255
  72 002c 06D8     		bhi	.L7
  73              		.loc 1 514 0 is_stmt 0 discriminator 1
  74 002e 8038     		subs	r0, r0, #128
  75              	.LVL7:
  76 0030 054B     		ldr	r3, .L12+4
  77              		.loc 1 525 0 is_stmt 1 discriminator 1
  78 0032 5DF8044B 		ldr	r4, [sp], #4
  79              		.loc 1 514 0 discriminator 1
  80 0036 33F81000 		ldrh	r0, [r3, r0, lsl #1]
  81              	.LVL8:
  82              		.loc 1 525 0 discriminator 1
  83 003a 7047     		bx	lr
  84              	.LVL9:
  85              	.L7:
  86              		.loc 1 514 0
  87 003c 0020     		movs	r0, #0
  88              	.LVL10:
  89              		.loc 1 525 0
  90 003e 5DF8044B 		ldr	r4, [sp], #4
  91 0042 7047     		bx	lr
  92              	.L13:
  93              		.align	2
  94              	.L12:
  95 0044 FEFFFFFF 		.word	.LANCHOR0-2
  96 0048 00000000 		.word	.LANCHOR0
  97              		.cfi_endproc
  98              	.LFE7:
  99              		.size	ff_convert, .-ff_convert
 100 004c AFF30080 		.section	.text.ff_wtoupper,"ax",%progbits
 101              		.align	2
 102              		.p2align 4,,15
 103              		.global	ff_wtoupper
 104              		.thumb
 105              		.thumb_func
 106              		.type	ff_wtoupper, %function
 107              	ff_wtoupper:
 108              	.LFB8:
 109              		.loc 1 531 0
 110              		.cfi_startproc
 111              		@ args = 0, pretend = 0, frame = 0
 112              		@ frame_needed = 0, uses_anonymous_args = 0
 113              		@ link register save eliminated.
 114              	.LVL11:
ARM GAS  /var/folders/f2/xhg999f973v6h87pc1fwp6lm0000gn/T//ccdRh0NC.s 			page 3


 115              		.loc 1 537 0
 116 0000 6128     		cmp	r0, #97
 117 0002 0AD0     		beq	.L18
 118 0004 0749     		ldr	r1, .L22
 119 0006 0022     		movs	r2, #0
 120 0008 01E0     		b	.L17
 121              	.LVL12:
 122              	.L21:
 123              		.loc 1 537 0 is_stmt 0 discriminator 2
 124 000a 8342     		cmp	r3, r0
 125 000c 06D0     		beq	.L15
 126              	.LVL13:
 127              	.L17:
 128              		.loc 1 537 0 discriminator 1
 129 000e 31F8023F 		ldrh	r3, [r1, #2]!
 130 0012 0132     		adds	r2, r2, #1
 131              	.LVL14:
 132 0014 002B     		cmp	r3, #0
 133 0016 F8D1     		bne	.L21
 134              		.loc 1 540 0 is_stmt 1
 135 0018 7047     		bx	lr
 136              	.LVL15:
 137              	.L18:
 138              		.loc 1 537 0
 139 001a 0022     		movs	r2, #0
 140              	.LVL16:
 141              	.L15:
 142              		.loc 1 539 0
 143 001c 024B     		ldr	r3, .L22+4
 144 001e 33F81200 		ldrh	r0, [r3, r2, lsl #1]
 145              	.LVL17:
 146              		.loc 1 540 0
 147 0022 7047     		bx	lr
 148              	.L23:
 149              		.align	2
 150              	.L22:
 151 0024 00000000 		.word	.LANCHOR1
 152 0028 00000000 		.word	.LANCHOR2
 153              		.cfi_endproc
 154              	.LFE8:
 155              		.size	ff_wtoupper, .-ff_wtoupper
 156 002c AFF30080 		.section	.rodata.Tbl,"a",%progbits
 157              		.align	2
 158              		.set	.LANCHOR0,. + 0
 159              		.type	Tbl, %object
 160              		.size	Tbl, 256
 161              	Tbl:
 162 0000 AC20     		.short	8364
 163 0002 0000     		.short	0
 164 0004 1A20     		.short	8218
 165 0006 9201     		.short	402
 166 0008 1E20     		.short	8222
 167 000a 2620     		.short	8230
 168 000c 2020     		.short	8224
 169 000e 2120     		.short	8225
 170 0010 C602     		.short	710
 171 0012 3020     		.short	8240
ARM GAS  /var/folders/f2/xhg999f973v6h87pc1fwp6lm0000gn/T//ccdRh0NC.s 			page 4


 172 0014 6001     		.short	352
 173 0016 3920     		.short	8249
 174 0018 5201     		.short	338
 175 001a 0000     		.short	0
 176 001c 7D01     		.short	381
 177 001e 0000     		.short	0
 178 0020 0000     		.short	0
 179 0022 1820     		.short	8216
 180 0024 1920     		.short	8217
 181 0026 1C20     		.short	8220
 182 0028 1D20     		.short	8221
 183 002a 2220     		.short	8226
 184 002c 1320     		.short	8211
 185 002e 1420     		.short	8212
 186 0030 DC02     		.short	732
 187 0032 2221     		.short	8482
 188 0034 6101     		.short	353
 189 0036 3A20     		.short	8250
 190 0038 5301     		.short	339
 191 003a 0000     		.short	0
 192 003c 7E01     		.short	382
 193 003e 7801     		.short	376
 194 0040 A000     		.short	160
 195 0042 A100     		.short	161
 196 0044 A200     		.short	162
 197 0046 A300     		.short	163
 198 0048 A400     		.short	164
 199 004a A500     		.short	165
 200 004c A600     		.short	166
 201 004e A700     		.short	167
 202 0050 A800     		.short	168
 203 0052 A900     		.short	169
 204 0054 AA00     		.short	170
 205 0056 AB00     		.short	171
 206 0058 AC00     		.short	172
 207 005a AD00     		.short	173
 208 005c AE00     		.short	174
 209 005e AF00     		.short	175
 210 0060 B000     		.short	176
 211 0062 B100     		.short	177
 212 0064 B200     		.short	178
 213 0066 B300     		.short	179
 214 0068 B400     		.short	180
 215 006a B500     		.short	181
 216 006c B600     		.short	182
 217 006e B700     		.short	183
 218 0070 B800     		.short	184
 219 0072 B900     		.short	185
 220 0074 BA00     		.short	186
 221 0076 BB00     		.short	187
 222 0078 BC00     		.short	188
 223 007a BD00     		.short	189
 224 007c BE00     		.short	190
 225 007e BF00     		.short	191
 226 0080 C000     		.short	192
 227 0082 C100     		.short	193
 228 0084 C200     		.short	194
ARM GAS  /var/folders/f2/xhg999f973v6h87pc1fwp6lm0000gn/T//ccdRh0NC.s 			page 5


 229 0086 C300     		.short	195
 230 0088 C400     		.short	196
 231 008a C500     		.short	197
 232 008c C600     		.short	198
 233 008e C700     		.short	199
 234 0090 C800     		.short	200
 235 0092 C900     		.short	201
 236 0094 CA00     		.short	202
 237 0096 CB00     		.short	203
 238 0098 CC00     		.short	204
 239 009a CD00     		.short	205
 240 009c CE00     		.short	206
 241 009e CF00     		.short	207
 242 00a0 D000     		.short	208
 243 00a2 D100     		.short	209
 244 00a4 D200     		.short	210
 245 00a6 D300     		.short	211
 246 00a8 D400     		.short	212
 247 00aa D500     		.short	213
 248 00ac D600     		.short	214
 249 00ae D700     		.short	215
 250 00b0 D800     		.short	216
 251 00b2 D900     		.short	217
 252 00b4 DA00     		.short	218
 253 00b6 DB00     		.short	219
 254 00b8 DC00     		.short	220
 255 00ba DD00     		.short	221
 256 00bc DE00     		.short	222
 257 00be DF00     		.short	223
 258 00c0 E000     		.short	224
 259 00c2 E100     		.short	225
 260 00c4 E200     		.short	226
 261 00c6 E300     		.short	227
 262 00c8 E400     		.short	228
 263 00ca E500     		.short	229
 264 00cc E600     		.short	230
 265 00ce E700     		.short	231
 266 00d0 E800     		.short	232
 267 00d2 E900     		.short	233
 268 00d4 EA00     		.short	234
 269 00d6 EB00     		.short	235
 270 00d8 EC00     		.short	236
 271 00da ED00     		.short	237
 272 00dc EE00     		.short	238
 273 00de EF00     		.short	239
 274 00e0 F000     		.short	240
 275 00e2 F100     		.short	241
 276 00e4 F200     		.short	242
 277 00e6 F300     		.short	243
 278 00e8 F400     		.short	244
 279 00ea F500     		.short	245
 280 00ec F600     		.short	246
 281 00ee F700     		.short	247
 282 00f0 F800     		.short	248
 283 00f2 F900     		.short	249
 284 00f4 FA00     		.short	250
 285 00f6 FB00     		.short	251
ARM GAS  /var/folders/f2/xhg999f973v6h87pc1fwp6lm0000gn/T//ccdRh0NC.s 			page 6


 286 00f8 FC00     		.short	252
 287 00fa FD00     		.short	253
 288 00fc FE00     		.short	254
 289 00fe FF00     		.short	255
 290              		.section	.rodata.tbl_lower.4997,"a",%progbits
 291              		.align	2
 292              		.set	.LANCHOR1,. + 0
 293              		.type	tbl_lower.4997, %object
 294              		.size	tbl_lower.4997, 480
 295              	tbl_lower.4997:
 296 0000 6100     		.short	97
 297 0002 6200     		.short	98
 298 0004 6300     		.short	99
 299 0006 6400     		.short	100
 300 0008 6500     		.short	101
 301 000a 6600     		.short	102
 302 000c 6700     		.short	103
 303 000e 6800     		.short	104
 304 0010 6900     		.short	105
 305 0012 6A00     		.short	106
 306 0014 6B00     		.short	107
 307 0016 6C00     		.short	108
 308 0018 6D00     		.short	109
 309 001a 6E00     		.short	110
 310 001c 6F00     		.short	111
 311 001e 7000     		.short	112
 312 0020 7100     		.short	113
 313 0022 7200     		.short	114
 314 0024 7300     		.short	115
 315 0026 7400     		.short	116
 316 0028 7500     		.short	117
 317 002a 7600     		.short	118
 318 002c 7700     		.short	119
 319 002e 7800     		.short	120
 320 0030 7900     		.short	121
 321 0032 7A00     		.short	122
 322 0034 A100     		.short	161
 323 0036 A200     		.short	162
 324 0038 A300     		.short	163
 325 003a A500     		.short	165
 326 003c AC00     		.short	172
 327 003e AF00     		.short	175
 328 0040 E000     		.short	224
 329 0042 E100     		.short	225
 330 0044 E200     		.short	226
 331 0046 E300     		.short	227
 332 0048 E400     		.short	228
 333 004a E500     		.short	229
 334 004c E600     		.short	230
 335 004e E700     		.short	231
 336 0050 E800     		.short	232
 337 0052 E900     		.short	233
 338 0054 EA00     		.short	234
 339 0056 EB00     		.short	235
 340 0058 EC00     		.short	236
 341 005a ED00     		.short	237
 342 005c EE00     		.short	238
ARM GAS  /var/folders/f2/xhg999f973v6h87pc1fwp6lm0000gn/T//ccdRh0NC.s 			page 7


 343 005e EF00     		.short	239
 344 0060 F000     		.short	240
 345 0062 F100     		.short	241
 346 0064 F200     		.short	242
 347 0066 F300     		.short	243
 348 0068 F400     		.short	244
 349 006a F500     		.short	245
 350 006c F600     		.short	246
 351 006e F800     		.short	248
 352 0070 F900     		.short	249
 353 0072 FA00     		.short	250
 354 0074 FB00     		.short	251
 355 0076 FC00     		.short	252
 356 0078 FD00     		.short	253
 357 007a FE00     		.short	254
 358 007c FF00     		.short	255
 359 007e 0101     		.short	257
 360 0080 0301     		.short	259
 361 0082 0501     		.short	261
 362 0084 0701     		.short	263
 363 0086 0901     		.short	265
 364 0088 0B01     		.short	267
 365 008a 0D01     		.short	269
 366 008c 0F01     		.short	271
 367 008e 1101     		.short	273
 368 0090 1301     		.short	275
 369 0092 1501     		.short	277
 370 0094 1701     		.short	279
 371 0096 1901     		.short	281
 372 0098 1B01     		.short	283
 373 009a 1D01     		.short	285
 374 009c 1F01     		.short	287
 375 009e 2101     		.short	289
 376 00a0 2301     		.short	291
 377 00a2 2501     		.short	293
 378 00a4 2701     		.short	295
 379 00a6 2901     		.short	297
 380 00a8 2B01     		.short	299
 381 00aa 2D01     		.short	301
 382 00ac 2F01     		.short	303
 383 00ae 3101     		.short	305
 384 00b0 3301     		.short	307
 385 00b2 3501     		.short	309
 386 00b4 3701     		.short	311
 387 00b6 3A01     		.short	314
 388 00b8 3C01     		.short	316
 389 00ba 3E01     		.short	318
 390 00bc 4001     		.short	320
 391 00be 4201     		.short	322
 392 00c0 4401     		.short	324
 393 00c2 4601     		.short	326
 394 00c4 4801     		.short	328
 395 00c6 4B01     		.short	331
 396 00c8 4D01     		.short	333
 397 00ca 4F01     		.short	335
 398 00cc 5101     		.short	337
 399 00ce 5301     		.short	339
ARM GAS  /var/folders/f2/xhg999f973v6h87pc1fwp6lm0000gn/T//ccdRh0NC.s 			page 8


 400 00d0 5501     		.short	341
 401 00d2 5701     		.short	343
 402 00d4 5901     		.short	345
 403 00d6 5B01     		.short	347
 404 00d8 5D01     		.short	349
 405 00da 5F01     		.short	351
 406 00dc 6101     		.short	353
 407 00de 6301     		.short	355
 408 00e0 6501     		.short	357
 409 00e2 6701     		.short	359
 410 00e4 6901     		.short	361
 411 00e6 6B01     		.short	363
 412 00e8 6D01     		.short	365
 413 00ea 6F01     		.short	367
 414 00ec 7101     		.short	369
 415 00ee 7301     		.short	371
 416 00f0 7501     		.short	373
 417 00f2 7701     		.short	375
 418 00f4 7A01     		.short	378
 419 00f6 7C01     		.short	380
 420 00f8 7E01     		.short	382
 421 00fa 9201     		.short	402
 422 00fc B103     		.short	945
 423 00fe B203     		.short	946
 424 0100 B303     		.short	947
 425 0102 B403     		.short	948
 426 0104 B503     		.short	949
 427 0106 B603     		.short	950
 428 0108 B703     		.short	951
 429 010a B803     		.short	952
 430 010c B903     		.short	953
 431 010e BA03     		.short	954
 432 0110 BB03     		.short	955
 433 0112 BC03     		.short	956
 434 0114 BD03     		.short	957
 435 0116 BE03     		.short	958
 436 0118 BF03     		.short	959
 437 011a C003     		.short	960
 438 011c C103     		.short	961
 439 011e C303     		.short	963
 440 0120 C403     		.short	964
 441 0122 C503     		.short	965
 442 0124 C603     		.short	966
 443 0126 C703     		.short	967
 444 0128 C803     		.short	968
 445 012a C903     		.short	969
 446 012c CA03     		.short	970
 447 012e 3004     		.short	1072
 448 0130 3104     		.short	1073
 449 0132 3204     		.short	1074
 450 0134 3304     		.short	1075
 451 0136 3404     		.short	1076
 452 0138 3504     		.short	1077
 453 013a 3604     		.short	1078
 454 013c 3704     		.short	1079
 455 013e 3804     		.short	1080
 456 0140 3904     		.short	1081
ARM GAS  /var/folders/f2/xhg999f973v6h87pc1fwp6lm0000gn/T//ccdRh0NC.s 			page 9


 457 0142 3A04     		.short	1082
 458 0144 3B04     		.short	1083
 459 0146 3C04     		.short	1084
 460 0148 3D04     		.short	1085
 461 014a 3E04     		.short	1086
 462 014c 3F04     		.short	1087
 463 014e 4004     		.short	1088
 464 0150 4104     		.short	1089
 465 0152 4204     		.short	1090
 466 0154 4304     		.short	1091
 467 0156 4404     		.short	1092
 468 0158 4504     		.short	1093
 469 015a 4604     		.short	1094
 470 015c 4704     		.short	1095
 471 015e 4804     		.short	1096
 472 0160 4904     		.short	1097
 473 0162 4A04     		.short	1098
 474 0164 4B04     		.short	1099
 475 0166 4C04     		.short	1100
 476 0168 4D04     		.short	1101
 477 016a 4E04     		.short	1102
 478 016c 4F04     		.short	1103
 479 016e 5104     		.short	1105
 480 0170 5204     		.short	1106
 481 0172 5304     		.short	1107
 482 0174 5404     		.short	1108
 483 0176 5504     		.short	1109
 484 0178 5604     		.short	1110
 485 017a 5704     		.short	1111
 486 017c 5804     		.short	1112
 487 017e 5904     		.short	1113
 488 0180 5A04     		.short	1114
 489 0182 5B04     		.short	1115
 490 0184 5C04     		.short	1116
 491 0186 5E04     		.short	1118
 492 0188 5F04     		.short	1119
 493 018a 7021     		.short	8560
 494 018c 7121     		.short	8561
 495 018e 7221     		.short	8562
 496 0190 7321     		.short	8563
 497 0192 7421     		.short	8564
 498 0194 7521     		.short	8565
 499 0196 7621     		.short	8566
 500 0198 7721     		.short	8567
 501 019a 7821     		.short	8568
 502 019c 7921     		.short	8569
 503 019e 7A21     		.short	8570
 504 01a0 7B21     		.short	8571
 505 01a2 7C21     		.short	8572
 506 01a4 7D21     		.short	8573
 507 01a6 7E21     		.short	8574
 508 01a8 7F21     		.short	8575
 509 01aa 41FF     		.short	-191
 510 01ac 42FF     		.short	-190
 511 01ae 43FF     		.short	-189
 512 01b0 44FF     		.short	-188
 513 01b2 45FF     		.short	-187
ARM GAS  /var/folders/f2/xhg999f973v6h87pc1fwp6lm0000gn/T//ccdRh0NC.s 			page 10


 514 01b4 46FF     		.short	-186
 515 01b6 47FF     		.short	-185
 516 01b8 48FF     		.short	-184
 517 01ba 49FF     		.short	-183
 518 01bc 4AFF     		.short	-182
 519 01be 4BFF     		.short	-181
 520 01c0 4CFF     		.short	-180
 521 01c2 4DFF     		.short	-179
 522 01c4 4EFF     		.short	-178
 523 01c6 4FFF     		.short	-177
 524 01c8 50FF     		.short	-176
 525 01ca 51FF     		.short	-175
 526 01cc 52FF     		.short	-174
 527 01ce 53FF     		.short	-173
 528 01d0 54FF     		.short	-172
 529 01d2 55FF     		.short	-171
 530 01d4 56FF     		.short	-170
 531 01d6 57FF     		.short	-169
 532 01d8 58FF     		.short	-168
 533 01da 59FF     		.short	-167
 534 01dc 5AFF     		.short	-166
 535 01de 0000     		.short	0
 536              		.section	.rodata.tbl_upper.4998,"a",%progbits
 537              		.align	2
 538              		.set	.LANCHOR2,. + 0
 539              		.type	tbl_upper.4998, %object
 540              		.size	tbl_upper.4998, 480
 541              	tbl_upper.4998:
 542 0000 4100     		.short	65
 543 0002 4200     		.short	66
 544 0004 4300     		.short	67
 545 0006 4400     		.short	68
 546 0008 4500     		.short	69
 547 000a 4600     		.short	70
 548 000c 4700     		.short	71
 549 000e 4800     		.short	72
 550 0010 4900     		.short	73
 551 0012 4A00     		.short	74
 552 0014 4B00     		.short	75
 553 0016 4C00     		.short	76
 554 0018 4D00     		.short	77
 555 001a 4E00     		.short	78
 556 001c 4F00     		.short	79
 557 001e 5000     		.short	80
 558 0020 5100     		.short	81
 559 0022 5200     		.short	82
 560 0024 5300     		.short	83
 561 0026 5400     		.short	84
 562 0028 5500     		.short	85
 563 002a 5600     		.short	86
 564 002c 5700     		.short	87
 565 002e 5800     		.short	88
 566 0030 5900     		.short	89
 567 0032 5A00     		.short	90
 568 0034 2100     		.short	33
 569 0036 E0FF     		.short	-32
 570 0038 E1FF     		.short	-31
ARM GAS  /var/folders/f2/xhg999f973v6h87pc1fwp6lm0000gn/T//ccdRh0NC.s 			page 11


 571 003a E5FF     		.short	-27
 572 003c E2FF     		.short	-30
 573 003e E3FF     		.short	-29
 574 0040 C000     		.short	192
 575 0042 C100     		.short	193
 576 0044 C200     		.short	194
 577 0046 C300     		.short	195
 578 0048 C400     		.short	196
 579 004a C500     		.short	197
 580 004c C600     		.short	198
 581 004e C700     		.short	199
 582 0050 C800     		.short	200
 583 0052 C900     		.short	201
 584 0054 CA00     		.short	202
 585 0056 CB00     		.short	203
 586 0058 CC00     		.short	204
 587 005a CD00     		.short	205
 588 005c CE00     		.short	206
 589 005e CF00     		.short	207
 590 0060 D000     		.short	208
 591 0062 D100     		.short	209
 592 0064 D200     		.short	210
 593 0066 D300     		.short	211
 594 0068 D400     		.short	212
 595 006a D500     		.short	213
 596 006c D600     		.short	214
 597 006e D800     		.short	216
 598 0070 D900     		.short	217
 599 0072 DA00     		.short	218
 600 0074 DB00     		.short	219
 601 0076 DC00     		.short	220
 602 0078 DD00     		.short	221
 603 007a DE00     		.short	222
 604 007c 7801     		.short	376
 605 007e 0001     		.short	256
 606 0080 0201     		.short	258
 607 0082 0401     		.short	260
 608 0084 0601     		.short	262
 609 0086 0801     		.short	264
 610 0088 0A01     		.short	266
 611 008a 0C01     		.short	268
 612 008c 0E01     		.short	270
 613 008e 1001     		.short	272
 614 0090 1201     		.short	274
 615 0092 1401     		.short	276
 616 0094 1601     		.short	278
 617 0096 1801     		.short	280
 618 0098 1A01     		.short	282
 619 009a 1C01     		.short	284
 620 009c 1E01     		.short	286
 621 009e 2001     		.short	288
 622 00a0 2201     		.short	290
 623 00a2 2401     		.short	292
 624 00a4 2601     		.short	294
 625 00a6 2801     		.short	296
 626 00a8 2A01     		.short	298
 627 00aa 2C01     		.short	300
ARM GAS  /var/folders/f2/xhg999f973v6h87pc1fwp6lm0000gn/T//ccdRh0NC.s 			page 12


 628 00ac 2E01     		.short	302
 629 00ae 3001     		.short	304
 630 00b0 3201     		.short	306
 631 00b2 3401     		.short	308
 632 00b4 3601     		.short	310
 633 00b6 3901     		.short	313
 634 00b8 3B01     		.short	315
 635 00ba 3D01     		.short	317
 636 00bc 3F01     		.short	319
 637 00be 4101     		.short	321
 638 00c0 4301     		.short	323
 639 00c2 4501     		.short	325
 640 00c4 4701     		.short	327
 641 00c6 4A01     		.short	330
 642 00c8 4C01     		.short	332
 643 00ca 4E01     		.short	334
 644 00cc 5001     		.short	336
 645 00ce 5201     		.short	338
 646 00d0 5401     		.short	340
 647 00d2 5601     		.short	342
 648 00d4 5801     		.short	344
 649 00d6 5A01     		.short	346
 650 00d8 5C01     		.short	348
 651 00da 5E01     		.short	350
 652 00dc 6001     		.short	352
 653 00de 6201     		.short	354
 654 00e0 6401     		.short	356
 655 00e2 6601     		.short	358
 656 00e4 6801     		.short	360
 657 00e6 6A01     		.short	362
 658 00e8 6C01     		.short	364
 659 00ea 6E01     		.short	366
 660 00ec 7001     		.short	368
 661 00ee 7201     		.short	370
 662 00f0 7401     		.short	372
 663 00f2 7601     		.short	374
 664 00f4 7901     		.short	377
 665 00f6 7B01     		.short	379
 666 00f8 7D01     		.short	381
 667 00fa 9101     		.short	401
 668 00fc 9103     		.short	913
 669 00fe 9203     		.short	914
 670 0100 9303     		.short	915
 671 0102 9403     		.short	916
 672 0104 9503     		.short	917
 673 0106 9603     		.short	918
 674 0108 9703     		.short	919
 675 010a 9803     		.short	920
 676 010c 9903     		.short	921
 677 010e 9A03     		.short	922
 678 0110 9B03     		.short	923
 679 0112 9C03     		.short	924
 680 0114 9D03     		.short	925
 681 0116 9E03     		.short	926
 682 0118 9F03     		.short	927
 683 011a A003     		.short	928
 684 011c A103     		.short	929
ARM GAS  /var/folders/f2/xhg999f973v6h87pc1fwp6lm0000gn/T//ccdRh0NC.s 			page 13


 685 011e A303     		.short	931
 686 0120 A403     		.short	932
 687 0122 A503     		.short	933
 688 0124 A603     		.short	934
 689 0126 A703     		.short	935
 690 0128 A803     		.short	936
 691 012a A903     		.short	937
 692 012c AA03     		.short	938
 693 012e 1004     		.short	1040
 694 0130 1104     		.short	1041
 695 0132 1204     		.short	1042
 696 0134 1304     		.short	1043
 697 0136 1404     		.short	1044
 698 0138 1504     		.short	1045
 699 013a 1604     		.short	1046
 700 013c 1704     		.short	1047
 701 013e 1804     		.short	1048
 702 0140 1904     		.short	1049
 703 0142 1A04     		.short	1050
 704 0144 1B04     		.short	1051
 705 0146 1C04     		.short	1052
 706 0148 1D04     		.short	1053
 707 014a 1E04     		.short	1054
 708 014c 1F04     		.short	1055
 709 014e 2004     		.short	1056
 710 0150 2104     		.short	1057
 711 0152 2204     		.short	1058
 712 0154 2304     		.short	1059
 713 0156 2404     		.short	1060
 714 0158 2504     		.short	1061
 715 015a 2604     		.short	1062
 716 015c 2704     		.short	1063
 717 015e 2804     		.short	1064
 718 0160 2904     		.short	1065
 719 0162 2A04     		.short	1066
 720 0164 2B04     		.short	1067
 721 0166 2C04     		.short	1068
 722 0168 2D04     		.short	1069
 723 016a 2E04     		.short	1070
 724 016c 2F04     		.short	1071
 725 016e 0104     		.short	1025
 726 0170 0204     		.short	1026
 727 0172 0304     		.short	1027
 728 0174 0404     		.short	1028
 729 0176 0504     		.short	1029
 730 0178 0604     		.short	1030
 731 017a 0704     		.short	1031
 732 017c 0804     		.short	1032
 733 017e 0904     		.short	1033
 734 0180 0A04     		.short	1034
 735 0182 0B04     		.short	1035
 736 0184 0C04     		.short	1036
 737 0186 0E04     		.short	1038
 738 0188 0F04     		.short	1039
 739 018a 6021     		.short	8544
 740 018c 6121     		.short	8545
 741 018e 6221     		.short	8546
ARM GAS  /var/folders/f2/xhg999f973v6h87pc1fwp6lm0000gn/T//ccdRh0NC.s 			page 14


 742 0190 6321     		.short	8547
 743 0192 6421     		.short	8548
 744 0194 6521     		.short	8549
 745 0196 6621     		.short	8550
 746 0198 6721     		.short	8551
 747 019a 6821     		.short	8552
 748 019c 6921     		.short	8553
 749 019e 6A21     		.short	8554
 750 01a0 6B21     		.short	8555
 751 01a2 6C21     		.short	8556
 752 01a4 6D21     		.short	8557
 753 01a6 6E21     		.short	8558
 754 01a8 6F21     		.short	8559
 755 01aa 21FF     		.short	-223
 756 01ac 22FF     		.short	-222
 757 01ae 23FF     		.short	-221
 758 01b0 24FF     		.short	-220
 759 01b2 25FF     		.short	-219
 760 01b4 26FF     		.short	-218
 761 01b6 27FF     		.short	-217
 762 01b8 28FF     		.short	-216
 763 01ba 29FF     		.short	-215
 764 01bc 2AFF     		.short	-214
 765 01be 2BFF     		.short	-213
 766 01c0 2CFF     		.short	-212
 767 01c2 2DFF     		.short	-211
 768 01c4 2EFF     		.short	-210
 769 01c6 2FFF     		.short	-209
 770 01c8 30FF     		.short	-208
 771 01ca 31FF     		.short	-207
 772 01cc 32FF     		.short	-206
 773 01ce 33FF     		.short	-205
 774 01d0 34FF     		.short	-204
 775 01d2 35FF     		.short	-203
 776 01d4 36FF     		.short	-202
 777 01d6 37FF     		.short	-201
 778 01d8 38FF     		.short	-200
 779 01da 39FF     		.short	-199
 780 01dc 3AFF     		.short	-198
 781 01de 0000     		.short	0
 782              		.text
 783              	.Letext0:
 784              		.file 2 "../../ext/fatfs/src/option/../integer.h"
 785              		.section	.debug_info,"",%progbits
 786              	.Ldebug_info0:
 787 0000 7A010000 		.4byte	0x17a
 788 0004 0400     		.2byte	0x4
 789 0006 00000000 		.4byte	.Ldebug_abbrev0
 790 000a 04       		.byte	0x4
 791 000b 01       		.uleb128 0x1
 792 000c 25010000 		.4byte	.LASF18
 793 0010 01       		.byte	0x1
 794 0011 F7000000 		.4byte	.LASF19
 795 0015 2E000000 		.4byte	.LASF20
 796 0019 00000000 		.4byte	.Ldebug_ranges0+0
 797 001d 00000000 		.4byte	0
 798 0021 00000000 		.4byte	.Ldebug_line0
ARM GAS  /var/folders/f2/xhg999f973v6h87pc1fwp6lm0000gn/T//ccdRh0NC.s 			page 15


 799 0025 02       		.uleb128 0x2
 800 0026 04       		.byte	0x4
 801 0027 05       		.byte	0x5
 802 0028 696E7400 		.ascii	"int\000"
 803 002c 03       		.uleb128 0x3
 804 002d B2000000 		.4byte	.LASF5
 805 0031 02       		.byte	0x2
 806 0032 11       		.byte	0x11
 807 0033 37000000 		.4byte	0x37
 808 0037 04       		.uleb128 0x4
 809 0038 04       		.byte	0x4
 810 0039 07       		.byte	0x7
 811 003a 21000000 		.4byte	.LASF0
 812 003e 04       		.uleb128 0x4
 813 003f 01       		.byte	0x1
 814 0040 08       		.byte	0x8
 815 0041 AD000000 		.4byte	.LASF1
 816 0045 04       		.uleb128 0x4
 817 0046 01       		.byte	0x1
 818 0047 08       		.byte	0x8
 819 0048 9F000000 		.4byte	.LASF2
 820 004c 04       		.uleb128 0x4
 821 004d 02       		.byte	0x2
 822 004e 05       		.byte	0x5
 823 004f ED000000 		.4byte	.LASF3
 824 0053 04       		.uleb128 0x4
 825 0054 02       		.byte	0x2
 826 0055 07       		.byte	0x7
 827 0056 0E000000 		.4byte	.LASF4
 828 005a 03       		.uleb128 0x3
 829 005b 61000000 		.4byte	.LASF6
 830 005f 02       		.byte	0x2
 831 0060 1C       		.byte	0x1c
 832 0061 53000000 		.4byte	0x53
 833 0065 04       		.uleb128 0x4
 834 0066 04       		.byte	0x4
 835 0067 05       		.byte	0x5
 836 0068 B7000000 		.4byte	.LASF7
 837 006c 04       		.uleb128 0x4
 838 006d 04       		.byte	0x4
 839 006e 07       		.byte	0x7
 840 006f C0000000 		.4byte	.LASF8
 841 0073 04       		.uleb128 0x4
 842 0074 01       		.byte	0x1
 843 0075 06       		.byte	0x6
 844 0076 D8000000 		.4byte	.LASF9
 845 007a 04       		.uleb128 0x4
 846 007b 08       		.byte	0x8
 847 007c 05       		.byte	0x5
 848 007d 00000000 		.4byte	.LASF10
 849 0081 04       		.uleb128 0x4
 850 0082 08       		.byte	0x8
 851 0083 07       		.byte	0x7
 852 0084 73000000 		.4byte	.LASF11
 853 0088 04       		.uleb128 0x4
 854 0089 01       		.byte	0x1
 855 008a 02       		.byte	0x2
ARM GAS  /var/folders/f2/xhg999f973v6h87pc1fwp6lm0000gn/T//ccdRh0NC.s 			page 16


 856 008b D2000000 		.4byte	.LASF12
 857 008f 04       		.uleb128 0x4
 858 0090 04       		.byte	0x4
 859 0091 07       		.byte	0x7
 860 0092 E4000000 		.4byte	.LASF13
 861 0096 05       		.uleb128 0x5
 862 0097 94000000 		.4byte	.LASF14
 863 009b 01       		.byte	0x1
 864 009c F501     		.2byte	0x1f5
 865 009e 5A000000 		.4byte	0x5a
 866 00a2 00000000 		.4byte	.LFB7
 867 00a6 4C000000 		.4byte	.LFE7-.LFB7
 868 00aa 01       		.uleb128 0x1
 869 00ab 9C       		.byte	0x9c
 870 00ac DF000000 		.4byte	0xdf
 871 00b0 06       		.uleb128 0x6
 872 00b1 73726300 		.ascii	"src\000"
 873 00b5 01       		.byte	0x1
 874 00b6 F601     		.2byte	0x1f6
 875 00b8 5A000000 		.4byte	0x5a
 876 00bc 00000000 		.4byte	.LLST0
 877 00c0 06       		.uleb128 0x6
 878 00c1 64697200 		.ascii	"dir\000"
 879 00c5 01       		.byte	0x1
 880 00c6 F701     		.2byte	0x1f7
 881 00c8 2C000000 		.4byte	0x2c
 882 00cc 53000000 		.4byte	.LLST1
 883 00d0 07       		.uleb128 0x7
 884 00d1 6300     		.ascii	"c\000"
 885 00d3 01       		.byte	0x1
 886 00d4 FA01     		.2byte	0x1fa
 887 00d6 5A000000 		.4byte	0x5a
 888 00da 8D000000 		.4byte	.LLST2
 889 00de 00       		.byte	0
 890 00df 05       		.uleb128 0x5
 891 00e0 67000000 		.4byte	.LASF15
 892 00e4 01       		.byte	0x1
 893 00e5 1002     		.2byte	0x210
 894 00e7 5A000000 		.4byte	0x5a
 895 00eb 00000000 		.4byte	.LFB8
 896 00ef 2C000000 		.4byte	.LFE8-.LFB8
 897 00f3 01       		.uleb128 0x1
 898 00f4 9C       		.byte	0x9c
 899 00f5 3C010000 		.4byte	0x13c
 900 00f9 06       		.uleb128 0x6
 901 00fa 63687200 		.ascii	"chr\000"
 902 00fe 01       		.byte	0x1
 903 00ff 1102     		.2byte	0x211
 904 0101 5A000000 		.4byte	0x5a
 905 0105 D9000000 		.4byte	.LLST3
 906 0109 08       		.uleb128 0x8
 907 010a 8A000000 		.4byte	.LASF16
 908 010e 01       		.byte	0x1
 909 010f 1402     		.2byte	0x214
 910 0111 4C010000 		.4byte	0x14c
 911 0115 05       		.uleb128 0x5
 912 0116 03       		.byte	0x3
ARM GAS  /var/folders/f2/xhg999f973v6h87pc1fwp6lm0000gn/T//ccdRh0NC.s 			page 17


 913 0117 00000000 		.4byte	tbl_lower.4997
 914 011b 08       		.uleb128 0x8
 915 011c 1B010000 		.4byte	.LASF17
 916 0120 01       		.byte	0x1
 917 0121 1502     		.2byte	0x215
 918 0123 51010000 		.4byte	0x151
 919 0127 05       		.uleb128 0x5
 920 0128 03       		.byte	0x3
 921 0129 00000000 		.4byte	tbl_upper.4998
 922 012d 07       		.uleb128 0x7
 923 012e 6900     		.ascii	"i\000"
 924 0130 01       		.byte	0x1
 925 0131 1602     		.2byte	0x216
 926 0133 25000000 		.4byte	0x25
 927 0137 FA000000 		.4byte	.LLST4
 928 013b 00       		.byte	0
 929 013c 09       		.uleb128 0x9
 930 013d 5A000000 		.4byte	0x5a
 931 0141 4C010000 		.4byte	0x14c
 932 0145 0A       		.uleb128 0xa
 933 0146 8F000000 		.4byte	0x8f
 934 014a EF       		.byte	0xef
 935 014b 00       		.byte	0
 936 014c 0B       		.uleb128 0xb
 937 014d 3C010000 		.4byte	0x13c
 938 0151 0B       		.uleb128 0xb
 939 0152 3C010000 		.4byte	0x13c
 940 0156 09       		.uleb128 0x9
 941 0157 5A000000 		.4byte	0x5a
 942 015b 66010000 		.4byte	0x166
 943 015f 0A       		.uleb128 0xa
 944 0160 8F000000 		.4byte	0x8f
 945 0164 7F       		.byte	0x7f
 946 0165 00       		.byte	0
 947 0166 0C       		.uleb128 0xc
 948 0167 54626C00 		.ascii	"Tbl\000"
 949 016b 01       		.byte	0x1
 950 016c 5601     		.2byte	0x156
 951 016e 78010000 		.4byte	0x178
 952 0172 05       		.uleb128 0x5
 953 0173 03       		.byte	0x3
 954 0174 00000000 		.4byte	Tbl
 955 0178 0B       		.uleb128 0xb
 956 0179 56010000 		.4byte	0x156
 957 017d 00       		.byte	0
 958              		.section	.debug_abbrev,"",%progbits
 959              	.Ldebug_abbrev0:
 960 0000 01       		.uleb128 0x1
 961 0001 11       		.uleb128 0x11
 962 0002 01       		.byte	0x1
 963 0003 25       		.uleb128 0x25
 964 0004 0E       		.uleb128 0xe
 965 0005 13       		.uleb128 0x13
 966 0006 0B       		.uleb128 0xb
 967 0007 03       		.uleb128 0x3
 968 0008 0E       		.uleb128 0xe
 969 0009 1B       		.uleb128 0x1b
ARM GAS  /var/folders/f2/xhg999f973v6h87pc1fwp6lm0000gn/T//ccdRh0NC.s 			page 18


 970 000a 0E       		.uleb128 0xe
 971 000b 55       		.uleb128 0x55
 972 000c 17       		.uleb128 0x17
 973 000d 11       		.uleb128 0x11
 974 000e 01       		.uleb128 0x1
 975 000f 10       		.uleb128 0x10
 976 0010 17       		.uleb128 0x17
 977 0011 00       		.byte	0
 978 0012 00       		.byte	0
 979 0013 02       		.uleb128 0x2
 980 0014 24       		.uleb128 0x24
 981 0015 00       		.byte	0
 982 0016 0B       		.uleb128 0xb
 983 0017 0B       		.uleb128 0xb
 984 0018 3E       		.uleb128 0x3e
 985 0019 0B       		.uleb128 0xb
 986 001a 03       		.uleb128 0x3
 987 001b 08       		.uleb128 0x8
 988 001c 00       		.byte	0
 989 001d 00       		.byte	0
 990 001e 03       		.uleb128 0x3
 991 001f 16       		.uleb128 0x16
 992 0020 00       		.byte	0
 993 0021 03       		.uleb128 0x3
 994 0022 0E       		.uleb128 0xe
 995 0023 3A       		.uleb128 0x3a
 996 0024 0B       		.uleb128 0xb
 997 0025 3B       		.uleb128 0x3b
 998 0026 0B       		.uleb128 0xb
 999 0027 49       		.uleb128 0x49
 1000 0028 13       		.uleb128 0x13
 1001 0029 00       		.byte	0
 1002 002a 00       		.byte	0
 1003 002b 04       		.uleb128 0x4
 1004 002c 24       		.uleb128 0x24
 1005 002d 00       		.byte	0
 1006 002e 0B       		.uleb128 0xb
 1007 002f 0B       		.uleb128 0xb
 1008 0030 3E       		.uleb128 0x3e
 1009 0031 0B       		.uleb128 0xb
 1010 0032 03       		.uleb128 0x3
 1011 0033 0E       		.uleb128 0xe
 1012 0034 00       		.byte	0
 1013 0035 00       		.byte	0
 1014 0036 05       		.uleb128 0x5
 1015 0037 2E       		.uleb128 0x2e
 1016 0038 01       		.byte	0x1
 1017 0039 3F       		.uleb128 0x3f
 1018 003a 19       		.uleb128 0x19
 1019 003b 03       		.uleb128 0x3
 1020 003c 0E       		.uleb128 0xe
 1021 003d 3A       		.uleb128 0x3a
 1022 003e 0B       		.uleb128 0xb
 1023 003f 3B       		.uleb128 0x3b
 1024 0040 05       		.uleb128 0x5
 1025 0041 27       		.uleb128 0x27
 1026 0042 19       		.uleb128 0x19
ARM GAS  /var/folders/f2/xhg999f973v6h87pc1fwp6lm0000gn/T//ccdRh0NC.s 			page 19


 1027 0043 49       		.uleb128 0x49
 1028 0044 13       		.uleb128 0x13
 1029 0045 11       		.uleb128 0x11
 1030 0046 01       		.uleb128 0x1
 1031 0047 12       		.uleb128 0x12
 1032 0048 06       		.uleb128 0x6
 1033 0049 40       		.uleb128 0x40
 1034 004a 18       		.uleb128 0x18
 1035 004b 9742     		.uleb128 0x2117
 1036 004d 19       		.uleb128 0x19
 1037 004e 01       		.uleb128 0x1
 1038 004f 13       		.uleb128 0x13
 1039 0050 00       		.byte	0
 1040 0051 00       		.byte	0
 1041 0052 06       		.uleb128 0x6
 1042 0053 05       		.uleb128 0x5
 1043 0054 00       		.byte	0
 1044 0055 03       		.uleb128 0x3
 1045 0056 08       		.uleb128 0x8
 1046 0057 3A       		.uleb128 0x3a
 1047 0058 0B       		.uleb128 0xb
 1048 0059 3B       		.uleb128 0x3b
 1049 005a 05       		.uleb128 0x5
 1050 005b 49       		.uleb128 0x49
 1051 005c 13       		.uleb128 0x13
 1052 005d 02       		.uleb128 0x2
 1053 005e 17       		.uleb128 0x17
 1054 005f 00       		.byte	0
 1055 0060 00       		.byte	0
 1056 0061 07       		.uleb128 0x7
 1057 0062 34       		.uleb128 0x34
 1058 0063 00       		.byte	0
 1059 0064 03       		.uleb128 0x3
 1060 0065 08       		.uleb128 0x8
 1061 0066 3A       		.uleb128 0x3a
 1062 0067 0B       		.uleb128 0xb
 1063 0068 3B       		.uleb128 0x3b
 1064 0069 05       		.uleb128 0x5
 1065 006a 49       		.uleb128 0x49
 1066 006b 13       		.uleb128 0x13
 1067 006c 02       		.uleb128 0x2
 1068 006d 17       		.uleb128 0x17
 1069 006e 00       		.byte	0
 1070 006f 00       		.byte	0
 1071 0070 08       		.uleb128 0x8
 1072 0071 34       		.uleb128 0x34
 1073 0072 00       		.byte	0
 1074 0073 03       		.uleb128 0x3
 1075 0074 0E       		.uleb128 0xe
 1076 0075 3A       		.uleb128 0x3a
 1077 0076 0B       		.uleb128 0xb
 1078 0077 3B       		.uleb128 0x3b
 1079 0078 05       		.uleb128 0x5
 1080 0079 49       		.uleb128 0x49
 1081 007a 13       		.uleb128 0x13
 1082 007b 02       		.uleb128 0x2
 1083 007c 18       		.uleb128 0x18
ARM GAS  /var/folders/f2/xhg999f973v6h87pc1fwp6lm0000gn/T//ccdRh0NC.s 			page 20


 1084 007d 00       		.byte	0
 1085 007e 00       		.byte	0
 1086 007f 09       		.uleb128 0x9
 1087 0080 01       		.uleb128 0x1
 1088 0081 01       		.byte	0x1
 1089 0082 49       		.uleb128 0x49
 1090 0083 13       		.uleb128 0x13
 1091 0084 01       		.uleb128 0x1
 1092 0085 13       		.uleb128 0x13
 1093 0086 00       		.byte	0
 1094 0087 00       		.byte	0
 1095 0088 0A       		.uleb128 0xa
 1096 0089 21       		.uleb128 0x21
 1097 008a 00       		.byte	0
 1098 008b 49       		.uleb128 0x49
 1099 008c 13       		.uleb128 0x13
 1100 008d 2F       		.uleb128 0x2f
 1101 008e 0B       		.uleb128 0xb
 1102 008f 00       		.byte	0
 1103 0090 00       		.byte	0
 1104 0091 0B       		.uleb128 0xb
 1105 0092 26       		.uleb128 0x26
 1106 0093 00       		.byte	0
 1107 0094 49       		.uleb128 0x49
 1108 0095 13       		.uleb128 0x13
 1109 0096 00       		.byte	0
 1110 0097 00       		.byte	0
 1111 0098 0C       		.uleb128 0xc
 1112 0099 34       		.uleb128 0x34
 1113 009a 00       		.byte	0
 1114 009b 03       		.uleb128 0x3
 1115 009c 08       		.uleb128 0x8
 1116 009d 3A       		.uleb128 0x3a
 1117 009e 0B       		.uleb128 0xb
 1118 009f 3B       		.uleb128 0x3b
 1119 00a0 05       		.uleb128 0x5
 1120 00a1 49       		.uleb128 0x49
 1121 00a2 13       		.uleb128 0x13
 1122 00a3 02       		.uleb128 0x2
 1123 00a4 18       		.uleb128 0x18
 1124 00a5 00       		.byte	0
 1125 00a6 00       		.byte	0
 1126 00a7 00       		.byte	0
 1127              		.section	.debug_loc,"",%progbits
 1128              	.Ldebug_loc0:
 1129              	.LLST0:
 1130 0000 00000000 		.4byte	.LVL0
 1131 0004 22000000 		.4byte	.LVL4
 1132 0008 0100     		.2byte	0x1
 1133 000a 50       		.byte	0x50
 1134 000b 22000000 		.4byte	.LVL4
 1135 000f 2A000000 		.4byte	.LVL6
 1136 0013 0400     		.2byte	0x4
 1137 0015 F3       		.byte	0xf3
 1138 0016 01       		.uleb128 0x1
 1139 0017 50       		.byte	0x50
 1140 0018 9F       		.byte	0x9f
ARM GAS  /var/folders/f2/xhg999f973v6h87pc1fwp6lm0000gn/T//ccdRh0NC.s 			page 21


 1141 0019 2A000000 		.4byte	.LVL6
 1142 001d 30000000 		.4byte	.LVL7
 1143 0021 0100     		.2byte	0x1
 1144 0023 50       		.byte	0x50
 1145 0024 30000000 		.4byte	.LVL7
 1146 0028 3C000000 		.4byte	.LVL9
 1147 002c 0400     		.2byte	0x4
 1148 002e F3       		.byte	0xf3
 1149 002f 01       		.uleb128 0x1
 1150 0030 50       		.byte	0x50
 1151 0031 9F       		.byte	0x9f
 1152 0032 3C000000 		.4byte	.LVL9
 1153 0036 3E000000 		.4byte	.LVL10
 1154 003a 0100     		.2byte	0x1
 1155 003c 50       		.byte	0x50
 1156 003d 3E000000 		.4byte	.LVL10
 1157 0041 4C000000 		.4byte	.LFE7
 1158 0045 0400     		.2byte	0x4
 1159 0047 F3       		.byte	0xf3
 1160 0048 01       		.uleb128 0x1
 1161 0049 50       		.byte	0x50
 1162 004a 9F       		.byte	0x9f
 1163 004b 00000000 		.4byte	0
 1164 004f 00000000 		.4byte	0
 1165              	.LLST1:
 1166 0053 00000000 		.4byte	.LVL0
 1167 0057 0C000000 		.4byte	.LVL1
 1168 005b 0100     		.2byte	0x1
 1169 005d 51       		.byte	0x51
 1170 005e 0C000000 		.4byte	.LVL1
 1171 0062 2A000000 		.4byte	.LVL6
 1172 0066 0400     		.2byte	0x4
 1173 0068 F3       		.byte	0xf3
 1174 0069 01       		.uleb128 0x1
 1175 006a 51       		.byte	0x51
 1176 006b 9F       		.byte	0x9f
 1177 006c 2A000000 		.4byte	.LVL6
 1178 0070 3C000000 		.4byte	.LVL9
 1179 0074 0100     		.2byte	0x1
 1180 0076 51       		.byte	0x51
 1181 0077 3C000000 		.4byte	.LVL9
 1182 007b 4C000000 		.4byte	.LFE7
 1183 007f 0400     		.2byte	0x4
 1184 0081 F3       		.byte	0xf3
 1185 0082 01       		.uleb128 0x1
 1186 0083 51       		.byte	0x51
 1187 0084 9F       		.byte	0x9f
 1188 0085 00000000 		.4byte	0
 1189 0089 00000000 		.4byte	0
 1190              	.LLST2:
 1191 008d 0C000000 		.4byte	.LVL1
 1192 0091 10000000 		.4byte	.LVL2
 1193 0095 0100     		.2byte	0x1
 1194 0097 54       		.byte	0x54
 1195 0098 10000000 		.4byte	.LVL2
 1196 009c 18000000 		.4byte	.LVL3
 1197 00a0 0300     		.2byte	0x3
ARM GAS  /var/folders/f2/xhg999f973v6h87pc1fwp6lm0000gn/T//ccdRh0NC.s 			page 22


 1198 00a2 71       		.byte	0x71
 1199 00a3 01       		.sleb128 1
 1200 00a4 9F       		.byte	0x9f
 1201 00a5 18000000 		.4byte	.LVL3
 1202 00a9 24000000 		.4byte	.LVL5
 1203 00ad 0100     		.2byte	0x1
 1204 00af 54       		.byte	0x54
 1205 00b0 24000000 		.4byte	.LVL5
 1206 00b4 2A000000 		.4byte	.LVL6
 1207 00b8 0100     		.2byte	0x1
 1208 00ba 50       		.byte	0x50
 1209 00bb 3A000000 		.4byte	.LVL8
 1210 00bf 3C000000 		.4byte	.LVL9
 1211 00c3 0100     		.2byte	0x1
 1212 00c5 50       		.byte	0x50
 1213 00c6 3E000000 		.4byte	.LVL10
 1214 00ca 4C000000 		.4byte	.LFE7
 1215 00ce 0100     		.2byte	0x1
 1216 00d0 50       		.byte	0x50
 1217 00d1 00000000 		.4byte	0
 1218 00d5 00000000 		.4byte	0
 1219              	.LLST3:
 1220 00d9 00000000 		.4byte	.LVL11
 1221 00dd 22000000 		.4byte	.LVL17
 1222 00e1 0100     		.2byte	0x1
 1223 00e3 50       		.byte	0x50
 1224 00e4 22000000 		.4byte	.LVL17
 1225 00e8 2C000000 		.4byte	.LFE8
 1226 00ec 0400     		.2byte	0x4
 1227 00ee F3       		.byte	0xf3
 1228 00ef 01       		.uleb128 0x1
 1229 00f0 50       		.byte	0x50
 1230 00f1 9F       		.byte	0x9f
 1231 00f2 00000000 		.4byte	0
 1232 00f6 00000000 		.4byte	0
 1233              	.LLST4:
 1234 00fa 00000000 		.4byte	.LVL11
 1235 00fe 0A000000 		.4byte	.LVL12
 1236 0102 0200     		.2byte	0x2
 1237 0104 30       		.byte	0x30
 1238 0105 9F       		.byte	0x9f
 1239 0106 0A000000 		.4byte	.LVL12
 1240 010a 1A000000 		.4byte	.LVL15
 1241 010e 0100     		.2byte	0x1
 1242 0110 52       		.byte	0x52
 1243 0111 1A000000 		.4byte	.LVL15
 1244 0115 1C000000 		.4byte	.LVL16
 1245 0119 0200     		.2byte	0x2
 1246 011b 30       		.byte	0x30
 1247 011c 9F       		.byte	0x9f
 1248 011d 00000000 		.4byte	0
 1249 0121 00000000 		.4byte	0
 1250              		.section	.debug_aranges,"",%progbits
 1251 0000 24000000 		.4byte	0x24
 1252 0004 0200     		.2byte	0x2
 1253 0006 00000000 		.4byte	.Ldebug_info0
 1254 000a 04       		.byte	0x4
ARM GAS  /var/folders/f2/xhg999f973v6h87pc1fwp6lm0000gn/T//ccdRh0NC.s 			page 23


 1255 000b 00       		.byte	0
 1256 000c 0000     		.2byte	0
 1257 000e 0000     		.2byte	0
 1258 0010 00000000 		.4byte	.LFB7
 1259 0014 4C000000 		.4byte	.LFE7-.LFB7
 1260 0018 00000000 		.4byte	.LFB8
 1261 001c 2C000000 		.4byte	.LFE8-.LFB8
 1262 0020 00000000 		.4byte	0
 1263 0024 00000000 		.4byte	0
 1264              		.section	.debug_ranges,"",%progbits
 1265              	.Ldebug_ranges0:
 1266 0000 00000000 		.4byte	.LFB7
 1267 0004 4C000000 		.4byte	.LFE7
 1268 0008 00000000 		.4byte	.LFB8
 1269 000c 2C000000 		.4byte	.LFE8
 1270 0010 00000000 		.4byte	0
 1271 0014 00000000 		.4byte	0
 1272              		.section	.debug_line,"",%progbits
 1273              	.Ldebug_line0:
 1274 0000 C8000000 		.section	.debug_str,"MS",%progbits,1
 1274      02006500 
 1274      00000201 
 1274      FB0E0D00 
 1274      01010101 
 1275              	.LASF10:
 1276 0000 6C6F6E67 		.ascii	"long long int\000"
 1276      206C6F6E 
 1276      6720696E 
 1276      7400
 1277              	.LASF4:
 1278 000e 73686F72 		.ascii	"short unsigned int\000"
 1278      7420756E 
 1278      7369676E 
 1278      65642069 
 1278      6E7400
 1279              	.LASF0:
 1280 0021 756E7369 		.ascii	"unsigned int\000"
 1280      676E6564 
 1280      20696E74 
 1280      00
 1281              	.LASF20:
 1282 002e 2F557365 		.ascii	"/Users/Andy/ChibiStudio/ChibiOS/demos/CAM-DCMI_SD/\000"
 1282      72732F41 
 1282      6E64792F 
 1282      43686962 
 1282      69537475 
 1283              	.LASF6:
 1284 0061 57434841 		.ascii	"WCHAR\000"
 1284      5200
 1285              	.LASF15:
 1286 0067 66665F77 		.ascii	"ff_wtoupper\000"
 1286      746F7570 
 1286      70657200 
 1287              	.LASF11:
 1288 0073 6C6F6E67 		.ascii	"long long unsigned int\000"
 1288      206C6F6E 
 1288      6720756E 
ARM GAS  /var/folders/f2/xhg999f973v6h87pc1fwp6lm0000gn/T//ccdRh0NC.s 			page 24


 1288      7369676E 
 1288      65642069 
 1289              	.LASF16:
 1290 008a 74626C5F 		.ascii	"tbl_lower\000"
 1290      6C6F7765 
 1290      7200
 1291              	.LASF14:
 1292 0094 66665F63 		.ascii	"ff_convert\000"
 1292      6F6E7665 
 1292      727400
 1293              	.LASF2:
 1294 009f 756E7369 		.ascii	"unsigned char\000"
 1294      676E6564 
 1294      20636861 
 1294      7200
 1295              	.LASF1:
 1296 00ad 63686172 		.ascii	"char\000"
 1296      00
 1297              	.LASF5:
 1298 00b2 55494E54 		.ascii	"UINT\000"
 1298      00
 1299              	.LASF7:
 1300 00b7 6C6F6E67 		.ascii	"long int\000"
 1300      20696E74 
 1300      00
 1301              	.LASF8:
 1302 00c0 6C6F6E67 		.ascii	"long unsigned int\000"
 1302      20756E73 
 1302      69676E65 
 1302      6420696E 
 1302      7400
 1303              	.LASF12:
 1304 00d2 5F426F6F 		.ascii	"_Bool\000"
 1304      6C00
 1305              	.LASF9:
 1306 00d8 7369676E 		.ascii	"signed char\000"
 1306      65642063 
 1306      68617200 
 1307              	.LASF13:
 1308 00e4 73697A65 		.ascii	"sizetype\000"
 1308      74797065 
 1308      00
 1309              	.LASF3:
 1310 00ed 73686F72 		.ascii	"short int\000"
 1310      7420696E 
 1310      7400
 1311              	.LASF19:
 1312 00f7 2E2E2F2E 		.ascii	"../../ext/fatfs/src/option/ccsbcs.c\000"
 1312      2E2F6578 
 1312      742F6661 
 1312      7466732F 
 1312      7372632F 
 1313              	.LASF17:
 1314 011b 74626C5F 		.ascii	"tbl_upper\000"
 1314      75707065 
 1314      7200
 1315              	.LASF18:
ARM GAS  /var/folders/f2/xhg999f973v6h87pc1fwp6lm0000gn/T//ccdRh0NC.s 			page 25


 1316 0125 474E5520 		.ascii	"GNU C 4.8.3 20140228 (release) [ARM/embedded-4_8-br"
 1316      4320342E 
 1316      382E3320 
 1316      32303134 
 1316      30323238 
 1317 0158 616E6368 		.ascii	"anch revision 208322] -mcpu=cortex-m4 -mno-thumb-in"
 1317      20726576 
 1317      6973696F 
 1317      6E203230 
 1317      38333232 
 1318 018b 74657277 		.ascii	"terwork -mthumb -ggdb -O2 -fomit-frame-pointer -fal"
 1318      6F726B20 
 1318      2D6D7468 
 1318      756D6220 
 1318      2D676764 
 1319 01be 69676E2D 		.ascii	"ign-functions=16 -ffunction-sections -fdata-section"
 1319      66756E63 
 1319      74696F6E 
 1319      733D3136 
 1319      202D6666 
 1320 01f1 73202D66 		.ascii	"s -fno-common\000"
 1320      6E6F2D63 
 1320      6F6D6D6F 
 1320      6E00
 1321              		.ident	"GCC: (GNU Tools for ARM Embedded Processors) 4.8.3 20140228 (release) [ARM/embedded-4_8-br
ARM GAS  /var/folders/f2/xhg999f973v6h87pc1fwp6lm0000gn/T//ccdRh0NC.s 			page 26


DEFINED SYMBOLS
                            *ABS*:0000000000000000 ccsbcs.c
/var/folders/f2/xhg999f973v6h87pc1fwp6lm0000gn/T//ccdRh0NC.s:19     .text.ff_convert:0000000000000000 $t
/var/folders/f2/xhg999f973v6h87pc1fwp6lm0000gn/T//ccdRh0NC.s:25     .text.ff_convert:0000000000000000 ff_convert
/var/folders/f2/xhg999f973v6h87pc1fwp6lm0000gn/T//ccdRh0NC.s:95     .text.ff_convert:0000000000000044 $d
/var/folders/f2/xhg999f973v6h87pc1fwp6lm0000gn/T//ccdRh0NC.s:101    .text.ff_wtoupper:0000000000000000 $t
/var/folders/f2/xhg999f973v6h87pc1fwp6lm0000gn/T//ccdRh0NC.s:107    .text.ff_wtoupper:0000000000000000 ff_wtoupper
/var/folders/f2/xhg999f973v6h87pc1fwp6lm0000gn/T//ccdRh0NC.s:151    .text.ff_wtoupper:0000000000000024 $d
/var/folders/f2/xhg999f973v6h87pc1fwp6lm0000gn/T//ccdRh0NC.s:157    .rodata.Tbl:0000000000000000 $d
/var/folders/f2/xhg999f973v6h87pc1fwp6lm0000gn/T//ccdRh0NC.s:161    .rodata.Tbl:0000000000000000 Tbl
/var/folders/f2/xhg999f973v6h87pc1fwp6lm0000gn/T//ccdRh0NC.s:291    .rodata.tbl_lower.4997:0000000000000000 $d
/var/folders/f2/xhg999f973v6h87pc1fwp6lm0000gn/T//ccdRh0NC.s:295    .rodata.tbl_lower.4997:0000000000000000 tbl_lower.4997
/var/folders/f2/xhg999f973v6h87pc1fwp6lm0000gn/T//ccdRh0NC.s:537    .rodata.tbl_upper.4998:0000000000000000 $d
/var/folders/f2/xhg999f973v6h87pc1fwp6lm0000gn/T//ccdRh0NC.s:541    .rodata.tbl_upper.4998:0000000000000000 tbl_upper.4998
                     .debug_frame:0000000000000010 $d
/var/folders/f2/xhg999f973v6h87pc1fwp6lm0000gn/T//ccdRh0NC.s:100    .text.ff_convert:000000000000004c $t
/var/folders/f2/xhg999f973v6h87pc1fwp6lm0000gn/T//ccdRh0NC.s:156    .text.ff_wtoupper:000000000000002c $t

NO UNDEFINED SYMBOLS
