ARM GAS  /var/folders/4k/6h5l9jl178sb4hslwv3xp1mr0000gn/T//ccoJoRRA.s 			page 1


   1              		.syntax unified
   2              		.cpu cortex-m4
   3              		.fpu softvfp
   4              		.eabi_attribute 20, 1
   5              		.eabi_attribute 21, 1
   6              		.eabi_attribute 23, 3
   7              		.eabi_attribute 24, 1
   8              		.eabi_attribute 25, 1
   9              		.eabi_attribute 26, 1
  10              		.eabi_attribute 30, 2
  11              		.eabi_attribute 34, 1
  12              		.eabi_attribute 18, 4
  13              		.thumb
  14              		.file	"chheap.c"
  15              		.text
  16              	.Ltext0:
  17              		.cfi_sections	.debug_frame
  18              		.section	.text._heap_init,"ax",%progbits
  19              		.align	2
  20              		.p2align 4,,15
  21              		.global	_heap_init
  22              		.thumb
  23              		.thumb_func
  24              		.type	_heap_init, %function
  25              	_heap_init:
  26              	.LFB7:
  27              		.file 1 "../ChibiStudio/ChibiOS/os/kernel/src/chheap.c"
  28              		.loc 1 75 0
  29              		.cfi_startproc
  30              		@ args = 0, pretend = 0, frame = 0
  31              		@ frame_needed = 0, uses_anonymous_args = 0
  32              		@ link register save eliminated.
  33              		.loc 1 76 0
  34 0000 044B     		ldr	r3, .L2
  35 0002 054A     		ldr	r2, .L2+4
  36 0004 1A60     		str	r2, [r3]
  37              		.loc 1 80 0
  38 0006 03F11000 		add	r0, r3, #16
  39              		.loc 1 77 0
  40 000a 0022     		movs	r2, #0
  41 000c 9A60     		str	r2, [r3, #8]
  42              		.loc 1 78 0
  43 000e DA60     		str	r2, [r3, #12]
  44              		.loc 1 80 0
  45 0010 FFF7FEBF 		b	chMtxInit
  46              	.LVL0:
  47              	.L3:
  48              		.align	2
  49              	.L2:
  50 0014 00000000 		.word	.LANCHOR0
  51 0018 00000000 		.word	chCoreAlloc
  52              		.cfi_endproc
  53              	.LFE7:
  54              		.size	_heap_init, .-_heap_init
  55 001c AFF30080 		.section	.text.chHeapInit,"ax",%progbits
  56              		.align	2
  57              		.p2align 4,,15
ARM GAS  /var/folders/4k/6h5l9jl178sb4hslwv3xp1mr0000gn/T//ccoJoRRA.s 			page 2


  58              		.global	chHeapInit
  59              		.thumb
  60              		.thumb_func
  61              		.type	chHeapInit, %function
  62              	chHeapInit:
  63              	.LFB8:
  64              		.loc 1 99 0
  65              		.cfi_startproc
  66              		@ args = 0, pretend = 0, frame = 0
  67              		@ frame_needed = 0, uses_anonymous_args = 0
  68              		@ link register save eliminated.
  69              	.LVL1:
  70              		.loc 1 104 0
  71 0000 0023     		movs	r3, #0
  72              		.loc 1 108 0
  73 0002 083A     		subs	r2, r2, #8
  74              	.LVL2:
  75              		.loc 1 105 0
  76 0004 8160     		str	r1, [r0, #8]
  77              		.loc 1 104 0
  78 0006 0360     		str	r3, [r0]
  79              	.LVL3:
  80              		.loc 1 106 0
  81 0008 C360     		str	r3, [r0, #12]
  82              		.loc 1 110 0
  83 000a 1030     		adds	r0, r0, #16
  84              	.LVL4:
  85              		.loc 1 108 0
  86 000c 4A60     		str	r2, [r1, #4]
  87              		.loc 1 107 0
  88 000e 0B60     		str	r3, [r1]
  89              		.loc 1 110 0
  90 0010 FFF7FEBF 		b	chMtxInit
  91              	.LVL5:
  92              		.cfi_endproc
  93              	.LFE8:
  94              		.size	chHeapInit, .-chHeapInit
  95 0014 AFF30080 		.section	.text.chHeapAlloc,"ax",%progbits
  95      AFF30080 
  95      AFF30080 
  96              		.align	2
  97              		.p2align 4,,15
  98              		.global	chHeapAlloc
  99              		.thumb
 100              		.thumb_func
 101              		.type	chHeapAlloc, %function
 102              	chHeapAlloc:
 103              	.LFB9:
 104              		.loc 1 132 0
 105              		.cfi_startproc
 106              		@ args = 0, pretend = 0, frame = 0
 107              		@ frame_needed = 0, uses_anonymous_args = 0
 108              	.LVL6:
 109 0000 F8B5     		push	{r3, r4, r5, r6, r7, lr}
 110              		.cfi_def_cfa_offset 24
 111              		.cfi_offset 3, -24
 112              		.cfi_offset 4, -20
ARM GAS  /var/folders/4k/6h5l9jl178sb4hslwv3xp1mr0000gn/T//ccoJoRRA.s 			page 3


 113              		.cfi_offset 5, -16
 114              		.cfi_offset 6, -12
 115              		.cfi_offset 7, -8
 116              		.cfi_offset 14, -4
 117              		.loc 1 136 0
 118 0002 1E4E     		ldr	r6, .L21
 119 0004 0028     		cmp	r0, #0
 120 0006 18BF     		it	ne
 121 0008 0646     		movne	r6, r0
 122              	.LVL7:
 123              		.loc 1 138 0
 124 000a 0731     		adds	r1, r1, #7
 125              	.LVL8:
 126              		.loc 1 140 0
 127 000c 06F11000 		add	r0, r6, #16
 128              		.loc 1 138 0
 129 0010 21F00705 		bic	r5, r1, #7
 130              	.LVL9:
 131              		.loc 1 139 0
 132 0014 06F10804 		add	r4, r6, #8
 133              	.LVL10:
 134              		.loc 1 140 0
 135 0018 FFF7FEFF 		bl	chMtxLock
 136              	.LVL11:
 137              		.loc 1 142 0
 138 001c 03E0     		b	.L7
 139              	.LVL12:
 140              	.L12:
 141              		.loc 1 144 0
 142 001e 5A68     		ldr	r2, [r3, #4]
 143 0020 9542     		cmp	r5, r2
 144 0022 11D9     		bls	.L20
 145 0024 1C46     		mov	r4, r3
 146              	.LVL13:
 147              	.L7:
 148              		.loc 1 142 0 discriminator 1
 149 0026 2368     		ldr	r3, [r4]
 150              	.LVL14:
 151 0028 002B     		cmp	r3, #0
 152 002a F8D1     		bne	.L12
 153              		.loc 1 167 0
 154 002c FFF7FEFF 		bl	chMtxUnlock
 155              	.LVL15:
 156              		.loc 1 171 0
 157 0030 3368     		ldr	r3, [r6]
 158 0032 0BB3     		cbz	r3, .L14
 159              		.loc 1 172 0
 160 0034 05F10800 		add	r0, r5, #8
 161 0038 9847     		blx	r3
 162              	.LVL16:
 163              		.loc 1 173 0
 164 003a E8B1     		cbz	r0, .L14
 165              		.loc 1 174 0
 166 003c 0660     		str	r6, [r0]
 167              		.loc 1 175 0
 168 003e 4560     		str	r5, [r0, #4]
 169              	.LVL17:
ARM GAS  /var/folders/4k/6h5l9jl178sb4hslwv3xp1mr0000gn/T//ccoJoRRA.s 			page 4


 170              		.loc 1 177 0
 171 0040 00F10804 		add	r4, r0, #8
 172              	.LVL18:
 173              	.L11:
 174              		.loc 1 181 0
 175 0044 2046     		mov	r0, r4
 176 0046 F8BD     		pop	{r3, r4, r5, r6, r7, pc}
 177              	.LVL19:
 178              	.L20:
 179              		.loc 1 145 0
 180 0048 05F10801 		add	r1, r5, #8
 181 004c 9142     		cmp	r1, r2
 182 004e 08D9     		bls	.L9
 183              		.loc 1 149 0
 184 0050 1A68     		ldr	r2, [r3]
 185 0052 2260     		str	r2, [r4]
 186              	.L10:
 187              		.loc 1 159 0
 188 0054 1C46     		mov	r4, r3
 189              	.LVL20:
 190 0056 44F8086B 		str	r6, [r4], #8
 191              		.loc 1 161 0
 192 005a FFF7FEFF 		bl	chMtxUnlock
 193              	.LVL21:
 194              		.loc 1 181 0
 195 005e 2046     		mov	r0, r4
 196 0060 F8BD     		pop	{r3, r4, r5, r6, r7, pc}
 197              	.LVL22:
 198              	.L9:
 199              		.loc 1 155 0
 200 0062 6FF00700 		mvn	r0, #7
 201 0066 401B     		subs	r0, r0, r5
 202              		.loc 1 153 0
 203 0068 5F18     		adds	r7, r3, r1
 204              	.LVL23:
 205              		.loc 1 155 0
 206 006a 0244     		add	r2, r2, r0
 207              		.loc 1 154 0
 208 006c 1868     		ldr	r0, [r3]
 209 006e 5850     		str	r0, [r3, r1]
 210              		.loc 1 155 0
 211 0070 7A60     		str	r2, [r7, #4]
 212              		.loc 1 156 0
 213 0072 2760     		str	r7, [r4]
 214              		.loc 1 157 0
 215 0074 5D60     		str	r5, [r3, #4]
 216 0076 EDE7     		b	.L10
 217              	.LVL24:
 218              	.L14:
 219              		.loc 1 180 0
 220 0078 0024     		movs	r4, #0
 221              	.LVL25:
 222 007a E3E7     		b	.L11
 223              	.L22:
 224              		.align	2
 225              	.L21:
 226 007c 00000000 		.word	.LANCHOR0
ARM GAS  /var/folders/4k/6h5l9jl178sb4hslwv3xp1mr0000gn/T//ccoJoRRA.s 			page 5


 227              		.cfi_endproc
 228              	.LFE9:
 229              		.size	chHeapAlloc, .-chHeapAlloc
 230              		.section	.text.chHeapFree,"ax",%progbits
 231              		.align	2
 232              		.p2align 4,,15
 233              		.global	chHeapFree
 234              		.thumb
 235              		.thumb_func
 236              		.type	chHeapFree, %function
 237              	chHeapFree:
 238              	.LFB10:
 239              		.loc 1 194 0
 240              		.cfi_startproc
 241              		@ args = 0, pretend = 0, frame = 0
 242              		@ frame_needed = 0, uses_anonymous_args = 0
 243              	.LVL26:
 244 0000 70B5     		push	{r4, r5, r6, lr}
 245              		.cfi_def_cfa_offset 16
 246              		.cfi_offset 4, -16
 247              		.cfi_offset 5, -12
 248              		.cfi_offset 6, -8
 249              		.cfi_offset 14, -4
 250              		.loc 1 194 0
 251 0002 0646     		mov	r6, r0
 252              		.loc 1 200 0
 253 0004 A0F10804 		sub	r4, r0, #8
 254              	.LVL27:
 255              		.loc 1 201 0
 256 0008 50F8080C 		ldr	r0, [r0, #-8]
 257              	.LVL28:
 258              		.loc 1 202 0
 259 000c 00F10805 		add	r5, r0, #8
 260              	.LVL29:
 261              		.loc 1 203 0
 262 0010 1030     		adds	r0, r0, #16
 263              	.LVL30:
 264 0012 FFF7FEFF 		bl	chMtxLock
 265              	.LVL31:
 266              		.loc 1 202 0
 267 0016 2B46     		mov	r3, r5
 268              	.LVL32:
 269              	.L30:
 270              		.loc 1 210 0
 271 0018 AB42     		cmp	r3, r5
 272 001a 04D0     		beq	.L24
 273              	.L35:
 274              		.loc 1 210 0 is_stmt 0 discriminator 2
 275 001c A342     		cmp	r3, r4
 276 001e 02D3     		bcc	.L24
 277 0020 1B68     		ldr	r3, [r3]
 278              	.LVL33:
 279              		.loc 1 210 0
 280 0022 AB42     		cmp	r3, r5
 281 0024 FAD1     		bne	.L35
 282              	.L24:
 283              		.loc 1 211 0 is_stmt 1 discriminator 1
ARM GAS  /var/folders/4k/6h5l9jl178sb4hslwv3xp1mr0000gn/T//ccoJoRRA.s 			page 6


 284 0026 1A68     		ldr	r2, [r3]
 285              		.loc 1 210 0 discriminator 1
 286 0028 1AB1     		cbz	r2, .L26
 287              		.loc 1 211 0
 288 002a 9442     		cmp	r4, r2
 289 002c 01D3     		bcc	.L26
 290 002e 1346     		mov	r3, r2
 291              	.LVL34:
 292              		.loc 1 229 0
 293 0030 F2E7     		b	.L30
 294              	.LVL35:
 295              	.L26:
 296              		.loc 1 216 0
 297 0032 56F8041C 		ldr	r1, [r6, #-4]
 298              		.loc 1 213 0
 299 0036 46F8082C 		str	r2, [r6, #-8]
 300              		.loc 1 214 0
 301 003a 1C60     		str	r4, [r3]
 302              		.loc 1 216 0
 303 003c 01F10802 		add	r2, r1, #8
 304 0040 56F8085C 		ldr	r5, [r6, #-8]
 305              	.LVL36:
 306 0044 A018     		adds	r0, r4, r2
 307 0046 A842     		cmp	r0, r5
 308 0048 09D0     		beq	.L36
 309              		.loc 1 221 0
 310 004a 5A68     		ldr	r2, [r3, #4]
 311 004c 02F10801 		add	r1, r2, #8
 312 0050 1944     		add	r1, r1, r3
 313 0052 8C42     		cmp	r4, r1
 314 0054 11D0     		beq	.L37
 315              	.L29:
 316              		.loc 1 233 0
 317 0056 BDE87040 		pop	{r4, r5, r6, lr}
 318              	.LVL37:
 319              		.loc 1 231 0
 320 005a FFF7FEBF 		b	chMtxUnlock
 321              	.LVL38:
 322              	.L36:
 323              		.loc 1 218 0
 324 005e 4068     		ldr	r0, [r0, #4]
 325              		.loc 1 219 0
 326 0060 A258     		ldr	r2, [r4, r2]
 327 0062 46F8082C 		str	r2, [r6, #-8]
 328              		.loc 1 218 0
 329 0066 0A18     		adds	r2, r1, r0
 330 0068 0832     		adds	r2, r2, #8
 331 006a 46F8042C 		str	r2, [r6, #-4]
 332              		.loc 1 221 0
 333 006e 5A68     		ldr	r2, [r3, #4]
 334 0070 02F10801 		add	r1, r2, #8
 335 0074 1944     		add	r1, r1, r3
 336 0076 8C42     		cmp	r4, r1
 337 0078 EDD1     		bne	.L29
 338              	.L37:
 339              		.loc 1 223 0
 340 007a 56F8040C 		ldr	r0, [r6, #-4]
ARM GAS  /var/folders/4k/6h5l9jl178sb4hslwv3xp1mr0000gn/T//ccoJoRRA.s 			page 7


 341              		.loc 1 224 0
 342 007e 56F8081C 		ldr	r1, [r6, #-8]
 343 0082 1960     		str	r1, [r3]
 344              		.loc 1 223 0
 345 0084 0244     		add	r2, r2, r0
 346 0086 0832     		adds	r2, r2, #8
 347 0088 5A60     		str	r2, [r3, #4]
 348              		.loc 1 233 0
 349 008a BDE87040 		pop	{r4, r5, r6, lr}
 350              	.LVL39:
 351              		.loc 1 231 0
 352 008e FFF7FEBF 		b	chMtxUnlock
 353              	.LVL40:
 354              		.cfi_endproc
 355              	.LFE10:
 356              		.size	chHeapFree, .-chHeapFree
 357 0092 00BFAFF3 		.section	.text.chHeapStatus,"ax",%progbits
 357      0080AFF3 
 357      0080AFF3 
 357      0080
 358              		.align	2
 359              		.p2align 4,,15
 360              		.global	chHeapStatus
 361              		.thumb
 362              		.thumb_func
 363              		.type	chHeapStatus, %function
 364              	chHeapStatus:
 365              	.LFB11:
 366              		.loc 1 250 0
 367              		.cfi_startproc
 368              		@ args = 0, pretend = 0, frame = 0
 369              		@ frame_needed = 0, uses_anonymous_args = 0
 370              	.LVL41:
 371 0000 38B5     		push	{r3, r4, r5, lr}
 372              		.cfi_def_cfa_offset 16
 373              		.cfi_offset 3, -16
 374              		.cfi_offset 4, -12
 375              		.cfi_offset 5, -8
 376              		.cfi_offset 14, -4
 377              		.loc 1 255 0
 378 0002 0E4C     		ldr	r4, .L51
 379 0004 0028     		cmp	r0, #0
 380 0006 18BF     		it	ne
 381 0008 0446     		movne	r4, r0
 382              	.LVL42:
 383              		.loc 1 257 0
 384 000a 04F11000 		add	r0, r4, #16
 385              		.loc 1 250 0
 386 000e 0D46     		mov	r5, r1
 387              		.loc 1 257 0
 388 0010 FFF7FEFF 		bl	chMtxLock
 389              	.LVL43:
 390              		.loc 1 260 0
 391 0014 A368     		ldr	r3, [r4, #8]
 392 0016 6BB1     		cbz	r3, .L44
 393              		.loc 1 259 0
 394 0018 0022     		movs	r2, #0
ARM GAS  /var/folders/4k/6h5l9jl178sb4hslwv3xp1mr0000gn/T//ccoJoRRA.s 			page 8


 395              		.loc 1 260 0
 396 001a 1446     		mov	r4, r2
 397              	.LVL44:
 398              	.L41:
 399              		.loc 1 261 0 discriminator 2
 400 001c 5868     		ldr	r0, [r3, #4]
 401              		.loc 1 260 0 discriminator 2
 402 001e 1B68     		ldr	r3, [r3]
 403 0020 0134     		adds	r4, r4, #1
 404              	.LVL45:
 405              		.loc 1 261 0 discriminator 2
 406 0022 0244     		add	r2, r2, r0
 407              	.LVL46:
 408              		.loc 1 260 0 discriminator 2
 409 0024 002B     		cmp	r3, #0
 410 0026 F9D1     		bne	.L41
 411              	.LVL47:
 412              	.L40:
 413              		.loc 1 262 0
 414 0028 05B1     		cbz	r5, .L42
 415              		.loc 1 263 0
 416 002a 2A60     		str	r2, [r5]
 417              	.L42:
 418              		.loc 1 265 0
 419 002c FFF7FEFF 		bl	chMtxUnlock
 420              	.LVL48:
 421              		.loc 1 267 0
 422 0030 2046     		mov	r0, r4
 423 0032 38BD     		pop	{r3, r4, r5, pc}
 424              	.LVL49:
 425              	.L44:
 426              		.loc 1 259 0
 427 0034 1A46     		mov	r2, r3
 428              		.loc 1 260 0
 429 0036 1C46     		mov	r4, r3
 430              	.LVL50:
 431 0038 F6E7     		b	.L40
 432              	.L52:
 433 003a 00BF     		.align	2
 434              	.L51:
 435 003c 00000000 		.word	.LANCHOR0
 436              		.cfi_endproc
 437              	.LFE11:
 438              		.size	chHeapStatus, .-chHeapStatus
 439              		.section	.bss.default_heap,"aw",%nobits
 440              		.align	3
 441              		.set	.LANCHOR0,. + 0
 442              		.type	default_heap, %object
 443              		.size	default_heap, 32
 444              	default_heap:
 445 0000 00000000 		.space	32
 445      00000000 
 445      00000000 
 445      00000000 
 445      00000000 
 446              		.text
 447              	.Letext0:
ARM GAS  /var/folders/4k/6h5l9jl178sb4hslwv3xp1mr0000gn/T//ccoJoRRA.s 			page 9


 448              		.file 2 "/Users/mikevanis/Documents/workspace/gcc-arm-none-eabi-4_8-2014q1/lib/gcc/arm-none-eabi/4
 449              		.file 3 "/Users/mikevanis/Documents/workspace/gcc-arm-none-eabi-4_8-2014q1/arm-none-eabi/include/m
 450              		.file 4 "/Users/mikevanis/Documents/workspace/gcc-arm-none-eabi-4_8-2014q1/arm-none-eabi/include/s
 451              		.file 5 "../ChibiStudio/ChibiOS/os/ports/GCC/ARMCMx/chtypes.h"
 452              		.file 6 "../ChibiStudio/ChibiOS/os/kernel/include/chlists.h"
 453              		.file 7 "../ChibiStudio/ChibiOS/os/kernel/include/chthreads.h"
 454              		.file 8 "../ChibiStudio/ChibiOS/os/ports/GCC/ARMCMx/chcore_v7m.h"
 455              		.file 9 "../ChibiStudio/ChibiOS/os/kernel/include/chmtx.h"
 456              		.file 10 "../ChibiStudio/ChibiOS/os/kernel/include/chmemcore.h"
 457              		.file 11 "../ChibiStudio/ChibiOS/os/kernel/include/chheap.h"
 458              		.section	.debug_info,"",%progbits
 459              	.Ldebug_info0:
 460 0000 F6060000 		.4byte	0x6f6
 461 0004 0400     		.2byte	0x4
 462 0006 00000000 		.4byte	.Ldebug_abbrev0
 463 000a 04       		.byte	0x4
 464 000b 01       		.uleb128 0x1
 465 000c 1D020000 		.4byte	.LASF83
 466 0010 01       		.byte	0x1
 467 0011 3C010000 		.4byte	.LASF84
 468 0015 52030000 		.4byte	.LASF85
 469 0019 00000000 		.4byte	.Ldebug_ranges0+0
 470 001d 00000000 		.4byte	0
 471 0021 00000000 		.4byte	.Ldebug_line0
 472 0025 02       		.uleb128 0x2
 473 0026 04       		.byte	0x4
 474 0027 05       		.byte	0x5
 475 0028 696E7400 		.ascii	"int\000"
 476 002c 03       		.uleb128 0x3
 477 002d 06000000 		.4byte	.LASF2
 478 0031 02       		.byte	0x2
 479 0032 D4       		.byte	0xd4
 480 0033 37000000 		.4byte	0x37
 481 0037 04       		.uleb128 0x4
 482 0038 04       		.byte	0x4
 483 0039 07       		.byte	0x7
 484 003a FD000000 		.4byte	.LASF0
 485 003e 04       		.uleb128 0x4
 486 003f 01       		.byte	0x1
 487 0040 06       		.byte	0x6
 488 0041 92000000 		.4byte	.LASF1
 489 0045 03       		.uleb128 0x3
 490 0046 1D000000 		.4byte	.LASF3
 491 004a 03       		.byte	0x3
 492 004b 1C       		.byte	0x1c
 493 004c 50000000 		.4byte	0x50
 494 0050 04       		.uleb128 0x4
 495 0051 01       		.byte	0x1
 496 0052 08       		.byte	0x8
 497 0053 04020000 		.4byte	.LASF4
 498 0057 04       		.uleb128 0x4
 499 0058 02       		.byte	0x2
 500 0059 05       		.byte	0x5
 501 005a 01030000 		.4byte	.LASF5
 502 005e 04       		.uleb128 0x4
 503 005f 02       		.byte	0x2
 504 0060 07       		.byte	0x7
ARM GAS  /var/folders/4k/6h5l9jl178sb4hslwv3xp1mr0000gn/T//ccoJoRRA.s 			page 10


 505 0061 29010000 		.4byte	.LASF6
 506 0065 03       		.uleb128 0x3
 507 0066 DE030000 		.4byte	.LASF7
 508 006a 03       		.byte	0x3
 509 006b 37       		.byte	0x37
 510 006c 70000000 		.4byte	0x70
 511 0070 04       		.uleb128 0x4
 512 0071 04       		.byte	0x4
 513 0072 05       		.byte	0x5
 514 0073 C9000000 		.4byte	.LASF8
 515 0077 03       		.uleb128 0x3
 516 0078 E3000000 		.4byte	.LASF9
 517 007c 03       		.byte	0x3
 518 007d 38       		.byte	0x38
 519 007e 82000000 		.4byte	0x82
 520 0082 04       		.uleb128 0x4
 521 0083 04       		.byte	0x4
 522 0084 07       		.byte	0x7
 523 0085 0A010000 		.4byte	.LASF10
 524 0089 04       		.uleb128 0x4
 525 008a 08       		.byte	0x8
 526 008b 05       		.byte	0x5
 527 008c 84000000 		.4byte	.LASF11
 528 0090 03       		.uleb128 0x3
 529 0091 D4010000 		.4byte	.LASF12
 530 0095 03       		.byte	0x3
 531 0096 4E       		.byte	0x4e
 532 0097 9B000000 		.4byte	0x9b
 533 009b 04       		.uleb128 0x4
 534 009c 08       		.byte	0x8
 535 009d 07       		.byte	0x7
 536 009e 34000000 		.4byte	.LASF13
 537 00a2 03       		.uleb128 0x3
 538 00a3 12040000 		.4byte	.LASF14
 539 00a7 04       		.byte	0x4
 540 00a8 2A       		.byte	0x2a
 541 00a9 45000000 		.4byte	0x45
 542 00ad 03       		.uleb128 0x3
 543 00ae FC010000 		.4byte	.LASF15
 544 00b2 04       		.byte	0x4
 545 00b3 41       		.byte	0x41
 546 00b4 65000000 		.4byte	0x65
 547 00b8 03       		.uleb128 0x3
 548 00b9 95030000 		.4byte	.LASF16
 549 00bd 04       		.byte	0x4
 550 00be 42       		.byte	0x42
 551 00bf 77000000 		.4byte	0x77
 552 00c3 03       		.uleb128 0x3
 553 00c4 14000000 		.4byte	.LASF17
 554 00c8 04       		.byte	0x4
 555 00c9 4E       		.byte	0x4e
 556 00ca 90000000 		.4byte	0x90
 557 00ce 04       		.uleb128 0x4
 558 00cf 01       		.byte	0x1
 559 00d0 02       		.byte	0x2
 560 00d1 F6010000 		.4byte	.LASF18
 561 00d5 03       		.uleb128 0x3
ARM GAS  /var/folders/4k/6h5l9jl178sb4hslwv3xp1mr0000gn/T//ccoJoRRA.s 			page 11


 562 00d6 70010000 		.4byte	.LASF19
 563 00da 05       		.byte	0x5
 564 00db 2C       		.byte	0x2c
 565 00dc A2000000 		.4byte	0xa2
 566 00e0 03       		.uleb128 0x3
 567 00e1 D2000000 		.4byte	.LASF20
 568 00e5 05       		.byte	0x5
 569 00e6 2D       		.byte	0x2d
 570 00e7 A2000000 		.4byte	0xa2
 571 00eb 03       		.uleb128 0x3
 572 00ec DF010000 		.4byte	.LASF21
 573 00f0 05       		.byte	0x5
 574 00f1 2E       		.byte	0x2e
 575 00f2 A2000000 		.4byte	0xa2
 576 00f6 03       		.uleb128 0x3
 577 00f7 BF000000 		.4byte	.LASF22
 578 00fb 05       		.byte	0x5
 579 00fc 2F       		.byte	0x2f
 580 00fd A2000000 		.4byte	0xa2
 581 0101 03       		.uleb128 0x3
 582 0102 EE010000 		.4byte	.LASF23
 583 0106 05       		.byte	0x5
 584 0107 30       		.byte	0x30
 585 0108 B8000000 		.4byte	0xb8
 586 010c 03       		.uleb128 0x3
 587 010d 6A010000 		.4byte	.LASF24
 588 0111 05       		.byte	0x5
 589 0112 31       		.byte	0x31
 590 0113 AD000000 		.4byte	0xad
 591 0117 03       		.uleb128 0x3
 592 0118 84010000 		.4byte	.LASF25
 593 011c 05       		.byte	0x5
 594 011d 33       		.byte	0x33
 595 011e B8000000 		.4byte	0xb8
 596 0122 03       		.uleb128 0x3
 597 0123 C9030000 		.4byte	.LASF26
 598 0127 05       		.byte	0x5
 599 0128 35       		.byte	0x35
 600 0129 B8000000 		.4byte	0xb8
 601 012d 03       		.uleb128 0x3
 602 012e 3F030000 		.4byte	.LASF27
 603 0132 06       		.byte	0x6
 604 0133 2A       		.byte	0x2a
 605 0134 38010000 		.4byte	0x138
 606 0138 05       		.uleb128 0x5
 607 0139 3F030000 		.4byte	.LASF27
 608 013d 48       		.byte	0x48
 609 013e 07       		.byte	0x7
 610 013f 5E       		.byte	0x5e
 611 0140 35020000 		.4byte	0x235
 612 0144 06       		.uleb128 0x6
 613 0145 30030000 		.4byte	.LASF28
 614 0149 07       		.byte	0x7
 615 014a 5F       		.byte	0x5f
 616 014b 56020000 		.4byte	0x256
 617 014f 00       		.byte	0
 618 0150 06       		.uleb128 0x6
ARM GAS  /var/folders/4k/6h5l9jl178sb4hslwv3xp1mr0000gn/T//ccoJoRRA.s 			page 12


 619 0151 E7010000 		.4byte	.LASF29
 620 0155 07       		.byte	0x7
 621 0156 61       		.byte	0x61
 622 0157 56020000 		.4byte	0x256
 623 015b 04       		.byte	0x4
 624 015c 06       		.uleb128 0x6
 625 015d 7D000000 		.4byte	.LASF30
 626 0161 07       		.byte	0x7
 627 0162 63       		.byte	0x63
 628 0163 01010000 		.4byte	0x101
 629 0167 08       		.byte	0x8
 630 0168 06       		.uleb128 0x6
 631 0169 41040000 		.4byte	.LASF31
 632 016d 07       		.byte	0x7
 633 016e 64       		.byte	0x64
 634 016f 1B030000 		.4byte	0x31b
 635 0173 0C       		.byte	0xc
 636 0174 06       		.uleb128 0x6
 637 0175 DB000000 		.4byte	.LASF32
 638 0179 07       		.byte	0x7
 639 017a 66       		.byte	0x66
 640 017b 56020000 		.4byte	0x256
 641 017f 10       		.byte	0x10
 642 0180 06       		.uleb128 0x6
 643 0181 B4010000 		.4byte	.LASF33
 644 0185 07       		.byte	0x7
 645 0186 67       		.byte	0x67
 646 0187 56020000 		.4byte	0x256
 647 018b 14       		.byte	0x14
 648 018c 06       		.uleb128 0x6
 649 018d 27040000 		.4byte	.LASF34
 650 0191 07       		.byte	0x7
 651 0192 6E       		.byte	0x6e
 652 0193 86040000 		.4byte	0x486
 653 0197 18       		.byte	0x18
 654 0198 06       		.uleb128 0x6
 655 0199 0B030000 		.4byte	.LASF35
 656 019d 07       		.byte	0x7
 657 019e 79       		.byte	0x79
 658 019f E0000000 		.4byte	0xe0
 659 01a3 1C       		.byte	0x1c
 660 01a4 06       		.uleb128 0x6
 661 01a5 37030000 		.4byte	.LASF36
 662 01a9 07       		.byte	0x7
 663 01aa 7D       		.byte	0x7d
 664 01ab D5000000 		.4byte	0xd5
 665 01af 1D       		.byte	0x1d
 666 01b0 06       		.uleb128 0x6
 667 01b1 0B040000 		.4byte	.LASF37
 668 01b5 07       		.byte	0x7
 669 01b6 82       		.byte	0x82
 670 01b7 EB000000 		.4byte	0xeb
 671 01bb 1E       		.byte	0x1e
 672 01bc 06       		.uleb128 0x6
 673 01bd 13030000 		.4byte	.LASF38
 674 01c1 07       		.byte	0x7
 675 01c2 88       		.byte	0x88
ARM GAS  /var/folders/4k/6h5l9jl178sb4hslwv3xp1mr0000gn/T//ccoJoRRA.s 			page 13


 676 01c3 F6000000 		.4byte	0xf6
 677 01c7 1F       		.byte	0x1f
 678 01c8 06       		.uleb128 0x6
 679 01c9 E8030000 		.4byte	.LASF39
 680 01cd 07       		.byte	0x7
 681 01ce 8F       		.byte	0x8f
 682 01cf 43030000 		.4byte	0x343
 683 01d3 20       		.byte	0x20
 684 01d4 07       		.uleb128 0x7
 685 01d5 705F7500 		.ascii	"p_u\000"
 686 01d9 07       		.byte	0x7
 687 01da B4       		.byte	0xb4
 688 01db 51040000 		.4byte	0x451
 689 01df 24       		.byte	0x24
 690 01e0 06       		.uleb128 0x6
 691 01e1 47040000 		.4byte	.LASF40
 692 01e5 07       		.byte	0x7
 693 01e6 B9       		.byte	0xb9
 694 01e7 7C020000 		.4byte	0x27c
 695 01eb 28       		.byte	0x28
 696 01ec 06       		.uleb128 0x6
 697 01ed F6030000 		.4byte	.LASF41
 698 01f1 07       		.byte	0x7
 699 01f2 BF       		.byte	0xbf
 700 01f3 5C020000 		.4byte	0x25c
 701 01f7 2C       		.byte	0x2c
 702 01f8 06       		.uleb128 0x6
 703 01f9 00000000 		.4byte	.LASF42
 704 01fd 07       		.byte	0x7
 705 01fe C3       		.byte	0xc3
 706 01ff 0C010000 		.4byte	0x10c
 707 0203 34       		.byte	0x34
 708 0204 06       		.uleb128 0x6
 709 0205 8A030000 		.4byte	.LASF43
 710 0209 07       		.byte	0x7
 711 020a C9       		.byte	0xc9
 712 020b 17010000 		.4byte	0x117
 713 020f 38       		.byte	0x38
 714 0210 06       		.uleb128 0x6
 715 0211 F7020000 		.4byte	.LASF44
 716 0215 07       		.byte	0x7
 717 0216 D0       		.byte	0xd0
 718 0217 98040000 		.4byte	0x498
 719 021b 3C       		.byte	0x3c
 720 021c 06       		.uleb128 0x6
 721 021d D3030000 		.4byte	.LASF45
 722 0221 07       		.byte	0x7
 723 0222 D4       		.byte	0xd4
 724 0223 01010000 		.4byte	0x101
 725 0227 40       		.byte	0x40
 726 0228 06       		.uleb128 0x6
 727 0229 A4000000 		.4byte	.LASF46
 728 022d 07       		.byte	0x7
 729 022e DA       		.byte	0xda
 730 022f 92020000 		.4byte	0x292
 731 0233 44       		.byte	0x44
 732 0234 00       		.byte	0
ARM GAS  /var/folders/4k/6h5l9jl178sb4hslwv3xp1mr0000gn/T//ccoJoRRA.s 			page 14


 733 0235 08       		.uleb128 0x8
 734 0236 08       		.byte	0x8
 735 0237 06       		.byte	0x6
 736 0238 61       		.byte	0x61
 737 0239 56020000 		.4byte	0x256
 738 023d 06       		.uleb128 0x6
 739 023e 30030000 		.4byte	.LASF28
 740 0242 06       		.byte	0x6
 741 0243 62       		.byte	0x62
 742 0244 56020000 		.4byte	0x256
 743 0248 00       		.byte	0
 744 0249 06       		.uleb128 0x6
 745 024a E7010000 		.4byte	.LASF29
 746 024e 06       		.byte	0x6
 747 024f 64       		.byte	0x64
 748 0250 56020000 		.4byte	0x256
 749 0254 04       		.byte	0x4
 750 0255 00       		.byte	0
 751 0256 09       		.uleb128 0x9
 752 0257 04       		.byte	0x4
 753 0258 2D010000 		.4byte	0x12d
 754 025c 03       		.uleb128 0x3
 755 025d BC010000 		.4byte	.LASF47
 756 0261 06       		.byte	0x6
 757 0262 66       		.byte	0x66
 758 0263 35020000 		.4byte	0x235
 759 0267 08       		.uleb128 0x8
 760 0268 04       		.byte	0x4
 761 0269 06       		.byte	0x6
 762 026a 6B       		.byte	0x6b
 763 026b 7C020000 		.4byte	0x27c
 764 026f 06       		.uleb128 0x6
 765 0270 30030000 		.4byte	.LASF28
 766 0274 06       		.byte	0x6
 767 0275 6D       		.byte	0x6d
 768 0276 56020000 		.4byte	0x256
 769 027a 00       		.byte	0
 770 027b 00       		.byte	0
 771 027c 03       		.uleb128 0x3
 772 027d 78010000 		.4byte	.LASF48
 773 0281 06       		.byte	0x6
 774 0282 70       		.byte	0x70
 775 0283 67020000 		.4byte	0x267
 776 0287 03       		.uleb128 0x3
 777 0288 EE000000 		.4byte	.LASF49
 778 028c 08       		.byte	0x8
 779 028d E5       		.byte	0xe5
 780 028e 92020000 		.4byte	0x292
 781 0292 0A       		.uleb128 0xa
 782 0293 04       		.byte	0x4
 783 0294 03       		.uleb128 0x3
 784 0295 96010000 		.4byte	.LASF50
 785 0299 08       		.byte	0x8
 786 029a EB       		.byte	0xeb
 787 029b C3000000 		.4byte	0xc3
 788 029f 0B       		.uleb128 0xb
 789 02a0 EF030000 		.4byte	.LASF51
ARM GAS  /var/folders/4k/6h5l9jl178sb4hslwv3xp1mr0000gn/T//ccoJoRRA.s 			page 15


 790 02a4 24       		.byte	0x24
 791 02a5 08       		.byte	0x8
 792 02a6 0C01     		.2byte	0x10c
 793 02a8 1B030000 		.4byte	0x31b
 794 02ac 0C       		.uleb128 0xc
 795 02ad 723400   		.ascii	"r4\000"
 796 02b0 08       		.byte	0x8
 797 02b1 1F01     		.2byte	0x11f
 798 02b3 87020000 		.4byte	0x287
 799 02b7 00       		.byte	0
 800 02b8 0C       		.uleb128 0xc
 801 02b9 723500   		.ascii	"r5\000"
 802 02bc 08       		.byte	0x8
 803 02bd 2001     		.2byte	0x120
 804 02bf 87020000 		.4byte	0x287
 805 02c3 04       		.byte	0x4
 806 02c4 0C       		.uleb128 0xc
 807 02c5 723600   		.ascii	"r6\000"
 808 02c8 08       		.byte	0x8
 809 02c9 2101     		.2byte	0x121
 810 02cb 87020000 		.4byte	0x287
 811 02cf 08       		.byte	0x8
 812 02d0 0C       		.uleb128 0xc
 813 02d1 723700   		.ascii	"r7\000"
 814 02d4 08       		.byte	0x8
 815 02d5 2201     		.2byte	0x122
 816 02d7 87020000 		.4byte	0x287
 817 02db 0C       		.byte	0xc
 818 02dc 0C       		.uleb128 0xc
 819 02dd 723800   		.ascii	"r8\000"
 820 02e0 08       		.byte	0x8
 821 02e1 2301     		.2byte	0x123
 822 02e3 87020000 		.4byte	0x287
 823 02e7 10       		.byte	0x10
 824 02e8 0C       		.uleb128 0xc
 825 02e9 723900   		.ascii	"r9\000"
 826 02ec 08       		.byte	0x8
 827 02ed 2401     		.2byte	0x124
 828 02ef 87020000 		.4byte	0x287
 829 02f3 14       		.byte	0x14
 830 02f4 0C       		.uleb128 0xc
 831 02f5 72313000 		.ascii	"r10\000"
 832 02f9 08       		.byte	0x8
 833 02fa 2501     		.2byte	0x125
 834 02fc 87020000 		.4byte	0x287
 835 0300 18       		.byte	0x18
 836 0301 0C       		.uleb128 0xc
 837 0302 72313100 		.ascii	"r11\000"
 838 0306 08       		.byte	0x8
 839 0307 2601     		.2byte	0x126
 840 0309 87020000 		.4byte	0x287
 841 030d 1C       		.byte	0x1c
 842 030e 0C       		.uleb128 0xc
 843 030f 6C7200   		.ascii	"lr\000"
 844 0312 08       		.byte	0x8
 845 0313 2701     		.2byte	0x127
 846 0315 87020000 		.4byte	0x287
ARM GAS  /var/folders/4k/6h5l9jl178sb4hslwv3xp1mr0000gn/T//ccoJoRRA.s 			page 16


 847 0319 20       		.byte	0x20
 848 031a 00       		.byte	0
 849 031b 0B       		.uleb128 0xb
 850 031c 1C010000 		.4byte	.LASF52
 851 0320 04       		.byte	0x4
 852 0321 08       		.byte	0x8
 853 0322 3101     		.2byte	0x131
 854 0324 36030000 		.4byte	0x336
 855 0328 0C       		.uleb128 0xc
 856 0329 72313300 		.ascii	"r13\000"
 857 032d 08       		.byte	0x8
 858 032e 3201     		.2byte	0x132
 859 0330 36030000 		.4byte	0x336
 860 0334 00       		.byte	0
 861 0335 00       		.byte	0
 862 0336 09       		.uleb128 0x9
 863 0337 04       		.byte	0x4
 864 0338 9F020000 		.4byte	0x29f
 865 033c 04       		.uleb128 0x4
 866 033d 04       		.byte	0x4
 867 033e 07       		.byte	0x7
 868 033f A1010000 		.4byte	.LASF53
 869 0343 0D       		.uleb128 0xd
 870 0344 22010000 		.4byte	0x122
 871 0348 05       		.uleb128 0x5
 872 0349 90010000 		.4byte	.LASF54
 873 034d 10       		.byte	0x10
 874 034e 09       		.byte	0x9
 875 034f 2C       		.byte	0x2c
 876 0350 79030000 		.4byte	0x379
 877 0354 06       		.uleb128 0x6
 878 0355 AC000000 		.4byte	.LASF55
 879 0359 09       		.byte	0x9
 880 035a 2D       		.byte	0x2d
 881 035b 5C020000 		.4byte	0x25c
 882 035f 00       		.byte	0
 883 0360 06       		.uleb128 0x6
 884 0361 39040000 		.4byte	.LASF56
 885 0365 09       		.byte	0x9
 886 0366 2F       		.byte	0x2f
 887 0367 56020000 		.4byte	0x256
 888 036b 08       		.byte	0x8
 889 036c 06       		.uleb128 0x6
 890 036d C2030000 		.4byte	.LASF57
 891 0371 09       		.byte	0x9
 892 0372 31       		.byte	0x31
 893 0373 79030000 		.4byte	0x379
 894 0377 0C       		.byte	0xc
 895 0378 00       		.byte	0
 896 0379 09       		.uleb128 0x9
 897 037a 04       		.byte	0x4
 898 037b 48030000 		.4byte	0x348
 899 037f 03       		.uleb128 0x3
 900 0380 90010000 		.4byte	.LASF54
 901 0384 09       		.byte	0x9
 902 0385 33       		.byte	0x33
 903 0386 48030000 		.4byte	0x348
ARM GAS  /var/folders/4k/6h5l9jl178sb4hslwv3xp1mr0000gn/T//ccoJoRRA.s 			page 17


 904 038a 03       		.uleb128 0x3
 905 038b 27000000 		.4byte	.LASF58
 906 038f 0A       		.byte	0xa
 907 0390 2C       		.byte	0x2c
 908 0391 95030000 		.4byte	0x395
 909 0395 09       		.uleb128 0x9
 910 0396 04       		.byte	0x4
 911 0397 9B030000 		.4byte	0x39b
 912 039b 0E       		.uleb128 0xe
 913 039c 92020000 		.4byte	0x292
 914 03a0 AA030000 		.4byte	0x3aa
 915 03a4 0F       		.uleb128 0xf
 916 03a5 2C000000 		.4byte	0x2c
 917 03a9 00       		.byte	0
 918 03aa 03       		.uleb128 0x3
 919 03ab C9010000 		.4byte	.LASF59
 920 03af 0B       		.byte	0xb
 921 03b0 34       		.byte	0x34
 922 03b1 B5030000 		.4byte	0x3b5
 923 03b5 05       		.uleb128 0x5
 924 03b6 51040000 		.4byte	.LASF60
 925 03ba 20       		.byte	0x20
 926 03bb 0B       		.byte	0xb
 927 03bc 47       		.byte	0x47
 928 03bd E6030000 		.4byte	0x3e6
 929 03c1 06       		.uleb128 0x6
 930 03c2 12020000 		.4byte	.LASF61
 931 03c6 0B       		.byte	0xb
 932 03c7 48       		.byte	0x48
 933 03c8 8A030000 		.4byte	0x38a
 934 03cc 00       		.byte	0
 935 03cd 06       		.uleb128 0x6
 936 03ce 54000000 		.4byte	.LASF62
 937 03d2 0B       		.byte	0xb
 938 03d3 4A       		.byte	0x4a
 939 03d4 05040000 		.4byte	0x405
 940 03d8 08       		.byte	0x8
 941 03d9 06       		.uleb128 0x6
 942 03da 9E000000 		.4byte	.LASF63
 943 03de 0B       		.byte	0xb
 944 03df 4C       		.byte	0x4c
 945 03e0 7F030000 		.4byte	0x37f
 946 03e4 10       		.byte	0x10
 947 03e5 00       		.byte	0
 948 03e6 10       		.uleb128 0x10
 949 03e7 04       		.byte	0x4
 950 03e8 0B       		.byte	0xb
 951 03e9 3C       		.byte	0x3c
 952 03ea 05040000 		.4byte	0x405
 953 03ee 11       		.uleb128 0x11
 954 03ef 78000000 		.4byte	.LASF64
 955 03f3 0B       		.byte	0xb
 956 03f4 3D       		.byte	0x3d
 957 03f5 26040000 		.4byte	0x426
 958 03f9 11       		.uleb128 0x11
 959 03fa 9E030000 		.4byte	.LASF65
 960 03fe 0B       		.byte	0xb
ARM GAS  /var/folders/4k/6h5l9jl178sb4hslwv3xp1mr0000gn/T//ccoJoRRA.s 			page 18


 961 03ff 3E       		.byte	0x3e
 962 0400 2C040000 		.4byte	0x42c
 963 0404 00       		.byte	0
 964 0405 12       		.uleb128 0x12
 965 0406 1D030000 		.4byte	.LASF86
 966 040a 08       		.byte	0x8
 967 040b 0B       		.byte	0xb
 968 040c 39       		.byte	0x39
 969 040d 26040000 		.4byte	0x426
 970 0411 11       		.uleb128 0x11
 971 0412 F7000000 		.4byte	.LASF66
 972 0416 0B       		.byte	0xb
 973 0417 3A       		.byte	0x3a
 974 0418 94020000 		.4byte	0x294
 975 041c 13       		.uleb128 0x13
 976 041d 6800     		.ascii	"h\000"
 977 041f 0B       		.byte	0xb
 978 0420 41       		.byte	0x41
 979 0421 32040000 		.4byte	0x432
 980 0425 00       		.byte	0
 981 0426 09       		.uleb128 0x9
 982 0427 04       		.byte	0x4
 983 0428 05040000 		.4byte	0x405
 984 042c 09       		.uleb128 0x9
 985 042d 04       		.byte	0x4
 986 042e AA030000 		.4byte	0x3aa
 987 0432 08       		.uleb128 0x8
 988 0433 08       		.byte	0x8
 989 0434 0B       		.byte	0xb
 990 0435 3B       		.byte	0x3b
 991 0436 51040000 		.4byte	0x451
 992 043a 07       		.uleb128 0x7
 993 043b 7500     		.ascii	"u\000"
 994 043d 0B       		.byte	0xb
 995 043e 3F       		.byte	0x3f
 996 043f E6030000 		.4byte	0x3e6
 997 0443 00       		.byte	0
 998 0444 06       		.uleb128 0x6
 999 0445 24010000 		.4byte	.LASF67
 1000 0449 0B       		.byte	0xb
 1001 044a 40       		.byte	0x40
 1002 044b 2C000000 		.4byte	0x2c
 1003 044f 04       		.byte	0x4
 1004 0450 00       		.byte	0
 1005 0451 10       		.uleb128 0x10
 1006 0452 04       		.byte	0x4
 1007 0453 07       		.byte	0x7
 1008 0454 96       		.byte	0x96
 1009 0455 86040000 		.4byte	0x486
 1010 0459 11       		.uleb128 0x11
 1011 045a 0D000000 		.4byte	.LASF68
 1012 045e 07       		.byte	0x7
 1013 045f 9D       		.byte	0x9d
 1014 0460 0C010000 		.4byte	0x10c
 1015 0464 11       		.uleb128 0x11
 1016 0465 4B000000 		.4byte	.LASF69
 1017 0469 07       		.byte	0x7
ARM GAS  /var/folders/4k/6h5l9jl178sb4hslwv3xp1mr0000gn/T//ccoJoRRA.s 			page 19


 1018 046a A4       		.byte	0xa4
 1019 046b 0C010000 		.4byte	0x10c
 1020 046f 11       		.uleb128 0x11
 1021 0470 1A040000 		.4byte	.LASF70
 1022 0474 07       		.byte	0x7
 1023 0475 AB       		.byte	0xab
 1024 0476 92020000 		.4byte	0x292
 1025 047a 11       		.uleb128 0x11
 1026 047b 29030000 		.4byte	.LASF71
 1027 047f 07       		.byte	0x7
 1028 0480 B2       		.byte	0xb2
 1029 0481 17010000 		.4byte	0x117
 1030 0485 00       		.byte	0
 1031 0486 09       		.uleb128 0x9
 1032 0487 04       		.byte	0x4
 1033 0488 8C040000 		.4byte	0x48c
 1034 048c 14       		.uleb128 0x14
 1035 048d 91040000 		.4byte	0x491
 1036 0491 04       		.uleb128 0x4
 1037 0492 01       		.byte	0x1
 1038 0493 08       		.byte	0x8
 1039 0494 B0030000 		.4byte	.LASF72
 1040 0498 09       		.uleb128 0x9
 1041 0499 04       		.byte	0x4
 1042 049a 7F030000 		.4byte	0x37f
 1043 049e 15       		.uleb128 0x15
 1044 049f 2E040000 		.4byte	.LASF73
 1045 04a3 01       		.byte	0x1
 1046 04a4 4B       		.byte	0x4b
 1047 04a5 00000000 		.4byte	.LFB7
 1048 04a9 1C000000 		.4byte	.LFE7-.LFB7
 1049 04ad 01       		.uleb128 0x1
 1050 04ae 9C       		.byte	0x9c
 1051 04af C7040000 		.4byte	0x4c7
 1052 04b3 16       		.uleb128 0x16
 1053 04b4 14000000 		.4byte	.LVL0
 1054 04b8 CC060000 		.4byte	0x6cc
 1055 04bc 17       		.uleb128 0x17
 1056 04bd 01       		.uleb128 0x1
 1057 04be 50       		.byte	0x50
 1058 04bf 05       		.uleb128 0x5
 1059 04c0 03       		.byte	0x3
 1060 04c1 10000000 		.4byte	.LANCHOR0+16
 1061 04c5 00       		.byte	0
 1062 04c6 00       		.byte	0
 1063 04c7 15       		.uleb128 0x15
 1064 04c8 6D000000 		.4byte	.LASF74
 1065 04cc 01       		.byte	0x1
 1066 04cd 63       		.byte	0x63
 1067 04ce 00000000 		.4byte	.LFB8
 1068 04d2 14000000 		.4byte	.LFE8-.LFB8
 1069 04d6 01       		.uleb128 0x1
 1070 04d7 9C       		.byte	0x9c
 1071 04d8 2B050000 		.4byte	0x52b
 1072 04dc 18       		.uleb128 0x18
 1073 04dd 5B000000 		.4byte	.LASF75
 1074 04e1 01       		.byte	0x1
ARM GAS  /var/folders/4k/6h5l9jl178sb4hslwv3xp1mr0000gn/T//ccoJoRRA.s 			page 20


 1075 04e2 63       		.byte	0x63
 1076 04e3 2C040000 		.4byte	0x42c
 1077 04e7 00000000 		.4byte	.LLST0
 1078 04eb 19       		.uleb128 0x19
 1079 04ec 62756600 		.ascii	"buf\000"
 1080 04f0 01       		.byte	0x1
 1081 04f1 63       		.byte	0x63
 1082 04f2 92020000 		.4byte	0x292
 1083 04f6 2E000000 		.4byte	.LLST1
 1084 04fa 18       		.uleb128 0x18
 1085 04fb 24010000 		.4byte	.LASF67
 1086 04ff 01       		.byte	0x1
 1087 0500 63       		.byte	0x63
 1088 0501 2C000000 		.4byte	0x2c
 1089 0505 4F000000 		.4byte	.LLST2
 1090 0509 1A       		.uleb128 0x1a
 1091 050a 687000   		.ascii	"hp\000"
 1092 050d 01       		.byte	0x1
 1093 050e 64       		.byte	0x64
 1094 050f 26040000 		.4byte	0x426
 1095 0513 7D000000 		.4byte	.LLST3
 1096 0517 16       		.uleb128 0x16
 1097 0518 14000000 		.4byte	.LVL5
 1098 051c CC060000 		.4byte	0x6cc
 1099 0520 17       		.uleb128 0x17
 1100 0521 01       		.uleb128 0x1
 1101 0522 50       		.byte	0x50
 1102 0523 05       		.uleb128 0x5
 1103 0524 F3       		.byte	0xf3
 1104 0525 01       		.uleb128 0x1
 1105 0526 50       		.byte	0x50
 1106 0527 23       		.byte	0x23
 1107 0528 10       		.uleb128 0x10
 1108 0529 00       		.byte	0
 1109 052a 00       		.byte	0
 1110 052b 1B       		.uleb128 0x1b
 1111 052c 46030000 		.4byte	.LASF77
 1112 0530 01       		.byte	0x1
 1113 0531 84       		.byte	0x84
 1114 0532 92020000 		.4byte	0x292
 1115 0536 00000000 		.4byte	.LFB9
 1116 053a 80000000 		.4byte	.LFE9-.LFB9
 1117 053e 01       		.uleb128 0x1
 1118 053f 9C       		.byte	0x9c
 1119 0540 C3050000 		.4byte	0x5c3
 1120 0544 18       		.uleb128 0x18
 1121 0545 5B000000 		.4byte	.LASF75
 1122 0549 01       		.byte	0x1
 1123 054a 84       		.byte	0x84
 1124 054b 2C040000 		.4byte	0x42c
 1125 054f 9E000000 		.4byte	.LLST4
 1126 0553 18       		.uleb128 0x18
 1127 0554 24010000 		.4byte	.LASF67
 1128 0558 01       		.byte	0x1
 1129 0559 84       		.byte	0x84
 1130 055a 2C000000 		.4byte	0x2c
 1131 055e BC000000 		.4byte	.LLST5
ARM GAS  /var/folders/4k/6h5l9jl178sb4hslwv3xp1mr0000gn/T//ccoJoRRA.s 			page 21


 1132 0562 1A       		.uleb128 0x1a
 1133 0563 717000   		.ascii	"qp\000"
 1134 0566 01       		.byte	0x1
 1135 0567 85       		.byte	0x85
 1136 0568 26040000 		.4byte	0x426
 1137 056c E7000000 		.4byte	.LLST6
 1138 0570 1A       		.uleb128 0x1a
 1139 0571 687000   		.ascii	"hp\000"
 1140 0574 01       		.byte	0x1
 1141 0575 85       		.byte	0x85
 1142 0576 26040000 		.4byte	0x426
 1143 057a 10010000 		.4byte	.LLST7
 1144 057e 1A       		.uleb128 0x1a
 1145 057f 667000   		.ascii	"fp\000"
 1146 0582 01       		.byte	0x1
 1147 0583 85       		.byte	0x85
 1148 0584 26040000 		.4byte	0x426
 1149 0588 69010000 		.4byte	.LLST8
 1150 058c 1C       		.uleb128 0x1c
 1151 058d 1C000000 		.4byte	.LVL11
 1152 0591 DD060000 		.4byte	0x6dd
 1153 0595 A0050000 		.4byte	0x5a0
 1154 0599 17       		.uleb128 0x17
 1155 059a 01       		.uleb128 0x1
 1156 059b 50       		.byte	0x50
 1157 059c 02       		.uleb128 0x2
 1158 059d 76       		.byte	0x76
 1159 059e 10       		.sleb128 16
 1160 059f 00       		.byte	0
 1161 05a0 1D       		.uleb128 0x1d
 1162 05a1 30000000 		.4byte	.LVL15
 1163 05a5 EE060000 		.4byte	0x6ee
 1164 05a9 1E       		.uleb128 0x1e
 1165 05aa 3A000000 		.4byte	.LVL16
 1166 05ae B9050000 		.4byte	0x5b9
 1167 05b2 17       		.uleb128 0x17
 1168 05b3 01       		.uleb128 0x1
 1169 05b4 50       		.byte	0x50
 1170 05b5 02       		.uleb128 0x2
 1171 05b6 75       		.byte	0x75
 1172 05b7 08       		.sleb128 8
 1173 05b8 00       		.byte	0
 1174 05b9 1D       		.uleb128 0x1d
 1175 05ba 5E000000 		.4byte	.LVL21
 1176 05be EE060000 		.4byte	0x6ee
 1177 05c2 00       		.byte	0
 1178 05c3 15       		.uleb128 0x15
 1179 05c4 B4000000 		.4byte	.LASF76
 1180 05c8 01       		.byte	0x1
 1181 05c9 C2       		.byte	0xc2
 1182 05ca 00000000 		.4byte	.LFB10
 1183 05ce 92000000 		.4byte	.LFE10-.LFB10
 1184 05d2 01       		.uleb128 0x1
 1185 05d3 9C       		.byte	0x9c
 1186 05d4 37060000 		.4byte	0x637
 1187 05d8 19       		.uleb128 0x19
 1188 05d9 7000     		.ascii	"p\000"
ARM GAS  /var/folders/4k/6h5l9jl178sb4hslwv3xp1mr0000gn/T//ccoJoRRA.s 			page 22


 1189 05db 01       		.byte	0x1
 1190 05dc C2       		.byte	0xc2
 1191 05dd 92020000 		.4byte	0x292
 1192 05e1 7C010000 		.4byte	.LLST9
 1193 05e5 1A       		.uleb128 0x1a
 1194 05e6 717000   		.ascii	"qp\000"
 1195 05e9 01       		.byte	0x1
 1196 05ea C3       		.byte	0xc3
 1197 05eb 26040000 		.4byte	0x426
 1198 05ef C1010000 		.4byte	.LLST10
 1199 05f3 1A       		.uleb128 0x1a
 1200 05f4 687000   		.ascii	"hp\000"
 1201 05f7 01       		.byte	0x1
 1202 05f8 C3       		.byte	0xc3
 1203 05f9 26040000 		.4byte	0x426
 1204 05fd F5010000 		.4byte	.LLST11
 1205 0601 1F       		.uleb128 0x1f
 1206 0602 5B000000 		.4byte	.LASF75
 1207 0606 01       		.byte	0x1
 1208 0607 C4       		.byte	0xc4
 1209 0608 2C040000 		.4byte	0x42c
 1210 060c 33020000 		.4byte	.LLST12
 1211 0610 1C       		.uleb128 0x1c
 1212 0611 16000000 		.4byte	.LVL31
 1213 0615 DD060000 		.4byte	0x6dd
 1214 0619 24060000 		.4byte	0x624
 1215 061d 17       		.uleb128 0x17
 1216 061e 01       		.uleb128 0x1
 1217 061f 50       		.byte	0x50
 1218 0620 02       		.uleb128 0x2
 1219 0621 75       		.byte	0x75
 1220 0622 08       		.sleb128 8
 1221 0623 00       		.byte	0
 1222 0624 20       		.uleb128 0x20
 1223 0625 5E000000 		.4byte	.LVL38
 1224 0629 EE060000 		.4byte	0x6ee
 1225 062d 20       		.uleb128 0x20
 1226 062e 92000000 		.4byte	.LVL40
 1227 0632 EE060000 		.4byte	0x6ee
 1228 0636 00       		.byte	0
 1229 0637 1B       		.uleb128 0x1b
 1230 0638 B5030000 		.4byte	.LASF78
 1231 063c 01       		.byte	0x1
 1232 063d FA       		.byte	0xfa
 1233 063e 2C000000 		.4byte	0x2c
 1234 0642 00000000 		.4byte	.LFB11
 1235 0646 40000000 		.4byte	.LFE11-.LFB11
 1236 064a 01       		.uleb128 0x1
 1237 064b 9C       		.byte	0x9c
 1238 064c B5060000 		.4byte	0x6b5
 1239 0650 18       		.uleb128 0x18
 1240 0651 5B000000 		.4byte	.LASF75
 1241 0655 01       		.byte	0x1
 1242 0656 FA       		.byte	0xfa
 1243 0657 2C040000 		.4byte	0x42c
 1244 065b 5F020000 		.4byte	.LLST13
 1245 065f 18       		.uleb128 0x18
ARM GAS  /var/folders/4k/6h5l9jl178sb4hslwv3xp1mr0000gn/T//ccoJoRRA.s 			page 23


 1246 0660 21040000 		.4byte	.LASF79
 1247 0664 01       		.byte	0x1
 1248 0665 FA       		.byte	0xfa
 1249 0666 B5060000 		.4byte	0x6b5
 1250 066a C2020000 		.4byte	.LLST14
 1251 066e 1A       		.uleb128 0x1a
 1252 066f 717000   		.ascii	"qp\000"
 1253 0672 01       		.byte	0x1
 1254 0673 FB       		.byte	0xfb
 1255 0674 26040000 		.4byte	0x426
 1256 0678 E0020000 		.4byte	.LLST15
 1257 067c 1A       		.uleb128 0x1a
 1258 067d 6E00     		.ascii	"n\000"
 1259 067f 01       		.byte	0x1
 1260 0680 FC       		.byte	0xfc
 1261 0681 2C000000 		.4byte	0x2c
 1262 0685 40030000 		.4byte	.LLST16
 1263 0689 1A       		.uleb128 0x1a
 1264 068a 737A00   		.ascii	"sz\000"
 1265 068d 01       		.byte	0x1
 1266 068e FC       		.byte	0xfc
 1267 068f 2C000000 		.4byte	0x2c
 1268 0693 83030000 		.4byte	.LLST17
 1269 0697 1C       		.uleb128 0x1c
 1270 0698 14000000 		.4byte	.LVL43
 1271 069c DD060000 		.4byte	0x6dd
 1272 06a0 AB060000 		.4byte	0x6ab
 1273 06a4 17       		.uleb128 0x17
 1274 06a5 01       		.uleb128 0x1
 1275 06a6 50       		.byte	0x50
 1276 06a7 02       		.uleb128 0x2
 1277 06a8 74       		.byte	0x74
 1278 06a9 10       		.sleb128 16
 1279 06aa 00       		.byte	0
 1280 06ab 1D       		.uleb128 0x1d
 1281 06ac 30000000 		.4byte	.LVL48
 1282 06b0 EE060000 		.4byte	0x6ee
 1283 06b4 00       		.byte	0
 1284 06b5 09       		.uleb128 0x9
 1285 06b6 04       		.byte	0x4
 1286 06b7 2C000000 		.4byte	0x2c
 1287 06bb 21       		.uleb128 0x21
 1288 06bc A3030000 		.4byte	.LASF80
 1289 06c0 01       		.byte	0x1
 1290 06c1 44       		.byte	0x44
 1291 06c2 AA030000 		.4byte	0x3aa
 1292 06c6 05       		.uleb128 0x5
 1293 06c7 03       		.byte	0x3
 1294 06c8 00000000 		.4byte	default_heap
 1295 06cc 22       		.uleb128 0x22
 1296 06cd 01040000 		.4byte	.LASF81
 1297 06d1 09       		.byte	0x9
 1298 06d2 38       		.byte	0x38
 1299 06d3 DD060000 		.4byte	0x6dd
 1300 06d7 0F       		.uleb128 0xf
 1301 06d8 98040000 		.4byte	0x498
 1302 06dc 00       		.byte	0
ARM GAS  /var/folders/4k/6h5l9jl178sb4hslwv3xp1mr0000gn/T//ccoJoRRA.s 			page 24


 1303 06dd 22       		.uleb128 0x22
 1304 06de AA010000 		.4byte	.LASF82
 1305 06e2 09       		.byte	0x9
 1306 06e3 39       		.byte	0x39
 1307 06e4 EE060000 		.4byte	0x6ee
 1308 06e8 0F       		.uleb128 0xf
 1309 06e9 98040000 		.4byte	0x498
 1310 06ed 00       		.byte	0
 1311 06ee 23       		.uleb128 0x23
 1312 06ef 61000000 		.4byte	.LASF87
 1313 06f3 09       		.byte	0x9
 1314 06f4 3D       		.byte	0x3d
 1315 06f5 98040000 		.4byte	0x498
 1316 06f9 00       		.byte	0
 1317              		.section	.debug_abbrev,"",%progbits
 1318              	.Ldebug_abbrev0:
 1319 0000 01       		.uleb128 0x1
 1320 0001 11       		.uleb128 0x11
 1321 0002 01       		.byte	0x1
 1322 0003 25       		.uleb128 0x25
 1323 0004 0E       		.uleb128 0xe
 1324 0005 13       		.uleb128 0x13
 1325 0006 0B       		.uleb128 0xb
 1326 0007 03       		.uleb128 0x3
 1327 0008 0E       		.uleb128 0xe
 1328 0009 1B       		.uleb128 0x1b
 1329 000a 0E       		.uleb128 0xe
 1330 000b 55       		.uleb128 0x55
 1331 000c 17       		.uleb128 0x17
 1332 000d 11       		.uleb128 0x11
 1333 000e 01       		.uleb128 0x1
 1334 000f 10       		.uleb128 0x10
 1335 0010 17       		.uleb128 0x17
 1336 0011 00       		.byte	0
 1337 0012 00       		.byte	0
 1338 0013 02       		.uleb128 0x2
 1339 0014 24       		.uleb128 0x24
 1340 0015 00       		.byte	0
 1341 0016 0B       		.uleb128 0xb
 1342 0017 0B       		.uleb128 0xb
 1343 0018 3E       		.uleb128 0x3e
 1344 0019 0B       		.uleb128 0xb
 1345 001a 03       		.uleb128 0x3
 1346 001b 08       		.uleb128 0x8
 1347 001c 00       		.byte	0
 1348 001d 00       		.byte	0
 1349 001e 03       		.uleb128 0x3
 1350 001f 16       		.uleb128 0x16
 1351 0020 00       		.byte	0
 1352 0021 03       		.uleb128 0x3
 1353 0022 0E       		.uleb128 0xe
 1354 0023 3A       		.uleb128 0x3a
 1355 0024 0B       		.uleb128 0xb
 1356 0025 3B       		.uleb128 0x3b
 1357 0026 0B       		.uleb128 0xb
 1358 0027 49       		.uleb128 0x49
 1359 0028 13       		.uleb128 0x13
ARM GAS  /var/folders/4k/6h5l9jl178sb4hslwv3xp1mr0000gn/T//ccoJoRRA.s 			page 25


 1360 0029 00       		.byte	0
 1361 002a 00       		.byte	0
 1362 002b 04       		.uleb128 0x4
 1363 002c 24       		.uleb128 0x24
 1364 002d 00       		.byte	0
 1365 002e 0B       		.uleb128 0xb
 1366 002f 0B       		.uleb128 0xb
 1367 0030 3E       		.uleb128 0x3e
 1368 0031 0B       		.uleb128 0xb
 1369 0032 03       		.uleb128 0x3
 1370 0033 0E       		.uleb128 0xe
 1371 0034 00       		.byte	0
 1372 0035 00       		.byte	0
 1373 0036 05       		.uleb128 0x5
 1374 0037 13       		.uleb128 0x13
 1375 0038 01       		.byte	0x1
 1376 0039 03       		.uleb128 0x3
 1377 003a 0E       		.uleb128 0xe
 1378 003b 0B       		.uleb128 0xb
 1379 003c 0B       		.uleb128 0xb
 1380 003d 3A       		.uleb128 0x3a
 1381 003e 0B       		.uleb128 0xb
 1382 003f 3B       		.uleb128 0x3b
 1383 0040 0B       		.uleb128 0xb
 1384 0041 01       		.uleb128 0x1
 1385 0042 13       		.uleb128 0x13
 1386 0043 00       		.byte	0
 1387 0044 00       		.byte	0
 1388 0045 06       		.uleb128 0x6
 1389 0046 0D       		.uleb128 0xd
 1390 0047 00       		.byte	0
 1391 0048 03       		.uleb128 0x3
 1392 0049 0E       		.uleb128 0xe
 1393 004a 3A       		.uleb128 0x3a
 1394 004b 0B       		.uleb128 0xb
 1395 004c 3B       		.uleb128 0x3b
 1396 004d 0B       		.uleb128 0xb
 1397 004e 49       		.uleb128 0x49
 1398 004f 13       		.uleb128 0x13
 1399 0050 38       		.uleb128 0x38
 1400 0051 0B       		.uleb128 0xb
 1401 0052 00       		.byte	0
 1402 0053 00       		.byte	0
 1403 0054 07       		.uleb128 0x7
 1404 0055 0D       		.uleb128 0xd
 1405 0056 00       		.byte	0
 1406 0057 03       		.uleb128 0x3
 1407 0058 08       		.uleb128 0x8
 1408 0059 3A       		.uleb128 0x3a
 1409 005a 0B       		.uleb128 0xb
 1410 005b 3B       		.uleb128 0x3b
 1411 005c 0B       		.uleb128 0xb
 1412 005d 49       		.uleb128 0x49
 1413 005e 13       		.uleb128 0x13
 1414 005f 38       		.uleb128 0x38
 1415 0060 0B       		.uleb128 0xb
 1416 0061 00       		.byte	0
ARM GAS  /var/folders/4k/6h5l9jl178sb4hslwv3xp1mr0000gn/T//ccoJoRRA.s 			page 26


 1417 0062 00       		.byte	0
 1418 0063 08       		.uleb128 0x8
 1419 0064 13       		.uleb128 0x13
 1420 0065 01       		.byte	0x1
 1421 0066 0B       		.uleb128 0xb
 1422 0067 0B       		.uleb128 0xb
 1423 0068 3A       		.uleb128 0x3a
 1424 0069 0B       		.uleb128 0xb
 1425 006a 3B       		.uleb128 0x3b
 1426 006b 0B       		.uleb128 0xb
 1427 006c 01       		.uleb128 0x1
 1428 006d 13       		.uleb128 0x13
 1429 006e 00       		.byte	0
 1430 006f 00       		.byte	0
 1431 0070 09       		.uleb128 0x9
 1432 0071 0F       		.uleb128 0xf
 1433 0072 00       		.byte	0
 1434 0073 0B       		.uleb128 0xb
 1435 0074 0B       		.uleb128 0xb
 1436 0075 49       		.uleb128 0x49
 1437 0076 13       		.uleb128 0x13
 1438 0077 00       		.byte	0
 1439 0078 00       		.byte	0
 1440 0079 0A       		.uleb128 0xa
 1441 007a 0F       		.uleb128 0xf
 1442 007b 00       		.byte	0
 1443 007c 0B       		.uleb128 0xb
 1444 007d 0B       		.uleb128 0xb
 1445 007e 00       		.byte	0
 1446 007f 00       		.byte	0
 1447 0080 0B       		.uleb128 0xb
 1448 0081 13       		.uleb128 0x13
 1449 0082 01       		.byte	0x1
 1450 0083 03       		.uleb128 0x3
 1451 0084 0E       		.uleb128 0xe
 1452 0085 0B       		.uleb128 0xb
 1453 0086 0B       		.uleb128 0xb
 1454 0087 3A       		.uleb128 0x3a
 1455 0088 0B       		.uleb128 0xb
 1456 0089 3B       		.uleb128 0x3b
 1457 008a 05       		.uleb128 0x5
 1458 008b 01       		.uleb128 0x1
 1459 008c 13       		.uleb128 0x13
 1460 008d 00       		.byte	0
 1461 008e 00       		.byte	0
 1462 008f 0C       		.uleb128 0xc
 1463 0090 0D       		.uleb128 0xd
 1464 0091 00       		.byte	0
 1465 0092 03       		.uleb128 0x3
 1466 0093 08       		.uleb128 0x8
 1467 0094 3A       		.uleb128 0x3a
 1468 0095 0B       		.uleb128 0xb
 1469 0096 3B       		.uleb128 0x3b
 1470 0097 05       		.uleb128 0x5
 1471 0098 49       		.uleb128 0x49
 1472 0099 13       		.uleb128 0x13
 1473 009a 38       		.uleb128 0x38
ARM GAS  /var/folders/4k/6h5l9jl178sb4hslwv3xp1mr0000gn/T//ccoJoRRA.s 			page 27


 1474 009b 0B       		.uleb128 0xb
 1475 009c 00       		.byte	0
 1476 009d 00       		.byte	0
 1477 009e 0D       		.uleb128 0xd
 1478 009f 35       		.uleb128 0x35
 1479 00a0 00       		.byte	0
 1480 00a1 49       		.uleb128 0x49
 1481 00a2 13       		.uleb128 0x13
 1482 00a3 00       		.byte	0
 1483 00a4 00       		.byte	0
 1484 00a5 0E       		.uleb128 0xe
 1485 00a6 15       		.uleb128 0x15
 1486 00a7 01       		.byte	0x1
 1487 00a8 27       		.uleb128 0x27
 1488 00a9 19       		.uleb128 0x19
 1489 00aa 49       		.uleb128 0x49
 1490 00ab 13       		.uleb128 0x13
 1491 00ac 01       		.uleb128 0x1
 1492 00ad 13       		.uleb128 0x13
 1493 00ae 00       		.byte	0
 1494 00af 00       		.byte	0
 1495 00b0 0F       		.uleb128 0xf
 1496 00b1 05       		.uleb128 0x5
 1497 00b2 00       		.byte	0
 1498 00b3 49       		.uleb128 0x49
 1499 00b4 13       		.uleb128 0x13
 1500 00b5 00       		.byte	0
 1501 00b6 00       		.byte	0
 1502 00b7 10       		.uleb128 0x10
 1503 00b8 17       		.uleb128 0x17
 1504 00b9 01       		.byte	0x1
 1505 00ba 0B       		.uleb128 0xb
 1506 00bb 0B       		.uleb128 0xb
 1507 00bc 3A       		.uleb128 0x3a
 1508 00bd 0B       		.uleb128 0xb
 1509 00be 3B       		.uleb128 0x3b
 1510 00bf 0B       		.uleb128 0xb
 1511 00c0 01       		.uleb128 0x1
 1512 00c1 13       		.uleb128 0x13
 1513 00c2 00       		.byte	0
 1514 00c3 00       		.byte	0
 1515 00c4 11       		.uleb128 0x11
 1516 00c5 0D       		.uleb128 0xd
 1517 00c6 00       		.byte	0
 1518 00c7 03       		.uleb128 0x3
 1519 00c8 0E       		.uleb128 0xe
 1520 00c9 3A       		.uleb128 0x3a
 1521 00ca 0B       		.uleb128 0xb
 1522 00cb 3B       		.uleb128 0x3b
 1523 00cc 0B       		.uleb128 0xb
 1524 00cd 49       		.uleb128 0x49
 1525 00ce 13       		.uleb128 0x13
 1526 00cf 00       		.byte	0
 1527 00d0 00       		.byte	0
 1528 00d1 12       		.uleb128 0x12
 1529 00d2 17       		.uleb128 0x17
 1530 00d3 01       		.byte	0x1
ARM GAS  /var/folders/4k/6h5l9jl178sb4hslwv3xp1mr0000gn/T//ccoJoRRA.s 			page 28


 1531 00d4 03       		.uleb128 0x3
 1532 00d5 0E       		.uleb128 0xe
 1533 00d6 0B       		.uleb128 0xb
 1534 00d7 0B       		.uleb128 0xb
 1535 00d8 3A       		.uleb128 0x3a
 1536 00d9 0B       		.uleb128 0xb
 1537 00da 3B       		.uleb128 0x3b
 1538 00db 0B       		.uleb128 0xb
 1539 00dc 01       		.uleb128 0x1
 1540 00dd 13       		.uleb128 0x13
 1541 00de 00       		.byte	0
 1542 00df 00       		.byte	0
 1543 00e0 13       		.uleb128 0x13
 1544 00e1 0D       		.uleb128 0xd
 1545 00e2 00       		.byte	0
 1546 00e3 03       		.uleb128 0x3
 1547 00e4 08       		.uleb128 0x8
 1548 00e5 3A       		.uleb128 0x3a
 1549 00e6 0B       		.uleb128 0xb
 1550 00e7 3B       		.uleb128 0x3b
 1551 00e8 0B       		.uleb128 0xb
 1552 00e9 49       		.uleb128 0x49
 1553 00ea 13       		.uleb128 0x13
 1554 00eb 00       		.byte	0
 1555 00ec 00       		.byte	0
 1556 00ed 14       		.uleb128 0x14
 1557 00ee 26       		.uleb128 0x26
 1558 00ef 00       		.byte	0
 1559 00f0 49       		.uleb128 0x49
 1560 00f1 13       		.uleb128 0x13
 1561 00f2 00       		.byte	0
 1562 00f3 00       		.byte	0
 1563 00f4 15       		.uleb128 0x15
 1564 00f5 2E       		.uleb128 0x2e
 1565 00f6 01       		.byte	0x1
 1566 00f7 3F       		.uleb128 0x3f
 1567 00f8 19       		.uleb128 0x19
 1568 00f9 03       		.uleb128 0x3
 1569 00fa 0E       		.uleb128 0xe
 1570 00fb 3A       		.uleb128 0x3a
 1571 00fc 0B       		.uleb128 0xb
 1572 00fd 3B       		.uleb128 0x3b
 1573 00fe 0B       		.uleb128 0xb
 1574 00ff 27       		.uleb128 0x27
 1575 0100 19       		.uleb128 0x19
 1576 0101 11       		.uleb128 0x11
 1577 0102 01       		.uleb128 0x1
 1578 0103 12       		.uleb128 0x12
 1579 0104 06       		.uleb128 0x6
 1580 0105 40       		.uleb128 0x40
 1581 0106 18       		.uleb128 0x18
 1582 0107 9742     		.uleb128 0x2117
 1583 0109 19       		.uleb128 0x19
 1584 010a 01       		.uleb128 0x1
 1585 010b 13       		.uleb128 0x13
 1586 010c 00       		.byte	0
 1587 010d 00       		.byte	0
ARM GAS  /var/folders/4k/6h5l9jl178sb4hslwv3xp1mr0000gn/T//ccoJoRRA.s 			page 29


 1588 010e 16       		.uleb128 0x16
 1589 010f 898201   		.uleb128 0x4109
 1590 0112 01       		.byte	0x1
 1591 0113 11       		.uleb128 0x11
 1592 0114 01       		.uleb128 0x1
 1593 0115 9542     		.uleb128 0x2115
 1594 0117 19       		.uleb128 0x19
 1595 0118 31       		.uleb128 0x31
 1596 0119 13       		.uleb128 0x13
 1597 011a 00       		.byte	0
 1598 011b 00       		.byte	0
 1599 011c 17       		.uleb128 0x17
 1600 011d 8A8201   		.uleb128 0x410a
 1601 0120 00       		.byte	0
 1602 0121 02       		.uleb128 0x2
 1603 0122 18       		.uleb128 0x18
 1604 0123 9142     		.uleb128 0x2111
 1605 0125 18       		.uleb128 0x18
 1606 0126 00       		.byte	0
 1607 0127 00       		.byte	0
 1608 0128 18       		.uleb128 0x18
 1609 0129 05       		.uleb128 0x5
 1610 012a 00       		.byte	0
 1611 012b 03       		.uleb128 0x3
 1612 012c 0E       		.uleb128 0xe
 1613 012d 3A       		.uleb128 0x3a
 1614 012e 0B       		.uleb128 0xb
 1615 012f 3B       		.uleb128 0x3b
 1616 0130 0B       		.uleb128 0xb
 1617 0131 49       		.uleb128 0x49
 1618 0132 13       		.uleb128 0x13
 1619 0133 02       		.uleb128 0x2
 1620 0134 17       		.uleb128 0x17
 1621 0135 00       		.byte	0
 1622 0136 00       		.byte	0
 1623 0137 19       		.uleb128 0x19
 1624 0138 05       		.uleb128 0x5
 1625 0139 00       		.byte	0
 1626 013a 03       		.uleb128 0x3
 1627 013b 08       		.uleb128 0x8
 1628 013c 3A       		.uleb128 0x3a
 1629 013d 0B       		.uleb128 0xb
 1630 013e 3B       		.uleb128 0x3b
 1631 013f 0B       		.uleb128 0xb
 1632 0140 49       		.uleb128 0x49
 1633 0141 13       		.uleb128 0x13
 1634 0142 02       		.uleb128 0x2
 1635 0143 17       		.uleb128 0x17
 1636 0144 00       		.byte	0
 1637 0145 00       		.byte	0
 1638 0146 1A       		.uleb128 0x1a
 1639 0147 34       		.uleb128 0x34
 1640 0148 00       		.byte	0
 1641 0149 03       		.uleb128 0x3
 1642 014a 08       		.uleb128 0x8
 1643 014b 3A       		.uleb128 0x3a
 1644 014c 0B       		.uleb128 0xb
ARM GAS  /var/folders/4k/6h5l9jl178sb4hslwv3xp1mr0000gn/T//ccoJoRRA.s 			page 30


 1645 014d 3B       		.uleb128 0x3b
 1646 014e 0B       		.uleb128 0xb
 1647 014f 49       		.uleb128 0x49
 1648 0150 13       		.uleb128 0x13
 1649 0151 02       		.uleb128 0x2
 1650 0152 17       		.uleb128 0x17
 1651 0153 00       		.byte	0
 1652 0154 00       		.byte	0
 1653 0155 1B       		.uleb128 0x1b
 1654 0156 2E       		.uleb128 0x2e
 1655 0157 01       		.byte	0x1
 1656 0158 3F       		.uleb128 0x3f
 1657 0159 19       		.uleb128 0x19
 1658 015a 03       		.uleb128 0x3
 1659 015b 0E       		.uleb128 0xe
 1660 015c 3A       		.uleb128 0x3a
 1661 015d 0B       		.uleb128 0xb
 1662 015e 3B       		.uleb128 0x3b
 1663 015f 0B       		.uleb128 0xb
 1664 0160 27       		.uleb128 0x27
 1665 0161 19       		.uleb128 0x19
 1666 0162 49       		.uleb128 0x49
 1667 0163 13       		.uleb128 0x13
 1668 0164 11       		.uleb128 0x11
 1669 0165 01       		.uleb128 0x1
 1670 0166 12       		.uleb128 0x12
 1671 0167 06       		.uleb128 0x6
 1672 0168 40       		.uleb128 0x40
 1673 0169 18       		.uleb128 0x18
 1674 016a 9742     		.uleb128 0x2117
 1675 016c 19       		.uleb128 0x19
 1676 016d 01       		.uleb128 0x1
 1677 016e 13       		.uleb128 0x13
 1678 016f 00       		.byte	0
 1679 0170 00       		.byte	0
 1680 0171 1C       		.uleb128 0x1c
 1681 0172 898201   		.uleb128 0x4109
 1682 0175 01       		.byte	0x1
 1683 0176 11       		.uleb128 0x11
 1684 0177 01       		.uleb128 0x1
 1685 0178 31       		.uleb128 0x31
 1686 0179 13       		.uleb128 0x13
 1687 017a 01       		.uleb128 0x1
 1688 017b 13       		.uleb128 0x13
 1689 017c 00       		.byte	0
 1690 017d 00       		.byte	0
 1691 017e 1D       		.uleb128 0x1d
 1692 017f 898201   		.uleb128 0x4109
 1693 0182 00       		.byte	0
 1694 0183 11       		.uleb128 0x11
 1695 0184 01       		.uleb128 0x1
 1696 0185 31       		.uleb128 0x31
 1697 0186 13       		.uleb128 0x13
 1698 0187 00       		.byte	0
 1699 0188 00       		.byte	0
 1700 0189 1E       		.uleb128 0x1e
 1701 018a 898201   		.uleb128 0x4109
ARM GAS  /var/folders/4k/6h5l9jl178sb4hslwv3xp1mr0000gn/T//ccoJoRRA.s 			page 31


 1702 018d 01       		.byte	0x1
 1703 018e 11       		.uleb128 0x11
 1704 018f 01       		.uleb128 0x1
 1705 0190 01       		.uleb128 0x1
 1706 0191 13       		.uleb128 0x13
 1707 0192 00       		.byte	0
 1708 0193 00       		.byte	0
 1709 0194 1F       		.uleb128 0x1f
 1710 0195 34       		.uleb128 0x34
 1711 0196 00       		.byte	0
 1712 0197 03       		.uleb128 0x3
 1713 0198 0E       		.uleb128 0xe
 1714 0199 3A       		.uleb128 0x3a
 1715 019a 0B       		.uleb128 0xb
 1716 019b 3B       		.uleb128 0x3b
 1717 019c 0B       		.uleb128 0xb
 1718 019d 49       		.uleb128 0x49
 1719 019e 13       		.uleb128 0x13
 1720 019f 02       		.uleb128 0x2
 1721 01a0 17       		.uleb128 0x17
 1722 01a1 00       		.byte	0
 1723 01a2 00       		.byte	0
 1724 01a3 20       		.uleb128 0x20
 1725 01a4 898201   		.uleb128 0x4109
 1726 01a7 00       		.byte	0
 1727 01a8 11       		.uleb128 0x11
 1728 01a9 01       		.uleb128 0x1
 1729 01aa 9542     		.uleb128 0x2115
 1730 01ac 19       		.uleb128 0x19
 1731 01ad 31       		.uleb128 0x31
 1732 01ae 13       		.uleb128 0x13
 1733 01af 00       		.byte	0
 1734 01b0 00       		.byte	0
 1735 01b1 21       		.uleb128 0x21
 1736 01b2 34       		.uleb128 0x34
 1737 01b3 00       		.byte	0
 1738 01b4 03       		.uleb128 0x3
 1739 01b5 0E       		.uleb128 0xe
 1740 01b6 3A       		.uleb128 0x3a
 1741 01b7 0B       		.uleb128 0xb
 1742 01b8 3B       		.uleb128 0x3b
 1743 01b9 0B       		.uleb128 0xb
 1744 01ba 49       		.uleb128 0x49
 1745 01bb 13       		.uleb128 0x13
 1746 01bc 02       		.uleb128 0x2
 1747 01bd 18       		.uleb128 0x18
 1748 01be 00       		.byte	0
 1749 01bf 00       		.byte	0
 1750 01c0 22       		.uleb128 0x22
 1751 01c1 2E       		.uleb128 0x2e
 1752 01c2 01       		.byte	0x1
 1753 01c3 3F       		.uleb128 0x3f
 1754 01c4 19       		.uleb128 0x19
 1755 01c5 03       		.uleb128 0x3
 1756 01c6 0E       		.uleb128 0xe
 1757 01c7 3A       		.uleb128 0x3a
 1758 01c8 0B       		.uleb128 0xb
ARM GAS  /var/folders/4k/6h5l9jl178sb4hslwv3xp1mr0000gn/T//ccoJoRRA.s 			page 32


 1759 01c9 3B       		.uleb128 0x3b
 1760 01ca 0B       		.uleb128 0xb
 1761 01cb 27       		.uleb128 0x27
 1762 01cc 19       		.uleb128 0x19
 1763 01cd 3C       		.uleb128 0x3c
 1764 01ce 19       		.uleb128 0x19
 1765 01cf 01       		.uleb128 0x1
 1766 01d0 13       		.uleb128 0x13
 1767 01d1 00       		.byte	0
 1768 01d2 00       		.byte	0
 1769 01d3 23       		.uleb128 0x23
 1770 01d4 2E       		.uleb128 0x2e
 1771 01d5 00       		.byte	0
 1772 01d6 3F       		.uleb128 0x3f
 1773 01d7 19       		.uleb128 0x19
 1774 01d8 03       		.uleb128 0x3
 1775 01d9 0E       		.uleb128 0xe
 1776 01da 3A       		.uleb128 0x3a
 1777 01db 0B       		.uleb128 0xb
 1778 01dc 3B       		.uleb128 0x3b
 1779 01dd 0B       		.uleb128 0xb
 1780 01de 27       		.uleb128 0x27
 1781 01df 19       		.uleb128 0x19
 1782 01e0 49       		.uleb128 0x49
 1783 01e1 13       		.uleb128 0x13
 1784 01e2 3C       		.uleb128 0x3c
 1785 01e3 19       		.uleb128 0x19
 1786 01e4 00       		.byte	0
 1787 01e5 00       		.byte	0
 1788 01e6 00       		.byte	0
 1789              		.section	.debug_loc,"",%progbits
 1790              	.Ldebug_loc0:
 1791              	.LLST0:
 1792 0000 00000000 		.4byte	.LVL1
 1793 0004 0C000000 		.4byte	.LVL4
 1794 0008 0100     		.2byte	0x1
 1795 000a 50       		.byte	0x50
 1796 000b 0C000000 		.4byte	.LVL4
 1797 000f 13000000 		.4byte	.LVL5-1
 1798 0013 0300     		.2byte	0x3
 1799 0015 70       		.byte	0x70
 1800 0016 70       		.sleb128 -16
 1801 0017 9F       		.byte	0x9f
 1802 0018 13000000 		.4byte	.LVL5-1
 1803 001c 14000000 		.4byte	.LFE8
 1804 0020 0400     		.2byte	0x4
 1805 0022 F3       		.byte	0xf3
 1806 0023 01       		.uleb128 0x1
 1807 0024 50       		.byte	0x50
 1808 0025 9F       		.byte	0x9f
 1809 0026 00000000 		.4byte	0
 1810 002a 00000000 		.4byte	0
 1811              	.LLST1:
 1812 002e 00000000 		.4byte	.LVL1
 1813 0032 13000000 		.4byte	.LVL5-1
 1814 0036 0100     		.2byte	0x1
 1815 0038 51       		.byte	0x51
ARM GAS  /var/folders/4k/6h5l9jl178sb4hslwv3xp1mr0000gn/T//ccoJoRRA.s 			page 33


 1816 0039 13000000 		.4byte	.LVL5-1
 1817 003d 14000000 		.4byte	.LFE8
 1818 0041 0400     		.2byte	0x4
 1819 0043 F3       		.byte	0xf3
 1820 0044 01       		.uleb128 0x1
 1821 0045 51       		.byte	0x51
 1822 0046 9F       		.byte	0x9f
 1823 0047 00000000 		.4byte	0
 1824 004b 00000000 		.4byte	0
 1825              	.LLST2:
 1826 004f 00000000 		.4byte	.LVL1
 1827 0053 04000000 		.4byte	.LVL2
 1828 0057 0100     		.2byte	0x1
 1829 0059 52       		.byte	0x52
 1830 005a 04000000 		.4byte	.LVL2
 1831 005e 13000000 		.4byte	.LVL5-1
 1832 0062 0300     		.2byte	0x3
 1833 0064 72       		.byte	0x72
 1834 0065 08       		.sleb128 8
 1835 0066 9F       		.byte	0x9f
 1836 0067 13000000 		.4byte	.LVL5-1
 1837 006b 14000000 		.4byte	.LFE8
 1838 006f 0400     		.2byte	0x4
 1839 0071 F3       		.byte	0xf3
 1840 0072 01       		.uleb128 0x1
 1841 0073 52       		.byte	0x52
 1842 0074 9F       		.byte	0x9f
 1843 0075 00000000 		.4byte	0
 1844 0079 00000000 		.4byte	0
 1845              	.LLST3:
 1846 007d 08000000 		.4byte	.LVL3
 1847 0081 13000000 		.4byte	.LVL5-1
 1848 0085 0100     		.2byte	0x1
 1849 0087 51       		.byte	0x51
 1850 0088 13000000 		.4byte	.LVL5-1
 1851 008c 14000000 		.4byte	.LFE8
 1852 0090 0400     		.2byte	0x4
 1853 0092 F3       		.byte	0xf3
 1854 0093 01       		.uleb128 0x1
 1855 0094 51       		.byte	0x51
 1856 0095 9F       		.byte	0x9f
 1857 0096 00000000 		.4byte	0
 1858 009a 00000000 		.4byte	0
 1859              	.LLST4:
 1860 009e 00000000 		.4byte	.LVL6
 1861 00a2 0A000000 		.4byte	.LVL7
 1862 00a6 0100     		.2byte	0x1
 1863 00a8 50       		.byte	0x50
 1864 00a9 0A000000 		.4byte	.LVL7
 1865 00ad 80000000 		.4byte	.LFE9
 1866 00b1 0100     		.2byte	0x1
 1867 00b3 56       		.byte	0x56
 1868 00b4 00000000 		.4byte	0
 1869 00b8 00000000 		.4byte	0
 1870              	.LLST5:
 1871 00bc 00000000 		.4byte	.LVL6
 1872 00c0 0C000000 		.4byte	.LVL8
ARM GAS  /var/folders/4k/6h5l9jl178sb4hslwv3xp1mr0000gn/T//ccoJoRRA.s 			page 34


 1873 00c4 0100     		.2byte	0x1
 1874 00c6 51       		.byte	0x51
 1875 00c7 0C000000 		.4byte	.LVL8
 1876 00cb 14000000 		.4byte	.LVL9
 1877 00cf 0300     		.2byte	0x3
 1878 00d1 71       		.byte	0x71
 1879 00d2 79       		.sleb128 -7
 1880 00d3 9F       		.byte	0x9f
 1881 00d4 14000000 		.4byte	.LVL9
 1882 00d8 80000000 		.4byte	.LFE9
 1883 00dc 0100     		.2byte	0x1
 1884 00de 55       		.byte	0x55
 1885 00df 00000000 		.4byte	0
 1886 00e3 00000000 		.4byte	0
 1887              	.LLST6:
 1888 00e7 18000000 		.4byte	.LVL10
 1889 00eb 44000000 		.4byte	.LVL18
 1890 00ef 0100     		.2byte	0x1
 1891 00f1 54       		.byte	0x54
 1892 00f2 48000000 		.4byte	.LVL19
 1893 00f6 56000000 		.4byte	.LVL20
 1894 00fa 0100     		.2byte	0x1
 1895 00fc 54       		.byte	0x54
 1896 00fd 62000000 		.4byte	.LVL22
 1897 0101 7A000000 		.4byte	.LVL25
 1898 0105 0100     		.2byte	0x1
 1899 0107 54       		.byte	0x54
 1900 0108 00000000 		.4byte	0
 1901 010c 00000000 		.4byte	0
 1902              	.LLST7:
 1903 0110 1E000000 		.4byte	.LVL12
 1904 0114 26000000 		.4byte	.LVL13
 1905 0118 0100     		.2byte	0x1
 1906 011a 53       		.byte	0x53
 1907 011b 28000000 		.4byte	.LVL14
 1908 011f 2F000000 		.4byte	.LVL15-1
 1909 0123 0100     		.2byte	0x1
 1910 0125 53       		.byte	0x53
 1911 0126 3A000000 		.4byte	.LVL16
 1912 012a 40000000 		.4byte	.LVL17
 1913 012e 0100     		.2byte	0x1
 1914 0130 50       		.byte	0x50
 1915 0131 40000000 		.4byte	.LVL17
 1916 0135 44000000 		.4byte	.LVL18
 1917 0139 0300     		.2byte	0x3
 1918 013b 70       		.byte	0x70
 1919 013c 08       		.sleb128 8
 1920 013d 9F       		.byte	0x9f
 1921 013e 48000000 		.4byte	.LVL19
 1922 0142 5D000000 		.4byte	.LVL21-1
 1923 0146 0100     		.2byte	0x1
 1924 0148 53       		.byte	0x53
 1925 0149 5D000000 		.4byte	.LVL21-1
 1926 014d 62000000 		.4byte	.LVL22
 1927 0151 0300     		.2byte	0x3
 1928 0153 74       		.byte	0x74
 1929 0154 78       		.sleb128 -8
ARM GAS  /var/folders/4k/6h5l9jl178sb4hslwv3xp1mr0000gn/T//ccoJoRRA.s 			page 35


 1930 0155 9F       		.byte	0x9f
 1931 0156 62000000 		.4byte	.LVL22
 1932 015a 78000000 		.4byte	.LVL24
 1933 015e 0100     		.2byte	0x1
 1934 0160 53       		.byte	0x53
 1935 0161 00000000 		.4byte	0
 1936 0165 00000000 		.4byte	0
 1937              	.LLST8:
 1938 0169 6A000000 		.4byte	.LVL23
 1939 016d 78000000 		.4byte	.LVL24
 1940 0171 0100     		.2byte	0x1
 1941 0173 57       		.byte	0x57
 1942 0174 00000000 		.4byte	0
 1943 0178 00000000 		.4byte	0
 1944              	.LLST9:
 1945 017c 00000000 		.4byte	.LVL26
 1946 0180 0C000000 		.4byte	.LVL28
 1947 0184 0100     		.2byte	0x1
 1948 0186 50       		.byte	0x50
 1949 0187 0C000000 		.4byte	.LVL28
 1950 018b 5A000000 		.4byte	.LVL37
 1951 018f 0100     		.2byte	0x1
 1952 0191 56       		.byte	0x56
 1953 0192 5A000000 		.4byte	.LVL37
 1954 0196 5E000000 		.4byte	.LVL38
 1955 019a 0400     		.2byte	0x4
 1956 019c F3       		.byte	0xf3
 1957 019d 01       		.uleb128 0x1
 1958 019e 50       		.byte	0x50
 1959 019f 9F       		.byte	0x9f
 1960 01a0 5E000000 		.4byte	.LVL38
 1961 01a4 8E000000 		.4byte	.LVL39
 1962 01a8 0100     		.2byte	0x1
 1963 01aa 56       		.byte	0x56
 1964 01ab 8E000000 		.4byte	.LVL39
 1965 01af 92000000 		.4byte	.LFE10
 1966 01b3 0400     		.2byte	0x4
 1967 01b5 F3       		.byte	0xf3
 1968 01b6 01       		.uleb128 0x1
 1969 01b7 50       		.byte	0x50
 1970 01b8 9F       		.byte	0x9f
 1971 01b9 00000000 		.4byte	0
 1972 01bd 00000000 		.4byte	0
 1973              	.LLST10:
 1974 01c1 10000000 		.4byte	.LVL29
 1975 01c5 18000000 		.4byte	.LVL32
 1976 01c9 0100     		.2byte	0x1
 1977 01cb 55       		.byte	0x55
 1978 01cc 18000000 		.4byte	.LVL32
 1979 01d0 30000000 		.4byte	.LVL34
 1980 01d4 0100     		.2byte	0x1
 1981 01d6 53       		.byte	0x53
 1982 01d7 32000000 		.4byte	.LVL35
 1983 01db 5D000000 		.4byte	.LVL38-1
 1984 01df 0100     		.2byte	0x1
 1985 01e1 53       		.byte	0x53
 1986 01e2 5E000000 		.4byte	.LVL38
ARM GAS  /var/folders/4k/6h5l9jl178sb4hslwv3xp1mr0000gn/T//ccoJoRRA.s 			page 36


 1987 01e6 91000000 		.4byte	.LVL40-1
 1988 01ea 0100     		.2byte	0x1
 1989 01ec 53       		.byte	0x53
 1990 01ed 00000000 		.4byte	0
 1991 01f1 00000000 		.4byte	0
 1992              	.LLST11:
 1993 01f5 08000000 		.4byte	.LVL27
 1994 01f9 5A000000 		.4byte	.LVL37
 1995 01fd 0100     		.2byte	0x1
 1996 01ff 54       		.byte	0x54
 1997 0200 5A000000 		.4byte	.LVL37
 1998 0204 5E000000 		.4byte	.LVL38
 1999 0208 0600     		.2byte	0x6
 2000 020a F3       		.byte	0xf3
 2001 020b 01       		.uleb128 0x1
 2002 020c 50       		.byte	0x50
 2003 020d 38       		.byte	0x38
 2004 020e 1C       		.byte	0x1c
 2005 020f 9F       		.byte	0x9f
 2006 0210 5E000000 		.4byte	.LVL38
 2007 0214 8E000000 		.4byte	.LVL39
 2008 0218 0100     		.2byte	0x1
 2009 021a 54       		.byte	0x54
 2010 021b 8E000000 		.4byte	.LVL39
 2011 021f 92000000 		.4byte	.LFE10
 2012 0223 0600     		.2byte	0x6
 2013 0225 F3       		.byte	0xf3
 2014 0226 01       		.uleb128 0x1
 2015 0227 50       		.byte	0x50
 2016 0228 38       		.byte	0x38
 2017 0229 1C       		.byte	0x1c
 2018 022a 9F       		.byte	0x9f
 2019 022b 00000000 		.4byte	0
 2020 022f 00000000 		.4byte	0
 2021              	.LLST12:
 2022 0233 0C000000 		.4byte	.LVL28
 2023 0237 12000000 		.4byte	.LVL30
 2024 023b 0100     		.2byte	0x1
 2025 023d 50       		.byte	0x50
 2026 023e 12000000 		.4byte	.LVL30
 2027 0242 15000000 		.4byte	.LVL31-1
 2028 0246 0200     		.2byte	0x2
 2029 0248 74       		.byte	0x74
 2030 0249 00       		.sleb128 0
 2031 024a 15000000 		.4byte	.LVL31-1
 2032 024e 44000000 		.4byte	.LVL36
 2033 0252 0300     		.2byte	0x3
 2034 0254 75       		.byte	0x75
 2035 0255 78       		.sleb128 -8
 2036 0256 9F       		.byte	0x9f
 2037 0257 00000000 		.4byte	0
 2038 025b 00000000 		.4byte	0
 2039              	.LLST13:
 2040 025f 00000000 		.4byte	.LVL41
 2041 0263 0A000000 		.4byte	.LVL42
 2042 0267 0100     		.2byte	0x1
 2043 0269 50       		.byte	0x50
ARM GAS  /var/folders/4k/6h5l9jl178sb4hslwv3xp1mr0000gn/T//ccoJoRRA.s 			page 37


 2044 026a 0A000000 		.4byte	.LVL42
 2045 026e 1C000000 		.4byte	.LVL44
 2046 0272 0100     		.2byte	0x1
 2047 0274 54       		.byte	0x54
 2048 0275 1C000000 		.4byte	.LVL44
 2049 0279 34000000 		.4byte	.LVL49
 2050 027d 1300     		.2byte	0x13
 2051 027f F3       		.byte	0xf3
 2052 0280 01       		.uleb128 0x1
 2053 0281 50       		.byte	0x50
 2054 0282 03       		.byte	0x3
 2055 0283 00000000 		.4byte	.LANCHOR0
 2056 0287 F3       		.byte	0xf3
 2057 0288 01       		.uleb128 0x1
 2058 0289 50       		.byte	0x50
 2059 028a 30       		.byte	0x30
 2060 028b 2E       		.byte	0x2e
 2061 028c 28       		.byte	0x28
 2062 028d 0100     		.2byte	0x1
 2063 028f 16       		.byte	0x16
 2064 0290 13       		.byte	0x13
 2065 0291 9F       		.byte	0x9f
 2066 0292 34000000 		.4byte	.LVL49
 2067 0296 38000000 		.4byte	.LVL50
 2068 029a 0100     		.2byte	0x1
 2069 029c 54       		.byte	0x54
 2070 029d 38000000 		.4byte	.LVL50
 2071 02a1 40000000 		.4byte	.LFE11
 2072 02a5 1300     		.2byte	0x13
 2073 02a7 F3       		.byte	0xf3
 2074 02a8 01       		.uleb128 0x1
 2075 02a9 50       		.byte	0x50
 2076 02aa 03       		.byte	0x3
 2077 02ab 00000000 		.4byte	.LANCHOR0
 2078 02af F3       		.byte	0xf3
 2079 02b0 01       		.uleb128 0x1
 2080 02b1 50       		.byte	0x50
 2081 02b2 30       		.byte	0x30
 2082 02b3 2E       		.byte	0x2e
 2083 02b4 28       		.byte	0x28
 2084 02b5 0100     		.2byte	0x1
 2085 02b7 16       		.byte	0x16
 2086 02b8 13       		.byte	0x13
 2087 02b9 9F       		.byte	0x9f
 2088 02ba 00000000 		.4byte	0
 2089 02be 00000000 		.4byte	0
 2090              	.LLST14:
 2091 02c2 00000000 		.4byte	.LVL41
 2092 02c6 13000000 		.4byte	.LVL43-1
 2093 02ca 0100     		.2byte	0x1
 2094 02cc 51       		.byte	0x51
 2095 02cd 13000000 		.4byte	.LVL43-1
 2096 02d1 40000000 		.4byte	.LFE11
 2097 02d5 0100     		.2byte	0x1
 2098 02d7 55       		.byte	0x55
 2099 02d8 00000000 		.4byte	0
 2100 02dc 00000000 		.4byte	0
ARM GAS  /var/folders/4k/6h5l9jl178sb4hslwv3xp1mr0000gn/T//ccoJoRRA.s 			page 38


 2101              	.LLST15:
 2102 02e0 14000000 		.4byte	.LVL43
 2103 02e4 1C000000 		.4byte	.LVL44
 2104 02e8 0300     		.2byte	0x3
 2105 02ea 74       		.byte	0x74
 2106 02eb 08       		.sleb128 8
 2107 02ec 9F       		.byte	0x9f
 2108 02ed 1C000000 		.4byte	.LVL44
 2109 02f1 24000000 		.4byte	.LVL46
 2110 02f5 1500     		.2byte	0x15
 2111 02f7 F3       		.byte	0xf3
 2112 02f8 01       		.uleb128 0x1
 2113 02f9 50       		.byte	0x50
 2114 02fa 03       		.byte	0x3
 2115 02fb 00000000 		.4byte	.LANCHOR0
 2116 02ff F3       		.byte	0xf3
 2117 0300 01       		.uleb128 0x1
 2118 0301 50       		.byte	0x50
 2119 0302 30       		.byte	0x30
 2120 0303 2E       		.byte	0x2e
 2121 0304 28       		.byte	0x28
 2122 0305 0100     		.2byte	0x1
 2123 0307 16       		.byte	0x16
 2124 0308 13       		.byte	0x13
 2125 0309 23       		.byte	0x23
 2126 030a 08       		.uleb128 0x8
 2127 030b 9F       		.byte	0x9f
 2128 030c 34000000 		.4byte	.LVL49
 2129 0310 38000000 		.4byte	.LVL50
 2130 0314 0300     		.2byte	0x3
 2131 0316 74       		.byte	0x74
 2132 0317 08       		.sleb128 8
 2133 0318 9F       		.byte	0x9f
 2134 0319 38000000 		.4byte	.LVL50
 2135 031d 40000000 		.4byte	.LFE11
 2136 0321 1500     		.2byte	0x15
 2137 0323 F3       		.byte	0xf3
 2138 0324 01       		.uleb128 0x1
 2139 0325 50       		.byte	0x50
 2140 0326 03       		.byte	0x3
 2141 0327 00000000 		.4byte	.LANCHOR0
 2142 032b F3       		.byte	0xf3
 2143 032c 01       		.uleb128 0x1
 2144 032d 50       		.byte	0x50
 2145 032e 30       		.byte	0x30
 2146 032f 2E       		.byte	0x2e
 2147 0330 28       		.byte	0x28
 2148 0331 0100     		.2byte	0x1
 2149 0333 16       		.byte	0x16
 2150 0334 13       		.byte	0x13
 2151 0335 23       		.byte	0x23
 2152 0336 08       		.uleb128 0x8
 2153 0337 9F       		.byte	0x9f
 2154 0338 00000000 		.4byte	0
 2155 033c 00000000 		.4byte	0
 2156              	.LLST16:
 2157 0340 14000000 		.4byte	.LVL43
ARM GAS  /var/folders/4k/6h5l9jl178sb4hslwv3xp1mr0000gn/T//ccoJoRRA.s 			page 39


 2158 0344 1C000000 		.4byte	.LVL44
 2159 0348 0200     		.2byte	0x2
 2160 034a 30       		.byte	0x30
 2161 034b 9F       		.byte	0x9f
 2162 034c 1C000000 		.4byte	.LVL44
 2163 0350 22000000 		.4byte	.LVL45
 2164 0354 0100     		.2byte	0x1
 2165 0356 54       		.byte	0x54
 2166 0357 22000000 		.4byte	.LVL45
 2167 035b 24000000 		.4byte	.LVL46
 2168 035f 0300     		.2byte	0x3
 2169 0361 74       		.byte	0x74
 2170 0362 7F       		.sleb128 -1
 2171 0363 9F       		.byte	0x9f
 2172 0364 24000000 		.4byte	.LVL46
 2173 0368 28000000 		.4byte	.LVL47
 2174 036c 0100     		.2byte	0x1
 2175 036e 54       		.byte	0x54
 2176 036f 34000000 		.4byte	.LVL49
 2177 0373 40000000 		.4byte	.LFE11
 2178 0377 0200     		.2byte	0x2
 2179 0379 30       		.byte	0x30
 2180 037a 9F       		.byte	0x9f
 2181 037b 00000000 		.4byte	0
 2182 037f 00000000 		.4byte	0
 2183              	.LLST17:
 2184 0383 14000000 		.4byte	.LVL43
 2185 0387 1C000000 		.4byte	.LVL44
 2186 038b 0200     		.2byte	0x2
 2187 038d 30       		.byte	0x30
 2188 038e 9F       		.byte	0x9f
 2189 038f 1C000000 		.4byte	.LVL44
 2190 0393 28000000 		.4byte	.LVL47
 2191 0397 0100     		.2byte	0x1
 2192 0399 52       		.byte	0x52
 2193 039a 34000000 		.4byte	.LVL49
 2194 039e 40000000 		.4byte	.LFE11
 2195 03a2 0200     		.2byte	0x2
 2196 03a4 30       		.byte	0x30
 2197 03a5 9F       		.byte	0x9f
 2198 03a6 00000000 		.4byte	0
 2199 03aa 00000000 		.4byte	0
 2200              		.section	.debug_aranges,"",%progbits
 2201 0000 3C000000 		.4byte	0x3c
 2202 0004 0200     		.2byte	0x2
 2203 0006 00000000 		.4byte	.Ldebug_info0
 2204 000a 04       		.byte	0x4
 2205 000b 00       		.byte	0
 2206 000c 0000     		.2byte	0
 2207 000e 0000     		.2byte	0
 2208 0010 00000000 		.4byte	.LFB7
 2209 0014 1C000000 		.4byte	.LFE7-.LFB7
 2210 0018 00000000 		.4byte	.LFB8
 2211 001c 14000000 		.4byte	.LFE8-.LFB8
 2212 0020 00000000 		.4byte	.LFB9
 2213 0024 80000000 		.4byte	.LFE9-.LFB9
 2214 0028 00000000 		.4byte	.LFB10
ARM GAS  /var/folders/4k/6h5l9jl178sb4hslwv3xp1mr0000gn/T//ccoJoRRA.s 			page 40


 2215 002c 92000000 		.4byte	.LFE10-.LFB10
 2216 0030 00000000 		.4byte	.LFB11
 2217 0034 40000000 		.4byte	.LFE11-.LFB11
 2218 0038 00000000 		.4byte	0
 2219 003c 00000000 		.4byte	0
 2220              		.section	.debug_ranges,"",%progbits
 2221              	.Ldebug_ranges0:
 2222 0000 00000000 		.4byte	.LFB7
 2223 0004 1C000000 		.4byte	.LFE7
 2224 0008 00000000 		.4byte	.LFB8
 2225 000c 14000000 		.4byte	.LFE8
 2226 0010 00000000 		.4byte	.LFB9
 2227 0014 80000000 		.4byte	.LFE9
 2228 0018 00000000 		.4byte	.LFB10
 2229 001c 92000000 		.4byte	.LFE10
 2230 0020 00000000 		.4byte	.LFB11
 2231 0024 40000000 		.4byte	.LFE11
 2232 0028 00000000 		.4byte	0
 2233 002c 00000000 		.4byte	0
 2234              		.section	.debug_line,"",%progbits
 2235              	.Ldebug_line0:
 2236 0000 2D030000 		.section	.debug_str,"MS",%progbits,1
 2236      02004102 
 2236      00000201 
 2236      FB0E0D00 
 2236      01010101 
 2237              	.LASF42:
 2238 0000 705F6D73 		.ascii	"p_msg\000"
 2238      6700
 2239              	.LASF2:
 2240 0006 73697A65 		.ascii	"size_t\000"
 2240      5F7400
 2241              	.LASF68:
 2242 000d 7264796D 		.ascii	"rdymsg\000"
 2242      736700
 2243              	.LASF17:
 2244 0014 75696E74 		.ascii	"uint64_t\000"
 2244      36345F74 
 2244      00
 2245              	.LASF3:
 2246 001d 5F5F7569 		.ascii	"__uint8_t\000"
 2246      6E74385F 
 2246      7400
 2247              	.LASF58:
 2248 0027 6D656D67 		.ascii	"memgetfunc_t\000"
 2248      65746675 
 2248      6E635F74 
 2248      00
 2249              	.LASF13:
 2250 0034 6C6F6E67 		.ascii	"long long unsigned int\000"
 2250      206C6F6E 
 2250      6720756E 
 2250      7369676E 
 2250      65642069 
 2251              	.LASF69:
 2252 004b 65786974 		.ascii	"exitcode\000"
 2252      636F6465 
ARM GAS  /var/folders/4k/6h5l9jl178sb4hslwv3xp1mr0000gn/T//ccoJoRRA.s 			page 41


 2252      00
 2253              	.LASF62:
 2254 0054 685F6672 		.ascii	"h_free\000"
 2254      656500
 2255              	.LASF75:
 2256 005b 68656170 		.ascii	"heapp\000"
 2256      7000
 2257              	.LASF87:
 2258 0061 63684D74 		.ascii	"chMtxUnlock\000"
 2258      78556E6C 
 2258      6F636B00 
 2259              	.LASF74:
 2260 006d 63684865 		.ascii	"chHeapInit\000"
 2260      6170496E 
 2260      697400
 2261              	.LASF64:
 2262 0078 6E657874 		.ascii	"next\000"
 2262      00
 2263              	.LASF30:
 2264 007d 705F7072 		.ascii	"p_prio\000"
 2264      696F00
 2265              	.LASF11:
 2266 0084 6C6F6E67 		.ascii	"long long int\000"
 2266      206C6F6E 
 2266      6720696E 
 2266      7400
 2267              	.LASF1:
 2268 0092 7369676E 		.ascii	"signed char\000"
 2268      65642063 
 2268      68617200 
 2269              	.LASF63:
 2270 009e 685F6D74 		.ascii	"h_mtx\000"
 2270      7800
 2271              	.LASF46:
 2272 00a4 705F6D70 		.ascii	"p_mpool\000"
 2272      6F6F6C00 
 2273              	.LASF55:
 2274 00ac 6D5F7175 		.ascii	"m_queue\000"
 2274      65756500 
 2275              	.LASF76:
 2276 00b4 63684865 		.ascii	"chHeapFree\000"
 2276      61704672 
 2276      656500
 2277              	.LASF22:
 2278 00bf 74736C69 		.ascii	"tslices_t\000"
 2278      6365735F 
 2278      7400
 2279              	.LASF8:
 2280 00c9 6C6F6E67 		.ascii	"long int\000"
 2280      20696E74 
 2280      00
 2281              	.LASF20:
 2282 00d2 74737461 		.ascii	"tstate_t\000"
 2282      74655F74 
 2282      00
 2283              	.LASF32:
 2284 00db 705F6E65 		.ascii	"p_newer\000"
ARM GAS  /var/folders/4k/6h5l9jl178sb4hslwv3xp1mr0000gn/T//ccoJoRRA.s 			page 42


 2284      77657200 
 2285              	.LASF9:
 2286 00e3 5F5F7569 		.ascii	"__uint32_t\000"
 2286      6E743332 
 2286      5F7400
 2287              	.LASF49:
 2288 00ee 72656761 		.ascii	"regarm_t\000"
 2288      726D5F74 
 2288      00
 2289              	.LASF66:
 2290 00f7 616C6967 		.ascii	"align\000"
 2290      6E00
 2291              	.LASF0:
 2292 00fd 756E7369 		.ascii	"unsigned int\000"
 2292      676E6564 
 2292      20696E74 
 2292      00
 2293              	.LASF10:
 2294 010a 6C6F6E67 		.ascii	"long unsigned int\000"
 2294      20756E73 
 2294      69676E65 
 2294      6420696E 
 2294      7400
 2295              	.LASF52:
 2296 011c 636F6E74 		.ascii	"context\000"
 2296      65787400 
 2297              	.LASF67:
 2298 0124 73697A65 		.ascii	"size\000"
 2298      00
 2299              	.LASF6:
 2300 0129 73686F72 		.ascii	"short unsigned int\000"
 2300      7420756E 
 2300      7369676E 
 2300      65642069 
 2300      6E7400
 2301              	.LASF84:
 2302 013c 2E2E2F43 		.ascii	"../ChibiStudio/ChibiOS/os/kernel/src/chheap.c\000"
 2302      68696269 
 2302      53747564 
 2302      696F2F43 
 2302      68696269 
 2303              	.LASF24:
 2304 016a 6D73675F 		.ascii	"msg_t\000"
 2304      7400
 2305              	.LASF19:
 2306 0170 746D6F64 		.ascii	"tmode_t\000"
 2306      655F7400 
 2307              	.LASF48:
 2308 0178 54687265 		.ascii	"ThreadsList\000"
 2308      6164734C 
 2308      69737400 
 2309              	.LASF25:
 2310 0184 6576656E 		.ascii	"eventmask_t\000"
 2310      746D6173 
 2310      6B5F7400 
 2311              	.LASF54:
 2312 0190 4D757465 		.ascii	"Mutex\000"
ARM GAS  /var/folders/4k/6h5l9jl178sb4hslwv3xp1mr0000gn/T//ccoJoRRA.s 			page 43


 2312      7800
 2313              	.LASF50:
 2314 0196 73746B61 		.ascii	"stkalign_t\000"
 2314      6C69676E 
 2314      5F7400
 2315              	.LASF53:
 2316 01a1 73697A65 		.ascii	"sizetype\000"
 2316      74797065 
 2316      00
 2317              	.LASF82:
 2318 01aa 63684D74 		.ascii	"chMtxLock\000"
 2318      784C6F63 
 2318      6B00
 2319              	.LASF33:
 2320 01b4 705F6F6C 		.ascii	"p_older\000"
 2320      64657200 
 2321              	.LASF47:
 2322 01bc 54687265 		.ascii	"ThreadsQueue\000"
 2322      61647351 
 2322      75657565 
 2322      00
 2323              	.LASF59:
 2324 01c9 4D656D6F 		.ascii	"MemoryHeap\000"
 2324      72794865 
 2324      617000
 2325              	.LASF12:
 2326 01d4 5F5F7569 		.ascii	"__uint64_t\000"
 2326      6E743634 
 2326      5F7400
 2327              	.LASF21:
 2328 01df 74726566 		.ascii	"trefs_t\000"
 2328      735F7400 
 2329              	.LASF29:
 2330 01e7 705F7072 		.ascii	"p_prev\000"
 2330      657600
 2331              	.LASF23:
 2332 01ee 74707269 		.ascii	"tprio_t\000"
 2332      6F5F7400 
 2333              	.LASF18:
 2334 01f6 5F426F6F 		.ascii	"_Bool\000"
 2334      6C00
 2335              	.LASF15:
 2336 01fc 696E7433 		.ascii	"int32_t\000"
 2336      325F7400 
 2337              	.LASF4:
 2338 0204 756E7369 		.ascii	"unsigned char\000"
 2338      676E6564 
 2338      20636861 
 2338      7200
 2339              	.LASF61:
 2340 0212 685F7072 		.ascii	"h_provider\000"
 2340      6F766964 
 2340      657200
 2341              	.LASF83:
 2342 021d 474E5520 		.ascii	"GNU C 4.8.3 20140228 (release) [ARM/embedded-4_8-br"
 2342      4320342E 
 2342      382E3320 
ARM GAS  /var/folders/4k/6h5l9jl178sb4hslwv3xp1mr0000gn/T//ccoJoRRA.s 			page 44


 2342      32303134 
 2342      30323238 
 2343 0250 616E6368 		.ascii	"anch revision 208322] -mcpu=cortex-m4 -mno-thumb-in"
 2343      20726576 
 2343      6973696F 
 2343      6E203230 
 2343      38333232 
 2344 0283 74657277 		.ascii	"terwork -mthumb -ggdb -O2 -fomit-frame-pointer -fal"
 2344      6F726B20 
 2344      2D6D7468 
 2344      756D6220 
 2344      2D676764 
 2345 02b6 69676E2D 		.ascii	"ign-functions=16 -ffunction-sections -fdata-section"
 2345      66756E63 
 2345      74696F6E 
 2345      733D3136 
 2345      202D6666 
 2346 02e9 73202D66 		.ascii	"s -fno-common\000"
 2346      6E6F2D63 
 2346      6F6D6D6F 
 2346      6E00
 2347              	.LASF44:
 2348 02f7 705F6D74 		.ascii	"p_mtxlist\000"
 2348      786C6973 
 2348      7400
 2349              	.LASF5:
 2350 0301 73686F72 		.ascii	"short int\000"
 2350      7420696E 
 2350      7400
 2351              	.LASF35:
 2352 030b 705F7374 		.ascii	"p_state\000"
 2352      61746500 
 2353              	.LASF38:
 2354 0313 705F7072 		.ascii	"p_preempt\000"
 2354      65656D70 
 2354      7400
 2355              	.LASF86:
 2356 031d 68656170 		.ascii	"heap_header\000"
 2356      5F686561 
 2356      64657200 
 2357              	.LASF71:
 2358 0329 65776D61 		.ascii	"ewmask\000"
 2358      736B00
 2359              	.LASF28:
 2360 0330 705F6E65 		.ascii	"p_next\000"
 2360      787400
 2361              	.LASF36:
 2362 0337 705F666C 		.ascii	"p_flags\000"
 2362      61677300 
 2363              	.LASF27:
 2364 033f 54687265 		.ascii	"Thread\000"
 2364      616400
 2365              	.LASF77:
 2366 0346 63684865 		.ascii	"chHeapAlloc\000"
 2366      6170416C 
 2366      6C6F6300 
 2367              	.LASF85:
ARM GAS  /var/folders/4k/6h5l9jl178sb4hslwv3xp1mr0000gn/T//ccoJoRRA.s 			page 45


 2368 0352 2F557365 		.ascii	"/Users/mikevanis/Documents/workspace/STM32_DCMI_CAM"
 2368      72732F6D 
 2368      696B6576 
 2368      616E6973 
 2368      2F446F63 
 2369 0385 4552412F 		.ascii	"ERA/\000"
 2369      00
 2370              	.LASF43:
 2371 038a 705F6570 		.ascii	"p_epending\000"
 2371      656E6469 
 2371      6E6700
 2372              	.LASF16:
 2373 0395 75696E74 		.ascii	"uint32_t\000"
 2373      33325F74 
 2373      00
 2374              	.LASF65:
 2375 039e 68656170 		.ascii	"heap\000"
 2375      00
 2376              	.LASF80:
 2377 03a3 64656661 		.ascii	"default_heap\000"
 2377      756C745F 
 2377      68656170 
 2377      00
 2378              	.LASF72:
 2379 03b0 63686172 		.ascii	"char\000"
 2379      00
 2380              	.LASF78:
 2381 03b5 63684865 		.ascii	"chHeapStatus\000"
 2381      61705374 
 2381      61747573 
 2381      00
 2382              	.LASF57:
 2383 03c2 6D5F6E65 		.ascii	"m_next\000"
 2383      787400
 2384              	.LASF26:
 2385 03c9 73797374 		.ascii	"systime_t\000"
 2385      696D655F 
 2385      7400
 2386              	.LASF45:
 2387 03d3 705F7265 		.ascii	"p_realprio\000"
 2387      616C7072 
 2387      696F00
 2388              	.LASF7:
 2389 03de 5F5F696E 		.ascii	"__int32_t\000"
 2389      7433325F 
 2389      7400
 2390              	.LASF39:
 2391 03e8 705F7469 		.ascii	"p_time\000"
 2391      6D6500
 2392              	.LASF51:
 2393 03ef 696E7463 		.ascii	"intctx\000"
 2393      747800
 2394              	.LASF41:
 2395 03f6 705F6D73 		.ascii	"p_msgqueue\000"
 2395      67717565 
 2395      756500
 2396              	.LASF81:
ARM GAS  /var/folders/4k/6h5l9jl178sb4hslwv3xp1mr0000gn/T//ccoJoRRA.s 			page 46


 2397 0401 63684D74 		.ascii	"chMtxInit\000"
 2397      78496E69 
 2397      7400
 2398              	.LASF37:
 2399 040b 705F7265 		.ascii	"p_refs\000"
 2399      667300
 2400              	.LASF14:
 2401 0412 75696E74 		.ascii	"uint8_t\000"
 2401      385F7400 
 2402              	.LASF70:
 2403 041a 77746F62 		.ascii	"wtobjp\000"
 2403      6A7000
 2404              	.LASF79:
 2405 0421 73697A65 		.ascii	"sizep\000"
 2405      7000
 2406              	.LASF34:
 2407 0427 705F6E61 		.ascii	"p_name\000"
 2407      6D6500
 2408              	.LASF73:
 2409 042e 5F686561 		.ascii	"_heap_init\000"
 2409      705F696E 
 2409      697400
 2410              	.LASF56:
 2411 0439 6D5F6F77 		.ascii	"m_owner\000"
 2411      6E657200 
 2412              	.LASF31:
 2413 0441 705F6374 		.ascii	"p_ctx\000"
 2413      7800
 2414              	.LASF40:
 2415 0447 705F7761 		.ascii	"p_waiting\000"
 2415      6974696E 
 2415      6700
 2416              	.LASF60:
 2417 0451 6D656D6F 		.ascii	"memory_heap\000"
 2417      72795F68 
 2417      65617000 
 2418              		.ident	"GCC: (GNU Tools for ARM Embedded Processors) 4.8.3 20140228 (release) [ARM/embedded-4_8-br
ARM GAS  /var/folders/4k/6h5l9jl178sb4hslwv3xp1mr0000gn/T//ccoJoRRA.s 			page 47


DEFINED SYMBOLS
                            *ABS*:0000000000000000 chheap.c
/var/folders/4k/6h5l9jl178sb4hslwv3xp1mr0000gn/T//ccoJoRRA.s:19     .text._heap_init:0000000000000000 $t
/var/folders/4k/6h5l9jl178sb4hslwv3xp1mr0000gn/T//ccoJoRRA.s:25     .text._heap_init:0000000000000000 _heap_init
/var/folders/4k/6h5l9jl178sb4hslwv3xp1mr0000gn/T//ccoJoRRA.s:50     .text._heap_init:0000000000000014 $d
/var/folders/4k/6h5l9jl178sb4hslwv3xp1mr0000gn/T//ccoJoRRA.s:56     .text.chHeapInit:0000000000000000 $t
/var/folders/4k/6h5l9jl178sb4hslwv3xp1mr0000gn/T//ccoJoRRA.s:62     .text.chHeapInit:0000000000000000 chHeapInit
/var/folders/4k/6h5l9jl178sb4hslwv3xp1mr0000gn/T//ccoJoRRA.s:96     .text.chHeapAlloc:0000000000000000 $t
/var/folders/4k/6h5l9jl178sb4hslwv3xp1mr0000gn/T//ccoJoRRA.s:102    .text.chHeapAlloc:0000000000000000 chHeapAlloc
/var/folders/4k/6h5l9jl178sb4hslwv3xp1mr0000gn/T//ccoJoRRA.s:226    .text.chHeapAlloc:000000000000007c $d
/var/folders/4k/6h5l9jl178sb4hslwv3xp1mr0000gn/T//ccoJoRRA.s:231    .text.chHeapFree:0000000000000000 $t
/var/folders/4k/6h5l9jl178sb4hslwv3xp1mr0000gn/T//ccoJoRRA.s:237    .text.chHeapFree:0000000000000000 chHeapFree
/var/folders/4k/6h5l9jl178sb4hslwv3xp1mr0000gn/T//ccoJoRRA.s:358    .text.chHeapStatus:0000000000000000 $t
/var/folders/4k/6h5l9jl178sb4hslwv3xp1mr0000gn/T//ccoJoRRA.s:364    .text.chHeapStatus:0000000000000000 chHeapStatus
/var/folders/4k/6h5l9jl178sb4hslwv3xp1mr0000gn/T//ccoJoRRA.s:435    .text.chHeapStatus:000000000000003c $d
/var/folders/4k/6h5l9jl178sb4hslwv3xp1mr0000gn/T//ccoJoRRA.s:440    .bss.default_heap:0000000000000000 $d
/var/folders/4k/6h5l9jl178sb4hslwv3xp1mr0000gn/T//ccoJoRRA.s:444    .bss.default_heap:0000000000000000 default_heap
                     .debug_frame:0000000000000010 $d
/var/folders/4k/6h5l9jl178sb4hslwv3xp1mr0000gn/T//ccoJoRRA.s:55     .text._heap_init:000000000000001c $t

UNDEFINED SYMBOLS
chMtxInit
chCoreAlloc
chMtxLock
chMtxUnlock
