ARM GAS  /var/folders/f2/xhg999f973v6h87pc1fwp6lm0000gn/T//ccxMewzx.s 			page 1


   1              		.syntax unified
   2              		.cpu cortex-m4
   3              		.fpu softvfp
   4              		.eabi_attribute 20, 1
   5              		.eabi_attribute 21, 1
   6              		.eabi_attribute 23, 3
   7              		.eabi_attribute 24, 1
   8              		.eabi_attribute 25, 1
   9              		.eabi_attribute 26, 1
  10              		.eabi_attribute 30, 2
  11              		.eabi_attribute 34, 1
  12              		.eabi_attribute 18, 4
  13              		.thumb
  14              		.file	"chmsg.c"
  15              		.text
  16              	.Ltext0:
  17              		.cfi_sections	.debug_frame
  18              		.section	.text.chMsgSend,"ax",%progbits
  19              		.align	2
  20              		.p2align 4,,15
  21              		.global	chMsgSend
  22              		.thumb
  23              		.thumb_func
  24              		.type	chMsgSend, %function
  25              	chMsgSend:
  26              	.LFB7:
  27              		.file 1 "../../os/kernel/src/chmsg.c"
  28              		.loc 1 75 0
  29              		.cfi_startproc
  30              		@ args = 0, pretend = 0, frame = 0
  31              		@ frame_needed = 0, uses_anonymous_args = 0
  32              	.LVL0:
  33 0000 38B5     		push	{r3, r4, r5, lr}
  34              		.cfi_def_cfa_offset 16
  35              		.cfi_offset 3, -16
  36              		.cfi_offset 4, -12
  37              		.cfi_offset 5, -8
  38              		.cfi_offset 14, -4
  39              		.loc 1 76 0
  40 0002 0E4B     		ldr	r3, .L5
  41 0004 9C69     		ldr	r4, [r3, #24]
  42              	.LVL1:
  43              	.LBB10:
  44              		.loc 1 80 0
  45 0006 2023     		movs	r3, #32
  46              	@ 80 "../../os/kernel/src/chmsg.c" 1
  47 0008 83F31188 		msr     BASEPRI, r3
  48              	@ 0 "" 2
  49              		.thumb
  50              	.LBE10:
  51              		.loc 1 82 0
  52 000c 00F12C02 		add	r2, r0, #44
  53              		.loc 1 84 0
  54 0010 057F     		ldrb	r5, [r0, #28]	@ zero_extendqisi2
  55              		.loc 1 82 0
  56 0012 6262     		str	r2, [r4, #36]
  57              	.LVL2:
ARM GAS  /var/folders/f2/xhg999f973v6h87pc1fwp6lm0000gn/T//ccxMewzx.s 			page 2


  58              	.LBB11:
  59              	.LBB12:
  60              		.file 2 "../../os/kernel/include/chinline.h"
  61              		.loc 2 55 0
  62 0014 036B     		ldr	r3, [r0, #48]
  63              	.LBE12:
  64              	.LBE11:
  65              		.loc 1 81 0
  66 0016 6163     		str	r1, [r4, #52]
  67              		.loc 1 84 0
  68 0018 0C2D     		cmp	r5, #12
  69              	.LBB14:
  70              	.LBB13:
  71              		.loc 2 55 0
  72 001a 84E80C00 		stmia	r4, {r2, r3}
  73              		.loc 2 56 0
  74 001e 0463     		str	r4, [r0, #48]
  75 0020 1C60     		str	r4, [r3]
  76              	.LBE13:
  77              	.LBE14:
  78              		.loc 1 84 0
  79 0022 07D0     		beq	.L4
  80              	.LVL3:
  81              	.L2:
  82              		.loc 1 86 0
  83 0024 0A20     		movs	r0, #10
  84 0026 FFF7FEFF 		bl	chSchGoSleepS
  85              	.LVL4:
  86              		.loc 1 87 0
  87 002a 606A     		ldr	r0, [r4, #36]
  88              	.LVL5:
  89              	.LBB15:
  90              		.loc 1 88 0
  91 002c 0023     		movs	r3, #0
  92              	@ 88 "../../os/kernel/src/chmsg.c" 1
  93 002e 83F31188 		msr     BASEPRI, r3
  94              	@ 0 "" 2
  95              		.thumb
  96              	.LBE15:
  97              		.loc 1 90 0
  98 0032 38BD     		pop	{r3, r4, r5, pc}
  99              	.LVL6:
 100              	.L4:
 101              		.loc 1 85 0
 102 0034 FFF7FEFF 		bl	chSchReadyI
 103              	.LVL7:
 104 0038 F4E7     		b	.L2
 105              	.L6:
 106 003a 00BF     		.align	2
 107              	.L5:
 108 003c 00000000 		.word	rlist
 109              		.cfi_endproc
 110              	.LFE7:
 111              		.size	chMsgSend, .-chMsgSend
 112              		.section	.text.chMsgWait,"ax",%progbits
 113              		.align	2
 114              		.p2align 4,,15
ARM GAS  /var/folders/f2/xhg999f973v6h87pc1fwp6lm0000gn/T//ccxMewzx.s 			page 3


 115              		.global	chMsgWait
 116              		.thumb
 117              		.thumb_func
 118              		.type	chMsgWait, %function
 119              	chMsgWait:
 120              	.LFB8:
 121              		.loc 1 106 0
 122              		.cfi_startproc
 123              		@ args = 0, pretend = 0, frame = 0
 124              		@ frame_needed = 0, uses_anonymous_args = 0
 125 0000 10B5     		push	{r4, lr}
 126              		.cfi_def_cfa_offset 8
 127              		.cfi_offset 4, -8
 128              		.cfi_offset 14, -4
 129              	.LBB16:
 130              		.loc 1 109 0
 131 0002 2023     		movs	r3, #32
 132              	@ 109 "../../os/kernel/src/chmsg.c" 1
 133 0004 83F31188 		msr     BASEPRI, r3
 134              	@ 0 "" 2
 135              		.thumb
 136              	.LBE16:
 137              		.loc 1 110 0
 138 0008 0B4C     		ldr	r4, .L10
 139 000a A269     		ldr	r2, [r4, #24]
 140 000c 1346     		mov	r3, r2
 141 000e 53F82C0F 		ldr	r0, [r3, #44]!
 142 0012 9842     		cmp	r0, r3
 143 0014 08D0     		beq	.L9
 144              	.L8:
 145              	.LVL8:
 146              	.LBB17:
 147              	.LBB18:
 148              		.loc 2 62 0
 149 0016 0168     		ldr	r1, [r0]
 150 0018 D162     		str	r1, [r2, #44]
 151              	.LBE18:
 152              	.LBE17:
 153              		.loc 1 113 0
 154 001a 0B22     		movs	r2, #11
 155              	.LBB20:
 156              	.LBB19:
 157              		.loc 2 62 0
 158 001c 4B60     		str	r3, [r1, #4]
 159              	.LBE19:
 160              	.LBE20:
 161              	.LBB21:
 162              		.loc 1 114 0
 163 001e 0023     		movs	r3, #0
 164              	.LVL9:
 165              	.LBE21:
 166              		.loc 1 113 0
 167 0020 0277     		strb	r2, [r0, #28]
 168              	.LBB22:
 169              		.loc 1 114 0
 170              	@ 114 "../../os/kernel/src/chmsg.c" 1
 171 0022 83F31188 		msr     BASEPRI, r3
ARM GAS  /var/folders/f2/xhg999f973v6h87pc1fwp6lm0000gn/T//ccxMewzx.s 			page 4


 172              	@ 0 "" 2
 173              		.thumb
 174              	.LBE22:
 175              		.loc 1 116 0
 176 0026 10BD     		pop	{r4, pc}
 177              	.LVL10:
 178              	.L9:
 179              		.loc 1 111 0
 180 0028 0C20     		movs	r0, #12
 181 002a FFF7FEFF 		bl	chSchGoSleepS
 182              	.LVL11:
 183 002e A269     		ldr	r2, [r4, #24]
 184 0030 D06A     		ldr	r0, [r2, #44]
 185 0032 02F12C03 		add	r3, r2, #44
 186 0036 EEE7     		b	.L8
 187              	.L11:
 188              		.align	2
 189              	.L10:
 190 0038 00000000 		.word	rlist
 191              		.cfi_endproc
 192              	.LFE8:
 193              		.size	chMsgWait, .-chMsgWait
 194 003c AFF30080 		.section	.text.chMsgRelease,"ax",%progbits
 195              		.align	2
 196              		.p2align 4,,15
 197              		.global	chMsgRelease
 198              		.thumb
 199              		.thumb_func
 200              		.type	chMsgRelease, %function
 201              	chMsgRelease:
 202              	.LFB9:
 203              		.loc 1 128 0
 204              		.cfi_startproc
 205              		@ args = 0, pretend = 0, frame = 0
 206              		@ frame_needed = 0, uses_anonymous_args = 0
 207              	.LVL12:
 208 0000 08B5     		push	{r3, lr}
 209              		.cfi_def_cfa_offset 8
 210              		.cfi_offset 3, -8
 211              		.cfi_offset 14, -4
 212              	.LBB23:
 213              		.loc 1 130 0
 214 0002 2023     		movs	r3, #32
 215              	@ 130 "../../os/kernel/src/chmsg.c" 1
 216 0004 83F31188 		msr     BASEPRI, r3
 217              	@ 0 "" 2
 218              		.thumb
 219              	.LBE23:
 220              		.loc 1 133 0
 221 0008 FFF7FEFF 		bl	chSchWakeupS
 222              	.LVL13:
 223              	.LBB24:
 224              		.loc 1 134 0
 225 000c 0023     		movs	r3, #0
 226              	@ 134 "../../os/kernel/src/chmsg.c" 1
 227 000e 83F31188 		msr     BASEPRI, r3
 228              	@ 0 "" 2
ARM GAS  /var/folders/f2/xhg999f973v6h87pc1fwp6lm0000gn/T//ccxMewzx.s 			page 5


 229              		.thumb
 230 0012 08BD     		pop	{r3, pc}
 231              	.LBE24:
 232              		.cfi_endproc
 233              	.LFE9:
 234              		.size	chMsgRelease, .-chMsgRelease
 235 0014 AFF30080 		.text
 235      AFF30080 
 235      AFF30080 
 236              	.Letext0:
 237              		.file 3 "/Users/Andy/eclipse_chibi/gcc-arm-none-eabi-4_8-2014q1/arm-none-eabi/include/machine/_def
 238              		.file 4 "/Users/Andy/eclipse_chibi/gcc-arm-none-eabi-4_8-2014q1/arm-none-eabi/include/stdint.h"
 239              		.file 5 "../../os/ports/GCC/ARMCMx/chtypes.h"
 240              		.file 6 "../../os/kernel/include/chlists.h"
 241              		.file 7 "../../os/kernel/include/chthreads.h"
 242              		.file 8 "../../os/ports/GCC/ARMCMx/chcore_v7m.h"
 243              		.file 9 "../../os/kernel/include/chschd.h"
 244              		.file 10 "../../os/kernel/include/chmtx.h"
 245              		.section	.debug_info,"",%progbits
 246              	.Ldebug_info0:
 247 0000 61060000 		.4byte	0x661
 248 0004 0400     		.2byte	0x4
 249 0006 00000000 		.4byte	.Ldebug_abbrev0
 250 000a 04       		.byte	0x4
 251 000b 01       		.uleb128 0x1
 252 000c 8E010000 		.4byte	.LASF68
 253 0010 01       		.byte	0x1
 254 0011 89030000 		.4byte	.LASF69
 255 0015 A5030000 		.4byte	.LASF70
 256 0019 48000000 		.4byte	.Ldebug_ranges0+0x48
 257 001d 00000000 		.4byte	0
 258 0021 00000000 		.4byte	.Ldebug_line0
 259 0025 02       		.uleb128 0x2
 260 0026 04       		.byte	0x4
 261 0027 05       		.byte	0x5
 262 0028 696E7400 		.ascii	"int\000"
 263 002c 03       		.uleb128 0x3
 264 002d 04       		.byte	0x4
 265 002e 07       		.byte	0x7
 266 002f B7000000 		.4byte	.LASF0
 267 0033 03       		.uleb128 0x3
 268 0034 01       		.byte	0x1
 269 0035 06       		.byte	0x6
 270 0036 59000000 		.4byte	.LASF1
 271 003a 04       		.uleb128 0x4
 272 003b 1A000000 		.4byte	.LASF5
 273 003f 03       		.byte	0x3
 274 0040 1C       		.byte	0x1c
 275 0041 45000000 		.4byte	0x45
 276 0045 03       		.uleb128 0x3
 277 0046 01       		.byte	0x1
 278 0047 08       		.byte	0x8
 279 0048 80010000 		.4byte	.LASF2
 280 004c 03       		.uleb128 0x3
 281 004d 02       		.byte	0x2
 282 004e 05       		.byte	0x5
 283 004f 72020000 		.4byte	.LASF3
ARM GAS  /var/folders/f2/xhg999f973v6h87pc1fwp6lm0000gn/T//ccxMewzx.s 			page 6


 284 0053 03       		.uleb128 0x3
 285 0054 02       		.byte	0x2
 286 0055 07       		.byte	0x7
 287 0056 DE000000 		.4byte	.LASF4
 288 005a 04       		.uleb128 0x4
 289 005b 22030000 		.4byte	.LASF6
 290 005f 03       		.byte	0x3
 291 0060 37       		.byte	0x37
 292 0061 65000000 		.4byte	0x65
 293 0065 03       		.uleb128 0x3
 294 0066 04       		.byte	0x4
 295 0067 05       		.byte	0x5
 296 0068 7F000000 		.4byte	.LASF7
 297 006c 04       		.uleb128 0x4
 298 006d A3000000 		.4byte	.LASF8
 299 0071 03       		.byte	0x3
 300 0072 38       		.byte	0x38
 301 0073 77000000 		.4byte	0x77
 302 0077 03       		.uleb128 0x3
 303 0078 04       		.byte	0x4
 304 0079 07       		.byte	0x7
 305 007a C4000000 		.4byte	.LASF9
 306 007e 03       		.uleb128 0x3
 307 007f 08       		.byte	0x8
 308 0080 05       		.byte	0x5
 309 0081 4B000000 		.4byte	.LASF10
 310 0085 03       		.uleb128 0x3
 311 0086 08       		.byte	0x8
 312 0087 07       		.byte	0x7
 313 0088 24000000 		.4byte	.LASF11
 314 008c 04       		.uleb128 0x4
 315 008d 73030000 		.4byte	.LASF12
 316 0091 04       		.byte	0x4
 317 0092 2A       		.byte	0x2a
 318 0093 3A000000 		.4byte	0x3a
 319 0097 04       		.uleb128 0x4
 320 0098 78010000 		.4byte	.LASF13
 321 009c 04       		.byte	0x4
 322 009d 41       		.byte	0x41
 323 009e 5A000000 		.4byte	0x5a
 324 00a2 04       		.uleb128 0x4
 325 00a3 D8020000 		.4byte	.LASF14
 326 00a7 04       		.byte	0x4
 327 00a8 42       		.byte	0x42
 328 00a9 6C000000 		.4byte	0x6c
 329 00ad 03       		.uleb128 0x3
 330 00ae 01       		.byte	0x1
 331 00af 02       		.byte	0x2
 332 00b0 72010000 		.4byte	.LASF15
 333 00b4 04       		.uleb128 0x4
 334 00b5 FF000000 		.4byte	.LASF16
 335 00b9 05       		.byte	0x5
 336 00ba 2C       		.byte	0x2c
 337 00bb 8C000000 		.4byte	0x8c
 338 00bf 04       		.uleb128 0x4
 339 00c0 92000000 		.4byte	.LASF17
 340 00c4 05       		.byte	0x5
ARM GAS  /var/folders/f2/xhg999f973v6h87pc1fwp6lm0000gn/T//ccxMewzx.s 			page 7


 341 00c5 2D       		.byte	0x2d
 342 00c6 8C000000 		.4byte	0x8c
 343 00ca 04       		.uleb128 0x4
 344 00cb 5B010000 		.4byte	.LASF18
 345 00cf 05       		.byte	0x5
 346 00d0 2E       		.byte	0x2e
 347 00d1 8C000000 		.4byte	0x8c
 348 00d5 04       		.uleb128 0x4
 349 00d6 75000000 		.4byte	.LASF19
 350 00da 05       		.byte	0x5
 351 00db 2F       		.byte	0x2f
 352 00dc 8C000000 		.4byte	0x8c
 353 00e0 04       		.uleb128 0x4
 354 00e1 6A010000 		.4byte	.LASF20
 355 00e5 05       		.byte	0x5
 356 00e6 30       		.byte	0x30
 357 00e7 A2000000 		.4byte	0xa2
 358 00eb 04       		.uleb128 0x4
 359 00ec F1000000 		.4byte	.LASF21
 360 00f0 05       		.byte	0x5
 361 00f1 31       		.byte	0x31
 362 00f2 97000000 		.4byte	0x97
 363 00f6 04       		.uleb128 0x4
 364 00f7 13010000 		.4byte	.LASF22
 365 00fb 05       		.byte	0x5
 366 00fc 33       		.byte	0x33
 367 00fd A2000000 		.4byte	0xa2
 368 0101 04       		.uleb128 0x4
 369 0102 0D030000 		.4byte	.LASF23
 370 0106 05       		.byte	0x5
 371 0107 35       		.byte	0x35
 372 0108 A2000000 		.4byte	0xa2
 373 010c 04       		.uleb128 0x4
 374 010d AB020000 		.4byte	.LASF24
 375 0111 06       		.byte	0x6
 376 0112 2A       		.byte	0x2a
 377 0113 17010000 		.4byte	0x117
 378 0117 05       		.uleb128 0x5
 379 0118 AB020000 		.4byte	.LASF24
 380 011c 48       		.byte	0x48
 381 011d 07       		.byte	0x7
 382 011e 5E       		.byte	0x5e
 383 011f 14020000 		.4byte	0x214
 384 0123 06       		.uleb128 0x6
 385 0124 9C020000 		.4byte	.LASF25
 386 0128 07       		.byte	0x7
 387 0129 5F       		.byte	0x5f
 388 012a 35020000 		.4byte	0x235
 389 012e 00       		.byte	0
 390 012f 06       		.uleb128 0x6
 391 0130 63010000 		.4byte	.LASF26
 392 0134 07       		.byte	0x7
 393 0135 61       		.byte	0x61
 394 0136 35020000 		.4byte	0x235
 395 013a 04       		.byte	0x4
 396 013b 06       		.uleb128 0x6
 397 013c 44000000 		.4byte	.LASF27
ARM GAS  /var/folders/f2/xhg999f973v6h87pc1fwp6lm0000gn/T//ccxMewzx.s 			page 8


 398 0140 07       		.byte	0x7
 399 0141 63       		.byte	0x63
 400 0142 E0000000 		.4byte	0xe0
 401 0146 08       		.byte	0x8
 402 0147 06       		.uleb128 0x6
 403 0148 E0030000 		.4byte	.LASF28
 404 014c 07       		.byte	0x7
 405 014d 64       		.byte	0x64
 406 014e EF020000 		.4byte	0x2ef
 407 0152 0C       		.byte	0xc
 408 0153 06       		.uleb128 0x6
 409 0154 9B000000 		.4byte	.LASF29
 410 0158 07       		.byte	0x7
 411 0159 66       		.byte	0x66
 412 015a 35020000 		.4byte	0x235
 413 015e 10       		.byte	0x10
 414 015f 06       		.uleb128 0x6
 415 0160 2E010000 		.4byte	.LASF30
 416 0164 07       		.byte	0x7
 417 0165 67       		.byte	0x67
 418 0166 35020000 		.4byte	0x235
 419 016a 14       		.byte	0x14
 420 016b 06       		.uleb128 0x6
 421 016c 82030000 		.4byte	.LASF31
 422 0170 07       		.byte	0x7
 423 0171 6E       		.byte	0x6e
 424 0172 EF030000 		.4byte	0x3ef
 425 0176 18       		.byte	0x18
 426 0177 06       		.uleb128 0x6
 427 0178 7C020000 		.4byte	.LASF32
 428 017c 07       		.byte	0x7
 429 017d 79       		.byte	0x79
 430 017e BF000000 		.4byte	0xbf
 431 0182 1C       		.byte	0x1c
 432 0183 06       		.uleb128 0x6
 433 0184 A3020000 		.4byte	.LASF33
 434 0188 07       		.byte	0x7
 435 0189 7D       		.byte	0x7d
 436 018a B4000000 		.4byte	0xb4
 437 018e 1D       		.byte	0x1d
 438 018f 06       		.uleb128 0x6
 439 0190 5C030000 		.4byte	.LASF34
 440 0194 07       		.byte	0x7
 441 0195 82       		.byte	0x82
 442 0196 CA000000 		.4byte	0xca
 443 019a 1E       		.byte	0x1e
 444 019b 06       		.uleb128 0x6
 445 019c 84020000 		.4byte	.LASF35
 446 01a0 07       		.byte	0x7
 447 01a1 88       		.byte	0x88
 448 01a2 D5000000 		.4byte	0xd5
 449 01a6 1F       		.byte	0x1f
 450 01a7 06       		.uleb128 0x6
 451 01a8 2C030000 		.4byte	.LASF36
 452 01ac 07       		.byte	0x7
 453 01ad 8F       		.byte	0x8f
 454 01ae 17030000 		.4byte	0x317
ARM GAS  /var/folders/f2/xhg999f973v6h87pc1fwp6lm0000gn/T//ccxMewzx.s 			page 9


 455 01b2 20       		.byte	0x20
 456 01b3 07       		.uleb128 0x7
 457 01b4 705F7500 		.ascii	"p_u\000"
 458 01b8 07       		.byte	0x7
 459 01b9 B4       		.byte	0xb4
 460 01ba BA030000 		.4byte	0x3ba
 461 01be 24       		.byte	0x24
 462 01bf 06       		.uleb128 0x6
 463 01c0 E6030000 		.4byte	.LASF37
 464 01c4 07       		.byte	0x7
 465 01c5 B9       		.byte	0xb9
 466 01c6 5B020000 		.4byte	0x25b
 467 01ca 28       		.byte	0x28
 468 01cb 06       		.uleb128 0x6
 469 01cc 3A030000 		.4byte	.LASF38
 470 01d0 07       		.byte	0x7
 471 01d1 BF       		.byte	0xbf
 472 01d2 3B020000 		.4byte	0x23b
 473 01d6 2C       		.byte	0x2c
 474 01d7 06       		.uleb128 0x6
 475 01d8 00000000 		.4byte	.LASF39
 476 01dc 07       		.byte	0x7
 477 01dd C3       		.byte	0xc3
 478 01de EB000000 		.4byte	0xeb
 479 01e2 34       		.byte	0x34
 480 01e3 06       		.uleb128 0x6
 481 01e4 CD020000 		.4byte	.LASF40
 482 01e8 07       		.byte	0x7
 483 01e9 C9       		.byte	0xc9
 484 01ea F6000000 		.4byte	0xf6
 485 01ee 38       		.byte	0x38
 486 01ef 06       		.uleb128 0x6
 487 01f0 68020000 		.4byte	.LASF41
 488 01f4 07       		.byte	0x7
 489 01f5 D0       		.byte	0xd0
 490 01f6 01040000 		.4byte	0x401
 491 01fa 3C       		.byte	0x3c
 492 01fb 06       		.uleb128 0x6
 493 01fc 17030000 		.4byte	.LASF42
 494 0200 07       		.byte	0x7
 495 0201 D4       		.byte	0xd4
 496 0202 E0000000 		.4byte	0xe0
 497 0206 40       		.byte	0x40
 498 0207 06       		.uleb128 0x6
 499 0208 65000000 		.4byte	.LASF43
 500 020c 07       		.byte	0x7
 501 020d DA       		.byte	0xda
 502 020e 71020000 		.4byte	0x271
 503 0212 44       		.byte	0x44
 504 0213 00       		.byte	0
 505 0214 08       		.uleb128 0x8
 506 0215 08       		.byte	0x8
 507 0216 06       		.byte	0x6
 508 0217 61       		.byte	0x61
 509 0218 35020000 		.4byte	0x235
 510 021c 06       		.uleb128 0x6
 511 021d 9C020000 		.4byte	.LASF25
ARM GAS  /var/folders/f2/xhg999f973v6h87pc1fwp6lm0000gn/T//ccxMewzx.s 			page 10


 512 0221 06       		.byte	0x6
 513 0222 62       		.byte	0x62
 514 0223 35020000 		.4byte	0x235
 515 0227 00       		.byte	0
 516 0228 06       		.uleb128 0x6
 517 0229 63010000 		.4byte	.LASF26
 518 022d 06       		.byte	0x6
 519 022e 64       		.byte	0x64
 520 022f 35020000 		.4byte	0x235
 521 0233 04       		.byte	0x4
 522 0234 00       		.byte	0
 523 0235 09       		.uleb128 0x9
 524 0236 04       		.byte	0x4
 525 0237 0C010000 		.4byte	0x10c
 526 023b 04       		.uleb128 0x4
 527 023c 3C010000 		.4byte	.LASF44
 528 0240 06       		.byte	0x6
 529 0241 66       		.byte	0x66
 530 0242 14020000 		.4byte	0x214
 531 0246 08       		.uleb128 0x8
 532 0247 04       		.byte	0x4
 533 0248 06       		.byte	0x6
 534 0249 6B       		.byte	0x6b
 535 024a 5B020000 		.4byte	0x25b
 536 024e 06       		.uleb128 0x6
 537 024f 9C020000 		.4byte	.LASF25
 538 0253 06       		.byte	0x6
 539 0254 6D       		.byte	0x6d
 540 0255 35020000 		.4byte	0x235
 541 0259 00       		.byte	0
 542 025a 00       		.byte	0
 543 025b 04       		.uleb128 0x4
 544 025c 07010000 		.4byte	.LASF45
 545 0260 06       		.byte	0x6
 546 0261 70       		.byte	0x70
 547 0262 46020000 		.4byte	0x246
 548 0266 04       		.uleb128 0x4
 549 0267 AE000000 		.4byte	.LASF46
 550 026b 08       		.byte	0x8
 551 026c E5       		.byte	0xe5
 552 026d 71020000 		.4byte	0x271
 553 0271 0A       		.uleb128 0xa
 554 0272 04       		.byte	0x4
 555 0273 0B       		.uleb128 0xb
 556 0274 33030000 		.4byte	.LASF47
 557 0278 24       		.byte	0x24
 558 0279 08       		.byte	0x8
 559 027a 0C01     		.2byte	0x10c
 560 027c EF020000 		.4byte	0x2ef
 561 0280 0C       		.uleb128 0xc
 562 0281 723400   		.ascii	"r4\000"
 563 0284 08       		.byte	0x8
 564 0285 1F01     		.2byte	0x11f
 565 0287 66020000 		.4byte	0x266
 566 028b 00       		.byte	0
 567 028c 0C       		.uleb128 0xc
 568 028d 723500   		.ascii	"r5\000"
ARM GAS  /var/folders/f2/xhg999f973v6h87pc1fwp6lm0000gn/T//ccxMewzx.s 			page 11


 569 0290 08       		.byte	0x8
 570 0291 2001     		.2byte	0x120
 571 0293 66020000 		.4byte	0x266
 572 0297 04       		.byte	0x4
 573 0298 0C       		.uleb128 0xc
 574 0299 723600   		.ascii	"r6\000"
 575 029c 08       		.byte	0x8
 576 029d 2101     		.2byte	0x121
 577 029f 66020000 		.4byte	0x266
 578 02a3 08       		.byte	0x8
 579 02a4 0C       		.uleb128 0xc
 580 02a5 723700   		.ascii	"r7\000"
 581 02a8 08       		.byte	0x8
 582 02a9 2201     		.2byte	0x122
 583 02ab 66020000 		.4byte	0x266
 584 02af 0C       		.byte	0xc
 585 02b0 0C       		.uleb128 0xc
 586 02b1 723800   		.ascii	"r8\000"
 587 02b4 08       		.byte	0x8
 588 02b5 2301     		.2byte	0x123
 589 02b7 66020000 		.4byte	0x266
 590 02bb 10       		.byte	0x10
 591 02bc 0C       		.uleb128 0xc
 592 02bd 723900   		.ascii	"r9\000"
 593 02c0 08       		.byte	0x8
 594 02c1 2401     		.2byte	0x124
 595 02c3 66020000 		.4byte	0x266
 596 02c7 14       		.byte	0x14
 597 02c8 0C       		.uleb128 0xc
 598 02c9 72313000 		.ascii	"r10\000"
 599 02cd 08       		.byte	0x8
 600 02ce 2501     		.2byte	0x125
 601 02d0 66020000 		.4byte	0x266
 602 02d4 18       		.byte	0x18
 603 02d5 0C       		.uleb128 0xc
 604 02d6 72313100 		.ascii	"r11\000"
 605 02da 08       		.byte	0x8
 606 02db 2601     		.2byte	0x126
 607 02dd 66020000 		.4byte	0x266
 608 02e1 1C       		.byte	0x1c
 609 02e2 0C       		.uleb128 0xc
 610 02e3 6C7200   		.ascii	"lr\000"
 611 02e6 08       		.byte	0x8
 612 02e7 2701     		.2byte	0x127
 613 02e9 66020000 		.4byte	0x266
 614 02ed 20       		.byte	0x20
 615 02ee 00       		.byte	0
 616 02ef 0B       		.uleb128 0xb
 617 02f0 D6000000 		.4byte	.LASF48
 618 02f4 04       		.byte	0x4
 619 02f5 08       		.byte	0x8
 620 02f6 3101     		.2byte	0x131
 621 02f8 0A030000 		.4byte	0x30a
 622 02fc 0C       		.uleb128 0xc
 623 02fd 72313300 		.ascii	"r13\000"
 624 0301 08       		.byte	0x8
 625 0302 3201     		.2byte	0x132
ARM GAS  /var/folders/f2/xhg999f973v6h87pc1fwp6lm0000gn/T//ccxMewzx.s 			page 12


 626 0304 0A030000 		.4byte	0x30a
 627 0308 00       		.byte	0
 628 0309 00       		.byte	0
 629 030a 09       		.uleb128 0x9
 630 030b 04       		.byte	0x4
 631 030c 73020000 		.4byte	0x273
 632 0310 03       		.uleb128 0x3
 633 0311 04       		.byte	0x4
 634 0312 07       		.byte	0x7
 635 0313 25010000 		.4byte	.LASF49
 636 0317 0D       		.uleb128 0xd
 637 0318 01010000 		.4byte	0x101
 638 031c 08       		.uleb128 0x8
 639 031d 1C       		.byte	0x1c
 640 031e 09       		.byte	0x9
 641 031f 5E       		.byte	0x5e
 642 0320 6D030000 		.4byte	0x36d
 643 0324 06       		.uleb128 0x6
 644 0325 E1020000 		.4byte	.LASF50
 645 0329 09       		.byte	0x9
 646 032a 5F       		.byte	0x5f
 647 032b 3B020000 		.4byte	0x23b
 648 032f 00       		.byte	0
 649 0330 06       		.uleb128 0x6
 650 0331 8E020000 		.4byte	.LASF51
 651 0335 09       		.byte	0x9
 652 0336 60       		.byte	0x60
 653 0337 E0000000 		.4byte	0xe0
 654 033b 08       		.byte	0x8
 655 033c 06       		.uleb128 0x6
 656 033d 36010000 		.4byte	.LASF52
 657 0341 09       		.byte	0x9
 658 0342 62       		.byte	0x62
 659 0343 EF020000 		.4byte	0x2ef
 660 0347 0C       		.byte	0xc
 661 0348 06       		.uleb128 0x6
 662 0349 F7000000 		.4byte	.LASF53
 663 034d 09       		.byte	0x9
 664 034e 65       		.byte	0x65
 665 034f 35020000 		.4byte	0x235
 666 0353 10       		.byte	0x10
 667 0354 06       		.uleb128 0x6
 668 0355 53010000 		.4byte	.LASF54
 669 0359 09       		.byte	0x9
 670 035a 66       		.byte	0x66
 671 035b 35020000 		.4byte	0x235
 672 035f 14       		.byte	0x14
 673 0360 06       		.uleb128 0x6
 674 0361 49010000 		.4byte	.LASF55
 675 0365 09       		.byte	0x9
 676 0366 69       		.byte	0x69
 677 0367 35020000 		.4byte	0x235
 678 036b 18       		.byte	0x18
 679 036c 00       		.byte	0
 680 036d 04       		.uleb128 0x4
 681 036e 63030000 		.4byte	.LASF56
 682 0372 09       		.byte	0x9
ARM GAS  /var/folders/f2/xhg999f973v6h87pc1fwp6lm0000gn/T//ccxMewzx.s 			page 13


 683 0373 6B       		.byte	0x6b
 684 0374 1C030000 		.4byte	0x31c
 685 0378 05       		.uleb128 0x5
 686 0379 1F010000 		.4byte	.LASF57
 687 037d 10       		.byte	0x10
 688 037e 0A       		.byte	0xa
 689 037f 2C       		.byte	0x2c
 690 0380 A9030000 		.4byte	0x3a9
 691 0384 06       		.uleb128 0x6
 692 0385 6D000000 		.4byte	.LASF58
 693 0389 0A       		.byte	0xa
 694 038a 2D       		.byte	0x2d
 695 038b 3B020000 		.4byte	0x23b
 696 038f 00       		.byte	0
 697 0390 06       		.uleb128 0x6
 698 0391 D8030000 		.4byte	.LASF59
 699 0395 0A       		.byte	0xa
 700 0396 2F       		.byte	0x2f
 701 0397 35020000 		.4byte	0x235
 702 039b 08       		.byte	0x8
 703 039c 06       		.uleb128 0x6
 704 039d 06030000 		.4byte	.LASF60
 705 03a1 0A       		.byte	0xa
 706 03a2 31       		.byte	0x31
 707 03a3 A9030000 		.4byte	0x3a9
 708 03a7 0C       		.byte	0xc
 709 03a8 00       		.byte	0
 710 03a9 09       		.uleb128 0x9
 711 03aa 04       		.byte	0x4
 712 03ab 78030000 		.4byte	0x378
 713 03af 04       		.uleb128 0x4
 714 03b0 1F010000 		.4byte	.LASF57
 715 03b4 0A       		.byte	0xa
 716 03b5 33       		.byte	0x33
 717 03b6 78030000 		.4byte	0x378
 718 03ba 0E       		.uleb128 0xe
 719 03bb 04       		.byte	0x4
 720 03bc 07       		.byte	0x7
 721 03bd 96       		.byte	0x96
 722 03be EF030000 		.4byte	0x3ef
 723 03c2 0F       		.uleb128 0xf
 724 03c3 13000000 		.4byte	.LASF61
 725 03c7 07       		.byte	0x7
 726 03c8 9D       		.byte	0x9d
 727 03c9 EB000000 		.4byte	0xeb
 728 03cd 0F       		.uleb128 0xf
 729 03ce 3B000000 		.4byte	.LASF62
 730 03d2 07       		.byte	0x7
 731 03d3 A4       		.byte	0xa4
 732 03d4 EB000000 		.4byte	0xeb
 733 03d8 0F       		.uleb128 0xf
 734 03d9 7B030000 		.4byte	.LASF63
 735 03dd 07       		.byte	0x7
 736 03de AB       		.byte	0xab
 737 03df 71020000 		.4byte	0x271
 738 03e3 0F       		.uleb128 0xf
 739 03e4 95020000 		.4byte	.LASF64
ARM GAS  /var/folders/f2/xhg999f973v6h87pc1fwp6lm0000gn/T//ccxMewzx.s 			page 14


 740 03e8 07       		.byte	0x7
 741 03e9 B2       		.byte	0xb2
 742 03ea F6000000 		.4byte	0xf6
 743 03ee 00       		.byte	0
 744 03ef 09       		.uleb128 0x9
 745 03f0 04       		.byte	0x4
 746 03f1 F5030000 		.4byte	0x3f5
 747 03f5 10       		.uleb128 0x10
 748 03f6 FA030000 		.4byte	0x3fa
 749 03fa 03       		.uleb128 0x3
 750 03fb 01       		.byte	0x1
 751 03fc 08       		.byte	0x8
 752 03fd F5020000 		.4byte	.LASF65
 753 0401 09       		.uleb128 0x9
 754 0402 04       		.byte	0x4
 755 0403 AF030000 		.4byte	0x3af
 756 0407 11       		.uleb128 0x11
 757 0408 06000000 		.4byte	.LASF71
 758 040c 02       		.byte	0x2
 759 040d 34       		.byte	0x34
 760 040e 03       		.byte	0x3
 761 040f 29040000 		.4byte	0x429
 762 0413 12       		.uleb128 0x12
 763 0414 747000   		.ascii	"tp\000"
 764 0417 02       		.byte	0x2
 765 0418 34       		.byte	0x34
 766 0419 35020000 		.4byte	0x235
 767 041d 12       		.uleb128 0x12
 768 041e 74717000 		.ascii	"tqp\000"
 769 0422 02       		.byte	0x2
 770 0423 34       		.byte	0x34
 771 0424 29040000 		.4byte	0x429
 772 0428 00       		.byte	0
 773 0429 09       		.uleb128 0x9
 774 042a 04       		.byte	0x4
 775 042b 3B020000 		.4byte	0x23b
 776 042f 13       		.uleb128 0x13
 777 0430 FA020000 		.4byte	.LASF72
 778 0434 02       		.byte	0x2
 779 0435 3B       		.byte	0x3b
 780 0436 35020000 		.4byte	0x235
 781 043a 03       		.byte	0x3
 782 043b 55040000 		.4byte	0x455
 783 043f 12       		.uleb128 0x12
 784 0440 74717000 		.ascii	"tqp\000"
 785 0444 02       		.byte	0x2
 786 0445 3B       		.byte	0x3b
 787 0446 29040000 		.4byte	0x429
 788 044a 14       		.uleb128 0x14
 789 044b 747000   		.ascii	"tp\000"
 790 044e 02       		.byte	0x2
 791 044f 3C       		.byte	0x3c
 792 0450 35020000 		.4byte	0x235
 793 0454 00       		.byte	0
 794 0455 15       		.uleb128 0x15
 795 0456 88000000 		.4byte	.LASF66
 796 045a 01       		.byte	0x1
ARM GAS  /var/folders/f2/xhg999f973v6h87pc1fwp6lm0000gn/T//ccxMewzx.s 			page 15


 797 045b 4B       		.byte	0x4b
 798 045c EB000000 		.4byte	0xeb
 799 0460 00000000 		.4byte	.LFB7
 800 0464 40000000 		.4byte	.LFE7-.LFB7
 801 0468 01       		.uleb128 0x1
 802 0469 9C       		.byte	0x9c
 803 046a 0F050000 		.4byte	0x50f
 804 046e 16       		.uleb128 0x16
 805 046f 747000   		.ascii	"tp\000"
 806 0472 01       		.byte	0x1
 807 0473 4B       		.byte	0x4b
 808 0474 35020000 		.4byte	0x235
 809 0478 00000000 		.4byte	.LLST0
 810 047c 16       		.uleb128 0x16
 811 047d 6D736700 		.ascii	"msg\000"
 812 0481 01       		.byte	0x1
 813 0482 4B       		.byte	0x4b
 814 0483 EB000000 		.4byte	0xeb
 815 0487 3A000000 		.4byte	.LLST1
 816 048b 17       		.uleb128 0x17
 817 048c 63747000 		.ascii	"ctp\000"
 818 0490 01       		.byte	0x1
 819 0491 4C       		.byte	0x4c
 820 0492 35020000 		.4byte	0x235
 821 0496 01       		.uleb128 0x1
 822 0497 54       		.byte	0x54
 823 0498 18       		.uleb128 0x18
 824 0499 06000000 		.4byte	.LBB10
 825 049d 06000000 		.4byte	.LBE10-.LBB10
 826 04a1 B3040000 		.4byte	0x4b3
 827 04a5 17       		.uleb128 0x17
 828 04a6 746D7000 		.ascii	"tmp\000"
 829 04aa 01       		.byte	0x1
 830 04ab 50       		.byte	0x50
 831 04ac A2000000 		.4byte	0xa2
 832 04b0 01       		.uleb128 0x1
 833 04b1 53       		.byte	0x53
 834 04b2 00       		.byte	0
 835 04b3 19       		.uleb128 0x19
 836 04b4 07040000 		.4byte	0x407
 837 04b8 14000000 		.4byte	.LBB11
 838 04bc 00000000 		.4byte	.Ldebug_ranges0+0
 839 04c0 01       		.byte	0x1
 840 04c1 53       		.byte	0x53
 841 04c2 D7040000 		.4byte	0x4d7
 842 04c6 1A       		.uleb128 0x1a
 843 04c7 1D040000 		.4byte	0x41d
 844 04cb 7F000000 		.4byte	.LLST2
 845 04cf 1B       		.uleb128 0x1b
 846 04d0 13040000 		.4byte	0x413
 847 04d4 01       		.uleb128 0x1
 848 04d5 54       		.byte	0x54
 849 04d6 00       		.byte	0
 850 04d7 18       		.uleb128 0x18
 851 04d8 2C000000 		.4byte	.LBB15
 852 04dc 06000000 		.4byte	.LBE15-.LBB15
 853 04e0 F2040000 		.4byte	0x4f2
ARM GAS  /var/folders/f2/xhg999f973v6h87pc1fwp6lm0000gn/T//ccxMewzx.s 			page 16


 854 04e4 17       		.uleb128 0x17
 855 04e5 746D7000 		.ascii	"tmp\000"
 856 04e9 01       		.byte	0x1
 857 04ea 58       		.byte	0x58
 858 04eb A2000000 		.4byte	0xa2
 859 04ef 01       		.uleb128 0x1
 860 04f0 53       		.byte	0x53
 861 04f1 00       		.byte	0
 862 04f2 1C       		.uleb128 0x1c
 863 04f3 2A000000 		.4byte	.LVL4
 864 04f7 2C060000 		.4byte	0x62c
 865 04fb 05050000 		.4byte	0x505
 866 04ff 1D       		.uleb128 0x1d
 867 0500 01       		.uleb128 0x1
 868 0501 50       		.byte	0x50
 869 0502 01       		.uleb128 0x1
 870 0503 3A       		.byte	0x3a
 871 0504 00       		.byte	0
 872 0505 1E       		.uleb128 0x1e
 873 0506 38000000 		.4byte	.LVL7
 874 050a 3D060000 		.4byte	0x63d
 875 050e 00       		.byte	0
 876 050f 15       		.uleb128 0x15
 877 0510 52030000 		.4byte	.LASF67
 878 0514 01       		.byte	0x1
 879 0515 6A       		.byte	0x6a
 880 0516 35020000 		.4byte	0x235
 881 051a 00000000 		.4byte	.LFB8
 882 051e 3C000000 		.4byte	.LFE8-.LFB8
 883 0522 01       		.uleb128 0x1
 884 0523 9C       		.byte	0x9c
 885 0524 A0050000 		.4byte	0x5a0
 886 0528 14       		.uleb128 0x14
 887 0529 747000   		.ascii	"tp\000"
 888 052c 01       		.byte	0x1
 889 052d 6B       		.byte	0x6b
 890 052e 35020000 		.4byte	0x235
 891 0532 18       		.uleb128 0x18
 892 0533 02000000 		.4byte	.LBB16
 893 0537 06000000 		.4byte	.LBE16-.LBB16
 894 053b 4D050000 		.4byte	0x54d
 895 053f 17       		.uleb128 0x17
 896 0540 746D7000 		.ascii	"tmp\000"
 897 0544 01       		.byte	0x1
 898 0545 6D       		.byte	0x6d
 899 0546 A2000000 		.4byte	0xa2
 900 054a 01       		.uleb128 0x1
 901 054b 53       		.byte	0x53
 902 054c 00       		.byte	0
 903 054d 19       		.uleb128 0x19
 904 054e 2F040000 		.4byte	0x42f
 905 0552 16000000 		.4byte	.LBB17
 906 0556 18000000 		.4byte	.Ldebug_ranges0+0x18
 907 055a 01       		.byte	0x1
 908 055b 70       		.byte	0x70
 909 055c 79050000 		.4byte	0x579
 910 0560 1A       		.uleb128 0x1a
ARM GAS  /var/folders/f2/xhg999f973v6h87pc1fwp6lm0000gn/T//ccxMewzx.s 			page 17


 911 0561 3F040000 		.4byte	0x43f
 912 0565 BD000000 		.4byte	.LLST3
 913 0569 1F       		.uleb128 0x1f
 914 056a 18000000 		.4byte	.Ldebug_ranges0+0x18
 915 056e 20       		.uleb128 0x20
 916 056f 4A040000 		.4byte	0x44a
 917 0573 DC000000 		.4byte	.LLST4
 918 0577 00       		.byte	0
 919 0578 00       		.byte	0
 920 0579 21       		.uleb128 0x21
 921 057a 30000000 		.4byte	.Ldebug_ranges0+0x30
 922 057e 90050000 		.4byte	0x590
 923 0582 17       		.uleb128 0x17
 924 0583 746D7000 		.ascii	"tmp\000"
 925 0587 01       		.byte	0x1
 926 0588 72       		.byte	0x72
 927 0589 A2000000 		.4byte	0xa2
 928 058d 01       		.uleb128 0x1
 929 058e 53       		.byte	0x53
 930 058f 00       		.byte	0
 931 0590 22       		.uleb128 0x22
 932 0591 2E000000 		.4byte	.LVL11
 933 0595 2C060000 		.4byte	0x62c
 934 0599 1D       		.uleb128 0x1d
 935 059a 01       		.uleb128 0x1
 936 059b 50       		.byte	0x50
 937 059c 01       		.uleb128 0x1
 938 059d 3C       		.byte	0x3c
 939 059e 00       		.byte	0
 940 059f 00       		.byte	0
 941 05a0 23       		.uleb128 0x23
 942 05a1 B2020000 		.4byte	.LASF73
 943 05a5 01       		.byte	0x1
 944 05a6 80       		.byte	0x80
 945 05a7 00000000 		.4byte	.LFB9
 946 05ab 14000000 		.4byte	.LFE9-.LFB9
 947 05af 01       		.uleb128 0x1
 948 05b0 9C       		.byte	0x9c
 949 05b1 21060000 		.4byte	0x621
 950 05b5 16       		.uleb128 0x16
 951 05b6 747000   		.ascii	"tp\000"
 952 05b9 01       		.byte	0x1
 953 05ba 80       		.byte	0x80
 954 05bb 35020000 		.4byte	0x235
 955 05bf EF000000 		.4byte	.LLST5
 956 05c3 16       		.uleb128 0x16
 957 05c4 6D736700 		.ascii	"msg\000"
 958 05c8 01       		.byte	0x1
 959 05c9 80       		.byte	0x80
 960 05ca EB000000 		.4byte	0xeb
 961 05ce 10010000 		.4byte	.LLST6
 962 05d2 18       		.uleb128 0x18
 963 05d3 02000000 		.4byte	.LBB23
 964 05d7 06000000 		.4byte	.LBE23-.LBB23
 965 05db ED050000 		.4byte	0x5ed
 966 05df 17       		.uleb128 0x17
 967 05e0 746D7000 		.ascii	"tmp\000"
ARM GAS  /var/folders/f2/xhg999f973v6h87pc1fwp6lm0000gn/T//ccxMewzx.s 			page 18


 968 05e4 01       		.byte	0x1
 969 05e5 82       		.byte	0x82
 970 05e6 A2000000 		.4byte	0xa2
 971 05ea 01       		.uleb128 0x1
 972 05eb 53       		.byte	0x53
 973 05ec 00       		.byte	0
 974 05ed 18       		.uleb128 0x18
 975 05ee 0C000000 		.4byte	.LBB24
 976 05f2 08000000 		.4byte	.LBE24-.LBB24
 977 05f6 08060000 		.4byte	0x608
 978 05fa 17       		.uleb128 0x17
 979 05fb 746D7000 		.ascii	"tmp\000"
 980 05ff 01       		.byte	0x1
 981 0600 86       		.byte	0x86
 982 0601 A2000000 		.4byte	0xa2
 983 0605 01       		.uleb128 0x1
 984 0606 53       		.byte	0x53
 985 0607 00       		.byte	0
 986 0608 22       		.uleb128 0x22
 987 0609 0C000000 		.4byte	.LVL13
 988 060d 52060000 		.4byte	0x652
 989 0611 1D       		.uleb128 0x1d
 990 0612 01       		.uleb128 0x1
 991 0613 51       		.byte	0x51
 992 0614 03       		.uleb128 0x3
 993 0615 F3       		.byte	0xf3
 994 0616 01       		.uleb128 0x1
 995 0617 51       		.byte	0x51
 996 0618 1D       		.uleb128 0x1d
 997 0619 01       		.uleb128 0x1
 998 061a 50       		.byte	0x50
 999 061b 03       		.uleb128 0x3
 1000 061c F3       		.byte	0xf3
 1001 061d 01       		.uleb128 0x1
 1002 061e 50       		.byte	0x50
 1003 061f 00       		.byte	0
 1004 0620 00       		.byte	0
 1005 0621 24       		.uleb128 0x24
 1006 0622 6D030000 		.4byte	.LASF74
 1007 0626 09       		.byte	0x9
 1008 0627 6F       		.byte	0x6f
 1009 0628 6D030000 		.4byte	0x36d
 1010 062c 25       		.uleb128 0x25
 1011 062d BF020000 		.4byte	.LASF75
 1012 0631 09       		.byte	0x9
 1013 0632 93       		.byte	0x93
 1014 0633 3D060000 		.4byte	0x63d
 1015 0637 26       		.uleb128 0x26
 1016 0638 BF000000 		.4byte	0xbf
 1017 063c 00       		.byte	0
 1018 063d 27       		.uleb128 0x27
 1019 063e E9020000 		.4byte	.LASF76
 1020 0642 09       		.byte	0x9
 1021 0643 90       		.byte	0x90
 1022 0644 35020000 		.4byte	0x235
 1023 0648 52060000 		.4byte	0x652
 1024 064c 26       		.uleb128 0x26
ARM GAS  /var/folders/f2/xhg999f973v6h87pc1fwp6lm0000gn/T//ccxMewzx.s 			page 19


 1025 064d 35020000 		.4byte	0x235
 1026 0651 00       		.byte	0
 1027 0652 28       		.uleb128 0x28
 1028 0653 45030000 		.4byte	.LASF77
 1029 0657 09       		.byte	0x9
 1030 0658 99       		.byte	0x99
 1031 0659 26       		.uleb128 0x26
 1032 065a 35020000 		.4byte	0x235
 1033 065e 26       		.uleb128 0x26
 1034 065f EB000000 		.4byte	0xeb
 1035 0663 00       		.byte	0
 1036 0664 00       		.byte	0
 1037              		.section	.debug_abbrev,"",%progbits
 1038              	.Ldebug_abbrev0:
 1039 0000 01       		.uleb128 0x1
 1040 0001 11       		.uleb128 0x11
 1041 0002 01       		.byte	0x1
 1042 0003 25       		.uleb128 0x25
 1043 0004 0E       		.uleb128 0xe
 1044 0005 13       		.uleb128 0x13
 1045 0006 0B       		.uleb128 0xb
 1046 0007 03       		.uleb128 0x3
 1047 0008 0E       		.uleb128 0xe
 1048 0009 1B       		.uleb128 0x1b
 1049 000a 0E       		.uleb128 0xe
 1050 000b 55       		.uleb128 0x55
 1051 000c 17       		.uleb128 0x17
 1052 000d 11       		.uleb128 0x11
 1053 000e 01       		.uleb128 0x1
 1054 000f 10       		.uleb128 0x10
 1055 0010 17       		.uleb128 0x17
 1056 0011 00       		.byte	0
 1057 0012 00       		.byte	0
 1058 0013 02       		.uleb128 0x2
 1059 0014 24       		.uleb128 0x24
 1060 0015 00       		.byte	0
 1061 0016 0B       		.uleb128 0xb
 1062 0017 0B       		.uleb128 0xb
 1063 0018 3E       		.uleb128 0x3e
 1064 0019 0B       		.uleb128 0xb
 1065 001a 03       		.uleb128 0x3
 1066 001b 08       		.uleb128 0x8
 1067 001c 00       		.byte	0
 1068 001d 00       		.byte	0
 1069 001e 03       		.uleb128 0x3
 1070 001f 24       		.uleb128 0x24
 1071 0020 00       		.byte	0
 1072 0021 0B       		.uleb128 0xb
 1073 0022 0B       		.uleb128 0xb
 1074 0023 3E       		.uleb128 0x3e
 1075 0024 0B       		.uleb128 0xb
 1076 0025 03       		.uleb128 0x3
 1077 0026 0E       		.uleb128 0xe
 1078 0027 00       		.byte	0
 1079 0028 00       		.byte	0
 1080 0029 04       		.uleb128 0x4
 1081 002a 16       		.uleb128 0x16
ARM GAS  /var/folders/f2/xhg999f973v6h87pc1fwp6lm0000gn/T//ccxMewzx.s 			page 20


 1082 002b 00       		.byte	0
 1083 002c 03       		.uleb128 0x3
 1084 002d 0E       		.uleb128 0xe
 1085 002e 3A       		.uleb128 0x3a
 1086 002f 0B       		.uleb128 0xb
 1087 0030 3B       		.uleb128 0x3b
 1088 0031 0B       		.uleb128 0xb
 1089 0032 49       		.uleb128 0x49
 1090 0033 13       		.uleb128 0x13
 1091 0034 00       		.byte	0
 1092 0035 00       		.byte	0
 1093 0036 05       		.uleb128 0x5
 1094 0037 13       		.uleb128 0x13
 1095 0038 01       		.byte	0x1
 1096 0039 03       		.uleb128 0x3
 1097 003a 0E       		.uleb128 0xe
 1098 003b 0B       		.uleb128 0xb
 1099 003c 0B       		.uleb128 0xb
 1100 003d 3A       		.uleb128 0x3a
 1101 003e 0B       		.uleb128 0xb
 1102 003f 3B       		.uleb128 0x3b
 1103 0040 0B       		.uleb128 0xb
 1104 0041 01       		.uleb128 0x1
 1105 0042 13       		.uleb128 0x13
 1106 0043 00       		.byte	0
 1107 0044 00       		.byte	0
 1108 0045 06       		.uleb128 0x6
 1109 0046 0D       		.uleb128 0xd
 1110 0047 00       		.byte	0
 1111 0048 03       		.uleb128 0x3
 1112 0049 0E       		.uleb128 0xe
 1113 004a 3A       		.uleb128 0x3a
 1114 004b 0B       		.uleb128 0xb
 1115 004c 3B       		.uleb128 0x3b
 1116 004d 0B       		.uleb128 0xb
 1117 004e 49       		.uleb128 0x49
 1118 004f 13       		.uleb128 0x13
 1119 0050 38       		.uleb128 0x38
 1120 0051 0B       		.uleb128 0xb
 1121 0052 00       		.byte	0
 1122 0053 00       		.byte	0
 1123 0054 07       		.uleb128 0x7
 1124 0055 0D       		.uleb128 0xd
 1125 0056 00       		.byte	0
 1126 0057 03       		.uleb128 0x3
 1127 0058 08       		.uleb128 0x8
 1128 0059 3A       		.uleb128 0x3a
 1129 005a 0B       		.uleb128 0xb
 1130 005b 3B       		.uleb128 0x3b
 1131 005c 0B       		.uleb128 0xb
 1132 005d 49       		.uleb128 0x49
 1133 005e 13       		.uleb128 0x13
 1134 005f 38       		.uleb128 0x38
 1135 0060 0B       		.uleb128 0xb
 1136 0061 00       		.byte	0
 1137 0062 00       		.byte	0
 1138 0063 08       		.uleb128 0x8
ARM GAS  /var/folders/f2/xhg999f973v6h87pc1fwp6lm0000gn/T//ccxMewzx.s 			page 21


 1139 0064 13       		.uleb128 0x13
 1140 0065 01       		.byte	0x1
 1141 0066 0B       		.uleb128 0xb
 1142 0067 0B       		.uleb128 0xb
 1143 0068 3A       		.uleb128 0x3a
 1144 0069 0B       		.uleb128 0xb
 1145 006a 3B       		.uleb128 0x3b
 1146 006b 0B       		.uleb128 0xb
 1147 006c 01       		.uleb128 0x1
 1148 006d 13       		.uleb128 0x13
 1149 006e 00       		.byte	0
 1150 006f 00       		.byte	0
 1151 0070 09       		.uleb128 0x9
 1152 0071 0F       		.uleb128 0xf
 1153 0072 00       		.byte	0
 1154 0073 0B       		.uleb128 0xb
 1155 0074 0B       		.uleb128 0xb
 1156 0075 49       		.uleb128 0x49
 1157 0076 13       		.uleb128 0x13
 1158 0077 00       		.byte	0
 1159 0078 00       		.byte	0
 1160 0079 0A       		.uleb128 0xa
 1161 007a 0F       		.uleb128 0xf
 1162 007b 00       		.byte	0
 1163 007c 0B       		.uleb128 0xb
 1164 007d 0B       		.uleb128 0xb
 1165 007e 00       		.byte	0
 1166 007f 00       		.byte	0
 1167 0080 0B       		.uleb128 0xb
 1168 0081 13       		.uleb128 0x13
 1169 0082 01       		.byte	0x1
 1170 0083 03       		.uleb128 0x3
 1171 0084 0E       		.uleb128 0xe
 1172 0085 0B       		.uleb128 0xb
 1173 0086 0B       		.uleb128 0xb
 1174 0087 3A       		.uleb128 0x3a
 1175 0088 0B       		.uleb128 0xb
 1176 0089 3B       		.uleb128 0x3b
 1177 008a 05       		.uleb128 0x5
 1178 008b 01       		.uleb128 0x1
 1179 008c 13       		.uleb128 0x13
 1180 008d 00       		.byte	0
 1181 008e 00       		.byte	0
 1182 008f 0C       		.uleb128 0xc
 1183 0090 0D       		.uleb128 0xd
 1184 0091 00       		.byte	0
 1185 0092 03       		.uleb128 0x3
 1186 0093 08       		.uleb128 0x8
 1187 0094 3A       		.uleb128 0x3a
 1188 0095 0B       		.uleb128 0xb
 1189 0096 3B       		.uleb128 0x3b
 1190 0097 05       		.uleb128 0x5
 1191 0098 49       		.uleb128 0x49
 1192 0099 13       		.uleb128 0x13
 1193 009a 38       		.uleb128 0x38
 1194 009b 0B       		.uleb128 0xb
 1195 009c 00       		.byte	0
ARM GAS  /var/folders/f2/xhg999f973v6h87pc1fwp6lm0000gn/T//ccxMewzx.s 			page 22


 1196 009d 00       		.byte	0
 1197 009e 0D       		.uleb128 0xd
 1198 009f 35       		.uleb128 0x35
 1199 00a0 00       		.byte	0
 1200 00a1 49       		.uleb128 0x49
 1201 00a2 13       		.uleb128 0x13
 1202 00a3 00       		.byte	0
 1203 00a4 00       		.byte	0
 1204 00a5 0E       		.uleb128 0xe
 1205 00a6 17       		.uleb128 0x17
 1206 00a7 01       		.byte	0x1
 1207 00a8 0B       		.uleb128 0xb
 1208 00a9 0B       		.uleb128 0xb
 1209 00aa 3A       		.uleb128 0x3a
 1210 00ab 0B       		.uleb128 0xb
 1211 00ac 3B       		.uleb128 0x3b
 1212 00ad 0B       		.uleb128 0xb
 1213 00ae 01       		.uleb128 0x1
 1214 00af 13       		.uleb128 0x13
 1215 00b0 00       		.byte	0
 1216 00b1 00       		.byte	0
 1217 00b2 0F       		.uleb128 0xf
 1218 00b3 0D       		.uleb128 0xd
 1219 00b4 00       		.byte	0
 1220 00b5 03       		.uleb128 0x3
 1221 00b6 0E       		.uleb128 0xe
 1222 00b7 3A       		.uleb128 0x3a
 1223 00b8 0B       		.uleb128 0xb
 1224 00b9 3B       		.uleb128 0x3b
 1225 00ba 0B       		.uleb128 0xb
 1226 00bb 49       		.uleb128 0x49
 1227 00bc 13       		.uleb128 0x13
 1228 00bd 00       		.byte	0
 1229 00be 00       		.byte	0
 1230 00bf 10       		.uleb128 0x10
 1231 00c0 26       		.uleb128 0x26
 1232 00c1 00       		.byte	0
 1233 00c2 49       		.uleb128 0x49
 1234 00c3 13       		.uleb128 0x13
 1235 00c4 00       		.byte	0
 1236 00c5 00       		.byte	0
 1237 00c6 11       		.uleb128 0x11
 1238 00c7 2E       		.uleb128 0x2e
 1239 00c8 01       		.byte	0x1
 1240 00c9 03       		.uleb128 0x3
 1241 00ca 0E       		.uleb128 0xe
 1242 00cb 3A       		.uleb128 0x3a
 1243 00cc 0B       		.uleb128 0xb
 1244 00cd 3B       		.uleb128 0x3b
 1245 00ce 0B       		.uleb128 0xb
 1246 00cf 27       		.uleb128 0x27
 1247 00d0 19       		.uleb128 0x19
 1248 00d1 20       		.uleb128 0x20
 1249 00d2 0B       		.uleb128 0xb
 1250 00d3 01       		.uleb128 0x1
 1251 00d4 13       		.uleb128 0x13
 1252 00d5 00       		.byte	0
ARM GAS  /var/folders/f2/xhg999f973v6h87pc1fwp6lm0000gn/T//ccxMewzx.s 			page 23


 1253 00d6 00       		.byte	0
 1254 00d7 12       		.uleb128 0x12
 1255 00d8 05       		.uleb128 0x5
 1256 00d9 00       		.byte	0
 1257 00da 03       		.uleb128 0x3
 1258 00db 08       		.uleb128 0x8
 1259 00dc 3A       		.uleb128 0x3a
 1260 00dd 0B       		.uleb128 0xb
 1261 00de 3B       		.uleb128 0x3b
 1262 00df 0B       		.uleb128 0xb
 1263 00e0 49       		.uleb128 0x49
 1264 00e1 13       		.uleb128 0x13
 1265 00e2 00       		.byte	0
 1266 00e3 00       		.byte	0
 1267 00e4 13       		.uleb128 0x13
 1268 00e5 2E       		.uleb128 0x2e
 1269 00e6 01       		.byte	0x1
 1270 00e7 03       		.uleb128 0x3
 1271 00e8 0E       		.uleb128 0xe
 1272 00e9 3A       		.uleb128 0x3a
 1273 00ea 0B       		.uleb128 0xb
 1274 00eb 3B       		.uleb128 0x3b
 1275 00ec 0B       		.uleb128 0xb
 1276 00ed 27       		.uleb128 0x27
 1277 00ee 19       		.uleb128 0x19
 1278 00ef 49       		.uleb128 0x49
 1279 00f0 13       		.uleb128 0x13
 1280 00f1 20       		.uleb128 0x20
 1281 00f2 0B       		.uleb128 0xb
 1282 00f3 01       		.uleb128 0x1
 1283 00f4 13       		.uleb128 0x13
 1284 00f5 00       		.byte	0
 1285 00f6 00       		.byte	0
 1286 00f7 14       		.uleb128 0x14
 1287 00f8 34       		.uleb128 0x34
 1288 00f9 00       		.byte	0
 1289 00fa 03       		.uleb128 0x3
 1290 00fb 08       		.uleb128 0x8
 1291 00fc 3A       		.uleb128 0x3a
 1292 00fd 0B       		.uleb128 0xb
 1293 00fe 3B       		.uleb128 0x3b
 1294 00ff 0B       		.uleb128 0xb
 1295 0100 49       		.uleb128 0x49
 1296 0101 13       		.uleb128 0x13
 1297 0102 00       		.byte	0
 1298 0103 00       		.byte	0
 1299 0104 15       		.uleb128 0x15
 1300 0105 2E       		.uleb128 0x2e
 1301 0106 01       		.byte	0x1
 1302 0107 3F       		.uleb128 0x3f
 1303 0108 19       		.uleb128 0x19
 1304 0109 03       		.uleb128 0x3
 1305 010a 0E       		.uleb128 0xe
 1306 010b 3A       		.uleb128 0x3a
 1307 010c 0B       		.uleb128 0xb
 1308 010d 3B       		.uleb128 0x3b
 1309 010e 0B       		.uleb128 0xb
ARM GAS  /var/folders/f2/xhg999f973v6h87pc1fwp6lm0000gn/T//ccxMewzx.s 			page 24


 1310 010f 27       		.uleb128 0x27
 1311 0110 19       		.uleb128 0x19
 1312 0111 49       		.uleb128 0x49
 1313 0112 13       		.uleb128 0x13
 1314 0113 11       		.uleb128 0x11
 1315 0114 01       		.uleb128 0x1
 1316 0115 12       		.uleb128 0x12
 1317 0116 06       		.uleb128 0x6
 1318 0117 40       		.uleb128 0x40
 1319 0118 18       		.uleb128 0x18
 1320 0119 9742     		.uleb128 0x2117
 1321 011b 19       		.uleb128 0x19
 1322 011c 01       		.uleb128 0x1
 1323 011d 13       		.uleb128 0x13
 1324 011e 00       		.byte	0
 1325 011f 00       		.byte	0
 1326 0120 16       		.uleb128 0x16
 1327 0121 05       		.uleb128 0x5
 1328 0122 00       		.byte	0
 1329 0123 03       		.uleb128 0x3
 1330 0124 08       		.uleb128 0x8
 1331 0125 3A       		.uleb128 0x3a
 1332 0126 0B       		.uleb128 0xb
 1333 0127 3B       		.uleb128 0x3b
 1334 0128 0B       		.uleb128 0xb
 1335 0129 49       		.uleb128 0x49
 1336 012a 13       		.uleb128 0x13
 1337 012b 02       		.uleb128 0x2
 1338 012c 17       		.uleb128 0x17
 1339 012d 00       		.byte	0
 1340 012e 00       		.byte	0
 1341 012f 17       		.uleb128 0x17
 1342 0130 34       		.uleb128 0x34
 1343 0131 00       		.byte	0
 1344 0132 03       		.uleb128 0x3
 1345 0133 08       		.uleb128 0x8
 1346 0134 3A       		.uleb128 0x3a
 1347 0135 0B       		.uleb128 0xb
 1348 0136 3B       		.uleb128 0x3b
 1349 0137 0B       		.uleb128 0xb
 1350 0138 49       		.uleb128 0x49
 1351 0139 13       		.uleb128 0x13
 1352 013a 02       		.uleb128 0x2
 1353 013b 18       		.uleb128 0x18
 1354 013c 00       		.byte	0
 1355 013d 00       		.byte	0
 1356 013e 18       		.uleb128 0x18
 1357 013f 0B       		.uleb128 0xb
 1358 0140 01       		.byte	0x1
 1359 0141 11       		.uleb128 0x11
 1360 0142 01       		.uleb128 0x1
 1361 0143 12       		.uleb128 0x12
 1362 0144 06       		.uleb128 0x6
 1363 0145 01       		.uleb128 0x1
 1364 0146 13       		.uleb128 0x13
 1365 0147 00       		.byte	0
 1366 0148 00       		.byte	0
ARM GAS  /var/folders/f2/xhg999f973v6h87pc1fwp6lm0000gn/T//ccxMewzx.s 			page 25


 1367 0149 19       		.uleb128 0x19
 1368 014a 1D       		.uleb128 0x1d
 1369 014b 01       		.byte	0x1
 1370 014c 31       		.uleb128 0x31
 1371 014d 13       		.uleb128 0x13
 1372 014e 52       		.uleb128 0x52
 1373 014f 01       		.uleb128 0x1
 1374 0150 55       		.uleb128 0x55
 1375 0151 17       		.uleb128 0x17
 1376 0152 58       		.uleb128 0x58
 1377 0153 0B       		.uleb128 0xb
 1378 0154 59       		.uleb128 0x59
 1379 0155 0B       		.uleb128 0xb
 1380 0156 01       		.uleb128 0x1
 1381 0157 13       		.uleb128 0x13
 1382 0158 00       		.byte	0
 1383 0159 00       		.byte	0
 1384 015a 1A       		.uleb128 0x1a
 1385 015b 05       		.uleb128 0x5
 1386 015c 00       		.byte	0
 1387 015d 31       		.uleb128 0x31
 1388 015e 13       		.uleb128 0x13
 1389 015f 02       		.uleb128 0x2
 1390 0160 17       		.uleb128 0x17
 1391 0161 00       		.byte	0
 1392 0162 00       		.byte	0
 1393 0163 1B       		.uleb128 0x1b
 1394 0164 05       		.uleb128 0x5
 1395 0165 00       		.byte	0
 1396 0166 31       		.uleb128 0x31
 1397 0167 13       		.uleb128 0x13
 1398 0168 02       		.uleb128 0x2
 1399 0169 18       		.uleb128 0x18
 1400 016a 00       		.byte	0
 1401 016b 00       		.byte	0
 1402 016c 1C       		.uleb128 0x1c
 1403 016d 898201   		.uleb128 0x4109
 1404 0170 01       		.byte	0x1
 1405 0171 11       		.uleb128 0x11
 1406 0172 01       		.uleb128 0x1
 1407 0173 31       		.uleb128 0x31
 1408 0174 13       		.uleb128 0x13
 1409 0175 01       		.uleb128 0x1
 1410 0176 13       		.uleb128 0x13
 1411 0177 00       		.byte	0
 1412 0178 00       		.byte	0
 1413 0179 1D       		.uleb128 0x1d
 1414 017a 8A8201   		.uleb128 0x410a
 1415 017d 00       		.byte	0
 1416 017e 02       		.uleb128 0x2
 1417 017f 18       		.uleb128 0x18
 1418 0180 9142     		.uleb128 0x2111
 1419 0182 18       		.uleb128 0x18
 1420 0183 00       		.byte	0
 1421 0184 00       		.byte	0
 1422 0185 1E       		.uleb128 0x1e
 1423 0186 898201   		.uleb128 0x4109
ARM GAS  /var/folders/f2/xhg999f973v6h87pc1fwp6lm0000gn/T//ccxMewzx.s 			page 26


 1424 0189 00       		.byte	0
 1425 018a 11       		.uleb128 0x11
 1426 018b 01       		.uleb128 0x1
 1427 018c 31       		.uleb128 0x31
 1428 018d 13       		.uleb128 0x13
 1429 018e 00       		.byte	0
 1430 018f 00       		.byte	0
 1431 0190 1F       		.uleb128 0x1f
 1432 0191 0B       		.uleb128 0xb
 1433 0192 01       		.byte	0x1
 1434 0193 55       		.uleb128 0x55
 1435 0194 17       		.uleb128 0x17
 1436 0195 00       		.byte	0
 1437 0196 00       		.byte	0
 1438 0197 20       		.uleb128 0x20
 1439 0198 34       		.uleb128 0x34
 1440 0199 00       		.byte	0
 1441 019a 31       		.uleb128 0x31
 1442 019b 13       		.uleb128 0x13
 1443 019c 02       		.uleb128 0x2
 1444 019d 17       		.uleb128 0x17
 1445 019e 00       		.byte	0
 1446 019f 00       		.byte	0
 1447 01a0 21       		.uleb128 0x21
 1448 01a1 0B       		.uleb128 0xb
 1449 01a2 01       		.byte	0x1
 1450 01a3 55       		.uleb128 0x55
 1451 01a4 17       		.uleb128 0x17
 1452 01a5 01       		.uleb128 0x1
 1453 01a6 13       		.uleb128 0x13
 1454 01a7 00       		.byte	0
 1455 01a8 00       		.byte	0
 1456 01a9 22       		.uleb128 0x22
 1457 01aa 898201   		.uleb128 0x4109
 1458 01ad 01       		.byte	0x1
 1459 01ae 11       		.uleb128 0x11
 1460 01af 01       		.uleb128 0x1
 1461 01b0 31       		.uleb128 0x31
 1462 01b1 13       		.uleb128 0x13
 1463 01b2 00       		.byte	0
 1464 01b3 00       		.byte	0
 1465 01b4 23       		.uleb128 0x23
 1466 01b5 2E       		.uleb128 0x2e
 1467 01b6 01       		.byte	0x1
 1468 01b7 3F       		.uleb128 0x3f
 1469 01b8 19       		.uleb128 0x19
 1470 01b9 03       		.uleb128 0x3
 1471 01ba 0E       		.uleb128 0xe
 1472 01bb 3A       		.uleb128 0x3a
 1473 01bc 0B       		.uleb128 0xb
 1474 01bd 3B       		.uleb128 0x3b
 1475 01be 0B       		.uleb128 0xb
 1476 01bf 27       		.uleb128 0x27
 1477 01c0 19       		.uleb128 0x19
 1478 01c1 11       		.uleb128 0x11
 1479 01c2 01       		.uleb128 0x1
 1480 01c3 12       		.uleb128 0x12
ARM GAS  /var/folders/f2/xhg999f973v6h87pc1fwp6lm0000gn/T//ccxMewzx.s 			page 27


 1481 01c4 06       		.uleb128 0x6
 1482 01c5 40       		.uleb128 0x40
 1483 01c6 18       		.uleb128 0x18
 1484 01c7 9742     		.uleb128 0x2117
 1485 01c9 19       		.uleb128 0x19
 1486 01ca 01       		.uleb128 0x1
 1487 01cb 13       		.uleb128 0x13
 1488 01cc 00       		.byte	0
 1489 01cd 00       		.byte	0
 1490 01ce 24       		.uleb128 0x24
 1491 01cf 34       		.uleb128 0x34
 1492 01d0 00       		.byte	0
 1493 01d1 03       		.uleb128 0x3
 1494 01d2 0E       		.uleb128 0xe
 1495 01d3 3A       		.uleb128 0x3a
 1496 01d4 0B       		.uleb128 0xb
 1497 01d5 3B       		.uleb128 0x3b
 1498 01d6 0B       		.uleb128 0xb
 1499 01d7 49       		.uleb128 0x49
 1500 01d8 13       		.uleb128 0x13
 1501 01d9 3F       		.uleb128 0x3f
 1502 01da 19       		.uleb128 0x19
 1503 01db 3C       		.uleb128 0x3c
 1504 01dc 19       		.uleb128 0x19
 1505 01dd 00       		.byte	0
 1506 01de 00       		.byte	0
 1507 01df 25       		.uleb128 0x25
 1508 01e0 2E       		.uleb128 0x2e
 1509 01e1 01       		.byte	0x1
 1510 01e2 3F       		.uleb128 0x3f
 1511 01e3 19       		.uleb128 0x19
 1512 01e4 03       		.uleb128 0x3
 1513 01e5 0E       		.uleb128 0xe
 1514 01e6 3A       		.uleb128 0x3a
 1515 01e7 0B       		.uleb128 0xb
 1516 01e8 3B       		.uleb128 0x3b
 1517 01e9 0B       		.uleb128 0xb
 1518 01ea 27       		.uleb128 0x27
 1519 01eb 19       		.uleb128 0x19
 1520 01ec 3C       		.uleb128 0x3c
 1521 01ed 19       		.uleb128 0x19
 1522 01ee 01       		.uleb128 0x1
 1523 01ef 13       		.uleb128 0x13
 1524 01f0 00       		.byte	0
 1525 01f1 00       		.byte	0
 1526 01f2 26       		.uleb128 0x26
 1527 01f3 05       		.uleb128 0x5
 1528 01f4 00       		.byte	0
 1529 01f5 49       		.uleb128 0x49
 1530 01f6 13       		.uleb128 0x13
 1531 01f7 00       		.byte	0
 1532 01f8 00       		.byte	0
 1533 01f9 27       		.uleb128 0x27
 1534 01fa 2E       		.uleb128 0x2e
 1535 01fb 01       		.byte	0x1
 1536 01fc 3F       		.uleb128 0x3f
 1537 01fd 19       		.uleb128 0x19
ARM GAS  /var/folders/f2/xhg999f973v6h87pc1fwp6lm0000gn/T//ccxMewzx.s 			page 28


 1538 01fe 03       		.uleb128 0x3
 1539 01ff 0E       		.uleb128 0xe
 1540 0200 3A       		.uleb128 0x3a
 1541 0201 0B       		.uleb128 0xb
 1542 0202 3B       		.uleb128 0x3b
 1543 0203 0B       		.uleb128 0xb
 1544 0204 27       		.uleb128 0x27
 1545 0205 19       		.uleb128 0x19
 1546 0206 49       		.uleb128 0x49
 1547 0207 13       		.uleb128 0x13
 1548 0208 3C       		.uleb128 0x3c
 1549 0209 19       		.uleb128 0x19
 1550 020a 01       		.uleb128 0x1
 1551 020b 13       		.uleb128 0x13
 1552 020c 00       		.byte	0
 1553 020d 00       		.byte	0
 1554 020e 28       		.uleb128 0x28
 1555 020f 2E       		.uleb128 0x2e
 1556 0210 01       		.byte	0x1
 1557 0211 3F       		.uleb128 0x3f
 1558 0212 19       		.uleb128 0x19
 1559 0213 03       		.uleb128 0x3
 1560 0214 0E       		.uleb128 0xe
 1561 0215 3A       		.uleb128 0x3a
 1562 0216 0B       		.uleb128 0xb
 1563 0217 3B       		.uleb128 0x3b
 1564 0218 0B       		.uleb128 0xb
 1565 0219 27       		.uleb128 0x27
 1566 021a 19       		.uleb128 0x19
 1567 021b 3C       		.uleb128 0x3c
 1568 021c 19       		.uleb128 0x19
 1569 021d 00       		.byte	0
 1570 021e 00       		.byte	0
 1571 021f 00       		.byte	0
 1572              		.section	.debug_loc,"",%progbits
 1573              	.Ldebug_loc0:
 1574              	.LLST0:
 1575 0000 00000000 		.4byte	.LVL0
 1576 0004 24000000 		.4byte	.LVL3
 1577 0008 0100     		.2byte	0x1
 1578 000a 50       		.byte	0x50
 1579 000b 24000000 		.4byte	.LVL3
 1580 000f 34000000 		.4byte	.LVL6
 1581 0013 0400     		.2byte	0x4
 1582 0015 F3       		.byte	0xf3
 1583 0016 01       		.uleb128 0x1
 1584 0017 50       		.byte	0x50
 1585 0018 9F       		.byte	0x9f
 1586 0019 34000000 		.4byte	.LVL6
 1587 001d 37000000 		.4byte	.LVL7-1
 1588 0021 0100     		.2byte	0x1
 1589 0023 50       		.byte	0x50
 1590 0024 37000000 		.4byte	.LVL7-1
 1591 0028 40000000 		.4byte	.LFE7
 1592 002c 0400     		.2byte	0x4
 1593 002e F3       		.byte	0xf3
 1594 002f 01       		.uleb128 0x1
ARM GAS  /var/folders/f2/xhg999f973v6h87pc1fwp6lm0000gn/T//ccxMewzx.s 			page 29


 1595 0030 50       		.byte	0x50
 1596 0031 9F       		.byte	0x9f
 1597 0032 00000000 		.4byte	0
 1598 0036 00000000 		.4byte	0
 1599              	.LLST1:
 1600 003a 00000000 		.4byte	.LVL0
 1601 003e 24000000 		.4byte	.LVL3
 1602 0042 0100     		.2byte	0x1
 1603 0044 51       		.byte	0x51
 1604 0045 24000000 		.4byte	.LVL3
 1605 0049 2C000000 		.4byte	.LVL5
 1606 004d 0400     		.2byte	0x4
 1607 004f F3       		.byte	0xf3
 1608 0050 01       		.uleb128 0x1
 1609 0051 51       		.byte	0x51
 1610 0052 9F       		.byte	0x9f
 1611 0053 2C000000 		.4byte	.LVL5
 1612 0057 34000000 		.4byte	.LVL6
 1613 005b 0100     		.2byte	0x1
 1614 005d 50       		.byte	0x50
 1615 005e 34000000 		.4byte	.LVL6
 1616 0062 37000000 		.4byte	.LVL7-1
 1617 0066 0100     		.2byte	0x1
 1618 0068 51       		.byte	0x51
 1619 0069 37000000 		.4byte	.LVL7-1
 1620 006d 40000000 		.4byte	.LFE7
 1621 0071 0400     		.2byte	0x4
 1622 0073 F3       		.byte	0xf3
 1623 0074 01       		.uleb128 0x1
 1624 0075 51       		.byte	0x51
 1625 0076 9F       		.byte	0x9f
 1626 0077 00000000 		.4byte	0
 1627 007b 00000000 		.4byte	0
 1628              	.LLST2:
 1629 007f 14000000 		.4byte	.LVL2
 1630 0083 24000000 		.4byte	.LVL3
 1631 0087 0100     		.2byte	0x1
 1632 0089 52       		.byte	0x52
 1633 008a 24000000 		.4byte	.LVL3
 1634 008e 34000000 		.4byte	.LVL6
 1635 0092 0600     		.2byte	0x6
 1636 0094 F3       		.byte	0xf3
 1637 0095 01       		.uleb128 0x1
 1638 0096 50       		.byte	0x50
 1639 0097 23       		.byte	0x23
 1640 0098 2C       		.uleb128 0x2c
 1641 0099 9F       		.byte	0x9f
 1642 009a 34000000 		.4byte	.LVL6
 1643 009e 37000000 		.4byte	.LVL7-1
 1644 00a2 0100     		.2byte	0x1
 1645 00a4 52       		.byte	0x52
 1646 00a5 37000000 		.4byte	.LVL7-1
 1647 00a9 40000000 		.4byte	.LFE7
 1648 00ad 0600     		.2byte	0x6
 1649 00af F3       		.byte	0xf3
 1650 00b0 01       		.uleb128 0x1
 1651 00b1 50       		.byte	0x50
ARM GAS  /var/folders/f2/xhg999f973v6h87pc1fwp6lm0000gn/T//ccxMewzx.s 			page 30


 1652 00b2 23       		.byte	0x23
 1653 00b3 2C       		.uleb128 0x2c
 1654 00b4 9F       		.byte	0x9f
 1655 00b5 00000000 		.4byte	0
 1656 00b9 00000000 		.4byte	0
 1657              	.LLST3:
 1658 00bd 16000000 		.4byte	.LVL8
 1659 00c1 20000000 		.4byte	.LVL9
 1660 00c5 0100     		.2byte	0x1
 1661 00c7 53       		.byte	0x53
 1662 00c8 20000000 		.4byte	.LVL9
 1663 00cc 28000000 		.4byte	.LVL10
 1664 00d0 0200     		.2byte	0x2
 1665 00d2 71       		.byte	0x71
 1666 00d3 04       		.sleb128 4
 1667 00d4 00000000 		.4byte	0
 1668 00d8 00000000 		.4byte	0
 1669              	.LLST4:
 1670 00dc 16000000 		.4byte	.LVL8
 1671 00e0 28000000 		.4byte	.LVL10
 1672 00e4 0100     		.2byte	0x1
 1673 00e6 50       		.byte	0x50
 1674 00e7 00000000 		.4byte	0
 1675 00eb 00000000 		.4byte	0
 1676              	.LLST5:
 1677 00ef 00000000 		.4byte	.LVL12
 1678 00f3 0B000000 		.4byte	.LVL13-1
 1679 00f7 0100     		.2byte	0x1
 1680 00f9 50       		.byte	0x50
 1681 00fa 0B000000 		.4byte	.LVL13-1
 1682 00fe 14000000 		.4byte	.LFE9
 1683 0102 0400     		.2byte	0x4
 1684 0104 F3       		.byte	0xf3
 1685 0105 01       		.uleb128 0x1
 1686 0106 50       		.byte	0x50
 1687 0107 9F       		.byte	0x9f
 1688 0108 00000000 		.4byte	0
 1689 010c 00000000 		.4byte	0
 1690              	.LLST6:
 1691 0110 00000000 		.4byte	.LVL12
 1692 0114 0B000000 		.4byte	.LVL13-1
 1693 0118 0100     		.2byte	0x1
 1694 011a 51       		.byte	0x51
 1695 011b 0B000000 		.4byte	.LVL13-1
 1696 011f 14000000 		.4byte	.LFE9
 1697 0123 0400     		.2byte	0x4
 1698 0125 F3       		.byte	0xf3
 1699 0126 01       		.uleb128 0x1
 1700 0127 51       		.byte	0x51
 1701 0128 9F       		.byte	0x9f
 1702 0129 00000000 		.4byte	0
 1703 012d 00000000 		.4byte	0
 1704              		.section	.debug_aranges,"",%progbits
 1705 0000 2C000000 		.4byte	0x2c
 1706 0004 0200     		.2byte	0x2
 1707 0006 00000000 		.4byte	.Ldebug_info0
 1708 000a 04       		.byte	0x4
ARM GAS  /var/folders/f2/xhg999f973v6h87pc1fwp6lm0000gn/T//ccxMewzx.s 			page 31


 1709 000b 00       		.byte	0
 1710 000c 0000     		.2byte	0
 1711 000e 0000     		.2byte	0
 1712 0010 00000000 		.4byte	.LFB7
 1713 0014 40000000 		.4byte	.LFE7-.LFB7
 1714 0018 00000000 		.4byte	.LFB8
 1715 001c 3C000000 		.4byte	.LFE8-.LFB8
 1716 0020 00000000 		.4byte	.LFB9
 1717 0024 14000000 		.4byte	.LFE9-.LFB9
 1718 0028 00000000 		.4byte	0
 1719 002c 00000000 		.4byte	0
 1720              		.section	.debug_ranges,"",%progbits
 1721              	.Ldebug_ranges0:
 1722 0000 14000000 		.4byte	.LBB11
 1723 0004 16000000 		.4byte	.LBE11
 1724 0008 1A000000 		.4byte	.LBB14
 1725 000c 22000000 		.4byte	.LBE14
 1726 0010 00000000 		.4byte	0
 1727 0014 00000000 		.4byte	0
 1728 0018 16000000 		.4byte	.LBB17
 1729 001c 1A000000 		.4byte	.LBE17
 1730 0020 1C000000 		.4byte	.LBB20
 1731 0024 1E000000 		.4byte	.LBE20
 1732 0028 00000000 		.4byte	0
 1733 002c 00000000 		.4byte	0
 1734 0030 1E000000 		.4byte	.LBB21
 1735 0034 20000000 		.4byte	.LBE21
 1736 0038 22000000 		.4byte	.LBB22
 1737 003c 26000000 		.4byte	.LBE22
 1738 0040 00000000 		.4byte	0
 1739 0044 00000000 		.4byte	0
 1740 0048 00000000 		.4byte	.LFB7
 1741 004c 40000000 		.4byte	.LFE7
 1742 0050 00000000 		.4byte	.LFB8
 1743 0054 3C000000 		.4byte	.LFE8
 1744 0058 00000000 		.4byte	.LFB9
 1745 005c 14000000 		.4byte	.LFE9
 1746 0060 00000000 		.4byte	0
 1747 0064 00000000 		.4byte	0
 1748              		.section	.debug_line,"",%progbits
 1749              	.Ldebug_line0:
 1750 0000 F7010000 		.section	.debug_str,"MS",%progbits,1
 1750      02008401 
 1750      00000201 
 1750      FB0E0D00 
 1750      01010101 
 1751              	.LASF39:
 1752 0000 705F6D73 		.ascii	"p_msg\000"
 1752      6700
 1753              	.LASF71:
 1754 0006 71756575 		.ascii	"queue_insert\000"
 1754      655F696E 
 1754      73657274 
 1754      00
 1755              	.LASF61:
 1756 0013 7264796D 		.ascii	"rdymsg\000"
 1756      736700
ARM GAS  /var/folders/f2/xhg999f973v6h87pc1fwp6lm0000gn/T//ccxMewzx.s 			page 32


 1757              	.LASF5:
 1758 001a 5F5F7569 		.ascii	"__uint8_t\000"
 1758      6E74385F 
 1758      7400
 1759              	.LASF11:
 1760 0024 6C6F6E67 		.ascii	"long long unsigned int\000"
 1760      206C6F6E 
 1760      6720756E 
 1760      7369676E 
 1760      65642069 
 1761              	.LASF62:
 1762 003b 65786974 		.ascii	"exitcode\000"
 1762      636F6465 
 1762      00
 1763              	.LASF27:
 1764 0044 705F7072 		.ascii	"p_prio\000"
 1764      696F00
 1765              	.LASF10:
 1766 004b 6C6F6E67 		.ascii	"long long int\000"
 1766      206C6F6E 
 1766      6720696E 
 1766      7400
 1767              	.LASF1:
 1768 0059 7369676E 		.ascii	"signed char\000"
 1768      65642063 
 1768      68617200 
 1769              	.LASF43:
 1770 0065 705F6D70 		.ascii	"p_mpool\000"
 1770      6F6F6C00 
 1771              	.LASF58:
 1772 006d 6D5F7175 		.ascii	"m_queue\000"
 1772      65756500 
 1773              	.LASF19:
 1774 0075 74736C69 		.ascii	"tslices_t\000"
 1774      6365735F 
 1774      7400
 1775              	.LASF7:
 1776 007f 6C6F6E67 		.ascii	"long int\000"
 1776      20696E74 
 1776      00
 1777              	.LASF66:
 1778 0088 63684D73 		.ascii	"chMsgSend\000"
 1778      6753656E 
 1778      6400
 1779              	.LASF17:
 1780 0092 74737461 		.ascii	"tstate_t\000"
 1780      74655F74 
 1780      00
 1781              	.LASF29:
 1782 009b 705F6E65 		.ascii	"p_newer\000"
 1782      77657200 
 1783              	.LASF8:
 1784 00a3 5F5F7569 		.ascii	"__uint32_t\000"
 1784      6E743332 
 1784      5F7400
 1785              	.LASF46:
 1786 00ae 72656761 		.ascii	"regarm_t\000"
ARM GAS  /var/folders/f2/xhg999f973v6h87pc1fwp6lm0000gn/T//ccxMewzx.s 			page 33


 1786      726D5F74 
 1786      00
 1787              	.LASF0:
 1788 00b7 756E7369 		.ascii	"unsigned int\000"
 1788      676E6564 
 1788      20696E74 
 1788      00
 1789              	.LASF9:
 1790 00c4 6C6F6E67 		.ascii	"long unsigned int\000"
 1790      20756E73 
 1790      69676E65 
 1790      6420696E 
 1790      7400
 1791              	.LASF48:
 1792 00d6 636F6E74 		.ascii	"context\000"
 1792      65787400 
 1793              	.LASF4:
 1794 00de 73686F72 		.ascii	"short unsigned int\000"
 1794      7420756E 
 1794      7369676E 
 1794      65642069 
 1794      6E7400
 1795              	.LASF21:
 1796 00f1 6D73675F 		.ascii	"msg_t\000"
 1796      7400
 1797              	.LASF53:
 1798 00f7 725F6E65 		.ascii	"r_newer\000"
 1798      77657200 
 1799              	.LASF16:
 1800 00ff 746D6F64 		.ascii	"tmode_t\000"
 1800      655F7400 
 1801              	.LASF45:
 1802 0107 54687265 		.ascii	"ThreadsList\000"
 1802      6164734C 
 1802      69737400 
 1803              	.LASF22:
 1804 0113 6576656E 		.ascii	"eventmask_t\000"
 1804      746D6173 
 1804      6B5F7400 
 1805              	.LASF57:
 1806 011f 4D757465 		.ascii	"Mutex\000"
 1806      7800
 1807              	.LASF49:
 1808 0125 73697A65 		.ascii	"sizetype\000"
 1808      74797065 
 1808      00
 1809              	.LASF30:
 1810 012e 705F6F6C 		.ascii	"p_older\000"
 1810      64657200 
 1811              	.LASF52:
 1812 0136 725F6374 		.ascii	"r_ctx\000"
 1812      7800
 1813              	.LASF44:
 1814 013c 54687265 		.ascii	"ThreadsQueue\000"
 1814      61647351 
 1814      75657565 
 1814      00
ARM GAS  /var/folders/f2/xhg999f973v6h87pc1fwp6lm0000gn/T//ccxMewzx.s 			page 34


 1815              	.LASF55:
 1816 0149 725F6375 		.ascii	"r_current\000"
 1816      7272656E 
 1816      7400
 1817              	.LASF54:
 1818 0153 725F6F6C 		.ascii	"r_older\000"
 1818      64657200 
 1819              	.LASF18:
 1820 015b 74726566 		.ascii	"trefs_t\000"
 1820      735F7400 
 1821              	.LASF26:
 1822 0163 705F7072 		.ascii	"p_prev\000"
 1822      657600
 1823              	.LASF20:
 1824 016a 74707269 		.ascii	"tprio_t\000"
 1824      6F5F7400 
 1825              	.LASF15:
 1826 0172 5F426F6F 		.ascii	"_Bool\000"
 1826      6C00
 1827              	.LASF13:
 1828 0178 696E7433 		.ascii	"int32_t\000"
 1828      325F7400 
 1829              	.LASF2:
 1830 0180 756E7369 		.ascii	"unsigned char\000"
 1830      676E6564 
 1830      20636861 
 1830      7200
 1831              	.LASF68:
 1832 018e 474E5520 		.ascii	"GNU C 4.8.3 20140228 (release) [ARM/embedded-4_8-br"
 1832      4320342E 
 1832      382E3320 
 1832      32303134 
 1832      30323238 
 1833 01c1 616E6368 		.ascii	"anch revision 208322] -mcpu=cortex-m4 -mno-thumb-in"
 1833      20726576 
 1833      6973696F 
 1833      6E203230 
 1833      38333232 
 1834 01f4 74657277 		.ascii	"terwork -mthumb -ggdb -O2 -fomit-frame-pointer -fal"
 1834      6F726B20 
 1834      2D6D7468 
 1834      756D6220 
 1834      2D676764 
 1835 0227 69676E2D 		.ascii	"ign-functions=16 -ffunction-sections -fdata-section"
 1835      66756E63 
 1835      74696F6E 
 1835      733D3136 
 1835      202D6666 
 1836 025a 73202D66 		.ascii	"s -fno-common\000"
 1836      6E6F2D63 
 1836      6F6D6D6F 
 1836      6E00
 1837              	.LASF41:
 1838 0268 705F6D74 		.ascii	"p_mtxlist\000"
 1838      786C6973 
 1838      7400
 1839              	.LASF3:
ARM GAS  /var/folders/f2/xhg999f973v6h87pc1fwp6lm0000gn/T//ccxMewzx.s 			page 35


 1840 0272 73686F72 		.ascii	"short int\000"
 1840      7420696E 
 1840      7400
 1841              	.LASF32:
 1842 027c 705F7374 		.ascii	"p_state\000"
 1842      61746500 
 1843              	.LASF35:
 1844 0284 705F7072 		.ascii	"p_preempt\000"
 1844      65656D70 
 1844      7400
 1845              	.LASF51:
 1846 028e 725F7072 		.ascii	"r_prio\000"
 1846      696F00
 1847              	.LASF64:
 1848 0295 65776D61 		.ascii	"ewmask\000"
 1848      736B00
 1849              	.LASF25:
 1850 029c 705F6E65 		.ascii	"p_next\000"
 1850      787400
 1851              	.LASF33:
 1852 02a3 705F666C 		.ascii	"p_flags\000"
 1852      61677300 
 1853              	.LASF24:
 1854 02ab 54687265 		.ascii	"Thread\000"
 1854      616400
 1855              	.LASF73:
 1856 02b2 63684D73 		.ascii	"chMsgRelease\000"
 1856      6752656C 
 1856      65617365 
 1856      00
 1857              	.LASF75:
 1858 02bf 63685363 		.ascii	"chSchGoSleepS\000"
 1858      68476F53 
 1858      6C656570 
 1858      5300
 1859              	.LASF40:
 1860 02cd 705F6570 		.ascii	"p_epending\000"
 1860      656E6469 
 1860      6E6700
 1861              	.LASF14:
 1862 02d8 75696E74 		.ascii	"uint32_t\000"
 1862      33325F74 
 1862      00
 1863              	.LASF50:
 1864 02e1 725F7175 		.ascii	"r_queue\000"
 1864      65756500 
 1865              	.LASF76:
 1866 02e9 63685363 		.ascii	"chSchReadyI\000"
 1866      68526561 
 1866      64794900 
 1867              	.LASF65:
 1868 02f5 63686172 		.ascii	"char\000"
 1868      00
 1869              	.LASF72:
 1870 02fa 6669666F 		.ascii	"fifo_remove\000"
 1870      5F72656D 
 1870      6F766500 
ARM GAS  /var/folders/f2/xhg999f973v6h87pc1fwp6lm0000gn/T//ccxMewzx.s 			page 36


 1871              	.LASF60:
 1872 0306 6D5F6E65 		.ascii	"m_next\000"
 1872      787400
 1873              	.LASF23:
 1874 030d 73797374 		.ascii	"systime_t\000"
 1874      696D655F 
 1874      7400
 1875              	.LASF42:
 1876 0317 705F7265 		.ascii	"p_realprio\000"
 1876      616C7072 
 1876      696F00
 1877              	.LASF6:
 1878 0322 5F5F696E 		.ascii	"__int32_t\000"
 1878      7433325F 
 1878      7400
 1879              	.LASF36:
 1880 032c 705F7469 		.ascii	"p_time\000"
 1880      6D6500
 1881              	.LASF47:
 1882 0333 696E7463 		.ascii	"intctx\000"
 1882      747800
 1883              	.LASF38:
 1884 033a 705F6D73 		.ascii	"p_msgqueue\000"
 1884      67717565 
 1884      756500
 1885              	.LASF77:
 1886 0345 63685363 		.ascii	"chSchWakeupS\000"
 1886      6857616B 
 1886      65757053 
 1886      00
 1887              	.LASF67:
 1888 0352 63684D73 		.ascii	"chMsgWait\000"
 1888      67576169 
 1888      7400
 1889              	.LASF34:
 1890 035c 705F7265 		.ascii	"p_refs\000"
 1890      667300
 1891              	.LASF56:
 1892 0363 52656164 		.ascii	"ReadyList\000"
 1892      794C6973 
 1892      7400
 1893              	.LASF74:
 1894 036d 726C6973 		.ascii	"rlist\000"
 1894      7400
 1895              	.LASF12:
 1896 0373 75696E74 		.ascii	"uint8_t\000"
 1896      385F7400 
 1897              	.LASF63:
 1898 037b 77746F62 		.ascii	"wtobjp\000"
 1898      6A7000
 1899              	.LASF31:
 1900 0382 705F6E61 		.ascii	"p_name\000"
 1900      6D6500
 1901              	.LASF69:
 1902 0389 2E2E2F2E 		.ascii	"../../os/kernel/src/chmsg.c\000"
 1902      2E2F6F73 
 1902      2F6B6572 
ARM GAS  /var/folders/f2/xhg999f973v6h87pc1fwp6lm0000gn/T//ccxMewzx.s 			page 37


 1902      6E656C2F 
 1902      7372632F 
 1903              	.LASF70:
 1904 03a5 2F557365 		.ascii	"/Users/Andy/ChibiStudio/ChibiOS/demos/CAM-DCMI_SD/\000"
 1904      72732F41 
 1904      6E64792F 
 1904      43686962 
 1904      69537475 
 1905              	.LASF59:
 1906 03d8 6D5F6F77 		.ascii	"m_owner\000"
 1906      6E657200 
 1907              	.LASF28:
 1908 03e0 705F6374 		.ascii	"p_ctx\000"
 1908      7800
 1909              	.LASF37:
 1910 03e6 705F7761 		.ascii	"p_waiting\000"
 1910      6974696E 
 1910      6700
 1911              		.ident	"GCC: (GNU Tools for ARM Embedded Processors) 4.8.3 20140228 (release) [ARM/embedded-4_8-br
ARM GAS  /var/folders/f2/xhg999f973v6h87pc1fwp6lm0000gn/T//ccxMewzx.s 			page 38


DEFINED SYMBOLS
                            *ABS*:0000000000000000 chmsg.c
/var/folders/f2/xhg999f973v6h87pc1fwp6lm0000gn/T//ccxMewzx.s:19     .text.chMsgSend:0000000000000000 $t
/var/folders/f2/xhg999f973v6h87pc1fwp6lm0000gn/T//ccxMewzx.s:25     .text.chMsgSend:0000000000000000 chMsgSend
/var/folders/f2/xhg999f973v6h87pc1fwp6lm0000gn/T//ccxMewzx.s:108    .text.chMsgSend:000000000000003c $d
/var/folders/f2/xhg999f973v6h87pc1fwp6lm0000gn/T//ccxMewzx.s:113    .text.chMsgWait:0000000000000000 $t
/var/folders/f2/xhg999f973v6h87pc1fwp6lm0000gn/T//ccxMewzx.s:119    .text.chMsgWait:0000000000000000 chMsgWait
/var/folders/f2/xhg999f973v6h87pc1fwp6lm0000gn/T//ccxMewzx.s:190    .text.chMsgWait:0000000000000038 $d
/var/folders/f2/xhg999f973v6h87pc1fwp6lm0000gn/T//ccxMewzx.s:195    .text.chMsgRelease:0000000000000000 $t
/var/folders/f2/xhg999f973v6h87pc1fwp6lm0000gn/T//ccxMewzx.s:201    .text.chMsgRelease:0000000000000000 chMsgRelease
                     .debug_frame:0000000000000010 $d
/var/folders/f2/xhg999f973v6h87pc1fwp6lm0000gn/T//ccxMewzx.s:194    .text.chMsgWait:000000000000003c $t

UNDEFINED SYMBOLS
chSchGoSleepS
chSchReadyI
rlist
chSchWakeupS
