ARM GAS  /var/folders/4k/6h5l9jl178sb4hslwv3xp1mr0000gn/T//ccM1jPnT.s 			page 1


   1              		.syntax unified
   2              		.cpu cortex-m4
   3              		.fpu softvfp
   4              		.eabi_attribute 20, 1
   5              		.eabi_attribute 21, 1
   6              		.eabi_attribute 23, 3
   7              		.eabi_attribute 24, 1
   8              		.eabi_attribute 25, 1
   9              		.eabi_attribute 26, 1
  10              		.eabi_attribute 30, 2
  11              		.eabi_attribute 34, 1
  12              		.eabi_attribute 18, 4
  13              		.thumb
  14              		.file	"chsys.c"
  15              		.text
  16              	.Ltext0:
  17              		.cfi_sections	.debug_frame
  18              		.section	.text._idle_thread,"ax",%progbits
  19              		.align	2
  20              		.p2align 4,,15
  21              		.global	_idle_thread
  22              		.thumb
  23              		.thumb_func
  24              		.type	_idle_thread, %function
  25              	_idle_thread:
  26              	.LFB7:
  27              		.file 1 "../ChibiStudio/ChibiOS/os/kernel/src/chsys.c"
  28              		.loc 1 61 0
  29              		.cfi_startproc
  30              		@ Volatile: function does not return.
  31              		@ args = 0, pretend = 0, frame = 0
  32              		@ frame_needed = 0, uses_anonymous_args = 0
  33              		@ link register save eliminated.
  34              	.LVL0:
  35              		.loc 1 64 0
  36 0000 024B     		ldr	r3, .L4
  37 0002 034A     		ldr	r2, .L4+4
  38 0004 9B69     		ldr	r3, [r3, #24]
  39 0006 9A61     		str	r2, [r3, #24]
  40              	.L2:
  41 0008 FEE7     		b	.L2
  42              	.L5:
  43 000a 00BF     		.align	2
  44              	.L4:
  45 000c 00000000 		.word	rlist
  46 0010 00000000 		.word	.LC0
  47              		.cfi_endproc
  48              	.LFE7:
  49              		.size	_idle_thread, .-_idle_thread
  50 0014 AFF30080 		.section	.text.chSysInit,"ax",%progbits
  50      AFF30080 
  50      AFF30080 
  51              		.align	2
  52              		.p2align 4,,15
  53              		.global	chSysInit
  54              		.thumb
  55              		.thumb_func
ARM GAS  /var/folders/4k/6h5l9jl178sb4hslwv3xp1mr0000gn/T//ccM1jPnT.s 			page 2


  56              		.type	chSysInit, %function
  57              	chSysInit:
  58              	.LFB8:
  59              		.loc 1 84 0
  60              		.cfi_startproc
  61              		@ args = 0, pretend = 0, frame = 0
  62              		@ frame_needed = 0, uses_anonymous_args = 0
  63 0000 00B5     		push	{lr}
  64              		.cfi_def_cfa_offset 4
  65              		.cfi_offset 14, -4
  66 0002 83B0     		sub	sp, sp, #12
  67              		.cfi_def_cfa_offset 16
  68              		.loc 1 90 0
  69 0004 FFF7FEFF 		bl	_port_init
  70              	.LVL1:
  71              		.loc 1 91 0
  72 0008 FFF7FEFF 		bl	_scheduler_init
  73              	.LVL2:
  74              		.loc 1 92 0
  75 000c FFF7FEFF 		bl	_vt_init
  76              	.LVL3:
  77              		.loc 1 94 0
  78 0010 FFF7FEFF 		bl	_core_init
  79              	.LVL4:
  80              		.loc 1 97 0
  81 0014 FFF7FEFF 		bl	_heap_init
  82              	.LVL5:
  83              		.loc 1 104 0
  84 0018 4021     		movs	r1, #64
  85 001a 0D48     		ldr	r0, .L7
  86 001c FFF7FEFF 		bl	_thread_init
  87              	.LVL6:
  88 0020 0C4A     		ldr	r2, .L7+4
  89              		.loc 1 105 0
  90 0022 0123     		movs	r3, #1
  91 0024 0377     		strb	r3, [r0, #28]
  92              		.loc 1 104 0
  93 0026 9061     		str	r0, [r2, #24]
  94              	.LBB2:
  95              		.loc 1 111 0
  96 0028 0023     		movs	r3, #0
  97              	@ 111 "../ChibiStudio/ChibiOS/os/kernel/src/chsys.c" 1
  98 002a 83F31188 		msr     BASEPRI, r3                    
  99 002e 62B6     		cpsie   i
 100              	@ 0 "" 2
 101              		.thumb
 102              	.LBE2:
 103              		.loc 1 115 0
 104 0030 1346     		mov	r3, r2
 105 0032 094A     		ldr	r2, .L7+8
 106 0034 9B69     		ldr	r3, [r3, #24]
 107              		.loc 1 121 0
 108 0036 0948     		ldr	r0, .L7+12
 109              		.loc 1 115 0
 110 0038 9A61     		str	r2, [r3, #24]
 111              		.loc 1 121 0
 112 003a 0023     		movs	r3, #0
ARM GAS  /var/folders/4k/6h5l9jl178sb4hslwv3xp1mr0000gn/T//ccM1jPnT.s 			page 3


 113 003c 0093     		str	r3, [sp]
 114 003e E021     		movs	r1, #224
 115 0040 0122     		movs	r2, #1
 116 0042 074B     		ldr	r3, .L7+16
 117 0044 FFF7FEFF 		bl	chThdCreateStatic
 118              	.LVL7:
 119              		.loc 1 124 0
 120 0048 03B0     		add	sp, sp, #12
 121              		@ sp needed
 122 004a 5DF804FB 		ldr	pc, [sp], #4
 123              	.L8:
 124 004e 00BF     		.align	2
 125              	.L7:
 126 0050 00000000 		.word	.LANCHOR0
 127 0054 00000000 		.word	rlist
 128 0058 00000000 		.word	ch_debug
 129 005c 00000000 		.word	.LANCHOR1
 130 0060 00000000 		.word	_idle_thread
 131              		.cfi_endproc
 132              	.LFE8:
 133              		.size	chSysInit, .-chSysInit
 134 0064 AFF30080 		.section	.text.chSysTimerHandlerI,"ax",%progbits
 134      AFF30080 
 134      AFF30080 
 135              		.align	2
 136              		.p2align 4,,15
 137              		.global	chSysTimerHandlerI
 138              		.thumb
 139              		.thumb_func
 140              		.type	chSysTimerHandlerI, %function
 141              	chSysTimerHandlerI:
 142              	.LFB9:
 143              		.loc 1 137 0
 144              		.cfi_startproc
 145              		@ args = 0, pretend = 0, frame = 0
 146              		@ frame_needed = 0, uses_anonymous_args = 0
 147 0000 70B5     		push	{r4, r5, r6, lr}
 148              		.cfi_def_cfa_offset 16
 149              		.cfi_offset 4, -16
 150              		.cfi_offset 5, -12
 151              		.cfi_offset 6, -8
 152              		.cfi_offset 14, -4
 153              		.loc 1 143 0
 154 0002 144B     		ldr	r3, .L17
 155 0004 9B69     		ldr	r3, [r3, #24]
 156 0006 DA7F     		ldrb	r2, [r3, #31]	@ zero_extendqisi2
 157 0008 0AB1     		cbz	r2, .L10
 158              		.loc 1 145 0
 159 000a 013A     		subs	r2, r2, #1
 160 000c DA77     		strb	r2, [r3, #31]
 161              	.L10:
 162              		.loc 1 148 0
 163 000e 1A6A     		ldr	r2, [r3, #32]
 164              		.loc 1 150 0
 165 0010 1149     		ldr	r1, .L17+4
 166              		.loc 1 148 0
 167 0012 0132     		adds	r2, r2, #1
ARM GAS  /var/folders/4k/6h5l9jl178sb4hslwv3xp1mr0000gn/T//ccM1jPnT.s 			page 4


 168 0014 1A62     		str	r2, [r3, #32]
 169              		.loc 1 150 0
 170 0016 CB68     		ldr	r3, [r1, #12]
 171 0018 0A68     		ldr	r2, [r1]
 172 001a 0133     		adds	r3, r3, #1
 173 001c 8A42     		cmp	r2, r1
 174 001e CB60     		str	r3, [r1, #12]
 175 0020 16D0     		beq	.L9
 176              	.LBB3:
 177              		.loc 1 150 0 is_stmt 0 discriminator 1
 178 0022 9668     		ldr	r6, [r2, #8]
 179 0024 013E     		subs	r6, r6, #1
 180 0026 9660     		str	r6, [r2, #8]
 181              	.LVL8:
 182 0028 96B9     		cbnz	r6, .L9
 183              		.loc 1 150 0
 184 002a 0D46     		mov	r5, r1
 185              	.L13:
 186              	.LBB4:
 187              		.loc 1 150 0 discriminator 2
 188 002c 1068     		ldr	r0, [r2]
 189 002e D468     		ldr	r4, [r2, #12]
 190              	.LVL9:
 191 0030 0860     		str	r0, [r1]
 192 0032 D660     		str	r6, [r2, #12]
 193              	.LBB5:
 194 0034 0023     		movs	r3, #0
 195              	.LBE5:
 196 0036 4160     		str	r1, [r0, #4]
 197              	.LBB6:
 198              	@ 150 "../ChibiStudio/ChibiOS/os/kernel/src/chsys.c" 1
 199 0038 83F31188 		msr     BASEPRI, r3
 200              	@ 0 "" 2
 201              		.thumb
 202              	.LBE6:
 203 003c 1069     		ldr	r0, [r2, #16]
 204 003e A047     		blx	r4
 205              	.LVL10:
 206              	.LBB7:
 207 0040 2023     		movs	r3, #32
 208              	@ 150 "../ChibiStudio/ChibiOS/os/kernel/src/chsys.c" 1
 209 0042 83F31188 		msr     BASEPRI, r3
 210              	@ 0 "" 2
 211              		.thumb
 212              	.LBE7:
 213              	.LBE4:
 214 0046 2A68     		ldr	r2, [r5]
 215              	.LVL11:
 216 0048 0349     		ldr	r1, .L17+4
 217 004a 9368     		ldr	r3, [r2, #8]
 218 004c 002B     		cmp	r3, #0
 219 004e EDD0     		beq	.L13
 220              	.LVL12:
 221              	.L9:
 222 0050 70BD     		pop	{r4, r5, r6, pc}
 223              	.L18:
 224 0052 00BF     		.align	2
ARM GAS  /var/folders/4k/6h5l9jl178sb4hslwv3xp1mr0000gn/T//ccM1jPnT.s 			page 5


 225              	.L17:
 226 0054 00000000 		.word	rlist
 227 0058 00000000 		.word	vtlist
 228              	.LBE3:
 229              		.cfi_endproc
 230              	.LFE9:
 231              		.size	chSysTimerHandlerI, .-chSysTimerHandlerI
 232              		.global	_idle_thread_wa
 233 005c AFF30080 		.section	.rodata.str1.4,"aMS",%progbits,1
 234              		.align	2
 235              	.LC0:
 236 0000 69646C65 		.ascii	"idle\000"
 236      00
 237 0005 000000   		.section	.bss.mainthread.4794,"aw",%nobits
 238              		.align	2
 239              		.set	.LANCHOR0,. + 0
 240              		.type	mainthread.4794, %object
 241              		.size	mainthread.4794, 72
 242              	mainthread.4794:
 243 0000 00000000 		.space	72
 243      00000000 
 243      00000000 
 243      00000000 
 243      00000000 
 244              		.section	.bss._idle_thread_wa,"aw",%nobits
 245              		.align	3
 246              		.set	.LANCHOR1,. + 0
 247              		.type	_idle_thread_wa, %object
 248              		.size	_idle_thread_wa, 224
 249              	_idle_thread_wa:
 250 0000 00000000 		.space	224
 250      00000000 
 250      00000000 
 250      00000000 
 250      00000000 
 251              		.text
 252              	.Letext0:
 253              		.file 2 "/Users/mikevanis/Documents/workspace/gcc-arm-none-eabi-4_8-2014q1/lib/gcc/arm-none-eabi/4
 254              		.file 3 "/Users/mikevanis/Documents/workspace/gcc-arm-none-eabi-4_8-2014q1/arm-none-eabi/include/m
 255              		.file 4 "/Users/mikevanis/Documents/workspace/gcc-arm-none-eabi-4_8-2014q1/arm-none-eabi/include/s
 256              		.file 5 "../ChibiStudio/ChibiOS/os/ports/GCC/ARMCMx/chtypes.h"
 257              		.file 6 "../ChibiStudio/ChibiOS/os/kernel/include/chlists.h"
 258              		.file 7 "../ChibiStudio/ChibiOS/os/kernel/include/chthreads.h"
 259              		.file 8 "../ChibiStudio/ChibiOS/os/ports/GCC/ARMCMx/chcore_v7m.h"
 260              		.file 9 "../ChibiStudio/ChibiOS/os/kernel/include/chvt.h"
 261              		.file 10 "../ChibiStudio/ChibiOS/os/kernel/include/chschd.h"
 262              		.file 11 "../ChibiStudio/ChibiOS/os/kernel/include/chmtx.h"
 263              		.file 12 "../ChibiStudio/ChibiOS/os/kernel/include/chregistry.h"
 264              		.file 13 "../ChibiStudio/ChibiOS/os/kernel/include/chmemcore.h"
 265              		.file 14 "../ChibiStudio/ChibiOS/os/kernel/include/chheap.h"
 266              		.section	.debug_info,"",%progbits
 267              	.Ldebug_info0:
 268 0000 23080000 		.4byte	0x823
 269 0004 0400     		.2byte	0x4
 270 0006 00000000 		.4byte	.Ldebug_abbrev0
 271 000a 04       		.byte	0x4
 272 000b 01       		.uleb128 0x1
ARM GAS  /var/folders/4k/6h5l9jl178sb4hslwv3xp1mr0000gn/T//ccM1jPnT.s 			page 6


 273 000c 02030000 		.4byte	.LASF114
 274 0010 01       		.byte	0x1
 275 0011 3A040000 		.4byte	.LASF115
 276 0015 7B040000 		.4byte	.LASF116
 277 0019 18000000 		.4byte	.Ldebug_ranges0+0x18
 278 001d 00000000 		.4byte	0
 279 0021 00000000 		.4byte	.Ldebug_line0
 280 0025 02       		.uleb128 0x2
 281 0026 04       		.byte	0x4
 282 0027 05       		.byte	0x5
 283 0028 696E7400 		.ascii	"int\000"
 284 002c 03       		.uleb128 0x3
 285 002d 1B000000 		.4byte	.LASF2
 286 0031 02       		.byte	0x2
 287 0032 D4       		.byte	0xd4
 288 0033 37000000 		.4byte	0x37
 289 0037 04       		.uleb128 0x4
 290 0038 04       		.byte	0x4
 291 0039 07       		.byte	0x7
 292 003a 72010000 		.4byte	.LASF0
 293 003e 04       		.uleb128 0x4
 294 003f 01       		.byte	0x1
 295 0040 06       		.byte	0x6
 296 0041 C1000000 		.4byte	.LASF1
 297 0045 03       		.uleb128 0x3
 298 0046 32000000 		.4byte	.LASF3
 299 004a 03       		.byte	0x3
 300 004b 1C       		.byte	0x1c
 301 004c 50000000 		.4byte	0x50
 302 0050 04       		.uleb128 0x4
 303 0051 01       		.byte	0x1
 304 0052 08       		.byte	0x8
 305 0053 F4020000 		.4byte	.LASF4
 306 0057 04       		.uleb128 0x4
 307 0058 02       		.byte	0x2
 308 0059 05       		.byte	0x5
 309 005a E6030000 		.4byte	.LASF5
 310 005e 03       		.uleb128 0x3
 311 005f ED040000 		.4byte	.LASF6
 312 0063 03       		.byte	0x3
 313 0064 26       		.byte	0x26
 314 0065 69000000 		.4byte	0x69
 315 0069 04       		.uleb128 0x4
 316 006a 02       		.byte	0x2
 317 006b 07       		.byte	0x7
 318 006c CE010000 		.4byte	.LASF7
 319 0070 03       		.uleb128 0x3
 320 0071 14050000 		.4byte	.LASF8
 321 0075 03       		.byte	0x3
 322 0076 37       		.byte	0x37
 323 0077 7B000000 		.4byte	0x7b
 324 007b 04       		.uleb128 0x4
 325 007c 04       		.byte	0x4
 326 007d 05       		.byte	0x5
 327 007e 04010000 		.4byte	.LASF9
 328 0082 03       		.uleb128 0x3
 329 0083 41010000 		.4byte	.LASF10
ARM GAS  /var/folders/4k/6h5l9jl178sb4hslwv3xp1mr0000gn/T//ccM1jPnT.s 			page 7


 330 0087 03       		.byte	0x3
 331 0088 38       		.byte	0x38
 332 0089 8D000000 		.4byte	0x8d
 333 008d 04       		.uleb128 0x4
 334 008e 04       		.byte	0x4
 335 008f 07       		.byte	0x7
 336 0090 94010000 		.4byte	.LASF11
 337 0094 04       		.uleb128 0x4
 338 0095 08       		.byte	0x8
 339 0096 05       		.byte	0x5
 340 0097 B3000000 		.4byte	.LASF12
 341 009b 03       		.uleb128 0x3
 342 009c B9020000 		.4byte	.LASF13
 343 00a0 03       		.byte	0x3
 344 00a1 4E       		.byte	0x4e
 345 00a2 A6000000 		.4byte	0xa6
 346 00a6 04       		.uleb128 0x4
 347 00a7 08       		.byte	0x8
 348 00a8 07       		.byte	0x7
 349 00a9 56000000 		.4byte	.LASF14
 350 00ad 03       		.uleb128 0x3
 351 00ae 74050000 		.4byte	.LASF15
 352 00b2 04       		.byte	0x4
 353 00b3 2A       		.byte	0x2a
 354 00b4 45000000 		.4byte	0x45
 355 00b8 03       		.uleb128 0x3
 356 00b9 16010000 		.4byte	.LASF16
 357 00bd 04       		.byte	0x4
 358 00be 36       		.byte	0x36
 359 00bf 5E000000 		.4byte	0x5e
 360 00c3 03       		.uleb128 0x3
 361 00c4 EC020000 		.4byte	.LASF17
 362 00c8 04       		.byte	0x4
 363 00c9 41       		.byte	0x41
 364 00ca 70000000 		.4byte	0x70
 365 00ce 03       		.uleb128 0x3
 366 00cf BE040000 		.4byte	.LASF18
 367 00d3 04       		.byte	0x4
 368 00d4 42       		.byte	0x42
 369 00d5 82000000 		.4byte	0x82
 370 00d9 03       		.uleb128 0x3
 371 00da 29000000 		.4byte	.LASF19
 372 00de 04       		.byte	0x4
 373 00df 4E       		.byte	0x4e
 374 00e0 9B000000 		.4byte	0x9b
 375 00e4 04       		.uleb128 0x4
 376 00e5 01       		.byte	0x1
 377 00e6 02       		.byte	0x2
 378 00e7 E6020000 		.4byte	.LASF20
 379 00eb 03       		.uleb128 0x3
 380 00ec EF010000 		.4byte	.LASF21
 381 00f0 05       		.byte	0x5
 382 00f1 2C       		.byte	0x2c
 383 00f2 AD000000 		.4byte	0xad
 384 00f6 03       		.uleb128 0x3
 385 00f7 0D010000 		.4byte	.LASF22
 386 00fb 05       		.byte	0x5
ARM GAS  /var/folders/4k/6h5l9jl178sb4hslwv3xp1mr0000gn/T//ccM1jPnT.s 			page 8


 387 00fc 2D       		.byte	0x2d
 388 00fd AD000000 		.4byte	0xad
 389 0101 03       		.uleb128 0x3
 390 0102 C4020000 		.4byte	.LASF23
 391 0106 05       		.byte	0x5
 392 0107 2E       		.byte	0x2e
 393 0108 AD000000 		.4byte	0xad
 394 010c 03       		.uleb128 0x3
 395 010d FA000000 		.4byte	.LASF24
 396 0111 05       		.byte	0x5
 397 0112 2F       		.byte	0x2f
 398 0113 AD000000 		.4byte	0xad
 399 0117 03       		.uleb128 0x3
 400 0118 DE020000 		.4byte	.LASF25
 401 011c 05       		.byte	0x5
 402 011d 30       		.byte	0x30
 403 011e CE000000 		.4byte	0xce
 404 0122 03       		.uleb128 0x3
 405 0123 E1010000 		.4byte	.LASF26
 406 0127 05       		.byte	0x5
 407 0128 31       		.byte	0x31
 408 0129 C3000000 		.4byte	0xc3
 409 012d 03       		.uleb128 0x3
 410 012e 03020000 		.4byte	.LASF27
 411 0132 05       		.byte	0x5
 412 0133 33       		.byte	0x33
 413 0134 CE000000 		.4byte	0xce
 414 0138 03       		.uleb128 0x3
 415 0139 FF040000 		.4byte	.LASF28
 416 013d 05       		.byte	0x5
 417 013e 35       		.byte	0x35
 418 013f CE000000 		.4byte	0xce
 419 0143 03       		.uleb128 0x3
 420 0144 67040000 		.4byte	.LASF29
 421 0148 06       		.byte	0x6
 422 0149 2A       		.byte	0x2a
 423 014a 4E010000 		.4byte	0x14e
 424 014e 05       		.uleb128 0x5
 425 014f 67040000 		.4byte	.LASF29
 426 0153 48       		.byte	0x48
 427 0154 07       		.byte	0x7
 428 0155 5E       		.byte	0x5e
 429 0156 4B020000 		.4byte	0x24b
 430 015a 06       		.uleb128 0x6
 431 015b 1C040000 		.4byte	.LASF30
 432 015f 07       		.byte	0x7
 433 0160 5F       		.byte	0x5f
 434 0161 6C020000 		.4byte	0x26c
 435 0165 00       		.byte	0
 436 0166 06       		.uleb128 0x6
 437 0167 D7020000 		.4byte	.LASF31
 438 016b 07       		.byte	0x7
 439 016c 61       		.byte	0x61
 440 016d 6C020000 		.4byte	0x26c
 441 0171 04       		.byte	0x4
 442 0172 06       		.uleb128 0x6
 443 0173 8F000000 		.4byte	.LASF32
ARM GAS  /var/folders/4k/6h5l9jl178sb4hslwv3xp1mr0000gn/T//ccM1jPnT.s 			page 9


 444 0177 07       		.byte	0x7
 445 0178 63       		.byte	0x63
 446 0179 17010000 		.4byte	0x117
 447 017d 08       		.byte	0x8
 448 017e 06       		.uleb128 0x6
 449 017f BA050000 		.4byte	.LASF33
 450 0183 07       		.byte	0x7
 451 0184 64       		.byte	0x64
 452 0185 31030000 		.4byte	0x331
 453 0189 0C       		.byte	0xc
 454 018a 06       		.uleb128 0x6
 455 018b 29010000 		.4byte	.LASF34
 456 018f 07       		.byte	0x7
 457 0190 66       		.byte	0x66
 458 0191 6C020000 		.4byte	0x26c
 459 0195 10       		.byte	0x10
 460 0196 06       		.uleb128 0x6
 461 0197 77020000 		.4byte	.LASF35
 462 019b 07       		.byte	0x7
 463 019c 67       		.byte	0x67
 464 019d 6C020000 		.4byte	0x26c
 465 01a1 14       		.byte	0x14
 466 01a2 06       		.uleb128 0x6
 467 01a3 8E050000 		.4byte	.LASF36
 468 01a7 07       		.byte	0x7
 469 01a8 6E       		.byte	0x6e
 470 01a9 EB040000 		.4byte	0x4eb
 471 01ad 18       		.byte	0x18
 472 01ae 06       		.uleb128 0x6
 473 01af F0030000 		.4byte	.LASF37
 474 01b3 07       		.byte	0x7
 475 01b4 79       		.byte	0x79
 476 01b5 F6000000 		.4byte	0xf6
 477 01b9 1C       		.byte	0x1c
 478 01ba 06       		.uleb128 0x6
 479 01bb 32040000 		.4byte	.LASF38
 480 01bf 07       		.byte	0x7
 481 01c0 7D       		.byte	0x7d
 482 01c1 EB000000 		.4byte	0xeb
 483 01c5 1D       		.byte	0x1d
 484 01c6 06       		.uleb128 0x6
 485 01c7 5D050000 		.4byte	.LASF39
 486 01cb 07       		.byte	0x7
 487 01cc 82       		.byte	0x82
 488 01cd 01010000 		.4byte	0x101
 489 01d1 1E       		.byte	0x1e
 490 01d2 06       		.uleb128 0x6
 491 01d3 F8030000 		.4byte	.LASF40
 492 01d7 07       		.byte	0x7
 493 01d8 88       		.byte	0x88
 494 01d9 0C010000 		.4byte	0x10c
 495 01dd 1F       		.byte	0x1f
 496 01de 06       		.uleb128 0x6
 497 01df 32050000 		.4byte	.LASF41
 498 01e3 07       		.byte	0x7
 499 01e4 8F       		.byte	0x8f
 500 01e5 08040000 		.4byte	0x408
ARM GAS  /var/folders/4k/6h5l9jl178sb4hslwv3xp1mr0000gn/T//ccM1jPnT.s 			page 10


 501 01e9 20       		.byte	0x20
 502 01ea 07       		.uleb128 0x7
 503 01eb 705F7500 		.ascii	"p_u\000"
 504 01ef 07       		.byte	0x7
 505 01f0 B4       		.byte	0xb4
 506 01f1 B6040000 		.4byte	0x4b6
 507 01f5 24       		.byte	0x24
 508 01f6 06       		.uleb128 0x6
 509 01f7 C0050000 		.4byte	.LASF42
 510 01fb 07       		.byte	0x7
 511 01fc B9       		.byte	0xb9
 512 01fd 92020000 		.4byte	0x292
 513 0201 28       		.byte	0x28
 514 0202 06       		.uleb128 0x6
 515 0203 40050000 		.4byte	.LASF43
 516 0207 07       		.byte	0x7
 517 0208 BF       		.byte	0xbf
 518 0209 72020000 		.4byte	0x272
 519 020d 2C       		.byte	0x2c
 520 020e 06       		.uleb128 0x6
 521 020f 15000000 		.4byte	.LASF44
 522 0213 07       		.byte	0x7
 523 0214 C3       		.byte	0xc3
 524 0215 22010000 		.4byte	0x122
 525 0219 34       		.byte	0x34
 526 021a 06       		.uleb128 0x6
 527 021b B3040000 		.4byte	.LASF45
 528 021f 07       		.byte	0x7
 529 0220 C9       		.byte	0xc9
 530 0221 2D010000 		.4byte	0x12d
 531 0225 38       		.byte	0x38
 532 0226 06       		.uleb128 0x6
 533 0227 DC030000 		.4byte	.LASF46
 534 022b 07       		.byte	0x7
 535 022c D0       		.byte	0xd0
 536 022d FD040000 		.4byte	0x4fd
 537 0231 3C       		.byte	0x3c
 538 0232 06       		.uleb128 0x6
 539 0233 09050000 		.4byte	.LASF47
 540 0237 07       		.byte	0x7
 541 0238 D4       		.byte	0xd4
 542 0239 17010000 		.4byte	0x117
 543 023d 40       		.byte	0x40
 544 023e 06       		.uleb128 0x6
 545 023f EA000000 		.4byte	.LASF48
 546 0243 07       		.byte	0x7
 547 0244 DA       		.byte	0xda
 548 0245 A8020000 		.4byte	0x2a8
 549 0249 44       		.byte	0x44
 550 024a 00       		.byte	0
 551 024b 08       		.uleb128 0x8
 552 024c 08       		.byte	0x8
 553 024d 06       		.byte	0x6
 554 024e 61       		.byte	0x61
 555 024f 6C020000 		.4byte	0x26c
 556 0253 06       		.uleb128 0x6
 557 0254 1C040000 		.4byte	.LASF30
ARM GAS  /var/folders/4k/6h5l9jl178sb4hslwv3xp1mr0000gn/T//ccM1jPnT.s 			page 11


 558 0258 06       		.byte	0x6
 559 0259 62       		.byte	0x62
 560 025a 6C020000 		.4byte	0x26c
 561 025e 00       		.byte	0
 562 025f 06       		.uleb128 0x6
 563 0260 D7020000 		.4byte	.LASF31
 564 0264 06       		.byte	0x6
 565 0265 64       		.byte	0x64
 566 0266 6C020000 		.4byte	0x26c
 567 026a 04       		.byte	0x4
 568 026b 00       		.byte	0
 569 026c 09       		.uleb128 0x9
 570 026d 04       		.byte	0x4
 571 026e 43010000 		.4byte	0x143
 572 0272 03       		.uleb128 0x3
 573 0273 85020000 		.4byte	.LASF49
 574 0277 06       		.byte	0x6
 575 0278 66       		.byte	0x66
 576 0279 4B020000 		.4byte	0x24b
 577 027d 08       		.uleb128 0x8
 578 027e 04       		.byte	0x4
 579 027f 06       		.byte	0x6
 580 0280 6B       		.byte	0x6b
 581 0281 92020000 		.4byte	0x292
 582 0285 06       		.uleb128 0x6
 583 0286 1C040000 		.4byte	.LASF30
 584 028a 06       		.byte	0x6
 585 028b 6D       		.byte	0x6d
 586 028c 6C020000 		.4byte	0x26c
 587 0290 00       		.byte	0
 588 0291 00       		.byte	0
 589 0292 03       		.uleb128 0x3
 590 0293 F7010000 		.4byte	.LASF50
 591 0297 06       		.byte	0x6
 592 0298 70       		.byte	0x70
 593 0299 7D020000 		.4byte	0x27d
 594 029d 03       		.uleb128 0x3
 595 029e 4C010000 		.4byte	.LASF51
 596 02a2 08       		.byte	0x8
 597 02a3 E5       		.byte	0xe5
 598 02a4 A8020000 		.4byte	0x2a8
 599 02a8 0A       		.uleb128 0xa
 600 02a9 04       		.byte	0x4
 601 02aa 03       		.uleb128 0x3
 602 02ab 15020000 		.4byte	.LASF52
 603 02af 08       		.byte	0x8
 604 02b0 EB       		.byte	0xeb
 605 02b1 D9000000 		.4byte	0xd9
 606 02b5 0B       		.uleb128 0xb
 607 02b6 39050000 		.4byte	.LASF53
 608 02ba 24       		.byte	0x24
 609 02bb 08       		.byte	0x8
 610 02bc 0C01     		.2byte	0x10c
 611 02be 31030000 		.4byte	0x331
 612 02c2 0C       		.uleb128 0xc
 613 02c3 723400   		.ascii	"r4\000"
 614 02c6 08       		.byte	0x8
ARM GAS  /var/folders/4k/6h5l9jl178sb4hslwv3xp1mr0000gn/T//ccM1jPnT.s 			page 12


 615 02c7 1F01     		.2byte	0x11f
 616 02c9 9D020000 		.4byte	0x29d
 617 02cd 00       		.byte	0
 618 02ce 0C       		.uleb128 0xc
 619 02cf 723500   		.ascii	"r5\000"
 620 02d2 08       		.byte	0x8
 621 02d3 2001     		.2byte	0x120
 622 02d5 9D020000 		.4byte	0x29d
 623 02d9 04       		.byte	0x4
 624 02da 0C       		.uleb128 0xc
 625 02db 723600   		.ascii	"r6\000"
 626 02de 08       		.byte	0x8
 627 02df 2101     		.2byte	0x121
 628 02e1 9D020000 		.4byte	0x29d
 629 02e5 08       		.byte	0x8
 630 02e6 0C       		.uleb128 0xc
 631 02e7 723700   		.ascii	"r7\000"
 632 02ea 08       		.byte	0x8
 633 02eb 2201     		.2byte	0x122
 634 02ed 9D020000 		.4byte	0x29d
 635 02f1 0C       		.byte	0xc
 636 02f2 0C       		.uleb128 0xc
 637 02f3 723800   		.ascii	"r8\000"
 638 02f6 08       		.byte	0x8
 639 02f7 2301     		.2byte	0x123
 640 02f9 9D020000 		.4byte	0x29d
 641 02fd 10       		.byte	0x10
 642 02fe 0C       		.uleb128 0xc
 643 02ff 723900   		.ascii	"r9\000"
 644 0302 08       		.byte	0x8
 645 0303 2401     		.2byte	0x124
 646 0305 9D020000 		.4byte	0x29d
 647 0309 14       		.byte	0x14
 648 030a 0C       		.uleb128 0xc
 649 030b 72313000 		.ascii	"r10\000"
 650 030f 08       		.byte	0x8
 651 0310 2501     		.2byte	0x125
 652 0312 9D020000 		.4byte	0x29d
 653 0316 18       		.byte	0x18
 654 0317 0C       		.uleb128 0xc
 655 0318 72313100 		.ascii	"r11\000"
 656 031c 08       		.byte	0x8
 657 031d 2601     		.2byte	0x126
 658 031f 9D020000 		.4byte	0x29d
 659 0323 1C       		.byte	0x1c
 660 0324 0C       		.uleb128 0xc
 661 0325 6C7200   		.ascii	"lr\000"
 662 0328 08       		.byte	0x8
 663 0329 2701     		.2byte	0x127
 664 032b 9D020000 		.4byte	0x29d
 665 032f 20       		.byte	0x20
 666 0330 00       		.byte	0
 667 0331 0B       		.uleb128 0xb
 668 0332 C6010000 		.4byte	.LASF54
 669 0336 04       		.byte	0x4
 670 0337 08       		.byte	0x8
 671 0338 3101     		.2byte	0x131
ARM GAS  /var/folders/4k/6h5l9jl178sb4hslwv3xp1mr0000gn/T//ccM1jPnT.s 			page 13


 672 033a 4C030000 		.4byte	0x34c
 673 033e 0C       		.uleb128 0xc
 674 033f 72313300 		.ascii	"r13\000"
 675 0343 08       		.byte	0x8
 676 0344 3201     		.2byte	0x132
 677 0346 4C030000 		.4byte	0x34c
 678 034a 00       		.byte	0
 679 034b 00       		.byte	0
 680 034c 09       		.uleb128 0x9
 681 034d 04       		.byte	0x4
 682 034e B5020000 		.4byte	0x2b5
 683 0352 04       		.uleb128 0x4
 684 0353 04       		.byte	0x4
 685 0354 07       		.byte	0x7
 686 0355 4E020000 		.4byte	.LASF55
 687 0359 03       		.uleb128 0x3
 688 035a AF010000 		.4byte	.LASF56
 689 035e 09       		.byte	0x9
 690 035f 58       		.byte	0x58
 691 0360 64030000 		.4byte	0x364
 692 0364 09       		.uleb128 0x9
 693 0365 04       		.byte	0x4
 694 0366 6A030000 		.4byte	0x36a
 695 036a 0D       		.uleb128 0xd
 696 036b 75030000 		.4byte	0x375
 697 036f 0E       		.uleb128 0xe
 698 0370 A8020000 		.4byte	0x2a8
 699 0374 00       		.byte	0
 700 0375 03       		.uleb128 0x3
 701 0376 DB040000 		.4byte	.LASF57
 702 037a 09       		.byte	0x9
 703 037b 5D       		.byte	0x5d
 704 037c 80030000 		.4byte	0x380
 705 0380 05       		.uleb128 0x5
 706 0381 DB040000 		.4byte	.LASF57
 707 0385 14       		.byte	0x14
 708 0386 09       		.byte	0x9
 709 0387 64       		.byte	0x64
 710 0388 C9030000 		.4byte	0x3c9
 711 038c 06       		.uleb128 0x6
 712 038d 8C010000 		.4byte	.LASF58
 713 0391 09       		.byte	0x9
 714 0392 65       		.byte	0x65
 715 0393 C9030000 		.4byte	0x3c9
 716 0397 00       		.byte	0
 717 0398 06       		.uleb128 0x6
 718 0399 55010000 		.4byte	.LASF59
 719 039d 09       		.byte	0x9
 720 039e 67       		.byte	0x67
 721 039f C9030000 		.4byte	0x3c9
 722 03a3 04       		.byte	0x4
 723 03a4 06       		.uleb128 0x6
 724 03a5 46020000 		.4byte	.LASF60
 725 03a9 09       		.byte	0x9
 726 03aa 69       		.byte	0x69
 727 03ab 38010000 		.4byte	0x138
 728 03af 08       		.byte	0x8
ARM GAS  /var/folders/4k/6h5l9jl178sb4hslwv3xp1mr0000gn/T//ccM1jPnT.s 			page 14


 729 03b0 06       		.uleb128 0x6
 730 03b1 57020000 		.4byte	.LASF61
 731 03b5 09       		.byte	0x9
 732 03b6 6A       		.byte	0x6a
 733 03b7 59030000 		.4byte	0x359
 734 03bb 0C       		.byte	0xc
 735 03bc 06       		.uleb128 0x6
 736 03bd 4B050000 		.4byte	.LASF62
 737 03c1 09       		.byte	0x9
 738 03c2 6C       		.byte	0x6c
 739 03c3 A8020000 		.4byte	0x2a8
 740 03c7 10       		.byte	0x10
 741 03c8 00       		.byte	0
 742 03c9 09       		.uleb128 0x9
 743 03ca 04       		.byte	0x4
 744 03cb 75030000 		.4byte	0x375
 745 03cf 08       		.uleb128 0x8
 746 03d0 10       		.byte	0x10
 747 03d1 09       		.byte	0x9
 748 03d2 76       		.byte	0x76
 749 03d3 08040000 		.4byte	0x408
 750 03d7 06       		.uleb128 0x6
 751 03d8 8C010000 		.4byte	.LASF58
 752 03dc 09       		.byte	0x9
 753 03dd 77       		.byte	0x77
 754 03de C9030000 		.4byte	0x3c9
 755 03e2 00       		.byte	0
 756 03e3 06       		.uleb128 0x6
 757 03e4 55010000 		.4byte	.LASF59
 758 03e8 09       		.byte	0x9
 759 03e9 79       		.byte	0x79
 760 03ea C9030000 		.4byte	0x3c9
 761 03ee 04       		.byte	0x4
 762 03ef 06       		.uleb128 0x6
 763 03f0 46020000 		.4byte	.LASF60
 764 03f4 09       		.byte	0x9
 765 03f5 7B       		.byte	0x7b
 766 03f6 38010000 		.4byte	0x138
 767 03fa 08       		.byte	0x8
 768 03fb 06       		.uleb128 0x6
 769 03fc 95050000 		.4byte	.LASF63
 770 0400 09       		.byte	0x9
 771 0401 7C       		.byte	0x7c
 772 0402 08040000 		.4byte	0x408
 773 0406 0C       		.byte	0xc
 774 0407 00       		.byte	0
 775 0408 0F       		.uleb128 0xf
 776 0409 38010000 		.4byte	0x138
 777 040d 03       		.uleb128 0x3
 778 040e AB050000 		.4byte	.LASF64
 779 0412 09       		.byte	0x9
 780 0413 7D       		.byte	0x7d
 781 0414 CF030000 		.4byte	0x3cf
 782 0418 08       		.uleb128 0x8
 783 0419 1C       		.byte	0x1c
 784 041a 0A       		.byte	0xa
 785 041b 5E       		.byte	0x5e
ARM GAS  /var/folders/4k/6h5l9jl178sb4hslwv3xp1mr0000gn/T//ccM1jPnT.s 			page 15


 786 041c 69040000 		.4byte	0x469
 787 0420 06       		.uleb128 0x6
 788 0421 D3040000 		.4byte	.LASF65
 789 0425 0A       		.byte	0xa
 790 0426 5F       		.byte	0x5f
 791 0427 72020000 		.4byte	0x272
 792 042b 00       		.byte	0
 793 042c 06       		.uleb128 0x6
 794 042d 0E040000 		.4byte	.LASF66
 795 0431 0A       		.byte	0xa
 796 0432 60       		.byte	0x60
 797 0433 17010000 		.4byte	0x117
 798 0437 08       		.byte	0x8
 799 0438 06       		.uleb128 0x6
 800 0439 7F020000 		.4byte	.LASF67
 801 043d 0A       		.byte	0xa
 802 043e 62       		.byte	0x62
 803 043f 31030000 		.4byte	0x331
 804 0443 0C       		.byte	0xc
 805 0444 06       		.uleb128 0x6
 806 0445 E7010000 		.4byte	.LASF68
 807 0449 0A       		.byte	0xa
 808 044a 65       		.byte	0x65
 809 044b 6C020000 		.4byte	0x26c
 810 044f 10       		.byte	0x10
 811 0450 06       		.uleb128 0x6
 812 0451 A4020000 		.4byte	.LASF69
 813 0455 0A       		.byte	0xa
 814 0456 66       		.byte	0x66
 815 0457 6C020000 		.4byte	0x26c
 816 045b 14       		.byte	0x14
 817 045c 06       		.uleb128 0x6
 818 045d 9A020000 		.4byte	.LASF70
 819 0461 0A       		.byte	0xa
 820 0462 69       		.byte	0x69
 821 0463 6C020000 		.4byte	0x26c
 822 0467 18       		.byte	0x18
 823 0468 00       		.byte	0
 824 0469 03       		.uleb128 0x3
 825 046a 64050000 		.4byte	.LASF71
 826 046e 0A       		.byte	0xa
 827 046f 6B       		.byte	0x6b
 828 0470 18040000 		.4byte	0x418
 829 0474 05       		.uleb128 0x5
 830 0475 0F020000 		.4byte	.LASF72
 831 0479 10       		.byte	0x10
 832 047a 0B       		.byte	0xb
 833 047b 2C       		.byte	0x2c
 834 047c A5040000 		.4byte	0x4a5
 835 0480 06       		.uleb128 0x6
 836 0481 F2000000 		.4byte	.LASF73
 837 0485 0B       		.byte	0xb
 838 0486 2D       		.byte	0x2d
 839 0487 72020000 		.4byte	0x272
 840 048b 00       		.byte	0
 841 048c 06       		.uleb128 0x6
 842 048d B2050000 		.4byte	.LASF74
ARM GAS  /var/folders/4k/6h5l9jl178sb4hslwv3xp1mr0000gn/T//ccM1jPnT.s 			page 16


 843 0491 0B       		.byte	0xb
 844 0492 2F       		.byte	0x2f
 845 0493 6C020000 		.4byte	0x26c
 846 0497 08       		.byte	0x8
 847 0498 06       		.uleb128 0x6
 848 0499 F8040000 		.4byte	.LASF75
 849 049d 0B       		.byte	0xb
 850 049e 31       		.byte	0x31
 851 049f A5040000 		.4byte	0x4a5
 852 04a3 0C       		.byte	0xc
 853 04a4 00       		.byte	0
 854 04a5 09       		.uleb128 0x9
 855 04a6 04       		.byte	0x4
 856 04a7 74040000 		.4byte	0x474
 857 04ab 03       		.uleb128 0x3
 858 04ac 0F020000 		.4byte	.LASF72
 859 04b0 0B       		.byte	0xb
 860 04b1 33       		.byte	0x33
 861 04b2 74040000 		.4byte	0x474
 862 04b6 10       		.uleb128 0x10
 863 04b7 04       		.byte	0x4
 864 04b8 07       		.byte	0x7
 865 04b9 96       		.byte	0x96
 866 04ba EB040000 		.4byte	0x4eb
 867 04be 11       		.uleb128 0x11
 868 04bf 22000000 		.4byte	.LASF76
 869 04c3 07       		.byte	0x7
 870 04c4 9D       		.byte	0x9d
 871 04c5 22010000 		.4byte	0x122
 872 04c9 11       		.uleb128 0x11
 873 04ca 7B000000 		.4byte	.LASF77
 874 04ce 07       		.byte	0x7
 875 04cf A4       		.byte	0xa4
 876 04d0 22010000 		.4byte	0x122
 877 04d4 11       		.uleb128 0x11
 878 04d5 87050000 		.4byte	.LASF78
 879 04d9 07       		.byte	0x7
 880 04da AB       		.byte	0xab
 881 04db A8020000 		.4byte	0x2a8
 882 04df 11       		.uleb128 0x11
 883 04e0 15040000 		.4byte	.LASF79
 884 04e4 07       		.byte	0x7
 885 04e5 B2       		.byte	0xb2
 886 04e6 2D010000 		.4byte	0x12d
 887 04ea 00       		.byte	0
 888 04eb 09       		.uleb128 0x9
 889 04ec 04       		.byte	0x4
 890 04ed F1040000 		.4byte	0x4f1
 891 04f1 12       		.uleb128 0x12
 892 04f2 F6040000 		.4byte	0x4f6
 893 04f6 04       		.uleb128 0x4
 894 04f7 01       		.byte	0x1
 895 04f8 08       		.byte	0x8
 896 04f9 E8040000 		.4byte	.LASF80
 897 04fd 09       		.uleb128 0x9
 898 04fe 04       		.byte	0x4
 899 04ff AB040000 		.4byte	0x4ab
ARM GAS  /var/folders/4k/6h5l9jl178sb4hslwv3xp1mr0000gn/T//ccM1jPnT.s 			page 17


 900 0503 03       		.uleb128 0x3
 901 0504 00000000 		.4byte	.LASF81
 902 0508 07       		.byte	0x7
 903 0509 E5       		.byte	0xe5
 904 050a 0E050000 		.4byte	0x50e
 905 050e 09       		.uleb128 0x9
 906 050f 04       		.byte	0x4
 907 0510 14050000 		.4byte	0x514
 908 0514 13       		.uleb128 0x13
 909 0515 22010000 		.4byte	0x122
 910 0519 23050000 		.4byte	0x523
 911 051d 0E       		.uleb128 0xe
 912 051e A8020000 		.4byte	0x2a8
 913 0522 00       		.byte	0
 914 0523 08       		.uleb128 0x8
 915 0524 16       		.byte	0x16
 916 0525 0C       		.byte	0xc
 917 0526 2C       		.byte	0x2c
 918 0527 04060000 		.4byte	0x604
 919 052b 06       		.uleb128 0x6
 920 052c B8010000 		.4byte	.LASF82
 921 0530 0C       		.byte	0xc
 922 0531 2D       		.byte	0x2d
 923 0532 04060000 		.4byte	0x604
 924 0536 00       		.byte	0
 925 0537 06       		.uleb128 0x6
 926 0538 32020000 		.4byte	.LASF83
 927 053c 0C       		.byte	0xc
 928 053d 2E       		.byte	0x2e
 929 053e AD000000 		.4byte	0xad
 930 0542 04       		.byte	0x4
 931 0543 06       		.uleb128 0x6
 932 0544 92020000 		.4byte	.LASF84
 933 0548 0C       		.byte	0xc
 934 0549 2F       		.byte	0x2f
 935 054a AD000000 		.4byte	0xad
 936 054e 05       		.byte	0x5
 937 054f 06       		.uleb128 0x6
 938 0550 A0050000 		.4byte	.LASF85
 939 0554 0C       		.byte	0xc
 940 0555 30       		.byte	0x30
 941 0556 B8000000 		.4byte	0xb8
 942 055a 06       		.byte	0x6
 943 055b 06       		.uleb128 0x6
 944 055c CC020000 		.4byte	.LASF86
 945 0560 0C       		.byte	0xc
 946 0561 31       		.byte	0x31
 947 0562 AD000000 		.4byte	0xad
 948 0566 08       		.byte	0x8
 949 0567 06       		.uleb128 0x6
 950 0568 5F020000 		.4byte	.LASF87
 951 056c 0C       		.byte	0xc
 952 056d 32       		.byte	0x32
 953 056e AD000000 		.4byte	0xad
 954 0572 09       		.byte	0x9
 955 0573 06       		.uleb128 0x6
 956 0574 6D000000 		.4byte	.LASF88
ARM GAS  /var/folders/4k/6h5l9jl178sb4hslwv3xp1mr0000gn/T//ccM1jPnT.s 			page 18


 957 0578 0C       		.byte	0xc
 958 0579 33       		.byte	0x33
 959 057a AD000000 		.4byte	0xad
 960 057e 0A       		.byte	0xa
 961 057f 06       		.uleb128 0x6
 962 0580 C7040000 		.4byte	.LASF89
 963 0584 0C       		.byte	0xc
 964 0585 34       		.byte	0x34
 965 0586 AD000000 		.4byte	0xad
 966 058a 0B       		.byte	0xb
 967 058b 06       		.uleb128 0x6
 968 058c 52050000 		.4byte	.LASF90
 969 0590 0C       		.byte	0xc
 970 0591 35       		.byte	0x35
 971 0592 AD000000 		.4byte	0xad
 972 0596 0C       		.byte	0xc
 973 0597 06       		.uleb128 0x6
 974 0598 6E040000 		.4byte	.LASF91
 975 059c 0C       		.byte	0xc
 976 059d 36       		.byte	0x36
 977 059e AD000000 		.4byte	0xad
 978 05a2 0D       		.byte	0xd
 979 05a3 06       		.uleb128 0x6
 980 05a4 08000000 		.4byte	.LASF92
 981 05a8 0C       		.byte	0xc
 982 05a9 37       		.byte	0x37
 983 05aa AD000000 		.4byte	0xad
 984 05ae 0E       		.byte	0xe
 985 05af 06       		.uleb128 0x6
 986 05b0 6B020000 		.4byte	.LASF93
 987 05b4 0C       		.byte	0xc
 988 05b5 38       		.byte	0x38
 989 05b6 AD000000 		.4byte	0xad
 990 05ba 0F       		.byte	0xf
 991 05bb 06       		.uleb128 0x6
 992 05bc CD000000 		.4byte	.LASF94
 993 05c0 0C       		.byte	0xc
 994 05c1 39       		.byte	0x39
 995 05c2 AD000000 		.4byte	0xad
 996 05c6 10       		.byte	0x10
 997 05c7 06       		.uleb128 0x6
 998 05c8 96000000 		.4byte	.LASF95
 999 05cc 0C       		.byte	0xc
 1000 05cd 3B       		.byte	0x3b
 1001 05ce AD000000 		.4byte	0xad
 1002 05d2 11       		.byte	0x11
 1003 05d3 06       		.uleb128 0x6
 1004 05d4 DD000000 		.4byte	.LASF96
 1005 05d8 0C       		.byte	0xc
 1006 05d9 3C       		.byte	0x3c
 1007 05da AD000000 		.4byte	0xad
 1008 05de 12       		.byte	0x12
 1009 05df 06       		.uleb128 0x6
 1010 05e0 3A020000 		.4byte	.LASF97
 1011 05e4 0C       		.byte	0xc
 1012 05e5 3D       		.byte	0x3d
 1013 05e6 AD000000 		.4byte	0xad
ARM GAS  /var/folders/4k/6h5l9jl178sb4hslwv3xp1mr0000gn/T//ccM1jPnT.s 			page 19


 1014 05ea 13       		.byte	0x13
 1015 05eb 06       		.uleb128 0x6
 1016 05ec 23040000 		.4byte	.LASF98
 1017 05f0 0C       		.byte	0xc
 1018 05f1 3E       		.byte	0x3e
 1019 05f2 AD000000 		.4byte	0xad
 1020 05f6 14       		.byte	0x14
 1021 05f7 06       		.uleb128 0x6
 1022 05f8 02040000 		.4byte	.LASF99
 1023 05fc 0C       		.byte	0xc
 1024 05fd 40       		.byte	0x40
 1025 05fe AD000000 		.4byte	0xad
 1026 0602 15       		.byte	0x15
 1027 0603 00       		.byte	0
 1028 0604 14       		.uleb128 0x14
 1029 0605 F6040000 		.4byte	0x4f6
 1030 0609 14060000 		.4byte	0x614
 1031 060d 15       		.uleb128 0x15
 1032 060e 52030000 		.4byte	0x352
 1033 0612 03       		.byte	0x3
 1034 0613 00       		.byte	0
 1035 0614 03       		.uleb128 0x3
 1036 0615 1F010000 		.4byte	.LASF100
 1037 0619 0C       		.byte	0xc
 1038 061a 41       		.byte	0x41
 1039 061b 23050000 		.4byte	0x523
 1040 061f 16       		.uleb128 0x16
 1041 0620 AC020000 		.4byte	.LASF101
 1042 0624 01       		.byte	0x1
 1043 0625 3D       		.byte	0x3d
 1044 0626 00000000 		.4byte	.LFB7
 1045 062a 14000000 		.4byte	.LFE7-.LFB7
 1046 062e 01       		.uleb128 0x1
 1047 062f 9C       		.byte	0x9c
 1048 0630 40060000 		.4byte	0x640
 1049 0634 17       		.uleb128 0x17
 1050 0635 7000     		.ascii	"p\000"
 1051 0637 01       		.byte	0x1
 1052 0638 3D       		.byte	0x3d
 1053 0639 A8020000 		.4byte	0x2a8
 1054 063d 01       		.uleb128 0x1
 1055 063e 50       		.byte	0x50
 1056 063f 00       		.byte	0
 1057 0640 16       		.uleb128 0x16
 1058 0641 5D010000 		.4byte	.LASF102
 1059 0645 01       		.byte	0x1
 1060 0646 54       		.byte	0x54
 1061 0647 00000000 		.4byte	.LFB8
 1062 064b 64000000 		.4byte	.LFE8-.LFB8
 1063 064f 01       		.uleb128 0x1
 1064 0650 9C       		.byte	0x9c
 1065 0651 F9060000 		.4byte	0x6f9
 1066 0655 18       		.uleb128 0x18
 1067 0656 84000000 		.4byte	.LASF103
 1068 065a 01       		.byte	0x1
 1069 065b 55       		.byte	0x55
 1070 065c 43010000 		.4byte	0x143
ARM GAS  /var/folders/4k/6h5l9jl178sb4hslwv3xp1mr0000gn/T//ccM1jPnT.s 			page 20


 1071 0660 05       		.uleb128 0x5
 1072 0661 03       		.byte	0x3
 1073 0662 00000000 		.4byte	mainthread.4794
 1074 0666 19       		.uleb128 0x19
 1075 0667 28000000 		.4byte	.LBB2
 1076 066b 08000000 		.4byte	.LBE2-.LBB2
 1077 066f 81060000 		.4byte	0x681
 1078 0673 1A       		.uleb128 0x1a
 1079 0674 746D7000 		.ascii	"tmp\000"
 1080 0678 01       		.byte	0x1
 1081 0679 6F       		.byte	0x6f
 1082 067a CE000000 		.4byte	0xce
 1083 067e 01       		.uleb128 0x1
 1084 067f 53       		.byte	0x53
 1085 0680 00       		.byte	0
 1086 0681 1B       		.uleb128 0x1b
 1087 0682 08000000 		.4byte	.LVL1
 1088 0686 C1070000 		.4byte	0x7c1
 1089 068a 1B       		.uleb128 0x1b
 1090 068b 0C000000 		.4byte	.LVL2
 1091 068f C9070000 		.4byte	0x7c9
 1092 0693 1B       		.uleb128 0x1b
 1093 0694 10000000 		.4byte	.LVL3
 1094 0698 D0070000 		.4byte	0x7d0
 1095 069c 1B       		.uleb128 0x1b
 1096 069d 14000000 		.4byte	.LVL4
 1097 06a1 D7070000 		.4byte	0x7d7
 1098 06a5 1B       		.uleb128 0x1b
 1099 06a6 18000000 		.4byte	.LVL5
 1100 06aa DE070000 		.4byte	0x7de
 1101 06ae 1C       		.uleb128 0x1c
 1102 06af 20000000 		.4byte	.LVL6
 1103 06b3 E5070000 		.4byte	0x7e5
 1104 06b7 CB060000 		.4byte	0x6cb
 1105 06bb 1D       		.uleb128 0x1d
 1106 06bc 01       		.uleb128 0x1
 1107 06bd 51       		.byte	0x51
 1108 06be 02       		.uleb128 0x2
 1109 06bf 08       		.byte	0x8
 1110 06c0 40       		.byte	0x40
 1111 06c1 1D       		.uleb128 0x1d
 1112 06c2 01       		.uleb128 0x1
 1113 06c3 50       		.byte	0x50
 1114 06c4 05       		.uleb128 0x5
 1115 06c5 03       		.byte	0x3
 1116 06c6 00000000 		.4byte	.LANCHOR0
 1117 06ca 00       		.byte	0
 1118 06cb 1E       		.uleb128 0x1e
 1119 06cc 48000000 		.4byte	.LVL7
 1120 06d0 00080000 		.4byte	0x800
 1121 06d4 1D       		.uleb128 0x1d
 1122 06d5 01       		.uleb128 0x1
 1123 06d6 53       		.byte	0x53
 1124 06d7 05       		.uleb128 0x5
 1125 06d8 03       		.byte	0x3
 1126 06d9 00000000 		.4byte	_idle_thread
 1127 06dd 1D       		.uleb128 0x1d
ARM GAS  /var/folders/4k/6h5l9jl178sb4hslwv3xp1mr0000gn/T//ccM1jPnT.s 			page 21


 1128 06de 01       		.uleb128 0x1
 1129 06df 52       		.byte	0x52
 1130 06e0 01       		.uleb128 0x1
 1131 06e1 31       		.byte	0x31
 1132 06e2 1D       		.uleb128 0x1d
 1133 06e3 01       		.uleb128 0x1
 1134 06e4 51       		.byte	0x51
 1135 06e5 02       		.uleb128 0x2
 1136 06e6 08       		.byte	0x8
 1137 06e7 E0       		.byte	0xe0
 1138 06e8 1D       		.uleb128 0x1d
 1139 06e9 01       		.uleb128 0x1
 1140 06ea 50       		.byte	0x50
 1141 06eb 05       		.uleb128 0x5
 1142 06ec 03       		.byte	0x3
 1143 06ed 00000000 		.4byte	.LANCHOR1
 1144 06f1 1D       		.uleb128 0x1d
 1145 06f2 02       		.uleb128 0x2
 1146 06f3 7D       		.byte	0x7d
 1147 06f4 00       		.sleb128 0
 1148 06f5 01       		.uleb128 0x1
 1149 06f6 30       		.byte	0x30
 1150 06f7 00       		.byte	0
 1151 06f8 00       		.byte	0
 1152 06f9 16       		.uleb128 0x16
 1153 06fa 43000000 		.4byte	.LASF104
 1154 06fe 01       		.byte	0x1
 1155 06ff 89       		.byte	0x89
 1156 0700 00000000 		.4byte	.LFB9
 1157 0704 5C000000 		.4byte	.LFE9-.LFB9
 1158 0708 01       		.uleb128 0x1
 1159 0709 9C       		.byte	0x9c
 1160 070a 7A070000 		.4byte	0x77a
 1161 070e 1F       		.uleb128 0x1f
 1162 070f 22000000 		.4byte	.LBB3
 1163 0713 3A000000 		.4byte	.LBE3-.LBB3
 1164 0717 20       		.uleb128 0x20
 1165 0718 76747000 		.ascii	"vtp\000"
 1166 071c 01       		.byte	0x1
 1167 071d 96       		.byte	0x96
 1168 071e C9030000 		.4byte	0x3c9
 1169 0722 00000000 		.4byte	.LLST0
 1170 0726 1F       		.uleb128 0x1f
 1171 0727 2C000000 		.4byte	.LBB4
 1172 072b 1A000000 		.4byte	.LBE4-.LBB4
 1173 072f 20       		.uleb128 0x20
 1174 0730 666E00   		.ascii	"fn\000"
 1175 0733 01       		.byte	0x1
 1176 0734 96       		.byte	0x96
 1177 0735 59030000 		.4byte	0x359
 1178 0739 1E000000 		.4byte	.LLST1
 1179 073d 21       		.uleb128 0x21
 1180 073e 00000000 		.4byte	.Ldebug_ranges0+0
 1181 0742 54070000 		.4byte	0x754
 1182 0746 1A       		.uleb128 0x1a
 1183 0747 746D7000 		.ascii	"tmp\000"
 1184 074b 01       		.byte	0x1
ARM GAS  /var/folders/4k/6h5l9jl178sb4hslwv3xp1mr0000gn/T//ccM1jPnT.s 			page 22


 1185 074c 96       		.byte	0x96
 1186 074d CE000000 		.4byte	0xce
 1187 0751 01       		.uleb128 0x1
 1188 0752 53       		.byte	0x53
 1189 0753 00       		.byte	0
 1190 0754 19       		.uleb128 0x19
 1191 0755 40000000 		.4byte	.LBB7
 1192 0759 06000000 		.4byte	.LBE7-.LBB7
 1193 075d 6F070000 		.4byte	0x76f
 1194 0761 1A       		.uleb128 0x1a
 1195 0762 746D7000 		.ascii	"tmp\000"
 1196 0766 01       		.byte	0x1
 1197 0767 96       		.byte	0x96
 1198 0768 CE000000 		.4byte	0xce
 1199 076c 01       		.uleb128 0x1
 1200 076d 53       		.byte	0x53
 1201 076e 00       		.byte	0
 1202 076f 22       		.uleb128 0x22
 1203 0770 40000000 		.4byte	.LVL10
 1204 0774 02       		.uleb128 0x2
 1205 0775 74       		.byte	0x74
 1206 0776 00       		.sleb128 0
 1207 0777 00       		.byte	0
 1208 0778 00       		.byte	0
 1209 0779 00       		.byte	0
 1210 077a 23       		.uleb128 0x23
 1211 077b 3C000000 		.4byte	.LASF105
 1212 077f 09       		.byte	0x9
 1213 0780 F5       		.byte	0xf5
 1214 0781 0D040000 		.4byte	0x40d
 1215 0785 23       		.uleb128 0x23
 1216 0786 6E050000 		.4byte	.LASF106
 1217 078a 0A       		.byte	0xa
 1218 078b 6F       		.byte	0x6f
 1219 078c 69040000 		.4byte	0x469
 1220 0790 23       		.uleb128 0x23
 1221 0791 A6010000 		.4byte	.LASF107
 1222 0795 0C       		.byte	0xc
 1223 0796 7E       		.byte	0x7e
 1224 0797 9B070000 		.4byte	0x79b
 1225 079b 12       		.uleb128 0x12
 1226 079c 14060000 		.4byte	0x614
 1227 07a0 14       		.uleb128 0x14
 1228 07a1 AA020000 		.4byte	0x2aa
 1229 07a5 B0070000 		.4byte	0x7b0
 1230 07a9 15       		.uleb128 0x15
 1231 07aa 52030000 		.4byte	0x352
 1232 07ae 1B       		.byte	0x1b
 1233 07af 00       		.byte	0
 1234 07b0 24       		.uleb128 0x24
 1235 07b1 31010000 		.4byte	.LASF108
 1236 07b5 01       		.byte	0x1
 1237 07b6 31       		.byte	0x31
 1238 07b7 A0070000 		.4byte	0x7a0
 1239 07bb 05       		.uleb128 0x5
 1240 07bc 03       		.byte	0x3
 1241 07bd 00000000 		.4byte	_idle_thread_wa
ARM GAS  /var/folders/4k/6h5l9jl178sb4hslwv3xp1mr0000gn/T//ccM1jPnT.s 			page 23


 1242 07c1 25       		.uleb128 0x25
 1243 07c2 7C050000 		.4byte	.LASF109
 1244 07c6 08       		.byte	0x8
 1245 07c7 0202     		.2byte	0x202
 1246 07c9 26       		.uleb128 0x26
 1247 07ca A3000000 		.4byte	.LASF110
 1248 07ce 0A       		.byte	0xa
 1249 07cf 8E       		.byte	0x8e
 1250 07d0 26       		.uleb128 0x26
 1251 07d1 29050000 		.4byte	.LASF111
 1252 07d5 09       		.byte	0x9
 1253 07d6 FD       		.byte	0xfd
 1254 07d7 26       		.uleb128 0x26
 1255 07d8 1E050000 		.4byte	.LASF112
 1256 07dc 0D       		.byte	0xd
 1257 07dd 51       		.byte	0x51
 1258 07de 26       		.uleb128 0x26
 1259 07df 67010000 		.4byte	.LASF113
 1260 07e3 0E       		.byte	0xe
 1261 07e4 55       		.byte	0x55
 1262 07e5 27       		.uleb128 0x27
 1263 07e6 7F010000 		.4byte	.LASF117
 1264 07ea 07       		.byte	0x7
 1265 07eb 6A01     		.2byte	0x16a
 1266 07ed 6C020000 		.4byte	0x26c
 1267 07f1 00080000 		.4byte	0x800
 1268 07f5 0E       		.uleb128 0xe
 1269 07f6 6C020000 		.4byte	0x26c
 1270 07fa 0E       		.uleb128 0xe
 1271 07fb 17010000 		.4byte	0x117
 1272 07ff 00       		.byte	0
 1273 0800 28       		.uleb128 0x28
 1274 0801 20020000 		.4byte	.LASF118
 1275 0805 07       		.byte	0x7
 1276 0806 7001     		.2byte	0x170
 1277 0808 6C020000 		.4byte	0x26c
 1278 080c 0E       		.uleb128 0xe
 1279 080d A8020000 		.4byte	0x2a8
 1280 0811 0E       		.uleb128 0xe
 1281 0812 2C000000 		.4byte	0x2c
 1282 0816 0E       		.uleb128 0xe
 1283 0817 17010000 		.4byte	0x117
 1284 081b 0E       		.uleb128 0xe
 1285 081c 03050000 		.4byte	0x503
 1286 0820 0E       		.uleb128 0xe
 1287 0821 A8020000 		.4byte	0x2a8
 1288 0825 00       		.byte	0
 1289 0826 00       		.byte	0
 1290              		.section	.debug_abbrev,"",%progbits
 1291              	.Ldebug_abbrev0:
 1292 0000 01       		.uleb128 0x1
 1293 0001 11       		.uleb128 0x11
 1294 0002 01       		.byte	0x1
 1295 0003 25       		.uleb128 0x25
 1296 0004 0E       		.uleb128 0xe
 1297 0005 13       		.uleb128 0x13
 1298 0006 0B       		.uleb128 0xb
ARM GAS  /var/folders/4k/6h5l9jl178sb4hslwv3xp1mr0000gn/T//ccM1jPnT.s 			page 24


 1299 0007 03       		.uleb128 0x3
 1300 0008 0E       		.uleb128 0xe
 1301 0009 1B       		.uleb128 0x1b
 1302 000a 0E       		.uleb128 0xe
 1303 000b 55       		.uleb128 0x55
 1304 000c 17       		.uleb128 0x17
 1305 000d 11       		.uleb128 0x11
 1306 000e 01       		.uleb128 0x1
 1307 000f 10       		.uleb128 0x10
 1308 0010 17       		.uleb128 0x17
 1309 0011 00       		.byte	0
 1310 0012 00       		.byte	0
 1311 0013 02       		.uleb128 0x2
 1312 0014 24       		.uleb128 0x24
 1313 0015 00       		.byte	0
 1314 0016 0B       		.uleb128 0xb
 1315 0017 0B       		.uleb128 0xb
 1316 0018 3E       		.uleb128 0x3e
 1317 0019 0B       		.uleb128 0xb
 1318 001a 03       		.uleb128 0x3
 1319 001b 08       		.uleb128 0x8
 1320 001c 00       		.byte	0
 1321 001d 00       		.byte	0
 1322 001e 03       		.uleb128 0x3
 1323 001f 16       		.uleb128 0x16
 1324 0020 00       		.byte	0
 1325 0021 03       		.uleb128 0x3
 1326 0022 0E       		.uleb128 0xe
 1327 0023 3A       		.uleb128 0x3a
 1328 0024 0B       		.uleb128 0xb
 1329 0025 3B       		.uleb128 0x3b
 1330 0026 0B       		.uleb128 0xb
 1331 0027 49       		.uleb128 0x49
 1332 0028 13       		.uleb128 0x13
 1333 0029 00       		.byte	0
 1334 002a 00       		.byte	0
 1335 002b 04       		.uleb128 0x4
 1336 002c 24       		.uleb128 0x24
 1337 002d 00       		.byte	0
 1338 002e 0B       		.uleb128 0xb
 1339 002f 0B       		.uleb128 0xb
 1340 0030 3E       		.uleb128 0x3e
 1341 0031 0B       		.uleb128 0xb
 1342 0032 03       		.uleb128 0x3
 1343 0033 0E       		.uleb128 0xe
 1344 0034 00       		.byte	0
 1345 0035 00       		.byte	0
 1346 0036 05       		.uleb128 0x5
 1347 0037 13       		.uleb128 0x13
 1348 0038 01       		.byte	0x1
 1349 0039 03       		.uleb128 0x3
 1350 003a 0E       		.uleb128 0xe
 1351 003b 0B       		.uleb128 0xb
 1352 003c 0B       		.uleb128 0xb
 1353 003d 3A       		.uleb128 0x3a
 1354 003e 0B       		.uleb128 0xb
 1355 003f 3B       		.uleb128 0x3b
ARM GAS  /var/folders/4k/6h5l9jl178sb4hslwv3xp1mr0000gn/T//ccM1jPnT.s 			page 25


 1356 0040 0B       		.uleb128 0xb
 1357 0041 01       		.uleb128 0x1
 1358 0042 13       		.uleb128 0x13
 1359 0043 00       		.byte	0
 1360 0044 00       		.byte	0
 1361 0045 06       		.uleb128 0x6
 1362 0046 0D       		.uleb128 0xd
 1363 0047 00       		.byte	0
 1364 0048 03       		.uleb128 0x3
 1365 0049 0E       		.uleb128 0xe
 1366 004a 3A       		.uleb128 0x3a
 1367 004b 0B       		.uleb128 0xb
 1368 004c 3B       		.uleb128 0x3b
 1369 004d 0B       		.uleb128 0xb
 1370 004e 49       		.uleb128 0x49
 1371 004f 13       		.uleb128 0x13
 1372 0050 38       		.uleb128 0x38
 1373 0051 0B       		.uleb128 0xb
 1374 0052 00       		.byte	0
 1375 0053 00       		.byte	0
 1376 0054 07       		.uleb128 0x7
 1377 0055 0D       		.uleb128 0xd
 1378 0056 00       		.byte	0
 1379 0057 03       		.uleb128 0x3
 1380 0058 08       		.uleb128 0x8
 1381 0059 3A       		.uleb128 0x3a
 1382 005a 0B       		.uleb128 0xb
 1383 005b 3B       		.uleb128 0x3b
 1384 005c 0B       		.uleb128 0xb
 1385 005d 49       		.uleb128 0x49
 1386 005e 13       		.uleb128 0x13
 1387 005f 38       		.uleb128 0x38
 1388 0060 0B       		.uleb128 0xb
 1389 0061 00       		.byte	0
 1390 0062 00       		.byte	0
 1391 0063 08       		.uleb128 0x8
 1392 0064 13       		.uleb128 0x13
 1393 0065 01       		.byte	0x1
 1394 0066 0B       		.uleb128 0xb
 1395 0067 0B       		.uleb128 0xb
 1396 0068 3A       		.uleb128 0x3a
 1397 0069 0B       		.uleb128 0xb
 1398 006a 3B       		.uleb128 0x3b
 1399 006b 0B       		.uleb128 0xb
 1400 006c 01       		.uleb128 0x1
 1401 006d 13       		.uleb128 0x13
 1402 006e 00       		.byte	0
 1403 006f 00       		.byte	0
 1404 0070 09       		.uleb128 0x9
 1405 0071 0F       		.uleb128 0xf
 1406 0072 00       		.byte	0
 1407 0073 0B       		.uleb128 0xb
 1408 0074 0B       		.uleb128 0xb
 1409 0075 49       		.uleb128 0x49
 1410 0076 13       		.uleb128 0x13
 1411 0077 00       		.byte	0
 1412 0078 00       		.byte	0
ARM GAS  /var/folders/4k/6h5l9jl178sb4hslwv3xp1mr0000gn/T//ccM1jPnT.s 			page 26


 1413 0079 0A       		.uleb128 0xa
 1414 007a 0F       		.uleb128 0xf
 1415 007b 00       		.byte	0
 1416 007c 0B       		.uleb128 0xb
 1417 007d 0B       		.uleb128 0xb
 1418 007e 00       		.byte	0
 1419 007f 00       		.byte	0
 1420 0080 0B       		.uleb128 0xb
 1421 0081 13       		.uleb128 0x13
 1422 0082 01       		.byte	0x1
 1423 0083 03       		.uleb128 0x3
 1424 0084 0E       		.uleb128 0xe
 1425 0085 0B       		.uleb128 0xb
 1426 0086 0B       		.uleb128 0xb
 1427 0087 3A       		.uleb128 0x3a
 1428 0088 0B       		.uleb128 0xb
 1429 0089 3B       		.uleb128 0x3b
 1430 008a 05       		.uleb128 0x5
 1431 008b 01       		.uleb128 0x1
 1432 008c 13       		.uleb128 0x13
 1433 008d 00       		.byte	0
 1434 008e 00       		.byte	0
 1435 008f 0C       		.uleb128 0xc
 1436 0090 0D       		.uleb128 0xd
 1437 0091 00       		.byte	0
 1438 0092 03       		.uleb128 0x3
 1439 0093 08       		.uleb128 0x8
 1440 0094 3A       		.uleb128 0x3a
 1441 0095 0B       		.uleb128 0xb
 1442 0096 3B       		.uleb128 0x3b
 1443 0097 05       		.uleb128 0x5
 1444 0098 49       		.uleb128 0x49
 1445 0099 13       		.uleb128 0x13
 1446 009a 38       		.uleb128 0x38
 1447 009b 0B       		.uleb128 0xb
 1448 009c 00       		.byte	0
 1449 009d 00       		.byte	0
 1450 009e 0D       		.uleb128 0xd
 1451 009f 15       		.uleb128 0x15
 1452 00a0 01       		.byte	0x1
 1453 00a1 27       		.uleb128 0x27
 1454 00a2 19       		.uleb128 0x19
 1455 00a3 01       		.uleb128 0x1
 1456 00a4 13       		.uleb128 0x13
 1457 00a5 00       		.byte	0
 1458 00a6 00       		.byte	0
 1459 00a7 0E       		.uleb128 0xe
 1460 00a8 05       		.uleb128 0x5
 1461 00a9 00       		.byte	0
 1462 00aa 49       		.uleb128 0x49
 1463 00ab 13       		.uleb128 0x13
 1464 00ac 00       		.byte	0
 1465 00ad 00       		.byte	0
 1466 00ae 0F       		.uleb128 0xf
 1467 00af 35       		.uleb128 0x35
 1468 00b0 00       		.byte	0
 1469 00b1 49       		.uleb128 0x49
ARM GAS  /var/folders/4k/6h5l9jl178sb4hslwv3xp1mr0000gn/T//ccM1jPnT.s 			page 27


 1470 00b2 13       		.uleb128 0x13
 1471 00b3 00       		.byte	0
 1472 00b4 00       		.byte	0
 1473 00b5 10       		.uleb128 0x10
 1474 00b6 17       		.uleb128 0x17
 1475 00b7 01       		.byte	0x1
 1476 00b8 0B       		.uleb128 0xb
 1477 00b9 0B       		.uleb128 0xb
 1478 00ba 3A       		.uleb128 0x3a
 1479 00bb 0B       		.uleb128 0xb
 1480 00bc 3B       		.uleb128 0x3b
 1481 00bd 0B       		.uleb128 0xb
 1482 00be 01       		.uleb128 0x1
 1483 00bf 13       		.uleb128 0x13
 1484 00c0 00       		.byte	0
 1485 00c1 00       		.byte	0
 1486 00c2 11       		.uleb128 0x11
 1487 00c3 0D       		.uleb128 0xd
 1488 00c4 00       		.byte	0
 1489 00c5 03       		.uleb128 0x3
 1490 00c6 0E       		.uleb128 0xe
 1491 00c7 3A       		.uleb128 0x3a
 1492 00c8 0B       		.uleb128 0xb
 1493 00c9 3B       		.uleb128 0x3b
 1494 00ca 0B       		.uleb128 0xb
 1495 00cb 49       		.uleb128 0x49
 1496 00cc 13       		.uleb128 0x13
 1497 00cd 00       		.byte	0
 1498 00ce 00       		.byte	0
 1499 00cf 12       		.uleb128 0x12
 1500 00d0 26       		.uleb128 0x26
 1501 00d1 00       		.byte	0
 1502 00d2 49       		.uleb128 0x49
 1503 00d3 13       		.uleb128 0x13
 1504 00d4 00       		.byte	0
 1505 00d5 00       		.byte	0
 1506 00d6 13       		.uleb128 0x13
 1507 00d7 15       		.uleb128 0x15
 1508 00d8 01       		.byte	0x1
 1509 00d9 27       		.uleb128 0x27
 1510 00da 19       		.uleb128 0x19
 1511 00db 49       		.uleb128 0x49
 1512 00dc 13       		.uleb128 0x13
 1513 00dd 01       		.uleb128 0x1
 1514 00de 13       		.uleb128 0x13
 1515 00df 00       		.byte	0
 1516 00e0 00       		.byte	0
 1517 00e1 14       		.uleb128 0x14
 1518 00e2 01       		.uleb128 0x1
 1519 00e3 01       		.byte	0x1
 1520 00e4 49       		.uleb128 0x49
 1521 00e5 13       		.uleb128 0x13
 1522 00e6 01       		.uleb128 0x1
 1523 00e7 13       		.uleb128 0x13
 1524 00e8 00       		.byte	0
 1525 00e9 00       		.byte	0
 1526 00ea 15       		.uleb128 0x15
ARM GAS  /var/folders/4k/6h5l9jl178sb4hslwv3xp1mr0000gn/T//ccM1jPnT.s 			page 28


 1527 00eb 21       		.uleb128 0x21
 1528 00ec 00       		.byte	0
 1529 00ed 49       		.uleb128 0x49
 1530 00ee 13       		.uleb128 0x13
 1531 00ef 2F       		.uleb128 0x2f
 1532 00f0 0B       		.uleb128 0xb
 1533 00f1 00       		.byte	0
 1534 00f2 00       		.byte	0
 1535 00f3 16       		.uleb128 0x16
 1536 00f4 2E       		.uleb128 0x2e
 1537 00f5 01       		.byte	0x1
 1538 00f6 3F       		.uleb128 0x3f
 1539 00f7 19       		.uleb128 0x19
 1540 00f8 03       		.uleb128 0x3
 1541 00f9 0E       		.uleb128 0xe
 1542 00fa 3A       		.uleb128 0x3a
 1543 00fb 0B       		.uleb128 0xb
 1544 00fc 3B       		.uleb128 0x3b
 1545 00fd 0B       		.uleb128 0xb
 1546 00fe 27       		.uleb128 0x27
 1547 00ff 19       		.uleb128 0x19
 1548 0100 11       		.uleb128 0x11
 1549 0101 01       		.uleb128 0x1
 1550 0102 12       		.uleb128 0x12
 1551 0103 06       		.uleb128 0x6
 1552 0104 40       		.uleb128 0x40
 1553 0105 18       		.uleb128 0x18
 1554 0106 9742     		.uleb128 0x2117
 1555 0108 19       		.uleb128 0x19
 1556 0109 01       		.uleb128 0x1
 1557 010a 13       		.uleb128 0x13
 1558 010b 00       		.byte	0
 1559 010c 00       		.byte	0
 1560 010d 17       		.uleb128 0x17
 1561 010e 05       		.uleb128 0x5
 1562 010f 00       		.byte	0
 1563 0110 03       		.uleb128 0x3
 1564 0111 08       		.uleb128 0x8
 1565 0112 3A       		.uleb128 0x3a
 1566 0113 0B       		.uleb128 0xb
 1567 0114 3B       		.uleb128 0x3b
 1568 0115 0B       		.uleb128 0xb
 1569 0116 49       		.uleb128 0x49
 1570 0117 13       		.uleb128 0x13
 1571 0118 02       		.uleb128 0x2
 1572 0119 18       		.uleb128 0x18
 1573 011a 00       		.byte	0
 1574 011b 00       		.byte	0
 1575 011c 18       		.uleb128 0x18
 1576 011d 34       		.uleb128 0x34
 1577 011e 00       		.byte	0
 1578 011f 03       		.uleb128 0x3
 1579 0120 0E       		.uleb128 0xe
 1580 0121 3A       		.uleb128 0x3a
 1581 0122 0B       		.uleb128 0xb
 1582 0123 3B       		.uleb128 0x3b
 1583 0124 0B       		.uleb128 0xb
ARM GAS  /var/folders/4k/6h5l9jl178sb4hslwv3xp1mr0000gn/T//ccM1jPnT.s 			page 29


 1584 0125 49       		.uleb128 0x49
 1585 0126 13       		.uleb128 0x13
 1586 0127 02       		.uleb128 0x2
 1587 0128 18       		.uleb128 0x18
 1588 0129 00       		.byte	0
 1589 012a 00       		.byte	0
 1590 012b 19       		.uleb128 0x19
 1591 012c 0B       		.uleb128 0xb
 1592 012d 01       		.byte	0x1
 1593 012e 11       		.uleb128 0x11
 1594 012f 01       		.uleb128 0x1
 1595 0130 12       		.uleb128 0x12
 1596 0131 06       		.uleb128 0x6
 1597 0132 01       		.uleb128 0x1
 1598 0133 13       		.uleb128 0x13
 1599 0134 00       		.byte	0
 1600 0135 00       		.byte	0
 1601 0136 1A       		.uleb128 0x1a
 1602 0137 34       		.uleb128 0x34
 1603 0138 00       		.byte	0
 1604 0139 03       		.uleb128 0x3
 1605 013a 08       		.uleb128 0x8
 1606 013b 3A       		.uleb128 0x3a
 1607 013c 0B       		.uleb128 0xb
 1608 013d 3B       		.uleb128 0x3b
 1609 013e 0B       		.uleb128 0xb
 1610 013f 49       		.uleb128 0x49
 1611 0140 13       		.uleb128 0x13
 1612 0141 02       		.uleb128 0x2
 1613 0142 18       		.uleb128 0x18
 1614 0143 00       		.byte	0
 1615 0144 00       		.byte	0
 1616 0145 1B       		.uleb128 0x1b
 1617 0146 898201   		.uleb128 0x4109
 1618 0149 00       		.byte	0
 1619 014a 11       		.uleb128 0x11
 1620 014b 01       		.uleb128 0x1
 1621 014c 31       		.uleb128 0x31
 1622 014d 13       		.uleb128 0x13
 1623 014e 00       		.byte	0
 1624 014f 00       		.byte	0
 1625 0150 1C       		.uleb128 0x1c
 1626 0151 898201   		.uleb128 0x4109
 1627 0154 01       		.byte	0x1
 1628 0155 11       		.uleb128 0x11
 1629 0156 01       		.uleb128 0x1
 1630 0157 31       		.uleb128 0x31
 1631 0158 13       		.uleb128 0x13
 1632 0159 01       		.uleb128 0x1
 1633 015a 13       		.uleb128 0x13
 1634 015b 00       		.byte	0
 1635 015c 00       		.byte	0
 1636 015d 1D       		.uleb128 0x1d
 1637 015e 8A8201   		.uleb128 0x410a
 1638 0161 00       		.byte	0
 1639 0162 02       		.uleb128 0x2
 1640 0163 18       		.uleb128 0x18
ARM GAS  /var/folders/4k/6h5l9jl178sb4hslwv3xp1mr0000gn/T//ccM1jPnT.s 			page 30


 1641 0164 9142     		.uleb128 0x2111
 1642 0166 18       		.uleb128 0x18
 1643 0167 00       		.byte	0
 1644 0168 00       		.byte	0
 1645 0169 1E       		.uleb128 0x1e
 1646 016a 898201   		.uleb128 0x4109
 1647 016d 01       		.byte	0x1
 1648 016e 11       		.uleb128 0x11
 1649 016f 01       		.uleb128 0x1
 1650 0170 31       		.uleb128 0x31
 1651 0171 13       		.uleb128 0x13
 1652 0172 00       		.byte	0
 1653 0173 00       		.byte	0
 1654 0174 1F       		.uleb128 0x1f
 1655 0175 0B       		.uleb128 0xb
 1656 0176 01       		.byte	0x1
 1657 0177 11       		.uleb128 0x11
 1658 0178 01       		.uleb128 0x1
 1659 0179 12       		.uleb128 0x12
 1660 017a 06       		.uleb128 0x6
 1661 017b 00       		.byte	0
 1662 017c 00       		.byte	0
 1663 017d 20       		.uleb128 0x20
 1664 017e 34       		.uleb128 0x34
 1665 017f 00       		.byte	0
 1666 0180 03       		.uleb128 0x3
 1667 0181 08       		.uleb128 0x8
 1668 0182 3A       		.uleb128 0x3a
 1669 0183 0B       		.uleb128 0xb
 1670 0184 3B       		.uleb128 0x3b
 1671 0185 0B       		.uleb128 0xb
 1672 0186 49       		.uleb128 0x49
 1673 0187 13       		.uleb128 0x13
 1674 0188 02       		.uleb128 0x2
 1675 0189 17       		.uleb128 0x17
 1676 018a 00       		.byte	0
 1677 018b 00       		.byte	0
 1678 018c 21       		.uleb128 0x21
 1679 018d 0B       		.uleb128 0xb
 1680 018e 01       		.byte	0x1
 1681 018f 55       		.uleb128 0x55
 1682 0190 17       		.uleb128 0x17
 1683 0191 01       		.uleb128 0x1
 1684 0192 13       		.uleb128 0x13
 1685 0193 00       		.byte	0
 1686 0194 00       		.byte	0
 1687 0195 22       		.uleb128 0x22
 1688 0196 898201   		.uleb128 0x4109
 1689 0199 00       		.byte	0
 1690 019a 11       		.uleb128 0x11
 1691 019b 01       		.uleb128 0x1
 1692 019c 9342     		.uleb128 0x2113
 1693 019e 18       		.uleb128 0x18
 1694 019f 00       		.byte	0
 1695 01a0 00       		.byte	0
 1696 01a1 23       		.uleb128 0x23
 1697 01a2 34       		.uleb128 0x34
ARM GAS  /var/folders/4k/6h5l9jl178sb4hslwv3xp1mr0000gn/T//ccM1jPnT.s 			page 31


 1698 01a3 00       		.byte	0
 1699 01a4 03       		.uleb128 0x3
 1700 01a5 0E       		.uleb128 0xe
 1701 01a6 3A       		.uleb128 0x3a
 1702 01a7 0B       		.uleb128 0xb
 1703 01a8 3B       		.uleb128 0x3b
 1704 01a9 0B       		.uleb128 0xb
 1705 01aa 49       		.uleb128 0x49
 1706 01ab 13       		.uleb128 0x13
 1707 01ac 3F       		.uleb128 0x3f
 1708 01ad 19       		.uleb128 0x19
 1709 01ae 3C       		.uleb128 0x3c
 1710 01af 19       		.uleb128 0x19
 1711 01b0 00       		.byte	0
 1712 01b1 00       		.byte	0
 1713 01b2 24       		.uleb128 0x24
 1714 01b3 34       		.uleb128 0x34
 1715 01b4 00       		.byte	0
 1716 01b5 03       		.uleb128 0x3
 1717 01b6 0E       		.uleb128 0xe
 1718 01b7 3A       		.uleb128 0x3a
 1719 01b8 0B       		.uleb128 0xb
 1720 01b9 3B       		.uleb128 0x3b
 1721 01ba 0B       		.uleb128 0xb
 1722 01bb 49       		.uleb128 0x49
 1723 01bc 13       		.uleb128 0x13
 1724 01bd 3F       		.uleb128 0x3f
 1725 01be 19       		.uleb128 0x19
 1726 01bf 02       		.uleb128 0x2
 1727 01c0 18       		.uleb128 0x18
 1728 01c1 00       		.byte	0
 1729 01c2 00       		.byte	0
 1730 01c3 25       		.uleb128 0x25
 1731 01c4 2E       		.uleb128 0x2e
 1732 01c5 00       		.byte	0
 1733 01c6 3F       		.uleb128 0x3f
 1734 01c7 19       		.uleb128 0x19
 1735 01c8 03       		.uleb128 0x3
 1736 01c9 0E       		.uleb128 0xe
 1737 01ca 3A       		.uleb128 0x3a
 1738 01cb 0B       		.uleb128 0xb
 1739 01cc 3B       		.uleb128 0x3b
 1740 01cd 05       		.uleb128 0x5
 1741 01ce 27       		.uleb128 0x27
 1742 01cf 19       		.uleb128 0x19
 1743 01d0 3C       		.uleb128 0x3c
 1744 01d1 19       		.uleb128 0x19
 1745 01d2 00       		.byte	0
 1746 01d3 00       		.byte	0
 1747 01d4 26       		.uleb128 0x26
 1748 01d5 2E       		.uleb128 0x2e
 1749 01d6 00       		.byte	0
 1750 01d7 3F       		.uleb128 0x3f
 1751 01d8 19       		.uleb128 0x19
 1752 01d9 03       		.uleb128 0x3
 1753 01da 0E       		.uleb128 0xe
 1754 01db 3A       		.uleb128 0x3a
ARM GAS  /var/folders/4k/6h5l9jl178sb4hslwv3xp1mr0000gn/T//ccM1jPnT.s 			page 32


 1755 01dc 0B       		.uleb128 0xb
 1756 01dd 3B       		.uleb128 0x3b
 1757 01de 0B       		.uleb128 0xb
 1758 01df 27       		.uleb128 0x27
 1759 01e0 19       		.uleb128 0x19
 1760 01e1 3C       		.uleb128 0x3c
 1761 01e2 19       		.uleb128 0x19
 1762 01e3 00       		.byte	0
 1763 01e4 00       		.byte	0
 1764 01e5 27       		.uleb128 0x27
 1765 01e6 2E       		.uleb128 0x2e
 1766 01e7 01       		.byte	0x1
 1767 01e8 3F       		.uleb128 0x3f
 1768 01e9 19       		.uleb128 0x19
 1769 01ea 03       		.uleb128 0x3
 1770 01eb 0E       		.uleb128 0xe
 1771 01ec 3A       		.uleb128 0x3a
 1772 01ed 0B       		.uleb128 0xb
 1773 01ee 3B       		.uleb128 0x3b
 1774 01ef 05       		.uleb128 0x5
 1775 01f0 27       		.uleb128 0x27
 1776 01f1 19       		.uleb128 0x19
 1777 01f2 49       		.uleb128 0x49
 1778 01f3 13       		.uleb128 0x13
 1779 01f4 3C       		.uleb128 0x3c
 1780 01f5 19       		.uleb128 0x19
 1781 01f6 01       		.uleb128 0x1
 1782 01f7 13       		.uleb128 0x13
 1783 01f8 00       		.byte	0
 1784 01f9 00       		.byte	0
 1785 01fa 28       		.uleb128 0x28
 1786 01fb 2E       		.uleb128 0x2e
 1787 01fc 01       		.byte	0x1
 1788 01fd 3F       		.uleb128 0x3f
 1789 01fe 19       		.uleb128 0x19
 1790 01ff 03       		.uleb128 0x3
 1791 0200 0E       		.uleb128 0xe
 1792 0201 3A       		.uleb128 0x3a
 1793 0202 0B       		.uleb128 0xb
 1794 0203 3B       		.uleb128 0x3b
 1795 0204 05       		.uleb128 0x5
 1796 0205 27       		.uleb128 0x27
 1797 0206 19       		.uleb128 0x19
 1798 0207 49       		.uleb128 0x49
 1799 0208 13       		.uleb128 0x13
 1800 0209 3C       		.uleb128 0x3c
 1801 020a 19       		.uleb128 0x19
 1802 020b 00       		.byte	0
 1803 020c 00       		.byte	0
 1804 020d 00       		.byte	0
 1805              		.section	.debug_loc,"",%progbits
 1806              	.Ldebug_loc0:
 1807              	.LLST0:
 1808 0000 28000000 		.4byte	.LVL8
 1809 0004 3F000000 		.4byte	.LVL10-1
 1810 0008 0100     		.2byte	0x1
 1811 000a 52       		.byte	0x52
ARM GAS  /var/folders/4k/6h5l9jl178sb4hslwv3xp1mr0000gn/T//ccM1jPnT.s 			page 33


 1812 000b 48000000 		.4byte	.LVL11
 1813 000f 50000000 		.4byte	.LVL12
 1814 0013 0100     		.2byte	0x1
 1815 0015 52       		.byte	0x52
 1816 0016 00000000 		.4byte	0
 1817 001a 00000000 		.4byte	0
 1818              	.LLST1:
 1819 001e 30000000 		.4byte	.LVL9
 1820 0022 50000000 		.4byte	.LVL12
 1821 0026 0100     		.2byte	0x1
 1822 0028 54       		.byte	0x54
 1823 0029 00000000 		.4byte	0
 1824 002d 00000000 		.4byte	0
 1825              		.section	.debug_aranges,"",%progbits
 1826 0000 2C000000 		.4byte	0x2c
 1827 0004 0200     		.2byte	0x2
 1828 0006 00000000 		.4byte	.Ldebug_info0
 1829 000a 04       		.byte	0x4
 1830 000b 00       		.byte	0
 1831 000c 0000     		.2byte	0
 1832 000e 0000     		.2byte	0
 1833 0010 00000000 		.4byte	.LFB7
 1834 0014 14000000 		.4byte	.LFE7-.LFB7
 1835 0018 00000000 		.4byte	.LFB8
 1836 001c 64000000 		.4byte	.LFE8-.LFB8
 1837 0020 00000000 		.4byte	.LFB9
 1838 0024 5C000000 		.4byte	.LFE9-.LFB9
 1839 0028 00000000 		.4byte	0
 1840 002c 00000000 		.4byte	0
 1841              		.section	.debug_ranges,"",%progbits
 1842              	.Ldebug_ranges0:
 1843 0000 34000000 		.4byte	.LBB5
 1844 0004 36000000 		.4byte	.LBE5
 1845 0008 38000000 		.4byte	.LBB6
 1846 000c 3C000000 		.4byte	.LBE6
 1847 0010 00000000 		.4byte	0
 1848 0014 00000000 		.4byte	0
 1849 0018 00000000 		.4byte	.LFB7
 1850 001c 14000000 		.4byte	.LFE7
 1851 0020 00000000 		.4byte	.LFB8
 1852 0024 64000000 		.4byte	.LFE8
 1853 0028 00000000 		.4byte	.LFB9
 1854 002c 5C000000 		.4byte	.LFE9
 1855 0030 00000000 		.4byte	0
 1856 0034 00000000 		.4byte	0
 1857              		.section	.debug_line,"",%progbits
 1858              	.Ldebug_line0:
 1859 0000 BE020000 		.section	.debug_str,"MS",%progbits,1
 1859      02006602 
 1859      00000201 
 1859      FB0E0D00 
 1859      01010101 
 1860              	.LASF81:
 1861 0000 7466756E 		.ascii	"tfunc_t\000"
 1861      635F7400 
 1862              	.LASF92:
 1863 0008 63665F6F 		.ascii	"cf_off_older\000"
ARM GAS  /var/folders/4k/6h5l9jl178sb4hslwv3xp1mr0000gn/T//ccM1jPnT.s 			page 34


 1863      66665F6F 
 1863      6C646572 
 1863      00
 1864              	.LASF44:
 1865 0015 705F6D73 		.ascii	"p_msg\000"
 1865      6700
 1866              	.LASF2:
 1867 001b 73697A65 		.ascii	"size_t\000"
 1867      5F7400
 1868              	.LASF76:
 1869 0022 7264796D 		.ascii	"rdymsg\000"
 1869      736700
 1870              	.LASF19:
 1871 0029 75696E74 		.ascii	"uint64_t\000"
 1871      36345F74 
 1871      00
 1872              	.LASF3:
 1873 0032 5F5F7569 		.ascii	"__uint8_t\000"
 1873      6E74385F 
 1873      7400
 1874              	.LASF105:
 1875 003c 76746C69 		.ascii	"vtlist\000"
 1875      737400
 1876              	.LASF104:
 1877 0043 63685379 		.ascii	"chSysTimerHandlerI\000"
 1877      7354696D 
 1877      65724861 
 1877      6E646C65 
 1877      724900
 1878              	.LASF14:
 1879 0056 6C6F6E67 		.ascii	"long long unsigned int\000"
 1879      206C6F6E 
 1879      6720756E 
 1879      7369676E 
 1879      65642069 
 1880              	.LASF88:
 1881 006d 63685F74 		.ascii	"ch_threadsize\000"
 1881      68726561 
 1881      6473697A 
 1881      6500
 1882              	.LASF77:
 1883 007b 65786974 		.ascii	"exitcode\000"
 1883      636F6465 
 1883      00
 1884              	.LASF103:
 1885 0084 6D61696E 		.ascii	"mainthread\000"
 1885      74687265 
 1885      616400
 1886              	.LASF32:
 1887 008f 705F7072 		.ascii	"p_prio\000"
 1887      696F00
 1888              	.LASF95:
 1889 0096 63665F6F 		.ascii	"cf_off_state\000"
 1889      66665F73 
 1889      74617465 
 1889      00
 1890              	.LASF110:
ARM GAS  /var/folders/4k/6h5l9jl178sb4hslwv3xp1mr0000gn/T//ccM1jPnT.s 			page 35


 1891 00a3 5F736368 		.ascii	"_scheduler_init\000"
 1891      6564756C 
 1891      65725F69 
 1891      6E697400 
 1892              	.LASF12:
 1893 00b3 6C6F6E67 		.ascii	"long long int\000"
 1893      206C6F6E 
 1893      6720696E 
 1893      7400
 1894              	.LASF1:
 1895 00c1 7369676E 		.ascii	"signed char\000"
 1895      65642063 
 1895      68617200 
 1896              	.LASF94:
 1897 00cd 63665F6F 		.ascii	"cf_off_stklimit\000"
 1897      66665F73 
 1897      746B6C69 
 1897      6D697400 
 1898              	.LASF96:
 1899 00dd 63665F6F 		.ascii	"cf_off_flags\000"
 1899      66665F66 
 1899      6C616773 
 1899      00
 1900              	.LASF48:
 1901 00ea 705F6D70 		.ascii	"p_mpool\000"
 1901      6F6F6C00 
 1902              	.LASF73:
 1903 00f2 6D5F7175 		.ascii	"m_queue\000"
 1903      65756500 
 1904              	.LASF24:
 1905 00fa 74736C69 		.ascii	"tslices_t\000"
 1905      6365735F 
 1905      7400
 1906              	.LASF9:
 1907 0104 6C6F6E67 		.ascii	"long int\000"
 1907      20696E74 
 1907      00
 1908              	.LASF22:
 1909 010d 74737461 		.ascii	"tstate_t\000"
 1909      74655F74 
 1909      00
 1910              	.LASF16:
 1911 0116 75696E74 		.ascii	"uint16_t\000"
 1911      31365F74 
 1911      00
 1912              	.LASF100:
 1913 011f 63686465 		.ascii	"chdebug_t\000"
 1913      6275675F 
 1913      7400
 1914              	.LASF34:
 1915 0129 705F6E65 		.ascii	"p_newer\000"
 1915      77657200 
 1916              	.LASF108:
 1917 0131 5F69646C 		.ascii	"_idle_thread_wa\000"
 1917      655F7468 
 1917      72656164 
 1917      5F776100 
ARM GAS  /var/folders/4k/6h5l9jl178sb4hslwv3xp1mr0000gn/T//ccM1jPnT.s 			page 36


 1918              	.LASF10:
 1919 0141 5F5F7569 		.ascii	"__uint32_t\000"
 1919      6E743332 
 1919      5F7400
 1920              	.LASF51:
 1921 014c 72656761 		.ascii	"regarm_t\000"
 1921      726D5F74 
 1921      00
 1922              	.LASF59:
 1923 0155 76745F70 		.ascii	"vt_prev\000"
 1923      72657600 
 1924              	.LASF102:
 1925 015d 63685379 		.ascii	"chSysInit\000"
 1925      73496E69 
 1925      7400
 1926              	.LASF113:
 1927 0167 5F686561 		.ascii	"_heap_init\000"
 1927      705F696E 
 1927      697400
 1928              	.LASF0:
 1929 0172 756E7369 		.ascii	"unsigned int\000"
 1929      676E6564 
 1929      20696E74 
 1929      00
 1930              	.LASF117:
 1931 017f 5F746872 		.ascii	"_thread_init\000"
 1931      6561645F 
 1931      696E6974 
 1931      00
 1932              	.LASF58:
 1933 018c 76745F6E 		.ascii	"vt_next\000"
 1933      65787400 
 1934              	.LASF11:
 1935 0194 6C6F6E67 		.ascii	"long unsigned int\000"
 1935      20756E73 
 1935      69676E65 
 1935      6420696E 
 1935      7400
 1936              	.LASF107:
 1937 01a6 63685F64 		.ascii	"ch_debug\000"
 1937      65627567 
 1937      00
 1938              	.LASF56:
 1939 01af 76746675 		.ascii	"vtfunc_t\000"
 1939      6E635F74 
 1939      00
 1940              	.LASF82:
 1941 01b8 63685F69 		.ascii	"ch_identifier\000"
 1941      64656E74 
 1941      69666965 
 1941      7200
 1942              	.LASF54:
 1943 01c6 636F6E74 		.ascii	"context\000"
 1943      65787400 
 1944              	.LASF7:
 1945 01ce 73686F72 		.ascii	"short unsigned int\000"
 1945      7420756E 
ARM GAS  /var/folders/4k/6h5l9jl178sb4hslwv3xp1mr0000gn/T//ccM1jPnT.s 			page 37


 1945      7369676E 
 1945      65642069 
 1945      6E7400
 1946              	.LASF26:
 1947 01e1 6D73675F 		.ascii	"msg_t\000"
 1947      7400
 1948              	.LASF68:
 1949 01e7 725F6E65 		.ascii	"r_newer\000"
 1949      77657200 
 1950              	.LASF21:
 1951 01ef 746D6F64 		.ascii	"tmode_t\000"
 1951      655F7400 
 1952              	.LASF50:
 1953 01f7 54687265 		.ascii	"ThreadsList\000"
 1953      6164734C 
 1953      69737400 
 1954              	.LASF27:
 1955 0203 6576656E 		.ascii	"eventmask_t\000"
 1955      746D6173 
 1955      6B5F7400 
 1956              	.LASF72:
 1957 020f 4D757465 		.ascii	"Mutex\000"
 1957      7800
 1958              	.LASF52:
 1959 0215 73746B61 		.ascii	"stkalign_t\000"
 1959      6C69676E 
 1959      5F7400
 1960              	.LASF118:
 1961 0220 63685468 		.ascii	"chThdCreateStatic\000"
 1961      64437265 
 1961      61746553 
 1961      74617469 
 1961      6300
 1962              	.LASF83:
 1963 0232 63685F7A 		.ascii	"ch_zero\000"
 1963      65726F00 
 1964              	.LASF97:
 1965 023a 63665F6F 		.ascii	"cf_off_refs\000"
 1965      66665F72 
 1965      65667300 
 1966              	.LASF60:
 1967 0246 76745F74 		.ascii	"vt_time\000"
 1967      696D6500 
 1968              	.LASF55:
 1969 024e 73697A65 		.ascii	"sizetype\000"
 1969      74797065 
 1969      00
 1970              	.LASF61:
 1971 0257 76745F66 		.ascii	"vt_func\000"
 1971      756E6300 
 1972              	.LASF87:
 1973 025f 63685F74 		.ascii	"ch_timesize\000"
 1973      696D6573 
 1973      697A6500 
 1974              	.LASF93:
 1975 026b 63665F6F 		.ascii	"cf_off_name\000"
 1975      66665F6E 
ARM GAS  /var/folders/4k/6h5l9jl178sb4hslwv3xp1mr0000gn/T//ccM1jPnT.s 			page 38


 1975      616D6500 
 1976              	.LASF35:
 1977 0277 705F6F6C 		.ascii	"p_older\000"
 1977      64657200 
 1978              	.LASF67:
 1979 027f 725F6374 		.ascii	"r_ctx\000"
 1979      7800
 1980              	.LASF49:
 1981 0285 54687265 		.ascii	"ThreadsQueue\000"
 1981      61647351 
 1981      75657565 
 1981      00
 1982              	.LASF84:
 1983 0292 63685F73 		.ascii	"ch_size\000"
 1983      697A6500 
 1984              	.LASF70:
 1985 029a 725F6375 		.ascii	"r_current\000"
 1985      7272656E 
 1985      7400
 1986              	.LASF69:
 1987 02a4 725F6F6C 		.ascii	"r_older\000"
 1987      64657200 
 1988              	.LASF101:
 1989 02ac 5F69646C 		.ascii	"_idle_thread\000"
 1989      655F7468 
 1989      72656164 
 1989      00
 1990              	.LASF13:
 1991 02b9 5F5F7569 		.ascii	"__uint64_t\000"
 1991      6E743634 
 1991      5F7400
 1992              	.LASF23:
 1993 02c4 74726566 		.ascii	"trefs_t\000"
 1993      735F7400 
 1994              	.LASF86:
 1995 02cc 63685F70 		.ascii	"ch_ptrsize\000"
 1995      74727369 
 1995      7A6500
 1996              	.LASF31:
 1997 02d7 705F7072 		.ascii	"p_prev\000"
 1997      657600
 1998              	.LASF25:
 1999 02de 74707269 		.ascii	"tprio_t\000"
 1999      6F5F7400 
 2000              	.LASF20:
 2001 02e6 5F426F6F 		.ascii	"_Bool\000"
 2001      6C00
 2002              	.LASF17:
 2003 02ec 696E7433 		.ascii	"int32_t\000"
 2003      325F7400 
 2004              	.LASF4:
 2005 02f4 756E7369 		.ascii	"unsigned char\000"
 2005      676E6564 
 2005      20636861 
 2005      7200
 2006              	.LASF114:
 2007 0302 474E5520 		.ascii	"GNU C 4.8.3 20140228 (release) [ARM/embedded-4_8-br"
ARM GAS  /var/folders/4k/6h5l9jl178sb4hslwv3xp1mr0000gn/T//ccM1jPnT.s 			page 39


 2007      4320342E 
 2007      382E3320 
 2007      32303134 
 2007      30323238 
 2008 0335 616E6368 		.ascii	"anch revision 208322] -mcpu=cortex-m4 -mno-thumb-in"
 2008      20726576 
 2008      6973696F 
 2008      6E203230 
 2008      38333232 
 2009 0368 74657277 		.ascii	"terwork -mthumb -ggdb -O2 -fomit-frame-pointer -fal"
 2009      6F726B20 
 2009      2D6D7468 
 2009      756D6220 
 2009      2D676764 
 2010 039b 69676E2D 		.ascii	"ign-functions=16 -ffunction-sections -fdata-section"
 2010      66756E63 
 2010      74696F6E 
 2010      733D3136 
 2010      202D6666 
 2011 03ce 73202D66 		.ascii	"s -fno-common\000"
 2011      6E6F2D63 
 2011      6F6D6D6F 
 2011      6E00
 2012              	.LASF46:
 2013 03dc 705F6D74 		.ascii	"p_mtxlist\000"
 2013      786C6973 
 2013      7400
 2014              	.LASF5:
 2015 03e6 73686F72 		.ascii	"short int\000"
 2015      7420696E 
 2015      7400
 2016              	.LASF37:
 2017 03f0 705F7374 		.ascii	"p_state\000"
 2017      61746500 
 2018              	.LASF40:
 2019 03f8 705F7072 		.ascii	"p_preempt\000"
 2019      65656D70 
 2019      7400
 2020              	.LASF99:
 2021 0402 63665F6F 		.ascii	"cf_off_time\000"
 2021      66665F74 
 2021      696D6500 
 2022              	.LASF66:
 2023 040e 725F7072 		.ascii	"r_prio\000"
 2023      696F00
 2024              	.LASF79:
 2025 0415 65776D61 		.ascii	"ewmask\000"
 2025      736B00
 2026              	.LASF30:
 2027 041c 705F6E65 		.ascii	"p_next\000"
 2027      787400
 2028              	.LASF98:
 2029 0423 63665F6F 		.ascii	"cf_off_preempt\000"
 2029      66665F70 
 2029      7265656D 
 2029      707400
 2030              	.LASF38:
ARM GAS  /var/folders/4k/6h5l9jl178sb4hslwv3xp1mr0000gn/T//ccM1jPnT.s 			page 40


 2031 0432 705F666C 		.ascii	"p_flags\000"
 2031      61677300 
 2032              	.LASF115:
 2033 043a 2E2E2F43 		.ascii	"../ChibiStudio/ChibiOS/os/kernel/src/chsys.c\000"
 2033      68696269 
 2033      53747564 
 2033      696F2F43 
 2033      68696269 
 2034              	.LASF29:
 2035 0467 54687265 		.ascii	"Thread\000"
 2035      616400
 2036              	.LASF91:
 2037 046e 63665F6F 		.ascii	"cf_off_newer\000"
 2037      66665F6E 
 2037      65776572 
 2037      00
 2038              	.LASF116:
 2039 047b 2F557365 		.ascii	"/Users/mikevanis/Documents/workspace/STM32_DCMI_CAM"
 2039      72732F6D 
 2039      696B6576 
 2039      616E6973 
 2039      2F446F63 
 2040 04ae 4552412F 		.ascii	"ERA/\000"
 2040      00
 2041              	.LASF45:
 2042 04b3 705F6570 		.ascii	"p_epending\000"
 2042      656E6469 
 2042      6E6700
 2043              	.LASF18:
 2044 04be 75696E74 		.ascii	"uint32_t\000"
 2044      33325F74 
 2044      00
 2045              	.LASF89:
 2046 04c7 63665F6F 		.ascii	"cf_off_prio\000"
 2046      66665F70 
 2046      72696F00 
 2047              	.LASF65:
 2048 04d3 725F7175 		.ascii	"r_queue\000"
 2048      65756500 
 2049              	.LASF57:
 2050 04db 56697274 		.ascii	"VirtualTimer\000"
 2050      75616C54 
 2050      696D6572 
 2050      00
 2051              	.LASF80:
 2052 04e8 63686172 		.ascii	"char\000"
 2052      00
 2053              	.LASF6:
 2054 04ed 5F5F7569 		.ascii	"__uint16_t\000"
 2054      6E743136 
 2054      5F7400
 2055              	.LASF75:
 2056 04f8 6D5F6E65 		.ascii	"m_next\000"
 2056      787400
 2057              	.LASF28:
 2058 04ff 73797374 		.ascii	"systime_t\000"
 2058      696D655F 
ARM GAS  /var/folders/4k/6h5l9jl178sb4hslwv3xp1mr0000gn/T//ccM1jPnT.s 			page 41


 2058      7400
 2059              	.LASF47:
 2060 0509 705F7265 		.ascii	"p_realprio\000"
 2060      616C7072 
 2060      696F00
 2061              	.LASF8:
 2062 0514 5F5F696E 		.ascii	"__int32_t\000"
 2062      7433325F 
 2062      7400
 2063              	.LASF112:
 2064 051e 5F636F72 		.ascii	"_core_init\000"
 2064      655F696E 
 2064      697400
 2065              	.LASF111:
 2066 0529 5F76745F 		.ascii	"_vt_init\000"
 2066      696E6974 
 2066      00
 2067              	.LASF41:
 2068 0532 705F7469 		.ascii	"p_time\000"
 2068      6D6500
 2069              	.LASF53:
 2070 0539 696E7463 		.ascii	"intctx\000"
 2070      747800
 2071              	.LASF43:
 2072 0540 705F6D73 		.ascii	"p_msgqueue\000"
 2072      67717565 
 2072      756500
 2073              	.LASF62:
 2074 054b 76745F70 		.ascii	"vt_par\000"
 2074      617200
 2075              	.LASF90:
 2076 0552 63665F6F 		.ascii	"cf_off_ctx\000"
 2076      66665F63 
 2076      747800
 2077              	.LASF39:
 2078 055d 705F7265 		.ascii	"p_refs\000"
 2078      667300
 2079              	.LASF71:
 2080 0564 52656164 		.ascii	"ReadyList\000"
 2080      794C6973 
 2080      7400
 2081              	.LASF106:
 2082 056e 726C6973 		.ascii	"rlist\000"
 2082      7400
 2083              	.LASF15:
 2084 0574 75696E74 		.ascii	"uint8_t\000"
 2084      385F7400 
 2085              	.LASF109:
 2086 057c 5F706F72 		.ascii	"_port_init\000"
 2086      745F696E 
 2086      697400
 2087              	.LASF78:
 2088 0587 77746F62 		.ascii	"wtobjp\000"
 2088      6A7000
 2089              	.LASF36:
 2090 058e 705F6E61 		.ascii	"p_name\000"
 2090      6D6500
ARM GAS  /var/folders/4k/6h5l9jl178sb4hslwv3xp1mr0000gn/T//ccM1jPnT.s 			page 42


 2091              	.LASF63:
 2092 0595 76745F73 		.ascii	"vt_systime\000"
 2092      79737469 
 2092      6D6500
 2093              	.LASF85:
 2094 05a0 63685F76 		.ascii	"ch_version\000"
 2094      65727369 
 2094      6F6E00
 2095              	.LASF64:
 2096 05ab 56544C69 		.ascii	"VTList\000"
 2096      737400
 2097              	.LASF74:
 2098 05b2 6D5F6F77 		.ascii	"m_owner\000"
 2098      6E657200 
 2099              	.LASF33:
 2100 05ba 705F6374 		.ascii	"p_ctx\000"
 2100      7800
 2101              	.LASF42:
 2102 05c0 705F7761 		.ascii	"p_waiting\000"
 2102      6974696E 
 2102      6700
 2103              		.ident	"GCC: (GNU Tools for ARM Embedded Processors) 4.8.3 20140228 (release) [ARM/embedded-4_8-br
ARM GAS  /var/folders/4k/6h5l9jl178sb4hslwv3xp1mr0000gn/T//ccM1jPnT.s 			page 43


DEFINED SYMBOLS
                            *ABS*:0000000000000000 chsys.c
/var/folders/4k/6h5l9jl178sb4hslwv3xp1mr0000gn/T//ccM1jPnT.s:19     .text._idle_thread:0000000000000000 $t
/var/folders/4k/6h5l9jl178sb4hslwv3xp1mr0000gn/T//ccM1jPnT.s:25     .text._idle_thread:0000000000000000 _idle_thread
/var/folders/4k/6h5l9jl178sb4hslwv3xp1mr0000gn/T//ccM1jPnT.s:45     .text._idle_thread:000000000000000c $d
/var/folders/4k/6h5l9jl178sb4hslwv3xp1mr0000gn/T//ccM1jPnT.s:51     .text.chSysInit:0000000000000000 $t
/var/folders/4k/6h5l9jl178sb4hslwv3xp1mr0000gn/T//ccM1jPnT.s:57     .text.chSysInit:0000000000000000 chSysInit
/var/folders/4k/6h5l9jl178sb4hslwv3xp1mr0000gn/T//ccM1jPnT.s:126    .text.chSysInit:0000000000000050 $d
/var/folders/4k/6h5l9jl178sb4hslwv3xp1mr0000gn/T//ccM1jPnT.s:135    .text.chSysTimerHandlerI:0000000000000000 $t
/var/folders/4k/6h5l9jl178sb4hslwv3xp1mr0000gn/T//ccM1jPnT.s:141    .text.chSysTimerHandlerI:0000000000000000 chSysTimerHandlerI
/var/folders/4k/6h5l9jl178sb4hslwv3xp1mr0000gn/T//ccM1jPnT.s:226    .text.chSysTimerHandlerI:0000000000000054 $d
/var/folders/4k/6h5l9jl178sb4hslwv3xp1mr0000gn/T//ccM1jPnT.s:249    .bss._idle_thread_wa:0000000000000000 _idle_thread_wa
/var/folders/4k/6h5l9jl178sb4hslwv3xp1mr0000gn/T//ccM1jPnT.s:234    .rodata.str1.4:0000000000000000 $d
/var/folders/4k/6h5l9jl178sb4hslwv3xp1mr0000gn/T//ccM1jPnT.s:238    .bss.mainthread.4794:0000000000000000 $d
/var/folders/4k/6h5l9jl178sb4hslwv3xp1mr0000gn/T//ccM1jPnT.s:242    .bss.mainthread.4794:0000000000000000 mainthread.4794
/var/folders/4k/6h5l9jl178sb4hslwv3xp1mr0000gn/T//ccM1jPnT.s:245    .bss._idle_thread_wa:0000000000000000 $d
                     .debug_frame:0000000000000010 $d
/var/folders/4k/6h5l9jl178sb4hslwv3xp1mr0000gn/T//ccM1jPnT.s:50     .text._idle_thread:0000000000000014 $t
/var/folders/4k/6h5l9jl178sb4hslwv3xp1mr0000gn/T//ccM1jPnT.s:134    .text.chSysInit:0000000000000064 $t
/var/folders/4k/6h5l9jl178sb4hslwv3xp1mr0000gn/T//ccM1jPnT.s:233    .text.chSysTimerHandlerI:000000000000005c $t

UNDEFINED SYMBOLS
rlist
_port_init
_scheduler_init
_vt_init
_core_init
_heap_init
_thread_init
chThdCreateStatic
ch_debug
vtlist
