ARM GAS  /var/folders/4k/6h5l9jl178sb4hslwv3xp1mr0000gn/T//ccbqUqza.s 			page 1


   1              		.syntax unified
   2              		.cpu cortex-m4
   3              		.fpu softvfp
   4              		.eabi_attribute 20, 1
   5              		.eabi_attribute 21, 1
   6              		.eabi_attribute 23, 3
   7              		.eabi_attribute 24, 1
   8              		.eabi_attribute 25, 1
   9              		.eabi_attribute 26, 1
  10              		.eabi_attribute 30, 2
  11              		.eabi_attribute 34, 1
  12              		.eabi_attribute 18, 4
  13              		.thumb
  14              		.file	"evtimer.c"
  15              		.text
  16              	.Ltext0:
  17              		.cfi_sections	.debug_frame
  18              		.section	.text.tmrcb,"ax",%progbits
  19              		.align	2
  20              		.p2align 4,,15
  21              		.thumb
  22              		.thumb_func
  23              		.type	tmrcb, %function
  24              	tmrcb:
  25              	.LFB7:
  26              		.file 1 "../ChibiStudio/ChibiOS/os/various/evtimer.c"
  27              		.loc 1 28 0
  28              		.cfi_startproc
  29              		@ args = 0, pretend = 0, frame = 0
  30              		@ frame_needed = 0, uses_anonymous_args = 0
  31              	.LVL0:
  32 0000 10B5     		push	{r4, lr}
  33              		.cfi_def_cfa_offset 8
  34              		.cfi_offset 4, -8
  35              		.cfi_offset 14, -4
  36              	.LBB2:
  37              		.loc 1 31 0
  38 0002 2023     		movs	r3, #32
  39              	.LBE2:
  40              		.loc 1 28 0
  41 0004 0446     		mov	r4, r0
  42              	.LVL1:
  43              	.LBB3:
  44              		.loc 1 31 0
  45              	@ 31 "../ChibiStudio/ChibiOS/os/various/evtimer.c" 1
  46 0006 83F31188 		msr     BASEPRI, r3
  47              	@ 0 "" 2
  48              		.thumb
  49              	.LBE3:
  50              		.loc 1 32 0
  51 000a 0021     		movs	r1, #0
  52 000c 1430     		adds	r0, r0, #20
  53              	.LVL2:
  54 000e FFF7FEFF 		bl	chEvtBroadcastFlagsI
  55              	.LVL3:
  56              		.loc 1 33 0
  57 0012 2346     		mov	r3, r4
ARM GAS  /var/folders/4k/6h5l9jl178sb4hslwv3xp1mr0000gn/T//ccbqUqza.s 			page 2


  58 0014 2046     		mov	r0, r4
  59 0016 A169     		ldr	r1, [r4, #24]
  60 0018 034A     		ldr	r2, .L2
  61 001a FFF7FEFF 		bl	chVTSetI
  62              	.LVL4:
  63              	.LBB4:
  64              		.loc 1 34 0
  65 001e 0023     		movs	r3, #0
  66              	@ 34 "../ChibiStudio/ChibiOS/os/various/evtimer.c" 1
  67 0020 83F31188 		msr     BASEPRI, r3
  68              	@ 0 "" 2
  69              		.thumb
  70 0024 10BD     		pop	{r4, pc}
  71              	.LVL5:
  72              	.L3:
  73 0026 00BF     		.align	2
  74              	.L2:
  75 0028 00000000 		.word	tmrcb
  76              	.LBE4:
  77              		.cfi_endproc
  78              	.LFE7:
  79              		.size	tmrcb, .-tmrcb
  80 002c AFF30080 		.section	.text.evtStart,"ax",%progbits
  81              		.align	2
  82              		.p2align 4,,15
  83              		.global	evtStart
  84              		.thumb
  85              		.thumb_func
  86              		.type	evtStart, %function
  87              	evtStart:
  88              	.LFB8:
  89              		.loc 1 43 0
  90              		.cfi_startproc
  91              		@ args = 0, pretend = 0, frame = 0
  92              		@ frame_needed = 0, uses_anonymous_args = 0
  93              	.LVL6:
  94 0000 08B5     		push	{r3, lr}
  95              		.cfi_def_cfa_offset 8
  96              		.cfi_offset 3, -8
  97              		.cfi_offset 14, -4
  98              	.LBB5:
  99              		.loc 1 45 0
 100 0002 2023     		movs	r3, #32
 101              	@ 45 "../ChibiStudio/ChibiOS/os/various/evtimer.c" 1
 102 0004 83F31188 		msr     BASEPRI, r3
 103              	@ 0 "" 2
 104              		.thumb
 105              	.LBE5:
 106              		.loc 1 47 0
 107 0008 C368     		ldr	r3, [r0, #12]
 108 000a 1BB1     		cbz	r3, .L7
 109              	.LBB6:
 110              		.loc 1 50 0
 111 000c 0023     		movs	r3, #0
 112              	@ 50 "../ChibiStudio/ChibiOS/os/various/evtimer.c" 1
 113 000e 83F31188 		msr     BASEPRI, r3
 114              	@ 0 "" 2
ARM GAS  /var/folders/4k/6h5l9jl178sb4hslwv3xp1mr0000gn/T//ccbqUqza.s 			page 3


 115              		.thumb
 116 0012 08BD     		pop	{r3, pc}
 117              	.L7:
 118              	.LBE6:
 119              		.loc 1 48 0
 120 0014 0346     		mov	r3, r0
 121 0016 8169     		ldr	r1, [r0, #24]
 122 0018 034A     		ldr	r2, .L8
 123 001a FFF7FEFF 		bl	chVTSetI
 124              	.LVL7:
 125              	.LBB7:
 126              		.loc 1 50 0
 127 001e 0023     		movs	r3, #0
 128              	@ 50 "../ChibiStudio/ChibiOS/os/various/evtimer.c" 1
 129 0020 83F31188 		msr     BASEPRI, r3
 130              	@ 0 "" 2
 131              		.thumb
 132 0024 08BD     		pop	{r3, pc}
 133              	.L9:
 134 0026 00BF     		.align	2
 135              	.L8:
 136 0028 00000000 		.word	tmrcb
 137              	.LBE7:
 138              		.cfi_endproc
 139              	.LFE8:
 140              		.size	evtStart, .-evtStart
 141 002c AFF30080 		.section	.text.evtStop,"ax",%progbits
 142              		.align	2
 143              		.p2align 4,,15
 144              		.global	evtStop
 145              		.thumb
 146              		.thumb_func
 147              		.type	evtStop, %function
 148              	evtStop:
 149              	.LFB9:
 150              		.loc 1 59 0
 151              		.cfi_startproc
 152              		@ args = 0, pretend = 0, frame = 0
 153              		@ frame_needed = 0, uses_anonymous_args = 0
 154              	.LVL8:
 155 0000 08B5     		push	{r3, lr}
 156              		.cfi_def_cfa_offset 8
 157              		.cfi_offset 3, -8
 158              		.cfi_offset 14, -4
 159              	.LBB8:
 160              		.loc 1 61 0
 161 0002 2023     		movs	r3, #32
 162              	@ 61 "../ChibiStudio/ChibiOS/os/various/evtimer.c" 1
 163 0004 83F31188 		msr     BASEPRI, r3
 164              	@ 0 "" 2
 165              		.thumb
 166              	.LBE8:
 167 0008 C368     		ldr	r3, [r0, #12]
 168 000a 0BB1     		cbz	r3, .L11
 169              		.loc 1 61 0 is_stmt 0 discriminator 1
 170 000c FFF7FEFF 		bl	chVTResetI
 171              	.LVL9:
ARM GAS  /var/folders/4k/6h5l9jl178sb4hslwv3xp1mr0000gn/T//ccbqUqza.s 			page 4


 172              	.L11:
 173              	.LBB9:
 174              		.loc 1 61 0 discriminator 2
 175 0010 0023     		movs	r3, #0
 176              	@ 61 "../ChibiStudio/ChibiOS/os/various/evtimer.c" 1
 177 0012 83F31188 		msr     BASEPRI, r3
 178              	@ 0 "" 2
 179              		.thumb
 180 0016 08BD     		pop	{r3, pc}
 181              	.LBE9:
 182              		.cfi_endproc
 183              	.LFE9:
 184              		.size	evtStop, .-evtStop
 185 0018 AFF30080 		.text
 185      AFF30080 
 186              	.Letext0:
 187              		.file 2 "/Users/mikevanis/Documents/workspace/gcc-arm-none-eabi-4_8-2014q1/arm-none-eabi/include/m
 188              		.file 3 "/Users/mikevanis/Documents/workspace/gcc-arm-none-eabi-4_8-2014q1/arm-none-eabi/include/s
 189              		.file 4 "../ChibiStudio/ChibiOS/os/ports/GCC/ARMCMx/chtypes.h"
 190              		.file 5 "../ChibiStudio/ChibiOS/os/kernel/include/chlists.h"
 191              		.file 6 "../ChibiStudio/ChibiOS/os/kernel/include/chthreads.h"
 192              		.file 7 "../ChibiStudio/ChibiOS/os/ports/GCC/ARMCMx/chcore_v7m.h"
 193              		.file 8 "../ChibiStudio/ChibiOS/os/kernel/include/chvt.h"
 194              		.file 9 "../ChibiStudio/ChibiOS/os/kernel/include/chmtx.h"
 195              		.file 10 "../ChibiStudio/ChibiOS/os/kernel/include/chevents.h"
 196              		.file 11 "../ChibiStudio/ChibiOS/os/various/evtimer.h"
 197              		.section	.debug_info,"",%progbits
 198              	.Ldebug_info0:
 199 0000 A2060000 		.4byte	0x6a2
 200 0004 0400     		.2byte	0x4
 201 0006 00000000 		.4byte	.Ldebug_abbrev0
 202 000a 04       		.byte	0x4
 203 000b 01       		.uleb128 0x1
 204 000c 09020000 		.4byte	.LASF82
 205 0010 01       		.byte	0x1
 206 0011 84010000 		.4byte	.LASF83
 207 0015 46030000 		.4byte	.LASF84
 208 0019 30000000 		.4byte	.Ldebug_ranges0+0x30
 209 001d 00000000 		.4byte	0
 210 0021 00000000 		.4byte	.Ldebug_line0
 211 0025 02       		.uleb128 0x2
 212 0026 04       		.byte	0x4
 213 0027 05       		.byte	0x5
 214 0028 696E7400 		.ascii	"int\000"
 215 002c 03       		.uleb128 0x3
 216 002d 04       		.byte	0x4
 217 002e 07       		.byte	0x7
 218 002f E6000000 		.4byte	.LASF0
 219 0033 03       		.uleb128 0x3
 220 0034 01       		.byte	0x1
 221 0035 06       		.byte	0x6
 222 0036 61000000 		.4byte	.LASF1
 223 003a 04       		.uleb128 0x4
 224 003b 19000000 		.4byte	.LASF5
 225 003f 02       		.byte	0x2
 226 0040 1C       		.byte	0x1c
 227 0041 45000000 		.4byte	0x45
ARM GAS  /var/folders/4k/6h5l9jl178sb4hslwv3xp1mr0000gn/T//ccbqUqza.s 			page 5


 228 0045 03       		.uleb128 0x3
 229 0046 01       		.byte	0x1
 230 0047 08       		.byte	0x8
 231 0048 FB010000 		.4byte	.LASF2
 232 004c 03       		.uleb128 0x3
 233 004d 02       		.byte	0x2
 234 004e 05       		.byte	0x5
 235 004f 02030000 		.4byte	.LASF3
 236 0053 03       		.uleb128 0x3
 237 0054 02       		.byte	0x2
 238 0055 07       		.byte	0x7
 239 0056 1E010000 		.4byte	.LASF4
 240 005a 04       		.uleb128 0x4
 241 005b C6030000 		.4byte	.LASF6
 242 005f 02       		.byte	0x2
 243 0060 37       		.byte	0x37
 244 0061 65000000 		.4byte	0x65
 245 0065 03       		.uleb128 0x3
 246 0066 04       		.byte	0x4
 247 0067 05       		.byte	0x5
 248 0068 8F000000 		.4byte	.LASF7
 249 006c 04       		.uleb128 0x4
 250 006d BE000000 		.4byte	.LASF8
 251 0071 02       		.byte	0x2
 252 0072 38       		.byte	0x38
 253 0073 77000000 		.4byte	0x77
 254 0077 03       		.uleb128 0x3
 255 0078 04       		.byte	0x4
 256 0079 07       		.byte	0x7
 257 007a FB000000 		.4byte	.LASF9
 258 007e 03       		.uleb128 0x3
 259 007f 08       		.byte	0x8
 260 0080 05       		.byte	0x5
 261 0081 53000000 		.4byte	.LASF10
 262 0085 03       		.uleb128 0x3
 263 0086 08       		.byte	0x8
 264 0087 07       		.byte	0x7
 265 0088 23000000 		.4byte	.LASF11
 266 008c 04       		.uleb128 0x4
 267 008d 0B040000 		.4byte	.LASF12
 268 0091 03       		.byte	0x3
 269 0092 2A       		.byte	0x2a
 270 0093 3A000000 		.4byte	0x3a
 271 0097 04       		.uleb128 0x4
 272 0098 F3010000 		.4byte	.LASF13
 273 009c 03       		.byte	0x3
 274 009d 41       		.byte	0x41
 275 009e 5A000000 		.4byte	0x5a
 276 00a2 04       		.uleb128 0x4
 277 00a3 89030000 		.4byte	.LASF14
 278 00a7 03       		.byte	0x3
 279 00a8 42       		.byte	0x42
 280 00a9 6C000000 		.4byte	0x6c
 281 00ad 03       		.uleb128 0x3
 282 00ae 01       		.byte	0x1
 283 00af 02       		.byte	0x2
 284 00b0 ED010000 		.4byte	.LASF15
ARM GAS  /var/folders/4k/6h5l9jl178sb4hslwv3xp1mr0000gn/T//ccbqUqza.s 			page 6


 285 00b4 04       		.uleb128 0x4
 286 00b5 3F010000 		.4byte	.LASF16
 287 00b9 04       		.byte	0x4
 288 00ba 2C       		.byte	0x2c
 289 00bb 8C000000 		.4byte	0x8c
 290 00bf 04       		.uleb128 0x4
 291 00c0 98000000 		.4byte	.LASF17
 292 00c4 04       		.byte	0x4
 293 00c5 2D       		.byte	0x2d
 294 00c6 8C000000 		.4byte	0x8c
 295 00ca 04       		.uleb128 0x4
 296 00cb D6010000 		.4byte	.LASF18
 297 00cf 04       		.byte	0x4
 298 00d0 2E       		.byte	0x2e
 299 00d1 8C000000 		.4byte	0x8c
 300 00d5 04       		.uleb128 0x4
 301 00d6 85000000 		.4byte	.LASF19
 302 00da 04       		.byte	0x4
 303 00db 2F       		.byte	0x2f
 304 00dc 8C000000 		.4byte	0x8c
 305 00e0 04       		.uleb128 0x4
 306 00e1 E5010000 		.4byte	.LASF20
 307 00e5 04       		.byte	0x4
 308 00e6 30       		.byte	0x30
 309 00e7 A2000000 		.4byte	0xa2
 310 00eb 04       		.uleb128 0x4
 311 00ec 31010000 		.4byte	.LASF21
 312 00f0 04       		.byte	0x4
 313 00f1 31       		.byte	0x31
 314 00f2 97000000 		.4byte	0x97
 315 00f6 04       		.uleb128 0x4
 316 00f7 53010000 		.4byte	.LASF22
 317 00fb 04       		.byte	0x4
 318 00fc 33       		.byte	0x33
 319 00fd A2000000 		.4byte	0xa2
 320 0101 04       		.uleb128 0x4
 321 0102 F8030000 		.4byte	.LASF23
 322 0106 04       		.byte	0x4
 323 0107 34       		.byte	0x34
 324 0108 A2000000 		.4byte	0xa2
 325 010c 04       		.uleb128 0x4
 326 010d B1030000 		.4byte	.LASF24
 327 0111 04       		.byte	0x4
 328 0112 35       		.byte	0x35
 329 0113 A2000000 		.4byte	0xa2
 330 0117 04       		.uleb128 0x4
 331 0118 34030000 		.4byte	.LASF25
 332 011c 05       		.byte	0x5
 333 011d 2A       		.byte	0x2a
 334 011e 22010000 		.4byte	0x122
 335 0122 05       		.uleb128 0x5
 336 0123 34030000 		.4byte	.LASF25
 337 0127 48       		.byte	0x48
 338 0128 06       		.byte	0x6
 339 0129 5E       		.byte	0x5e
 340 012a 1F020000 		.4byte	0x21f
 341 012e 06       		.uleb128 0x6
ARM GAS  /var/folders/4k/6h5l9jl178sb4hslwv3xp1mr0000gn/T//ccbqUqza.s 			page 7


 342 012f 25030000 		.4byte	.LASF26
 343 0133 06       		.byte	0x6
 344 0134 5F       		.byte	0x5f
 345 0135 40020000 		.4byte	0x240
 346 0139 00       		.byte	0
 347 013a 06       		.uleb128 0x6
 348 013b DE010000 		.4byte	.LASF27
 349 013f 06       		.byte	0x6
 350 0140 61       		.byte	0x61
 351 0141 40020000 		.4byte	0x240
 352 0145 04       		.byte	0x4
 353 0146 06       		.uleb128 0x6
 354 0147 4C000000 		.4byte	.LASF28
 355 014b 06       		.byte	0x6
 356 014c 63       		.byte	0x63
 357 014d E0000000 		.4byte	0xe0
 358 0151 08       		.byte	0x8
 359 0152 06       		.uleb128 0x6
 360 0153 45040000 		.4byte	.LASF29
 361 0157 06       		.byte	0x6
 362 0158 64       		.byte	0x64
 363 0159 FA020000 		.4byte	0x2fa
 364 015d 0C       		.byte	0xc
 365 015e 06       		.uleb128 0x6
 366 015f B6000000 		.4byte	.LASF30
 367 0163 06       		.byte	0x6
 368 0164 66       		.byte	0x66
 369 0165 40020000 		.4byte	0x240
 370 0169 10       		.byte	0x10
 371 016a 06       		.uleb128 0x6
 372 016b B9010000 		.4byte	.LASF31
 373 016f 06       		.byte	0x6
 374 0170 67       		.byte	0x67
 375 0171 40020000 		.4byte	0x240
 376 0175 14       		.byte	0x14
 377 0176 06       		.uleb128 0x6
 378 0177 28040000 		.4byte	.LASF32
 379 017b 06       		.byte	0x6
 380 017c 6E       		.byte	0x6e
 381 017d 86040000 		.4byte	0x486
 382 0181 18       		.byte	0x18
 383 0182 06       		.uleb128 0x6
 384 0183 0C030000 		.4byte	.LASF33
 385 0187 06       		.byte	0x6
 386 0188 79       		.byte	0x79
 387 0189 BF000000 		.4byte	0xbf
 388 018d 1C       		.byte	0x1c
 389 018e 06       		.uleb128 0x6
 390 018f 2C030000 		.4byte	.LASF34
 391 0193 06       		.byte	0x6
 392 0194 7D       		.byte	0x7d
 393 0195 B4000000 		.4byte	0xb4
 394 0199 1D       		.byte	0x1d
 395 019a 06       		.uleb128 0x6
 396 019b 04040000 		.4byte	.LASF35
 397 019f 06       		.byte	0x6
 398 01a0 82       		.byte	0x82
ARM GAS  /var/folders/4k/6h5l9jl178sb4hslwv3xp1mr0000gn/T//ccbqUqza.s 			page 8


 399 01a1 CA000000 		.4byte	0xca
 400 01a5 1E       		.byte	0x1e
 401 01a6 06       		.uleb128 0x6
 402 01a7 14030000 		.4byte	.LASF36
 403 01ab 06       		.byte	0x6
 404 01ac 88       		.byte	0x88
 405 01ad D5000000 		.4byte	0xd5
 406 01b1 1F       		.byte	0x1f
 407 01b2 06       		.uleb128 0x6
 408 01b3 D8030000 		.4byte	.LASF37
 409 01b7 06       		.byte	0x6
 410 01b8 8F       		.byte	0x8f
 411 01b9 98030000 		.4byte	0x398
 412 01bd 20       		.byte	0x20
 413 01be 07       		.uleb128 0x7
 414 01bf 705F7500 		.ascii	"p_u\000"
 415 01c3 06       		.byte	0x6
 416 01c4 B4       		.byte	0xb4
 417 01c5 51040000 		.4byte	0x451
 418 01c9 24       		.byte	0x24
 419 01ca 06       		.uleb128 0x6
 420 01cb 4B040000 		.4byte	.LASF38
 421 01cf 06       		.byte	0x6
 422 01d0 B9       		.byte	0xb9
 423 01d1 66020000 		.4byte	0x266
 424 01d5 28       		.byte	0x28
 425 01d6 06       		.uleb128 0x6
 426 01d7 E6030000 		.4byte	.LASF39
 427 01db 06       		.byte	0x6
 428 01dc BF       		.byte	0xbf
 429 01dd 46020000 		.4byte	0x246
 430 01e1 2C       		.byte	0x2c
 431 01e2 06       		.uleb128 0x6
 432 01e3 0C000000 		.4byte	.LASF40
 433 01e7 06       		.byte	0x6
 434 01e8 C3       		.byte	0xc3
 435 01e9 EB000000 		.4byte	0xeb
 436 01ed 34       		.byte	0x34
 437 01ee 06       		.uleb128 0x6
 438 01ef 7E030000 		.4byte	.LASF41
 439 01f3 06       		.byte	0x6
 440 01f4 C9       		.byte	0xc9
 441 01f5 F6000000 		.4byte	0xf6
 442 01f9 38       		.byte	0x38
 443 01fa 06       		.uleb128 0x6
 444 01fb F8020000 		.4byte	.LASF42
 445 01ff 06       		.byte	0x6
 446 0200 D0       		.byte	0xd0
 447 0201 98040000 		.4byte	0x498
 448 0205 3C       		.byte	0x3c
 449 0206 06       		.uleb128 0x6
 450 0207 BB030000 		.4byte	.LASF43
 451 020b 06       		.byte	0x6
 452 020c D4       		.byte	0xd4
 453 020d E0000000 		.4byte	0xe0
 454 0211 40       		.byte	0x40
 455 0212 06       		.uleb128 0x6
ARM GAS  /var/folders/4k/6h5l9jl178sb4hslwv3xp1mr0000gn/T//ccbqUqza.s 			page 9


 456 0213 75000000 		.4byte	.LASF44
 457 0217 06       		.byte	0x6
 458 0218 DA       		.byte	0xda
 459 0219 7C020000 		.4byte	0x27c
 460 021d 44       		.byte	0x44
 461 021e 00       		.byte	0
 462 021f 08       		.uleb128 0x8
 463 0220 08       		.byte	0x8
 464 0221 05       		.byte	0x5
 465 0222 61       		.byte	0x61
 466 0223 40020000 		.4byte	0x240
 467 0227 06       		.uleb128 0x6
 468 0228 25030000 		.4byte	.LASF26
 469 022c 05       		.byte	0x5
 470 022d 62       		.byte	0x62
 471 022e 40020000 		.4byte	0x240
 472 0232 00       		.byte	0
 473 0233 06       		.uleb128 0x6
 474 0234 DE010000 		.4byte	.LASF27
 475 0238 05       		.byte	0x5
 476 0239 64       		.byte	0x64
 477 023a 40020000 		.4byte	0x240
 478 023e 04       		.byte	0x4
 479 023f 00       		.byte	0
 480 0240 09       		.uleb128 0x9
 481 0241 04       		.byte	0x4
 482 0242 17010000 		.4byte	0x117
 483 0246 04       		.uleb128 0x4
 484 0247 C1010000 		.4byte	.LASF45
 485 024b 05       		.byte	0x5
 486 024c 66       		.byte	0x66
 487 024d 1F020000 		.4byte	0x21f
 488 0251 08       		.uleb128 0x8
 489 0252 04       		.byte	0x4
 490 0253 05       		.byte	0x5
 491 0254 6B       		.byte	0x6b
 492 0255 66020000 		.4byte	0x266
 493 0259 06       		.uleb128 0x6
 494 025a 25030000 		.4byte	.LASF26
 495 025e 05       		.byte	0x5
 496 025f 6D       		.byte	0x6d
 497 0260 40020000 		.4byte	0x240
 498 0264 00       		.byte	0
 499 0265 00       		.byte	0
 500 0266 04       		.uleb128 0x4
 501 0267 47010000 		.4byte	.LASF46
 502 026b 05       		.byte	0x5
 503 026c 70       		.byte	0x70
 504 026d 51020000 		.4byte	0x251
 505 0271 04       		.uleb128 0x4
 506 0272 C9000000 		.4byte	.LASF47
 507 0276 07       		.byte	0x7
 508 0277 E5       		.byte	0xe5
 509 0278 7C020000 		.4byte	0x27c
 510 027c 0A       		.uleb128 0xa
 511 027d 04       		.byte	0x4
 512 027e 0B       		.uleb128 0xb
ARM GAS  /var/folders/4k/6h5l9jl178sb4hslwv3xp1mr0000gn/T//ccbqUqza.s 			page 10


 513 027f DF030000 		.4byte	.LASF48
 514 0283 24       		.byte	0x24
 515 0284 07       		.byte	0x7
 516 0285 0C01     		.2byte	0x10c
 517 0287 FA020000 		.4byte	0x2fa
 518 028b 0C       		.uleb128 0xc
 519 028c 723400   		.ascii	"r4\000"
 520 028f 07       		.byte	0x7
 521 0290 1F01     		.2byte	0x11f
 522 0292 71020000 		.4byte	0x271
 523 0296 00       		.byte	0
 524 0297 0C       		.uleb128 0xc
 525 0298 723500   		.ascii	"r5\000"
 526 029b 07       		.byte	0x7
 527 029c 2001     		.2byte	0x120
 528 029e 71020000 		.4byte	0x271
 529 02a2 04       		.byte	0x4
 530 02a3 0C       		.uleb128 0xc
 531 02a4 723600   		.ascii	"r6\000"
 532 02a7 07       		.byte	0x7
 533 02a8 2101     		.2byte	0x121
 534 02aa 71020000 		.4byte	0x271
 535 02ae 08       		.byte	0x8
 536 02af 0C       		.uleb128 0xc
 537 02b0 723700   		.ascii	"r7\000"
 538 02b3 07       		.byte	0x7
 539 02b4 2201     		.2byte	0x122
 540 02b6 71020000 		.4byte	0x271
 541 02ba 0C       		.byte	0xc
 542 02bb 0C       		.uleb128 0xc
 543 02bc 723800   		.ascii	"r8\000"
 544 02bf 07       		.byte	0x7
 545 02c0 2301     		.2byte	0x123
 546 02c2 71020000 		.4byte	0x271
 547 02c6 10       		.byte	0x10
 548 02c7 0C       		.uleb128 0xc
 549 02c8 723900   		.ascii	"r9\000"
 550 02cb 07       		.byte	0x7
 551 02cc 2401     		.2byte	0x124
 552 02ce 71020000 		.4byte	0x271
 553 02d2 14       		.byte	0x14
 554 02d3 0C       		.uleb128 0xc
 555 02d4 72313000 		.ascii	"r10\000"
 556 02d8 07       		.byte	0x7
 557 02d9 2501     		.2byte	0x125
 558 02db 71020000 		.4byte	0x271
 559 02df 18       		.byte	0x18
 560 02e0 0C       		.uleb128 0xc
 561 02e1 72313100 		.ascii	"r11\000"
 562 02e5 07       		.byte	0x7
 563 02e6 2601     		.2byte	0x126
 564 02e8 71020000 		.4byte	0x271
 565 02ec 1C       		.byte	0x1c
 566 02ed 0C       		.uleb128 0xc
 567 02ee 6C7200   		.ascii	"lr\000"
 568 02f1 07       		.byte	0x7
 569 02f2 2701     		.2byte	0x127
ARM GAS  /var/folders/4k/6h5l9jl178sb4hslwv3xp1mr0000gn/T//ccbqUqza.s 			page 11


 570 02f4 71020000 		.4byte	0x271
 571 02f8 20       		.byte	0x20
 572 02f9 00       		.byte	0
 573 02fa 0B       		.uleb128 0xb
 574 02fb 16010000 		.4byte	.LASF49
 575 02ff 04       		.byte	0x4
 576 0300 07       		.byte	0x7
 577 0301 3101     		.2byte	0x131
 578 0303 15030000 		.4byte	0x315
 579 0307 0C       		.uleb128 0xc
 580 0308 72313300 		.ascii	"r13\000"
 581 030c 07       		.byte	0x7
 582 030d 3201     		.2byte	0x132
 583 030f 15030000 		.4byte	0x315
 584 0313 00       		.byte	0
 585 0314 00       		.byte	0
 586 0315 09       		.uleb128 0x9
 587 0316 04       		.byte	0x4
 588 0317 7E020000 		.4byte	0x27e
 589 031b 03       		.uleb128 0x3
 590 031c 04       		.byte	0x4
 591 031d 07       		.byte	0x7
 592 031e 73010000 		.4byte	.LASF50
 593 0322 04       		.uleb128 0x4
 594 0323 0D010000 		.4byte	.LASF51
 595 0327 08       		.byte	0x8
 596 0328 58       		.byte	0x58
 597 0329 2D030000 		.4byte	0x32d
 598 032d 09       		.uleb128 0x9
 599 032e 04       		.byte	0x4
 600 032f 33030000 		.4byte	0x333
 601 0333 0D       		.uleb128 0xd
 602 0334 3E030000 		.4byte	0x33e
 603 0338 0E       		.uleb128 0xe
 604 0339 7C020000 		.4byte	0x27c
 605 033d 00       		.byte	0
 606 033e 04       		.uleb128 0x4
 607 033f 92030000 		.4byte	.LASF52
 608 0343 08       		.byte	0x8
 609 0344 5D       		.byte	0x5d
 610 0345 49030000 		.4byte	0x349
 611 0349 05       		.uleb128 0x5
 612 034a 92030000 		.4byte	.LASF52
 613 034e 14       		.byte	0x14
 614 034f 08       		.byte	0x8
 615 0350 64       		.byte	0x64
 616 0351 92030000 		.4byte	0x392
 617 0355 06       		.uleb128 0x6
 618 0356 F3000000 		.4byte	.LASF53
 619 035a 08       		.byte	0x8
 620 035b 65       		.byte	0x65
 621 035c 92030000 		.4byte	0x392
 622 0360 00       		.byte	0
 623 0361 06       		.uleb128 0x6
 624 0362 D2000000 		.4byte	.LASF54
 625 0366 08       		.byte	0x8
 626 0367 67       		.byte	0x67
ARM GAS  /var/folders/4k/6h5l9jl178sb4hslwv3xp1mr0000gn/T//ccbqUqza.s 			page 12


 627 0368 92030000 		.4byte	0x392
 628 036c 04       		.byte	0x4
 629 036d 06       		.uleb128 0x6
 630 036e 65010000 		.4byte	.LASF55
 631 0372 08       		.byte	0x8
 632 0373 69       		.byte	0x69
 633 0374 0C010000 		.4byte	0x10c
 634 0378 08       		.byte	0x8
 635 0379 06       		.uleb128 0x6
 636 037a 7C010000 		.4byte	.LASF56
 637 037e 08       		.byte	0x8
 638 037f 6A       		.byte	0x6a
 639 0380 22030000 		.4byte	0x322
 640 0384 0C       		.byte	0xc
 641 0385 06       		.uleb128 0x6
 642 0386 F1030000 		.4byte	.LASF57
 643 038a 08       		.byte	0x8
 644 038b 6C       		.byte	0x6c
 645 038c 7C020000 		.4byte	0x27c
 646 0390 10       		.byte	0x10
 647 0391 00       		.byte	0
 648 0392 09       		.uleb128 0x9
 649 0393 04       		.byte	0x4
 650 0394 3E030000 		.4byte	0x33e
 651 0398 0F       		.uleb128 0xf
 652 0399 0C010000 		.4byte	0x10c
 653 039d 05       		.uleb128 0x5
 654 039e 5F010000 		.4byte	.LASF58
 655 03a2 10       		.byte	0x10
 656 03a3 09       		.byte	0x9
 657 03a4 2C       		.byte	0x2c
 658 03a5 CE030000 		.4byte	0x3ce
 659 03a9 06       		.uleb128 0x6
 660 03aa 7D000000 		.4byte	.LASF59
 661 03ae 09       		.byte	0x9
 662 03af 2D       		.byte	0x2d
 663 03b0 46020000 		.4byte	0x246
 664 03b4 00       		.byte	0
 665 03b5 06       		.uleb128 0x6
 666 03b6 3D040000 		.4byte	.LASF60
 667 03ba 09       		.byte	0x9
 668 03bb 2F       		.byte	0x2f
 669 03bc 40020000 		.4byte	0x240
 670 03c0 08       		.byte	0x8
 671 03c1 06       		.uleb128 0x6
 672 03c2 AA030000 		.4byte	.LASF61
 673 03c6 09       		.byte	0x9
 674 03c7 31       		.byte	0x31
 675 03c8 CE030000 		.4byte	0x3ce
 676 03cc 0C       		.byte	0xc
 677 03cd 00       		.byte	0
 678 03ce 09       		.uleb128 0x9
 679 03cf 04       		.byte	0x4
 680 03d0 9D030000 		.4byte	0x39d
 681 03d4 04       		.uleb128 0x4
 682 03d5 5F010000 		.4byte	.LASF58
 683 03d9 09       		.byte	0x9
ARM GAS  /var/folders/4k/6h5l9jl178sb4hslwv3xp1mr0000gn/T//ccbqUqza.s 			page 13


 684 03da 33       		.byte	0x33
 685 03db 9D030000 		.4byte	0x39d
 686 03df 04       		.uleb128 0x4
 687 03e0 13040000 		.4byte	.LASF62
 688 03e4 0A       		.byte	0xa
 689 03e5 2C       		.byte	0x2c
 690 03e6 EA030000 		.4byte	0x3ea
 691 03ea 05       		.uleb128 0x5
 692 03eb 13040000 		.4byte	.LASF62
 693 03ef 10       		.byte	0x10
 694 03f0 0A       		.byte	0xa
 695 03f1 31       		.byte	0x31
 696 03f2 27040000 		.4byte	0x427
 697 03f6 06       		.uleb128 0x6
 698 03f7 37010000 		.4byte	.LASF63
 699 03fb 0A       		.byte	0xa
 700 03fc 32       		.byte	0x32
 701 03fd 27040000 		.4byte	0x427
 702 0401 00       		.byte	0
 703 0402 06       		.uleb128 0x6
 704 0403 E3020000 		.4byte	.LASF64
 705 0407 0A       		.byte	0xa
 706 0408 35       		.byte	0x35
 707 0409 40020000 		.4byte	0x240
 708 040d 04       		.byte	0x4
 709 040e 06       		.uleb128 0x6
 710 040f CE010000 		.4byte	.LASF65
 711 0413 0A       		.byte	0xa
 712 0414 37       		.byte	0x37
 713 0415 F6000000 		.4byte	0xf6
 714 0419 08       		.byte	0x8
 715 041a 06       		.uleb128 0x6
 716 041b EF020000 		.4byte	.LASF66
 717 041f 0A       		.byte	0xa
 718 0420 3A       		.byte	0x3a
 719 0421 01010000 		.4byte	0x101
 720 0425 0C       		.byte	0xc
 721 0426 00       		.byte	0
 722 0427 09       		.uleb128 0x9
 723 0428 04       		.byte	0x4
 724 0429 DF030000 		.4byte	0x3df
 725 042d 05       		.uleb128 0x5
 726 042e DA000000 		.4byte	.LASF67
 727 0432 04       		.byte	0x4
 728 0433 0A       		.byte	0xa
 729 0434 41       		.byte	0x41
 730 0435 46040000 		.4byte	0x446
 731 0439 06       		.uleb128 0x6
 732 043a 2F040000 		.4byte	.LASF68
 733 043e 0A       		.byte	0xa
 734 043f 42       		.byte	0x42
 735 0440 27040000 		.4byte	0x427
 736 0444 00       		.byte	0
 737 0445 00       		.byte	0
 738 0446 04       		.uleb128 0x4
 739 0447 DA000000 		.4byte	.LASF67
 740 044b 0A       		.byte	0xa
ARM GAS  /var/folders/4k/6h5l9jl178sb4hslwv3xp1mr0000gn/T//ccbqUqza.s 			page 14


 741 044c 45       		.byte	0x45
 742 044d 2D040000 		.4byte	0x42d
 743 0451 10       		.uleb128 0x10
 744 0452 04       		.byte	0x4
 745 0453 06       		.byte	0x6
 746 0454 96       		.byte	0x96
 747 0455 86040000 		.4byte	0x486
 748 0459 11       		.uleb128 0x11
 749 045a 12000000 		.4byte	.LASF69
 750 045e 06       		.byte	0x6
 751 045f 9D       		.byte	0x9d
 752 0460 EB000000 		.4byte	0xeb
 753 0464 11       		.uleb128 0x11
 754 0465 3A000000 		.4byte	.LASF70
 755 0469 06       		.byte	0x6
 756 046a A4       		.byte	0xa4
 757 046b EB000000 		.4byte	0xeb
 758 046f 11       		.uleb128 0x11
 759 0470 21040000 		.4byte	.LASF71
 760 0474 06       		.byte	0x6
 761 0475 AB       		.byte	0xab
 762 0476 7C020000 		.4byte	0x27c
 763 047a 11       		.uleb128 0x11
 764 047b 1E030000 		.4byte	.LASF72
 765 047f 06       		.byte	0x6
 766 0480 B2       		.byte	0xb2
 767 0481 F6000000 		.4byte	0xf6
 768 0485 00       		.byte	0
 769 0486 09       		.uleb128 0x9
 770 0487 04       		.byte	0x4
 771 0488 8C040000 		.4byte	0x48c
 772 048c 12       		.uleb128 0x12
 773 048d 91040000 		.4byte	0x491
 774 0491 03       		.uleb128 0x3
 775 0492 01       		.byte	0x1
 776 0493 08       		.byte	0x8
 777 0494 9F030000 		.4byte	.LASF73
 778 0498 09       		.uleb128 0x9
 779 0499 04       		.byte	0x4
 780 049a D4030000 		.4byte	0x3d4
 781 049e 08       		.uleb128 0x8
 782 049f 1C       		.byte	0x1c
 783 04a0 0B       		.byte	0xb
 784 04a1 27       		.byte	0x27
 785 04a2 CB040000 		.4byte	0x4cb
 786 04a6 06       		.uleb128 0x6
 787 04a7 37040000 		.4byte	.LASF74
 788 04ab 0B       		.byte	0xb
 789 04ac 28       		.byte	0x28
 790 04ad 3E030000 		.4byte	0x33e
 791 04b1 00       		.byte	0
 792 04b2 06       		.uleb128 0x6
 793 04b3 6D010000 		.4byte	.LASF75
 794 04b7 0B       		.byte	0xb
 795 04b8 29       		.byte	0x29
 796 04b9 46040000 		.4byte	0x446
 797 04bd 14       		.byte	0x14
ARM GAS  /var/folders/4k/6h5l9jl178sb4hslwv3xp1mr0000gn/T//ccbqUqza.s 			page 15


 798 04be 06       		.uleb128 0x6
 799 04bf 00000000 		.4byte	.LASF76
 800 04c3 0B       		.byte	0xb
 801 04c4 2A       		.byte	0x2a
 802 04c5 0C010000 		.4byte	0x10c
 803 04c9 18       		.byte	0x18
 804 04ca 00       		.byte	0
 805 04cb 04       		.uleb128 0x4
 806 04cc 6D000000 		.4byte	.LASF77
 807 04d0 0B       		.byte	0xb
 808 04d1 2B       		.byte	0x2b
 809 04d2 9E040000 		.4byte	0x49e
 810 04d6 13       		.uleb128 0x13
 811 04d7 A4030000 		.4byte	.LASF85
 812 04db 01       		.byte	0x1
 813 04dc 1C       		.byte	0x1c
 814 04dd 00000000 		.4byte	.LFB7
 815 04e1 2C000000 		.4byte	.LFE7-.LFB7
 816 04e5 01       		.uleb128 0x1
 817 04e6 9C       		.byte	0x9c
 818 04e7 72050000 		.4byte	0x572
 819 04eb 14       		.uleb128 0x14
 820 04ec 7000     		.ascii	"p\000"
 821 04ee 01       		.byte	0x1
 822 04ef 1C       		.byte	0x1c
 823 04f0 7C020000 		.4byte	0x27c
 824 04f4 00000000 		.4byte	.LLST0
 825 04f8 15       		.uleb128 0x15
 826 04f9 65747000 		.ascii	"etp\000"
 827 04fd 01       		.byte	0x1
 828 04fe 1D       		.byte	0x1d
 829 04ff 72050000 		.4byte	0x572
 830 0503 2C000000 		.4byte	.LLST1
 831 0507 16       		.uleb128 0x16
 832 0508 00000000 		.4byte	.Ldebug_ranges0+0
 833 050c 1E050000 		.4byte	0x51e
 834 0510 17       		.uleb128 0x17
 835 0511 746D7000 		.ascii	"tmp\000"
 836 0515 01       		.byte	0x1
 837 0516 1F       		.byte	0x1f
 838 0517 A2000000 		.4byte	0xa2
 839 051b 01       		.uleb128 0x1
 840 051c 53       		.byte	0x53
 841 051d 00       		.byte	0
 842 051e 18       		.uleb128 0x18
 843 051f 1E000000 		.4byte	.LBB4
 844 0523 0E000000 		.4byte	.LBE4-.LBB4
 845 0527 39050000 		.4byte	0x539
 846 052b 17       		.uleb128 0x17
 847 052c 746D7000 		.ascii	"tmp\000"
 848 0530 01       		.byte	0x1
 849 0531 22       		.byte	0x22
 850 0532 A2000000 		.4byte	0xa2
 851 0536 01       		.uleb128 0x1
 852 0537 53       		.byte	0x53
 853 0538 00       		.byte	0
 854 0539 19       		.uleb128 0x19
ARM GAS  /var/folders/4k/6h5l9jl178sb4hslwv3xp1mr0000gn/T//ccbqUqza.s 			page 16


 855 053a 12000000 		.4byte	.LVL3
 856 053e 5C060000 		.4byte	0x65c
 857 0542 52050000 		.4byte	0x552
 858 0546 1A       		.uleb128 0x1a
 859 0547 01       		.uleb128 0x1
 860 0548 51       		.byte	0x51
 861 0549 01       		.uleb128 0x1
 862 054a 30       		.byte	0x30
 863 054b 1A       		.uleb128 0x1a
 864 054c 01       		.uleb128 0x1
 865 054d 50       		.byte	0x50
 866 054e 02       		.uleb128 0x2
 867 054f 74       		.byte	0x74
 868 0550 14       		.sleb128 20
 869 0551 00       		.byte	0
 870 0552 1B       		.uleb128 0x1b
 871 0553 1E000000 		.4byte	.LVL4
 872 0557 78060000 		.4byte	0x678
 873 055b 1A       		.uleb128 0x1a
 874 055c 01       		.uleb128 0x1
 875 055d 53       		.byte	0x53
 876 055e 02       		.uleb128 0x2
 877 055f 74       		.byte	0x74
 878 0560 00       		.sleb128 0
 879 0561 1A       		.uleb128 0x1a
 880 0562 01       		.uleb128 0x1
 881 0563 52       		.byte	0x52
 882 0564 05       		.uleb128 0x5
 883 0565 03       		.byte	0x3
 884 0566 00000000 		.4byte	tmrcb
 885 056a 1A       		.uleb128 0x1a
 886 056b 01       		.uleb128 0x1
 887 056c 50       		.byte	0x50
 888 056d 02       		.uleb128 0x2
 889 056e 74       		.byte	0x74
 890 056f 00       		.sleb128 0
 891 0570 00       		.byte	0
 892 0571 00       		.byte	0
 893 0572 09       		.uleb128 0x9
 894 0573 04       		.byte	0x4
 895 0574 CB040000 		.4byte	0x4cb
 896 0578 1C       		.uleb128 0x1c
 897 0579 43000000 		.4byte	.LASF78
 898 057d 01       		.byte	0x1
 899 057e 2B       		.byte	0x2b
 900 057f 00000000 		.4byte	.LFB8
 901 0583 2C000000 		.4byte	.LFE8-.LFB8
 902 0587 01       		.uleb128 0x1
 903 0588 9C       		.byte	0x9c
 904 0589 F0050000 		.4byte	0x5f0
 905 058d 14       		.uleb128 0x14
 906 058e 65747000 		.ascii	"etp\000"
 907 0592 01       		.byte	0x1
 908 0593 2B       		.byte	0x2b
 909 0594 72050000 		.4byte	0x572
 910 0598 58000000 		.4byte	.LLST2
 911 059c 18       		.uleb128 0x18
ARM GAS  /var/folders/4k/6h5l9jl178sb4hslwv3xp1mr0000gn/T//ccbqUqza.s 			page 17


 912 059d 02000000 		.4byte	.LBB5
 913 05a1 06000000 		.4byte	.LBE5-.LBB5
 914 05a5 B7050000 		.4byte	0x5b7
 915 05a9 17       		.uleb128 0x17
 916 05aa 746D7000 		.ascii	"tmp\000"
 917 05ae 01       		.byte	0x1
 918 05af 2D       		.byte	0x2d
 919 05b0 A2000000 		.4byte	0xa2
 920 05b4 01       		.uleb128 0x1
 921 05b5 53       		.byte	0x53
 922 05b6 00       		.byte	0
 923 05b7 16       		.uleb128 0x16
 924 05b8 18000000 		.4byte	.Ldebug_ranges0+0x18
 925 05bc CE050000 		.4byte	0x5ce
 926 05c0 17       		.uleb128 0x17
 927 05c1 746D7000 		.ascii	"tmp\000"
 928 05c5 01       		.byte	0x1
 929 05c6 32       		.byte	0x32
 930 05c7 A2000000 		.4byte	0xa2
 931 05cb 01       		.uleb128 0x1
 932 05cc 53       		.byte	0x53
 933 05cd 00       		.byte	0
 934 05ce 1B       		.uleb128 0x1b
 935 05cf 1E000000 		.4byte	.LVL7
 936 05d3 78060000 		.4byte	0x678
 937 05d7 1A       		.uleb128 0x1a
 938 05d8 01       		.uleb128 0x1
 939 05d9 53       		.byte	0x53
 940 05da 03       		.uleb128 0x3
 941 05db F3       		.byte	0xf3
 942 05dc 01       		.uleb128 0x1
 943 05dd 50       		.byte	0x50
 944 05de 1A       		.uleb128 0x1a
 945 05df 01       		.uleb128 0x1
 946 05e0 52       		.byte	0x52
 947 05e1 05       		.uleb128 0x5
 948 05e2 03       		.byte	0x3
 949 05e3 00000000 		.4byte	tmrcb
 950 05e7 1A       		.uleb128 0x1a
 951 05e8 01       		.uleb128 0x1
 952 05e9 50       		.byte	0x50
 953 05ea 03       		.uleb128 0x3
 954 05eb F3       		.byte	0xf3
 955 05ec 01       		.uleb128 0x1
 956 05ed 50       		.byte	0x50
 957 05ee 00       		.byte	0
 958 05ef 00       		.byte	0
 959 05f0 1C       		.uleb128 0x1c
 960 05f1 D0030000 		.4byte	.LASF79
 961 05f5 01       		.byte	0x1
 962 05f6 3B       		.byte	0x3b
 963 05f7 00000000 		.4byte	.LFB9
 964 05fb 18000000 		.4byte	.LFE9-.LFB9
 965 05ff 01       		.uleb128 0x1
 966 0600 9C       		.byte	0x9c
 967 0601 5C060000 		.4byte	0x65c
 968 0605 14       		.uleb128 0x14
ARM GAS  /var/folders/4k/6h5l9jl178sb4hslwv3xp1mr0000gn/T//ccbqUqza.s 			page 18


 969 0606 65747000 		.ascii	"etp\000"
 970 060a 01       		.byte	0x1
 971 060b 3B       		.byte	0x3b
 972 060c 72050000 		.4byte	0x572
 973 0610 79000000 		.4byte	.LLST3
 974 0614 18       		.uleb128 0x18
 975 0615 02000000 		.4byte	.LBB8
 976 0619 06000000 		.4byte	.LBE8-.LBB8
 977 061d 2F060000 		.4byte	0x62f
 978 0621 17       		.uleb128 0x17
 979 0622 746D7000 		.ascii	"tmp\000"
 980 0626 01       		.byte	0x1
 981 0627 3D       		.byte	0x3d
 982 0628 A2000000 		.4byte	0xa2
 983 062c 01       		.uleb128 0x1
 984 062d 53       		.byte	0x53
 985 062e 00       		.byte	0
 986 062f 18       		.uleb128 0x18
 987 0630 10000000 		.4byte	.LBB9
 988 0634 08000000 		.4byte	.LBE9-.LBB9
 989 0638 4A060000 		.4byte	0x64a
 990 063c 17       		.uleb128 0x17
 991 063d 746D7000 		.ascii	"tmp\000"
 992 0641 01       		.byte	0x1
 993 0642 3D       		.byte	0x3d
 994 0643 A2000000 		.4byte	0xa2
 995 0647 01       		.uleb128 0x1
 996 0648 53       		.byte	0x53
 997 0649 00       		.byte	0
 998 064a 1B       		.uleb128 0x1b
 999 064b 10000000 		.4byte	.LVL9
 1000 064f 98060000 		.4byte	0x698
 1001 0653 1A       		.uleb128 0x1a
 1002 0654 01       		.uleb128 0x1
 1003 0655 50       		.byte	0x50
 1004 0656 03       		.uleb128 0x3
 1005 0657 F3       		.byte	0xf3
 1006 0658 01       		.uleb128 0x1
 1007 0659 50       		.byte	0x50
 1008 065a 00       		.byte	0
 1009 065b 00       		.byte	0
 1010 065c 1D       		.uleb128 0x1d
 1011 065d A1000000 		.4byte	.LASF80
 1012 0661 0A       		.byte	0xa
 1013 0662 BA       		.byte	0xba
 1014 0663 72060000 		.4byte	0x672
 1015 0667 0E       		.uleb128 0xe
 1016 0668 72060000 		.4byte	0x672
 1017 066c 0E       		.uleb128 0xe
 1018 066d 01010000 		.4byte	0x101
 1019 0671 00       		.byte	0
 1020 0672 09       		.uleb128 0x9
 1021 0673 04       		.byte	0x4
 1022 0674 46040000 		.4byte	0x446
 1023 0678 1D       		.uleb128 0x1d
 1024 0679 B0010000 		.4byte	.LASF81
 1025 067d 08       		.byte	0x8
ARM GAS  /var/folders/4k/6h5l9jl178sb4hslwv3xp1mr0000gn/T//ccbqUqza.s 			page 19


 1026 067e FE       		.byte	0xfe
 1027 067f 98060000 		.4byte	0x698
 1028 0683 0E       		.uleb128 0xe
 1029 0684 92030000 		.4byte	0x392
 1030 0688 0E       		.uleb128 0xe
 1031 0689 0C010000 		.4byte	0x10c
 1032 068d 0E       		.uleb128 0xe
 1033 068e 22030000 		.4byte	0x322
 1034 0692 0E       		.uleb128 0xe
 1035 0693 7C020000 		.4byte	0x27c
 1036 0697 00       		.byte	0
 1037 0698 1E       		.uleb128 0x1e
 1038 0699 3B030000 		.4byte	.LASF86
 1039 069d 08       		.byte	0x8
 1040 069e FF       		.byte	0xff
 1041 069f 0E       		.uleb128 0xe
 1042 06a0 92030000 		.4byte	0x392
 1043 06a4 00       		.byte	0
 1044 06a5 00       		.byte	0
 1045              		.section	.debug_abbrev,"",%progbits
 1046              	.Ldebug_abbrev0:
 1047 0000 01       		.uleb128 0x1
 1048 0001 11       		.uleb128 0x11
 1049 0002 01       		.byte	0x1
 1050 0003 25       		.uleb128 0x25
 1051 0004 0E       		.uleb128 0xe
 1052 0005 13       		.uleb128 0x13
 1053 0006 0B       		.uleb128 0xb
 1054 0007 03       		.uleb128 0x3
 1055 0008 0E       		.uleb128 0xe
 1056 0009 1B       		.uleb128 0x1b
 1057 000a 0E       		.uleb128 0xe
 1058 000b 55       		.uleb128 0x55
 1059 000c 17       		.uleb128 0x17
 1060 000d 11       		.uleb128 0x11
 1061 000e 01       		.uleb128 0x1
 1062 000f 10       		.uleb128 0x10
 1063 0010 17       		.uleb128 0x17
 1064 0011 00       		.byte	0
 1065 0012 00       		.byte	0
 1066 0013 02       		.uleb128 0x2
 1067 0014 24       		.uleb128 0x24
 1068 0015 00       		.byte	0
 1069 0016 0B       		.uleb128 0xb
 1070 0017 0B       		.uleb128 0xb
 1071 0018 3E       		.uleb128 0x3e
 1072 0019 0B       		.uleb128 0xb
 1073 001a 03       		.uleb128 0x3
 1074 001b 08       		.uleb128 0x8
 1075 001c 00       		.byte	0
 1076 001d 00       		.byte	0
 1077 001e 03       		.uleb128 0x3
 1078 001f 24       		.uleb128 0x24
 1079 0020 00       		.byte	0
 1080 0021 0B       		.uleb128 0xb
 1081 0022 0B       		.uleb128 0xb
 1082 0023 3E       		.uleb128 0x3e
ARM GAS  /var/folders/4k/6h5l9jl178sb4hslwv3xp1mr0000gn/T//ccbqUqza.s 			page 20


 1083 0024 0B       		.uleb128 0xb
 1084 0025 03       		.uleb128 0x3
 1085 0026 0E       		.uleb128 0xe
 1086 0027 00       		.byte	0
 1087 0028 00       		.byte	0
 1088 0029 04       		.uleb128 0x4
 1089 002a 16       		.uleb128 0x16
 1090 002b 00       		.byte	0
 1091 002c 03       		.uleb128 0x3
 1092 002d 0E       		.uleb128 0xe
 1093 002e 3A       		.uleb128 0x3a
 1094 002f 0B       		.uleb128 0xb
 1095 0030 3B       		.uleb128 0x3b
 1096 0031 0B       		.uleb128 0xb
 1097 0032 49       		.uleb128 0x49
 1098 0033 13       		.uleb128 0x13
 1099 0034 00       		.byte	0
 1100 0035 00       		.byte	0
 1101 0036 05       		.uleb128 0x5
 1102 0037 13       		.uleb128 0x13
 1103 0038 01       		.byte	0x1
 1104 0039 03       		.uleb128 0x3
 1105 003a 0E       		.uleb128 0xe
 1106 003b 0B       		.uleb128 0xb
 1107 003c 0B       		.uleb128 0xb
 1108 003d 3A       		.uleb128 0x3a
 1109 003e 0B       		.uleb128 0xb
 1110 003f 3B       		.uleb128 0x3b
 1111 0040 0B       		.uleb128 0xb
 1112 0041 01       		.uleb128 0x1
 1113 0042 13       		.uleb128 0x13
 1114 0043 00       		.byte	0
 1115 0044 00       		.byte	0
 1116 0045 06       		.uleb128 0x6
 1117 0046 0D       		.uleb128 0xd
 1118 0047 00       		.byte	0
 1119 0048 03       		.uleb128 0x3
 1120 0049 0E       		.uleb128 0xe
 1121 004a 3A       		.uleb128 0x3a
 1122 004b 0B       		.uleb128 0xb
 1123 004c 3B       		.uleb128 0x3b
 1124 004d 0B       		.uleb128 0xb
 1125 004e 49       		.uleb128 0x49
 1126 004f 13       		.uleb128 0x13
 1127 0050 38       		.uleb128 0x38
 1128 0051 0B       		.uleb128 0xb
 1129 0052 00       		.byte	0
 1130 0053 00       		.byte	0
 1131 0054 07       		.uleb128 0x7
 1132 0055 0D       		.uleb128 0xd
 1133 0056 00       		.byte	0
 1134 0057 03       		.uleb128 0x3
 1135 0058 08       		.uleb128 0x8
 1136 0059 3A       		.uleb128 0x3a
 1137 005a 0B       		.uleb128 0xb
 1138 005b 3B       		.uleb128 0x3b
 1139 005c 0B       		.uleb128 0xb
ARM GAS  /var/folders/4k/6h5l9jl178sb4hslwv3xp1mr0000gn/T//ccbqUqza.s 			page 21


 1140 005d 49       		.uleb128 0x49
 1141 005e 13       		.uleb128 0x13
 1142 005f 38       		.uleb128 0x38
 1143 0060 0B       		.uleb128 0xb
 1144 0061 00       		.byte	0
 1145 0062 00       		.byte	0
 1146 0063 08       		.uleb128 0x8
 1147 0064 13       		.uleb128 0x13
 1148 0065 01       		.byte	0x1
 1149 0066 0B       		.uleb128 0xb
 1150 0067 0B       		.uleb128 0xb
 1151 0068 3A       		.uleb128 0x3a
 1152 0069 0B       		.uleb128 0xb
 1153 006a 3B       		.uleb128 0x3b
 1154 006b 0B       		.uleb128 0xb
 1155 006c 01       		.uleb128 0x1
 1156 006d 13       		.uleb128 0x13
 1157 006e 00       		.byte	0
 1158 006f 00       		.byte	0
 1159 0070 09       		.uleb128 0x9
 1160 0071 0F       		.uleb128 0xf
 1161 0072 00       		.byte	0
 1162 0073 0B       		.uleb128 0xb
 1163 0074 0B       		.uleb128 0xb
 1164 0075 49       		.uleb128 0x49
 1165 0076 13       		.uleb128 0x13
 1166 0077 00       		.byte	0
 1167 0078 00       		.byte	0
 1168 0079 0A       		.uleb128 0xa
 1169 007a 0F       		.uleb128 0xf
 1170 007b 00       		.byte	0
 1171 007c 0B       		.uleb128 0xb
 1172 007d 0B       		.uleb128 0xb
 1173 007e 00       		.byte	0
 1174 007f 00       		.byte	0
 1175 0080 0B       		.uleb128 0xb
 1176 0081 13       		.uleb128 0x13
 1177 0082 01       		.byte	0x1
 1178 0083 03       		.uleb128 0x3
 1179 0084 0E       		.uleb128 0xe
 1180 0085 0B       		.uleb128 0xb
 1181 0086 0B       		.uleb128 0xb
 1182 0087 3A       		.uleb128 0x3a
 1183 0088 0B       		.uleb128 0xb
 1184 0089 3B       		.uleb128 0x3b
 1185 008a 05       		.uleb128 0x5
 1186 008b 01       		.uleb128 0x1
 1187 008c 13       		.uleb128 0x13
 1188 008d 00       		.byte	0
 1189 008e 00       		.byte	0
 1190 008f 0C       		.uleb128 0xc
 1191 0090 0D       		.uleb128 0xd
 1192 0091 00       		.byte	0
 1193 0092 03       		.uleb128 0x3
 1194 0093 08       		.uleb128 0x8
 1195 0094 3A       		.uleb128 0x3a
 1196 0095 0B       		.uleb128 0xb
ARM GAS  /var/folders/4k/6h5l9jl178sb4hslwv3xp1mr0000gn/T//ccbqUqza.s 			page 22


 1197 0096 3B       		.uleb128 0x3b
 1198 0097 05       		.uleb128 0x5
 1199 0098 49       		.uleb128 0x49
 1200 0099 13       		.uleb128 0x13
 1201 009a 38       		.uleb128 0x38
 1202 009b 0B       		.uleb128 0xb
 1203 009c 00       		.byte	0
 1204 009d 00       		.byte	0
 1205 009e 0D       		.uleb128 0xd
 1206 009f 15       		.uleb128 0x15
 1207 00a0 01       		.byte	0x1
 1208 00a1 27       		.uleb128 0x27
 1209 00a2 19       		.uleb128 0x19
 1210 00a3 01       		.uleb128 0x1
 1211 00a4 13       		.uleb128 0x13
 1212 00a5 00       		.byte	0
 1213 00a6 00       		.byte	0
 1214 00a7 0E       		.uleb128 0xe
 1215 00a8 05       		.uleb128 0x5
 1216 00a9 00       		.byte	0
 1217 00aa 49       		.uleb128 0x49
 1218 00ab 13       		.uleb128 0x13
 1219 00ac 00       		.byte	0
 1220 00ad 00       		.byte	0
 1221 00ae 0F       		.uleb128 0xf
 1222 00af 35       		.uleb128 0x35
 1223 00b0 00       		.byte	0
 1224 00b1 49       		.uleb128 0x49
 1225 00b2 13       		.uleb128 0x13
 1226 00b3 00       		.byte	0
 1227 00b4 00       		.byte	0
 1228 00b5 10       		.uleb128 0x10
 1229 00b6 17       		.uleb128 0x17
 1230 00b7 01       		.byte	0x1
 1231 00b8 0B       		.uleb128 0xb
 1232 00b9 0B       		.uleb128 0xb
 1233 00ba 3A       		.uleb128 0x3a
 1234 00bb 0B       		.uleb128 0xb
 1235 00bc 3B       		.uleb128 0x3b
 1236 00bd 0B       		.uleb128 0xb
 1237 00be 01       		.uleb128 0x1
 1238 00bf 13       		.uleb128 0x13
 1239 00c0 00       		.byte	0
 1240 00c1 00       		.byte	0
 1241 00c2 11       		.uleb128 0x11
 1242 00c3 0D       		.uleb128 0xd
 1243 00c4 00       		.byte	0
 1244 00c5 03       		.uleb128 0x3
 1245 00c6 0E       		.uleb128 0xe
 1246 00c7 3A       		.uleb128 0x3a
 1247 00c8 0B       		.uleb128 0xb
 1248 00c9 3B       		.uleb128 0x3b
 1249 00ca 0B       		.uleb128 0xb
 1250 00cb 49       		.uleb128 0x49
 1251 00cc 13       		.uleb128 0x13
 1252 00cd 00       		.byte	0
 1253 00ce 00       		.byte	0
ARM GAS  /var/folders/4k/6h5l9jl178sb4hslwv3xp1mr0000gn/T//ccbqUqza.s 			page 23


 1254 00cf 12       		.uleb128 0x12
 1255 00d0 26       		.uleb128 0x26
 1256 00d1 00       		.byte	0
 1257 00d2 49       		.uleb128 0x49
 1258 00d3 13       		.uleb128 0x13
 1259 00d4 00       		.byte	0
 1260 00d5 00       		.byte	0
 1261 00d6 13       		.uleb128 0x13
 1262 00d7 2E       		.uleb128 0x2e
 1263 00d8 01       		.byte	0x1
 1264 00d9 03       		.uleb128 0x3
 1265 00da 0E       		.uleb128 0xe
 1266 00db 3A       		.uleb128 0x3a
 1267 00dc 0B       		.uleb128 0xb
 1268 00dd 3B       		.uleb128 0x3b
 1269 00de 0B       		.uleb128 0xb
 1270 00df 27       		.uleb128 0x27
 1271 00e0 19       		.uleb128 0x19
 1272 00e1 11       		.uleb128 0x11
 1273 00e2 01       		.uleb128 0x1
 1274 00e3 12       		.uleb128 0x12
 1275 00e4 06       		.uleb128 0x6
 1276 00e5 40       		.uleb128 0x40
 1277 00e6 18       		.uleb128 0x18
 1278 00e7 9742     		.uleb128 0x2117
 1279 00e9 19       		.uleb128 0x19
 1280 00ea 01       		.uleb128 0x1
 1281 00eb 13       		.uleb128 0x13
 1282 00ec 00       		.byte	0
 1283 00ed 00       		.byte	0
 1284 00ee 14       		.uleb128 0x14
 1285 00ef 05       		.uleb128 0x5
 1286 00f0 00       		.byte	0
 1287 00f1 03       		.uleb128 0x3
 1288 00f2 08       		.uleb128 0x8
 1289 00f3 3A       		.uleb128 0x3a
 1290 00f4 0B       		.uleb128 0xb
 1291 00f5 3B       		.uleb128 0x3b
 1292 00f6 0B       		.uleb128 0xb
 1293 00f7 49       		.uleb128 0x49
 1294 00f8 13       		.uleb128 0x13
 1295 00f9 02       		.uleb128 0x2
 1296 00fa 17       		.uleb128 0x17
 1297 00fb 00       		.byte	0
 1298 00fc 00       		.byte	0
 1299 00fd 15       		.uleb128 0x15
 1300 00fe 34       		.uleb128 0x34
 1301 00ff 00       		.byte	0
 1302 0100 03       		.uleb128 0x3
 1303 0101 08       		.uleb128 0x8
 1304 0102 3A       		.uleb128 0x3a
 1305 0103 0B       		.uleb128 0xb
 1306 0104 3B       		.uleb128 0x3b
 1307 0105 0B       		.uleb128 0xb
 1308 0106 49       		.uleb128 0x49
 1309 0107 13       		.uleb128 0x13
 1310 0108 02       		.uleb128 0x2
ARM GAS  /var/folders/4k/6h5l9jl178sb4hslwv3xp1mr0000gn/T//ccbqUqza.s 			page 24


 1311 0109 17       		.uleb128 0x17
 1312 010a 00       		.byte	0
 1313 010b 00       		.byte	0
 1314 010c 16       		.uleb128 0x16
 1315 010d 0B       		.uleb128 0xb
 1316 010e 01       		.byte	0x1
 1317 010f 55       		.uleb128 0x55
 1318 0110 17       		.uleb128 0x17
 1319 0111 01       		.uleb128 0x1
 1320 0112 13       		.uleb128 0x13
 1321 0113 00       		.byte	0
 1322 0114 00       		.byte	0
 1323 0115 17       		.uleb128 0x17
 1324 0116 34       		.uleb128 0x34
 1325 0117 00       		.byte	0
 1326 0118 03       		.uleb128 0x3
 1327 0119 08       		.uleb128 0x8
 1328 011a 3A       		.uleb128 0x3a
 1329 011b 0B       		.uleb128 0xb
 1330 011c 3B       		.uleb128 0x3b
 1331 011d 0B       		.uleb128 0xb
 1332 011e 49       		.uleb128 0x49
 1333 011f 13       		.uleb128 0x13
 1334 0120 02       		.uleb128 0x2
 1335 0121 18       		.uleb128 0x18
 1336 0122 00       		.byte	0
 1337 0123 00       		.byte	0
 1338 0124 18       		.uleb128 0x18
 1339 0125 0B       		.uleb128 0xb
 1340 0126 01       		.byte	0x1
 1341 0127 11       		.uleb128 0x11
 1342 0128 01       		.uleb128 0x1
 1343 0129 12       		.uleb128 0x12
 1344 012a 06       		.uleb128 0x6
 1345 012b 01       		.uleb128 0x1
 1346 012c 13       		.uleb128 0x13
 1347 012d 00       		.byte	0
 1348 012e 00       		.byte	0
 1349 012f 19       		.uleb128 0x19
 1350 0130 898201   		.uleb128 0x4109
 1351 0133 01       		.byte	0x1
 1352 0134 11       		.uleb128 0x11
 1353 0135 01       		.uleb128 0x1
 1354 0136 31       		.uleb128 0x31
 1355 0137 13       		.uleb128 0x13
 1356 0138 01       		.uleb128 0x1
 1357 0139 13       		.uleb128 0x13
 1358 013a 00       		.byte	0
 1359 013b 00       		.byte	0
 1360 013c 1A       		.uleb128 0x1a
 1361 013d 8A8201   		.uleb128 0x410a
 1362 0140 00       		.byte	0
 1363 0141 02       		.uleb128 0x2
 1364 0142 18       		.uleb128 0x18
 1365 0143 9142     		.uleb128 0x2111
 1366 0145 18       		.uleb128 0x18
 1367 0146 00       		.byte	0
ARM GAS  /var/folders/4k/6h5l9jl178sb4hslwv3xp1mr0000gn/T//ccbqUqza.s 			page 25


 1368 0147 00       		.byte	0
 1369 0148 1B       		.uleb128 0x1b
 1370 0149 898201   		.uleb128 0x4109
 1371 014c 01       		.byte	0x1
 1372 014d 11       		.uleb128 0x11
 1373 014e 01       		.uleb128 0x1
 1374 014f 31       		.uleb128 0x31
 1375 0150 13       		.uleb128 0x13
 1376 0151 00       		.byte	0
 1377 0152 00       		.byte	0
 1378 0153 1C       		.uleb128 0x1c
 1379 0154 2E       		.uleb128 0x2e
 1380 0155 01       		.byte	0x1
 1381 0156 3F       		.uleb128 0x3f
 1382 0157 19       		.uleb128 0x19
 1383 0158 03       		.uleb128 0x3
 1384 0159 0E       		.uleb128 0xe
 1385 015a 3A       		.uleb128 0x3a
 1386 015b 0B       		.uleb128 0xb
 1387 015c 3B       		.uleb128 0x3b
 1388 015d 0B       		.uleb128 0xb
 1389 015e 27       		.uleb128 0x27
 1390 015f 19       		.uleb128 0x19
 1391 0160 11       		.uleb128 0x11
 1392 0161 01       		.uleb128 0x1
 1393 0162 12       		.uleb128 0x12
 1394 0163 06       		.uleb128 0x6
 1395 0164 40       		.uleb128 0x40
 1396 0165 18       		.uleb128 0x18
 1397 0166 9742     		.uleb128 0x2117
 1398 0168 19       		.uleb128 0x19
 1399 0169 01       		.uleb128 0x1
 1400 016a 13       		.uleb128 0x13
 1401 016b 00       		.byte	0
 1402 016c 00       		.byte	0
 1403 016d 1D       		.uleb128 0x1d
 1404 016e 2E       		.uleb128 0x2e
 1405 016f 01       		.byte	0x1
 1406 0170 3F       		.uleb128 0x3f
 1407 0171 19       		.uleb128 0x19
 1408 0172 03       		.uleb128 0x3
 1409 0173 0E       		.uleb128 0xe
 1410 0174 3A       		.uleb128 0x3a
 1411 0175 0B       		.uleb128 0xb
 1412 0176 3B       		.uleb128 0x3b
 1413 0177 0B       		.uleb128 0xb
 1414 0178 27       		.uleb128 0x27
 1415 0179 19       		.uleb128 0x19
 1416 017a 3C       		.uleb128 0x3c
 1417 017b 19       		.uleb128 0x19
 1418 017c 01       		.uleb128 0x1
 1419 017d 13       		.uleb128 0x13
 1420 017e 00       		.byte	0
 1421 017f 00       		.byte	0
 1422 0180 1E       		.uleb128 0x1e
 1423 0181 2E       		.uleb128 0x2e
 1424 0182 01       		.byte	0x1
ARM GAS  /var/folders/4k/6h5l9jl178sb4hslwv3xp1mr0000gn/T//ccbqUqza.s 			page 26


 1425 0183 3F       		.uleb128 0x3f
 1426 0184 19       		.uleb128 0x19
 1427 0185 03       		.uleb128 0x3
 1428 0186 0E       		.uleb128 0xe
 1429 0187 3A       		.uleb128 0x3a
 1430 0188 0B       		.uleb128 0xb
 1431 0189 3B       		.uleb128 0x3b
 1432 018a 0B       		.uleb128 0xb
 1433 018b 27       		.uleb128 0x27
 1434 018c 19       		.uleb128 0x19
 1435 018d 3C       		.uleb128 0x3c
 1436 018e 19       		.uleb128 0x19
 1437 018f 00       		.byte	0
 1438 0190 00       		.byte	0
 1439 0191 00       		.byte	0
 1440              		.section	.debug_loc,"",%progbits
 1441              	.Ldebug_loc0:
 1442              	.LLST0:
 1443 0000 00000000 		.4byte	.LVL0
 1444 0004 0E000000 		.4byte	.LVL2
 1445 0008 0100     		.2byte	0x1
 1446 000a 50       		.byte	0x50
 1447 000b 0E000000 		.4byte	.LVL2
 1448 000f 26000000 		.4byte	.LVL5
 1449 0013 0100     		.2byte	0x1
 1450 0015 54       		.byte	0x54
 1451 0016 26000000 		.4byte	.LVL5
 1452 001a 2C000000 		.4byte	.LFE7
 1453 001e 0400     		.2byte	0x4
 1454 0020 F3       		.byte	0xf3
 1455 0021 01       		.uleb128 0x1
 1456 0022 50       		.byte	0x50
 1457 0023 9F       		.byte	0x9f
 1458 0024 00000000 		.4byte	0
 1459 0028 00000000 		.4byte	0
 1460              	.LLST1:
 1461 002c 06000000 		.4byte	.LVL1
 1462 0030 0E000000 		.4byte	.LVL2
 1463 0034 0100     		.2byte	0x1
 1464 0036 50       		.byte	0x50
 1465 0037 0E000000 		.4byte	.LVL2
 1466 003b 26000000 		.4byte	.LVL5
 1467 003f 0100     		.2byte	0x1
 1468 0041 54       		.byte	0x54
 1469 0042 26000000 		.4byte	.LVL5
 1470 0046 2C000000 		.4byte	.LFE7
 1471 004a 0400     		.2byte	0x4
 1472 004c F3       		.byte	0xf3
 1473 004d 01       		.uleb128 0x1
 1474 004e 50       		.byte	0x50
 1475 004f 9F       		.byte	0x9f
 1476 0050 00000000 		.4byte	0
 1477 0054 00000000 		.4byte	0
 1478              	.LLST2:
 1479 0058 00000000 		.4byte	.LVL6
 1480 005c 1D000000 		.4byte	.LVL7-1
 1481 0060 0100     		.2byte	0x1
ARM GAS  /var/folders/4k/6h5l9jl178sb4hslwv3xp1mr0000gn/T//ccbqUqza.s 			page 27


 1482 0062 50       		.byte	0x50
 1483 0063 1D000000 		.4byte	.LVL7-1
 1484 0067 2C000000 		.4byte	.LFE8
 1485 006b 0400     		.2byte	0x4
 1486 006d F3       		.byte	0xf3
 1487 006e 01       		.uleb128 0x1
 1488 006f 50       		.byte	0x50
 1489 0070 9F       		.byte	0x9f
 1490 0071 00000000 		.4byte	0
 1491 0075 00000000 		.4byte	0
 1492              	.LLST3:
 1493 0079 00000000 		.4byte	.LVL8
 1494 007d 0F000000 		.4byte	.LVL9-1
 1495 0081 0100     		.2byte	0x1
 1496 0083 50       		.byte	0x50
 1497 0084 0F000000 		.4byte	.LVL9-1
 1498 0088 18000000 		.4byte	.LFE9
 1499 008c 0400     		.2byte	0x4
 1500 008e F3       		.byte	0xf3
 1501 008f 01       		.uleb128 0x1
 1502 0090 50       		.byte	0x50
 1503 0091 9F       		.byte	0x9f
 1504 0092 00000000 		.4byte	0
 1505 0096 00000000 		.4byte	0
 1506              		.section	.debug_aranges,"",%progbits
 1507 0000 2C000000 		.4byte	0x2c
 1508 0004 0200     		.2byte	0x2
 1509 0006 00000000 		.4byte	.Ldebug_info0
 1510 000a 04       		.byte	0x4
 1511 000b 00       		.byte	0
 1512 000c 0000     		.2byte	0
 1513 000e 0000     		.2byte	0
 1514 0010 00000000 		.4byte	.LFB7
 1515 0014 2C000000 		.4byte	.LFE7-.LFB7
 1516 0018 00000000 		.4byte	.LFB8
 1517 001c 2C000000 		.4byte	.LFE8-.LFB8
 1518 0020 00000000 		.4byte	.LFB9
 1519 0024 18000000 		.4byte	.LFE9-.LFB9
 1520 0028 00000000 		.4byte	0
 1521 002c 00000000 		.4byte	0
 1522              		.section	.debug_ranges,"",%progbits
 1523              	.Ldebug_ranges0:
 1524 0000 02000000 		.4byte	.LBB2
 1525 0004 04000000 		.4byte	.LBE2
 1526 0008 06000000 		.4byte	.LBB3
 1527 000c 0A000000 		.4byte	.LBE3
 1528 0010 00000000 		.4byte	0
 1529 0014 00000000 		.4byte	0
 1530 0018 0C000000 		.4byte	.LBB6
 1531 001c 14000000 		.4byte	.LBE6
 1532 0020 1E000000 		.4byte	.LBB7
 1533 0024 2C000000 		.4byte	.LBE7
 1534 0028 00000000 		.4byte	0
 1535 002c 00000000 		.4byte	0
 1536 0030 00000000 		.4byte	.LFB7
 1537 0034 2C000000 		.4byte	.LFE7
 1538 0038 00000000 		.4byte	.LFB8
ARM GAS  /var/folders/4k/6h5l9jl178sb4hslwv3xp1mr0000gn/T//ccbqUqza.s 			page 28


 1539 003c 2C000000 		.4byte	.LFE8
 1540 0040 00000000 		.4byte	.LFB9
 1541 0044 18000000 		.4byte	.LFE9
 1542 0048 00000000 		.4byte	0
 1543 004c 00000000 		.4byte	0
 1544              		.section	.debug_line,"",%progbits
 1545              	.Ldebug_line0:
 1546 0000 21020000 		.section	.debug_str,"MS",%progbits,1
 1546      0200D701 
 1546      00000201 
 1546      FB0E0D00 
 1546      01010101 
 1547              	.LASF76:
 1548 0000 65745F69 		.ascii	"et_interval\000"
 1548      6E746572 
 1548      76616C00 
 1549              	.LASF40:
 1550 000c 705F6D73 		.ascii	"p_msg\000"
 1550      6700
 1551              	.LASF69:
 1552 0012 7264796D 		.ascii	"rdymsg\000"
 1552      736700
 1553              	.LASF5:
 1554 0019 5F5F7569 		.ascii	"__uint8_t\000"
 1554      6E74385F 
 1554      7400
 1555              	.LASF11:
 1556 0023 6C6F6E67 		.ascii	"long long unsigned int\000"
 1556      206C6F6E 
 1556      6720756E 
 1556      7369676E 
 1556      65642069 
 1557              	.LASF70:
 1558 003a 65786974 		.ascii	"exitcode\000"
 1558      636F6465 
 1558      00
 1559              	.LASF78:
 1560 0043 65767453 		.ascii	"evtStart\000"
 1560      74617274 
 1560      00
 1561              	.LASF28:
 1562 004c 705F7072 		.ascii	"p_prio\000"
 1562      696F00
 1563              	.LASF10:
 1564 0053 6C6F6E67 		.ascii	"long long int\000"
 1564      206C6F6E 
 1564      6720696E 
 1564      7400
 1565              	.LASF1:
 1566 0061 7369676E 		.ascii	"signed char\000"
 1566      65642063 
 1566      68617200 
 1567              	.LASF77:
 1568 006d 45765469 		.ascii	"EvTimer\000"
 1568      6D657200 
 1569              	.LASF44:
 1570 0075 705F6D70 		.ascii	"p_mpool\000"
ARM GAS  /var/folders/4k/6h5l9jl178sb4hslwv3xp1mr0000gn/T//ccbqUqza.s 			page 29


 1570      6F6F6C00 
 1571              	.LASF59:
 1572 007d 6D5F7175 		.ascii	"m_queue\000"
 1572      65756500 
 1573              	.LASF19:
 1574 0085 74736C69 		.ascii	"tslices_t\000"
 1574      6365735F 
 1574      7400
 1575              	.LASF7:
 1576 008f 6C6F6E67 		.ascii	"long int\000"
 1576      20696E74 
 1576      00
 1577              	.LASF17:
 1578 0098 74737461 		.ascii	"tstate_t\000"
 1578      74655F74 
 1578      00
 1579              	.LASF80:
 1580 00a1 63684576 		.ascii	"chEvtBroadcastFlagsI\000"
 1580      7442726F 
 1580      61646361 
 1580      7374466C 
 1580      61677349 
 1581              	.LASF30:
 1582 00b6 705F6E65 		.ascii	"p_newer\000"
 1582      77657200 
 1583              	.LASF8:
 1584 00be 5F5F7569 		.ascii	"__uint32_t\000"
 1584      6E743332 
 1584      5F7400
 1585              	.LASF47:
 1586 00c9 72656761 		.ascii	"regarm_t\000"
 1586      726D5F74 
 1586      00
 1587              	.LASF54:
 1588 00d2 76745F70 		.ascii	"vt_prev\000"
 1588      72657600 
 1589              	.LASF67:
 1590 00da 4576656E 		.ascii	"EventSource\000"
 1590      74536F75 
 1590      72636500 
 1591              	.LASF0:
 1592 00e6 756E7369 		.ascii	"unsigned int\000"
 1592      676E6564 
 1592      20696E74 
 1592      00
 1593              	.LASF53:
 1594 00f3 76745F6E 		.ascii	"vt_next\000"
 1594      65787400 
 1595              	.LASF9:
 1596 00fb 6C6F6E67 		.ascii	"long unsigned int\000"
 1596      20756E73 
 1596      69676E65 
 1596      6420696E 
 1596      7400
 1597              	.LASF51:
 1598 010d 76746675 		.ascii	"vtfunc_t\000"
 1598      6E635F74 
ARM GAS  /var/folders/4k/6h5l9jl178sb4hslwv3xp1mr0000gn/T//ccbqUqza.s 			page 30


 1598      00
 1599              	.LASF49:
 1600 0116 636F6E74 		.ascii	"context\000"
 1600      65787400 
 1601              	.LASF4:
 1602 011e 73686F72 		.ascii	"short unsigned int\000"
 1602      7420756E 
 1602      7369676E 
 1602      65642069 
 1602      6E7400
 1603              	.LASF21:
 1604 0131 6D73675F 		.ascii	"msg_t\000"
 1604      7400
 1605              	.LASF63:
 1606 0137 656C5F6E 		.ascii	"el_next\000"
 1606      65787400 
 1607              	.LASF16:
 1608 013f 746D6F64 		.ascii	"tmode_t\000"
 1608      655F7400 
 1609              	.LASF46:
 1610 0147 54687265 		.ascii	"ThreadsList\000"
 1610      6164734C 
 1610      69737400 
 1611              	.LASF22:
 1612 0153 6576656E 		.ascii	"eventmask_t\000"
 1612      746D6173 
 1612      6B5F7400 
 1613              	.LASF58:
 1614 015f 4D757465 		.ascii	"Mutex\000"
 1614      7800
 1615              	.LASF55:
 1616 0165 76745F74 		.ascii	"vt_time\000"
 1616      696D6500 
 1617              	.LASF75:
 1618 016d 65745F65 		.ascii	"et_es\000"
 1618      7300
 1619              	.LASF50:
 1620 0173 73697A65 		.ascii	"sizetype\000"
 1620      74797065 
 1620      00
 1621              	.LASF56:
 1622 017c 76745F66 		.ascii	"vt_func\000"
 1622      756E6300 
 1623              	.LASF83:
 1624 0184 2E2E2F43 		.ascii	"../ChibiStudio/ChibiOS/os/various/evtimer.c\000"
 1624      68696269 
 1624      53747564 
 1624      696F2F43 
 1624      68696269 
 1625              	.LASF81:
 1626 01b0 63685654 		.ascii	"chVTSetI\000"
 1626      53657449 
 1626      00
 1627              	.LASF31:
 1628 01b9 705F6F6C 		.ascii	"p_older\000"
 1628      64657200 
 1629              	.LASF45:
ARM GAS  /var/folders/4k/6h5l9jl178sb4hslwv3xp1mr0000gn/T//ccbqUqza.s 			page 31


 1630 01c1 54687265 		.ascii	"ThreadsQueue\000"
 1630      61647351 
 1630      75657565 
 1630      00
 1631              	.LASF65:
 1632 01ce 656C5F6D 		.ascii	"el_mask\000"
 1632      61736B00 
 1633              	.LASF18:
 1634 01d6 74726566 		.ascii	"trefs_t\000"
 1634      735F7400 
 1635              	.LASF27:
 1636 01de 705F7072 		.ascii	"p_prev\000"
 1636      657600
 1637              	.LASF20:
 1638 01e5 74707269 		.ascii	"tprio_t\000"
 1638      6F5F7400 
 1639              	.LASF15:
 1640 01ed 5F426F6F 		.ascii	"_Bool\000"
 1640      6C00
 1641              	.LASF13:
 1642 01f3 696E7433 		.ascii	"int32_t\000"
 1642      325F7400 
 1643              	.LASF2:
 1644 01fb 756E7369 		.ascii	"unsigned char\000"
 1644      676E6564 
 1644      20636861 
 1644      7200
 1645              	.LASF82:
 1646 0209 474E5520 		.ascii	"GNU C 4.8.3 20140228 (release) [ARM/embedded-4_8-br"
 1646      4320342E 
 1646      382E3320 
 1646      32303134 
 1646      30323238 
 1647 023c 616E6368 		.ascii	"anch revision 208322] -mcpu=cortex-m4 -mno-thumb-in"
 1647      20726576 
 1647      6973696F 
 1647      6E203230 
 1647      38333232 
 1648 026f 74657277 		.ascii	"terwork -mthumb -ggdb -O2 -fomit-frame-pointer -fal"
 1648      6F726B20 
 1648      2D6D7468 
 1648      756D6220 
 1648      2D676764 
 1649 02a2 69676E2D 		.ascii	"ign-functions=16 -ffunction-sections -fdata-section"
 1649      66756E63 
 1649      74696F6E 
 1649      733D3136 
 1649      202D6666 
 1650 02d5 73202D66 		.ascii	"s -fno-common\000"
 1650      6E6F2D63 
 1650      6F6D6D6F 
 1650      6E00
 1651              	.LASF64:
 1652 02e3 656C5F6C 		.ascii	"el_listener\000"
 1652      69737465 
 1652      6E657200 
 1653              	.LASF66:
ARM GAS  /var/folders/4k/6h5l9jl178sb4hslwv3xp1mr0000gn/T//ccbqUqza.s 			page 32


 1654 02ef 656C5F66 		.ascii	"el_flags\000"
 1654      6C616773 
 1654      00
 1655              	.LASF42:
 1656 02f8 705F6D74 		.ascii	"p_mtxlist\000"
 1656      786C6973 
 1656      7400
 1657              	.LASF3:
 1658 0302 73686F72 		.ascii	"short int\000"
 1658      7420696E 
 1658      7400
 1659              	.LASF33:
 1660 030c 705F7374 		.ascii	"p_state\000"
 1660      61746500 
 1661              	.LASF36:
 1662 0314 705F7072 		.ascii	"p_preempt\000"
 1662      65656D70 
 1662      7400
 1663              	.LASF72:
 1664 031e 65776D61 		.ascii	"ewmask\000"
 1664      736B00
 1665              	.LASF26:
 1666 0325 705F6E65 		.ascii	"p_next\000"
 1666      787400
 1667              	.LASF34:
 1668 032c 705F666C 		.ascii	"p_flags\000"
 1668      61677300 
 1669              	.LASF25:
 1670 0334 54687265 		.ascii	"Thread\000"
 1670      616400
 1671              	.LASF86:
 1672 033b 63685654 		.ascii	"chVTResetI\000"
 1672      52657365 
 1672      744900
 1673              	.LASF84:
 1674 0346 2F557365 		.ascii	"/Users/mikevanis/Documents/workspace/STM32_DCMI_CAM"
 1674      72732F6D 
 1674      696B6576 
 1674      616E6973 
 1674      2F446F63 
 1675 0379 4552412F 		.ascii	"ERA/\000"
 1675      00
 1676              	.LASF41:
 1677 037e 705F6570 		.ascii	"p_epending\000"
 1677      656E6469 
 1677      6E6700
 1678              	.LASF14:
 1679 0389 75696E74 		.ascii	"uint32_t\000"
 1679      33325F74 
 1679      00
 1680              	.LASF52:
 1681 0392 56697274 		.ascii	"VirtualTimer\000"
 1681      75616C54 
 1681      696D6572 
 1681      00
 1682              	.LASF73:
 1683 039f 63686172 		.ascii	"char\000"
ARM GAS  /var/folders/4k/6h5l9jl178sb4hslwv3xp1mr0000gn/T//ccbqUqza.s 			page 33


 1683      00
 1684              	.LASF85:
 1685 03a4 746D7263 		.ascii	"tmrcb\000"
 1685      6200
 1686              	.LASF61:
 1687 03aa 6D5F6E65 		.ascii	"m_next\000"
 1687      787400
 1688              	.LASF24:
 1689 03b1 73797374 		.ascii	"systime_t\000"
 1689      696D655F 
 1689      7400
 1690              	.LASF43:
 1691 03bb 705F7265 		.ascii	"p_realprio\000"
 1691      616C7072 
 1691      696F00
 1692              	.LASF6:
 1693 03c6 5F5F696E 		.ascii	"__int32_t\000"
 1693      7433325F 
 1693      7400
 1694              	.LASF79:
 1695 03d0 65767453 		.ascii	"evtStop\000"
 1695      746F7000 
 1696              	.LASF37:
 1697 03d8 705F7469 		.ascii	"p_time\000"
 1697      6D6500
 1698              	.LASF48:
 1699 03df 696E7463 		.ascii	"intctx\000"
 1699      747800
 1700              	.LASF39:
 1701 03e6 705F6D73 		.ascii	"p_msgqueue\000"
 1701      67717565 
 1701      756500
 1702              	.LASF57:
 1703 03f1 76745F70 		.ascii	"vt_par\000"
 1703      617200
 1704              	.LASF23:
 1705 03f8 666C6167 		.ascii	"flagsmask_t\000"
 1705      736D6173 
 1705      6B5F7400 
 1706              	.LASF35:
 1707 0404 705F7265 		.ascii	"p_refs\000"
 1707      667300
 1708              	.LASF12:
 1709 040b 75696E74 		.ascii	"uint8_t\000"
 1709      385F7400 
 1710              	.LASF62:
 1711 0413 4576656E 		.ascii	"EventListener\000"
 1711      744C6973 
 1711      74656E65 
 1711      7200
 1712              	.LASF71:
 1713 0421 77746F62 		.ascii	"wtobjp\000"
 1713      6A7000
 1714              	.LASF32:
 1715 0428 705F6E61 		.ascii	"p_name\000"
 1715      6D6500
 1716              	.LASF68:
ARM GAS  /var/folders/4k/6h5l9jl178sb4hslwv3xp1mr0000gn/T//ccbqUqza.s 			page 34


 1717 042f 65735F6E 		.ascii	"es_next\000"
 1717      65787400 
 1718              	.LASF74:
 1719 0437 65745F76 		.ascii	"et_vt\000"
 1719      7400
 1720              	.LASF60:
 1721 043d 6D5F6F77 		.ascii	"m_owner\000"
 1721      6E657200 
 1722              	.LASF29:
 1723 0445 705F6374 		.ascii	"p_ctx\000"
 1723      7800
 1724              	.LASF38:
 1725 044b 705F7761 		.ascii	"p_waiting\000"
 1725      6974696E 
 1725      6700
 1726              		.ident	"GCC: (GNU Tools for ARM Embedded Processors) 4.8.3 20140228 (release) [ARM/embedded-4_8-br
ARM GAS  /var/folders/4k/6h5l9jl178sb4hslwv3xp1mr0000gn/T//ccbqUqza.s 			page 35


DEFINED SYMBOLS
                            *ABS*:0000000000000000 evtimer.c
/var/folders/4k/6h5l9jl178sb4hslwv3xp1mr0000gn/T//ccbqUqza.s:19     .text.tmrcb:0000000000000000 $t
/var/folders/4k/6h5l9jl178sb4hslwv3xp1mr0000gn/T//ccbqUqza.s:24     .text.tmrcb:0000000000000000 tmrcb
/var/folders/4k/6h5l9jl178sb4hslwv3xp1mr0000gn/T//ccbqUqza.s:75     .text.tmrcb:0000000000000028 $d
/var/folders/4k/6h5l9jl178sb4hslwv3xp1mr0000gn/T//ccbqUqza.s:81     .text.evtStart:0000000000000000 $t
/var/folders/4k/6h5l9jl178sb4hslwv3xp1mr0000gn/T//ccbqUqza.s:87     .text.evtStart:0000000000000000 evtStart
/var/folders/4k/6h5l9jl178sb4hslwv3xp1mr0000gn/T//ccbqUqza.s:136    .text.evtStart:0000000000000028 $d
/var/folders/4k/6h5l9jl178sb4hslwv3xp1mr0000gn/T//ccbqUqza.s:142    .text.evtStop:0000000000000000 $t
/var/folders/4k/6h5l9jl178sb4hslwv3xp1mr0000gn/T//ccbqUqza.s:148    .text.evtStop:0000000000000000 evtStop
                     .debug_frame:0000000000000010 $d
/var/folders/4k/6h5l9jl178sb4hslwv3xp1mr0000gn/T//ccbqUqza.s:80     .text.tmrcb:000000000000002c $t
/var/folders/4k/6h5l9jl178sb4hslwv3xp1mr0000gn/T//ccbqUqza.s:141    .text.evtStart:000000000000002c $t

UNDEFINED SYMBOLS
chEvtBroadcastFlagsI
chVTSetI
chVTResetI
