ARM GAS  /var/folders/f2/xhg999f973v6h87pc1fwp6lm0000gn/T//ccmpEpJJ.s 			page 1


   1              		.syntax unified
   2              		.cpu cortex-m4
   3              		.fpu softvfp
   4              		.eabi_attribute 20, 1
   5              		.eabi_attribute 21, 1
   6              		.eabi_attribute 23, 3
   7              		.eabi_attribute 24, 1
   8              		.eabi_attribute 25, 1
   9              		.eabi_attribute 26, 1
  10              		.eabi_attribute 30, 2
  11              		.eabi_attribute 34, 1
  12              		.eabi_attribute 18, 4
  13              		.thumb
  14              		.file	"fatfs_syscall.c"
  15              		.text
  16              	.Ltext0:
  17              		.cfi_sections	.debug_frame
  18              		.section	.text.ff_cre_syncobj,"ax",%progbits
  19              		.align	2
  20              		.p2align 4,,15
  21              		.global	ff_cre_syncobj
  22              		.thumb
  23              		.thumb_func
  24              		.type	ff_cre_syncobj, %function
  25              	ff_cre_syncobj:
  26              	.LFB7:
  27              		.file 1 "../../os/various/fatfs_bindings/fatfs_syscall.c"
  28              		.loc 1 34 0
  29              		.cfi_startproc
  30              		@ args = 0, pretend = 0, frame = 0
  31              		@ frame_needed = 0, uses_anonymous_args = 0
  32              	.LVL0:
  33 0000 08B5     		push	{r3, lr}
  34              		.cfi_def_cfa_offset 8
  35              		.cfi_offset 3, -8
  36              		.cfi_offset 14, -4
  37              		.loc 1 36 0
  38 0002 054B     		ldr	r3, .L2
  39 0004 00EB4000 		add	r0, r0, r0, lsl #1
  40              	.LVL1:
  41 0008 03EB8000 		add	r0, r3, r0, lsl #2
  42 000c 0860     		str	r0, [r1]
  43              		.loc 1 37 0
  44 000e 0121     		movs	r1, #1
  45              	.LVL2:
  46 0010 FFF7FEFF 		bl	chSemInit
  47              	.LVL3:
  48              		.loc 1 39 0
  49 0014 0120     		movs	r0, #1
  50 0016 08BD     		pop	{r3, pc}
  51              	.L3:
  52              		.align	2
  53              	.L2:
  54 0018 00000000 		.word	.LANCHOR0
  55              		.cfi_endproc
  56              	.LFE7:
  57              		.size	ff_cre_syncobj, .-ff_cre_syncobj
ARM GAS  /var/folders/f2/xhg999f973v6h87pc1fwp6lm0000gn/T//ccmpEpJJ.s 			page 2


  58 001c AFF30080 		.section	.text.ff_del_syncobj,"ax",%progbits
  59              		.align	2
  60              		.p2align 4,,15
  61              		.global	ff_del_syncobj
  62              		.thumb
  63              		.thumb_func
  64              		.type	ff_del_syncobj, %function
  65              	ff_del_syncobj:
  66              	.LFB8:
  67              		.loc 1 44 0
  68              		.cfi_startproc
  69              		@ args = 0, pretend = 0, frame = 0
  70              		@ frame_needed = 0, uses_anonymous_args = 0
  71              	.LVL4:
  72 0000 08B5     		push	{r3, lr}
  73              		.cfi_def_cfa_offset 8
  74              		.cfi_offset 3, -8
  75              		.cfi_offset 14, -4
  76              		.loc 1 46 0
  77 0002 0021     		movs	r1, #0
  78 0004 FFF7FEFF 		bl	chSemReset
  79              	.LVL5:
  80              		.loc 1 48 0
  81 0008 0120     		movs	r0, #1
  82 000a 08BD     		pop	{r3, pc}
  83              		.cfi_endproc
  84              	.LFE8:
  85              		.size	ff_del_syncobj, .-ff_del_syncobj
  86 000c AFF30080 		.section	.text.ff_req_grant,"ax",%progbits
  87              		.align	2
  88              		.p2align 4,,15
  89              		.global	ff_req_grant
  90              		.thumb
  91              		.thumb_func
  92              		.type	ff_req_grant, %function
  93              	ff_req_grant:
  94              	.LFB9:
  95              		.loc 1 53 0
  96              		.cfi_startproc
  97              		@ args = 0, pretend = 0, frame = 0
  98              		@ frame_needed = 0, uses_anonymous_args = 0
  99              	.LVL6:
 100 0000 08B5     		push	{r3, lr}
 101              		.cfi_def_cfa_offset 8
 102              		.cfi_offset 3, -8
 103              		.cfi_offset 14, -4
 104              		.loc 1 55 0
 105 0002 4FF47A71 		mov	r1, #1000
 106 0006 FFF7FEFF 		bl	chSemWaitTimeout
 107              	.LVL7:
 108              		.loc 1 57 0
 109 000a D0F10100 		rsbs	r0, r0, #1
 110              	.LVL8:
 111 000e 38BF     		it	cc
 112 0010 0020     		movcc	r0, #0
 113 0012 08BD     		pop	{r3, pc}
 114              		.cfi_endproc
ARM GAS  /var/folders/f2/xhg999f973v6h87pc1fwp6lm0000gn/T//ccmpEpJJ.s 			page 3


 115              	.LFE9:
 116              		.size	ff_req_grant, .-ff_req_grant
 117 0014 AFF30080 		.section	.text.ff_rel_grant,"ax",%progbits
 117      AFF30080 
 117      AFF30080 
 118              		.align	2
 119              		.p2align 4,,15
 120              		.global	ff_rel_grant
 121              		.thumb
 122              		.thumb_func
 123              		.type	ff_rel_grant, %function
 124              	ff_rel_grant:
 125              	.LFB10:
 126              		.loc 1 62 0
 127              		.cfi_startproc
 128              		@ args = 0, pretend = 0, frame = 0
 129              		@ frame_needed = 0, uses_anonymous_args = 0
 130              		@ link register save eliminated.
 131              	.LVL9:
 132              		.loc 1 64 0
 133 0000 FFF7FEBF 		b	chSemSignal
 134              	.LVL10:
 135              		.cfi_endproc
 136              	.LFE10:
 137              		.size	ff_rel_grant, .-ff_rel_grant
 138 0004 AFF30080 		.section	.text.ff_memalloc,"ax",%progbits
 138      AFF30080 
 138      AFF30080 
 139              		.align	2
 140              		.p2align 4,,15
 141              		.global	ff_memalloc
 142              		.thumb
 143              		.thumb_func
 144              		.type	ff_memalloc, %function
 145              	ff_memalloc:
 146              	.LFB11:
 147              		.loc 1 72 0
 148              		.cfi_startproc
 149              		@ args = 0, pretend = 0, frame = 0
 150              		@ frame_needed = 0, uses_anonymous_args = 0
 151              		@ link register save eliminated.
 152              	.LVL11:
 153              		.loc 1 72 0
 154 0000 0146     		mov	r1, r0
 155              		.loc 1 74 0
 156 0002 0020     		movs	r0, #0
 157              	.LVL12:
 158 0004 FFF7FEBF 		b	chHeapAlloc
 159              	.LVL13:
 160              		.cfi_endproc
 161              	.LFE11:
 162              		.size	ff_memalloc, .-ff_memalloc
 163 0008 AFF30080 		.section	.text.ff_memfree,"ax",%progbits
 163      AFF30080 
 164              		.align	2
 165              		.p2align 4,,15
 166              		.global	ff_memfree
ARM GAS  /var/folders/f2/xhg999f973v6h87pc1fwp6lm0000gn/T//ccmpEpJJ.s 			page 4


 167              		.thumb
 168              		.thumb_func
 169              		.type	ff_memfree, %function
 170              	ff_memfree:
 171              	.LFB12:
 172              		.loc 1 80 0
 173              		.cfi_startproc
 174              		@ args = 0, pretend = 0, frame = 0
 175              		@ frame_needed = 0, uses_anonymous_args = 0
 176              		@ link register save eliminated.
 177              	.LVL14:
 178              		.loc 1 82 0
 179 0000 FFF7FEBF 		b	chHeapFree
 180              	.LVL15:
 181              		.cfi_endproc
 182              	.LFE12:
 183              		.size	ff_memfree, .-ff_memfree
 184 0004 AFF30080 		.section	.bss.ff_sem,"aw",%nobits
 184      AFF30080 
 184      AFF30080 
 185              		.align	2
 186              		.set	.LANCHOR0,. + 0
 187              		.type	ff_sem, %object
 188              		.size	ff_sem, 12
 189              	ff_sem:
 190 0000 00000000 		.space	12
 190      00000000 
 190      00000000 
 191              		.text
 192              	.Letext0:
 193              		.file 2 "/Users/Andy/eclipse_chibi/gcc-arm-none-eabi-4_8-2014q1/lib/gcc/arm-none-eabi/4.8.3/includ
 194              		.file 3 "/Users/Andy/eclipse_chibi/gcc-arm-none-eabi-4_8-2014q1/arm-none-eabi/include/machine/_def
 195              		.file 4 "/Users/Andy/eclipse_chibi/gcc-arm-none-eabi-4_8-2014q1/arm-none-eabi/include/stdint.h"
 196              		.file 5 "../../os/ports/GCC/ARMCMx/chtypes.h"
 197              		.file 6 "../../os/kernel/include/chlists.h"
 198              		.file 7 "../../os/kernel/include/chthreads.h"
 199              		.file 8 "../../os/ports/GCC/ARMCMx/chcore_v7m.h"
 200              		.file 9 "../../os/kernel/include/chsem.h"
 201              		.file 10 "../../os/kernel/include/chmtx.h"
 202              		.file 11 "../../os/kernel/include/chmemcore.h"
 203              		.file 12 "../../os/kernel/include/chheap.h"
 204              		.file 13 "../../ext/fatfs/src/integer.h"
 205              		.section	.debug_info,"",%progbits
 206              	.Ldebug_info0:
 207 0000 18070000 		.4byte	0x718
 208 0004 0400     		.2byte	0x4
 209 0006 00000000 		.4byte	.Ldebug_abbrev0
 210 000a 04       		.byte	0x4
 211 000b 01       		.uleb128 0x1
 212 000c 57010000 		.4byte	.LASF93
 213 0010 01       		.byte	0x1
 214 0011 78020000 		.4byte	.LASF94
 215 0015 1A000000 		.4byte	.LASF95
 216 0019 00000000 		.4byte	.Ldebug_ranges0+0
 217 001d 00000000 		.4byte	0
 218 0021 00000000 		.4byte	.Ldebug_line0
 219 0025 02       		.uleb128 0x2
ARM GAS  /var/folders/f2/xhg999f973v6h87pc1fwp6lm0000gn/T//ccmpEpJJ.s 			page 5


 220 0026 04       		.byte	0x4
 221 0027 05       		.byte	0x5
 222 0028 696E7400 		.ascii	"int\000"
 223 002c 03       		.uleb128 0x3
 224 002d 6C000000 		.4byte	.LASF2
 225 0031 02       		.byte	0x2
 226 0032 D4       		.byte	0xd4
 227 0033 37000000 		.4byte	0x37
 228 0037 04       		.uleb128 0x4
 229 0038 04       		.byte	0x4
 230 0039 07       		.byte	0x7
 231 003a EA020000 		.4byte	.LASF0
 232 003e 04       		.uleb128 0x4
 233 003f 01       		.byte	0x1
 234 0040 06       		.byte	0x6
 235 0041 AF020000 		.4byte	.LASF1
 236 0045 03       		.uleb128 0x3
 237 0046 B0040000 		.4byte	.LASF3
 238 004a 03       		.byte	0x3
 239 004b 1C       		.byte	0x1c
 240 004c 50000000 		.4byte	0x50
 241 0050 04       		.uleb128 0x4
 242 0051 01       		.byte	0x1
 243 0052 08       		.byte	0x8
 244 0053 6A020000 		.4byte	.LASF4
 245 0057 04       		.uleb128 0x4
 246 0058 02       		.byte	0x2
 247 0059 05       		.byte	0x5
 248 005a 62000000 		.4byte	.LASF5
 249 005e 04       		.uleb128 0x4
 250 005f 02       		.byte	0x2
 251 0060 07       		.byte	0x7
 252 0061 2C030000 		.4byte	.LASF6
 253 0065 03       		.uleb128 0x3
 254 0066 19040000 		.4byte	.LASF7
 255 006a 03       		.byte	0x3
 256 006b 37       		.byte	0x37
 257 006c 70000000 		.4byte	0x70
 258 0070 04       		.uleb128 0x4
 259 0071 04       		.byte	0x4
 260 0072 05       		.byte	0x5
 261 0073 4E010000 		.4byte	.LASF8
 262 0077 03       		.uleb128 0x3
 263 0078 FC030000 		.4byte	.LASF9
 264 007c 03       		.byte	0x3
 265 007d 38       		.byte	0x38
 266 007e 82000000 		.4byte	0x82
 267 0082 04       		.uleb128 0x4
 268 0083 04       		.byte	0x4
 269 0084 07       		.byte	0x7
 270 0085 EA030000 		.4byte	.LASF10
 271 0089 04       		.uleb128 0x4
 272 008a 08       		.byte	0x8
 273 008b 05       		.byte	0x5
 274 008c 26010000 		.4byte	.LASF11
 275 0090 03       		.uleb128 0x3
 276 0091 AE030000 		.4byte	.LASF12
ARM GAS  /var/folders/f2/xhg999f973v6h87pc1fwp6lm0000gn/T//ccmpEpJJ.s 			page 6


 277 0095 03       		.byte	0x3
 278 0096 4E       		.byte	0x4e
 279 0097 9B000000 		.4byte	0x9b
 280 009b 04       		.uleb128 0x4
 281 009c 08       		.byte	0x8
 282 009d 07       		.byte	0x7
 283 009e C3020000 		.4byte	.LASF13
 284 00a2 03       		.uleb128 0x3
 285 00a3 D4000000 		.4byte	.LASF14
 286 00a7 04       		.byte	0x4
 287 00a8 2A       		.byte	0x2a
 288 00a9 45000000 		.4byte	0x45
 289 00ad 03       		.uleb128 0x3
 290 00ae 00000000 		.4byte	.LASF15
 291 00b2 04       		.byte	0x4
 292 00b3 41       		.byte	0x41
 293 00b4 65000000 		.4byte	0x65
 294 00b8 03       		.uleb128 0x3
 295 00b9 E1020000 		.4byte	.LASF16
 296 00bd 04       		.byte	0x4
 297 00be 42       		.byte	0x42
 298 00bf 77000000 		.4byte	0x77
 299 00c3 03       		.uleb128 0x3
 300 00c4 4D000000 		.4byte	.LASF17
 301 00c8 04       		.byte	0x4
 302 00c9 4E       		.byte	0x4e
 303 00ca 90000000 		.4byte	0x90
 304 00ce 04       		.uleb128 0x4
 305 00cf 01       		.byte	0x1
 306 00d0 02       		.byte	0x2
 307 00d1 93030000 		.4byte	.LASF18
 308 00d5 03       		.uleb128 0x3
 309 00d6 12010000 		.4byte	.LASF19
 310 00da 05       		.byte	0x5
 311 00db 2C       		.byte	0x2c
 312 00dc A2000000 		.4byte	0xa2
 313 00e0 03       		.uleb128 0x3
 314 00e1 30040000 		.4byte	.LASF20
 315 00e5 05       		.byte	0x5
 316 00e6 2D       		.byte	0x2d
 317 00e7 A2000000 		.4byte	0xa2
 318 00eb 03       		.uleb128 0x3
 319 00ec 12000000 		.4byte	.LASF21
 320 00f0 05       		.byte	0x5
 321 00f1 2E       		.byte	0x2e
 322 00f2 A2000000 		.4byte	0xa2
 323 00f6 03       		.uleb128 0x3
 324 00f7 DC000000 		.4byte	.LASF22
 325 00fb 05       		.byte	0x5
 326 00fc 2F       		.byte	0x2f
 327 00fd A2000000 		.4byte	0xa2
 328 0101 03       		.uleb128 0x3
 329 0102 3B010000 		.4byte	.LASF23
 330 0106 05       		.byte	0x5
 331 0107 30       		.byte	0x30
 332 0108 B8000000 		.4byte	0xb8
 333 010c 03       		.uleb128 0x3
ARM GAS  /var/folders/f2/xhg999f973v6h87pc1fwp6lm0000gn/T//ccmpEpJJ.s 			page 7


 334 010d A5040000 		.4byte	.LASF24
 335 0111 05       		.byte	0x5
 336 0112 31       		.byte	0x31
 337 0113 AD000000 		.4byte	0xad
 338 0117 03       		.uleb128 0x3
 339 0118 8E000000 		.4byte	.LASF25
 340 011c 05       		.byte	0x5
 341 011d 33       		.byte	0x33
 342 011e B8000000 		.4byte	0xb8
 343 0122 03       		.uleb128 0x3
 344 0123 5C030000 		.4byte	.LASF26
 345 0127 05       		.byte	0x5
 346 0128 35       		.byte	0x35
 347 0129 B8000000 		.4byte	0xb8
 348 012d 03       		.uleb128 0x3
 349 012e 80030000 		.4byte	.LASF27
 350 0132 05       		.byte	0x5
 351 0133 36       		.byte	0x36
 352 0134 AD000000 		.4byte	0xad
 353 0138 03       		.uleb128 0x3
 354 0139 39040000 		.4byte	.LASF28
 355 013d 06       		.byte	0x6
 356 013e 2A       		.byte	0x2a
 357 013f 43010000 		.4byte	0x143
 358 0143 05       		.uleb128 0x5
 359 0144 39040000 		.4byte	.LASF28
 360 0148 48       		.byte	0x48
 361 0149 07       		.byte	0x7
 362 014a 5E       		.byte	0x5e
 363 014b 40020000 		.4byte	0x240
 364 014f 06       		.uleb128 0x6
 365 0150 B1000000 		.4byte	.LASF29
 366 0154 07       		.byte	0x7
 367 0155 5F       		.byte	0x5f
 368 0156 61020000 		.4byte	0x261
 369 015a 00       		.byte	0
 370 015b 06       		.uleb128 0x6
 371 015c 7E000000 		.4byte	.LASF30
 372 0160 07       		.byte	0x7
 373 0161 61       		.byte	0x61
 374 0162 61020000 		.4byte	0x261
 375 0166 04       		.byte	0x4
 376 0167 06       		.uleb128 0x6
 377 0168 A5000000 		.4byte	.LASF31
 378 016c 07       		.byte	0x7
 379 016d 63       		.byte	0x63
 380 016e 01010000 		.4byte	0x101
 381 0172 08       		.byte	0x8
 382 0173 06       		.uleb128 0x6
 383 0174 83040000 		.4byte	.LASF32
 384 0178 07       		.byte	0x7
 385 0179 64       		.byte	0x64
 386 017a 26030000 		.4byte	0x326
 387 017e 0C       		.byte	0xc
 388 017f 06       		.uleb128 0x6
 389 0180 BB020000 		.4byte	.LASF33
 390 0184 07       		.byte	0x7
ARM GAS  /var/folders/f2/xhg999f973v6h87pc1fwp6lm0000gn/T//ccmpEpJJ.s 			page 8


 391 0185 66       		.byte	0x66
 392 0186 61020000 		.4byte	0x261
 393 018a 10       		.byte	0x10
 394 018b 06       		.uleb128 0x6
 395 018c 5B040000 		.4byte	.LASF34
 396 0190 07       		.byte	0x7
 397 0191 67       		.byte	0x67
 398 0192 61020000 		.4byte	0x261
 399 0196 14       		.byte	0x14
 400 0197 06       		.uleb128 0x6
 401 0198 34010000 		.4byte	.LASF35
 402 019c 07       		.byte	0x7
 403 019d 6E       		.byte	0x6e
 404 019e C1040000 		.4byte	0x4c1
 405 01a2 18       		.byte	0x18
 406 01a3 06       		.uleb128 0x6
 407 01a4 78030000 		.4byte	.LASF36
 408 01a8 07       		.byte	0x7
 409 01a9 79       		.byte	0x79
 410 01aa E0000000 		.4byte	0xe0
 411 01ae 1C       		.byte	0x1c
 412 01af 06       		.uleb128 0x6
 413 01b0 3F030000 		.4byte	.LASF37
 414 01b4 07       		.byte	0x7
 415 01b5 7D       		.byte	0x7d
 416 01b6 D5000000 		.4byte	0xd5
 417 01ba 1D       		.byte	0x1d
 418 01bb 06       		.uleb128 0x6
 419 01bc 52020000 		.4byte	.LASF38
 420 01c0 07       		.byte	0x7
 421 01c1 82       		.byte	0x82
 422 01c2 EB000000 		.4byte	0xeb
 423 01c6 1E       		.byte	0x1e
 424 01c7 06       		.uleb128 0x6
 425 01c8 47030000 		.4byte	.LASF39
 426 01cc 07       		.byte	0x7
 427 01cd 88       		.byte	0x88
 428 01ce F6000000 		.4byte	0xf6
 429 01d2 1F       		.byte	0x1f
 430 01d3 06       		.uleb128 0x6
 431 01d4 F5000000 		.4byte	.LASF40
 432 01d8 07       		.byte	0x7
 433 01d9 8F       		.byte	0x8f
 434 01da 4E030000 		.4byte	0x34e
 435 01de 20       		.byte	0x20
 436 01df 07       		.uleb128 0x7
 437 01e0 705F7500 		.ascii	"p_u\000"
 438 01e4 07       		.byte	0x7
 439 01e5 B4       		.byte	0xb4
 440 01e6 8C040000 		.4byte	0x48c
 441 01ea 24       		.byte	0x24
 442 01eb 06       		.uleb128 0x6
 443 01ec 99030000 		.4byte	.LASF41
 444 01f0 07       		.byte	0x7
 445 01f1 B9       		.byte	0xb9
 446 01f2 87020000 		.4byte	0x287
 447 01f6 28       		.byte	0x28
ARM GAS  /var/folders/f2/xhg999f973v6h87pc1fwp6lm0000gn/T//ccmpEpJJ.s 			page 9


 448 01f7 06       		.uleb128 0x6
 449 01f8 9A000000 		.4byte	.LASF42
 450 01fc 07       		.byte	0x7
 451 01fd BF       		.byte	0xbf
 452 01fe 67020000 		.4byte	0x267
 453 0202 2C       		.byte	0x2c
 454 0203 06       		.uleb128 0x6
 455 0204 59020000 		.4byte	.LASF43
 456 0208 07       		.byte	0x7
 457 0209 C3       		.byte	0xc3
 458 020a 0C010000 		.4byte	0x10c
 459 020e 34       		.byte	0x34
 460 020f 06       		.uleb128 0x6
 461 0210 73000000 		.4byte	.LASF44
 462 0214 07       		.byte	0x7
 463 0215 C9       		.byte	0xc9
 464 0216 17010000 		.4byte	0x117
 465 021a 38       		.byte	0x38
 466 021b 06       		.uleb128 0x6
 467 021c B9030000 		.4byte	.LASF45
 468 0220 07       		.byte	0x7
 469 0221 D0       		.byte	0xd0
 470 0222 D3040000 		.4byte	0x4d3
 471 0226 3C       		.byte	0x3c
 472 0227 06       		.uleb128 0x6
 473 0228 51030000 		.4byte	.LASF46
 474 022c 07       		.byte	0x7
 475 022d D4       		.byte	0xd4
 476 022e 01010000 		.4byte	0x101
 477 0232 40       		.byte	0x40
 478 0233 06       		.uleb128 0x6
 479 0234 11030000 		.4byte	.LASF47
 480 0238 07       		.byte	0x7
 481 0239 DA       		.byte	0xda
 482 023a 9D020000 		.4byte	0x29d
 483 023e 44       		.byte	0x44
 484 023f 00       		.byte	0
 485 0240 08       		.uleb128 0x8
 486 0241 08       		.byte	0x8
 487 0242 06       		.byte	0x6
 488 0243 61       		.byte	0x61
 489 0244 61020000 		.4byte	0x261
 490 0248 06       		.uleb128 0x6
 491 0249 B1000000 		.4byte	.LASF29
 492 024d 06       		.byte	0x6
 493 024e 62       		.byte	0x62
 494 024f 61020000 		.4byte	0x261
 495 0253 00       		.byte	0
 496 0254 06       		.uleb128 0x6
 497 0255 7E000000 		.4byte	.LASF30
 498 0259 06       		.byte	0x6
 499 025a 64       		.byte	0x64
 500 025b 61020000 		.4byte	0x261
 501 025f 04       		.byte	0x4
 502 0260 00       		.byte	0
 503 0261 09       		.uleb128 0x9
 504 0262 04       		.byte	0x4
ARM GAS  /var/folders/f2/xhg999f973v6h87pc1fwp6lm0000gn/T//ccmpEpJJ.s 			page 10


 505 0263 38010000 		.4byte	0x138
 506 0267 03       		.uleb128 0x3
 507 0268 86030000 		.4byte	.LASF48
 508 026c 06       		.byte	0x6
 509 026d 66       		.byte	0x66
 510 026e 40020000 		.4byte	0x240
 511 0272 08       		.uleb128 0x8
 512 0273 04       		.byte	0x4
 513 0274 06       		.byte	0x6
 514 0275 6B       		.byte	0x6b
 515 0276 87020000 		.4byte	0x287
 516 027a 06       		.uleb128 0x6
 517 027b B1000000 		.4byte	.LASF29
 518 027f 06       		.byte	0x6
 519 0280 6D       		.byte	0x6d
 520 0281 61020000 		.4byte	0x261
 521 0285 00       		.byte	0
 522 0286 00       		.byte	0
 523 0287 03       		.uleb128 0x3
 524 0288 56000000 		.4byte	.LASF49
 525 028c 06       		.byte	0x6
 526 028d 70       		.byte	0x70
 527 028e 72020000 		.4byte	0x272
 528 0292 03       		.uleb128 0x3
 529 0293 CB000000 		.4byte	.LASF50
 530 0297 08       		.byte	0x8
 531 0298 E5       		.byte	0xe5
 532 0299 9D020000 		.4byte	0x29d
 533 029d 0A       		.uleb128 0xa
 534 029e 04       		.byte	0x4
 535 029f 03       		.uleb128 0x3
 536 02a0 07010000 		.4byte	.LASF51
 537 02a4 08       		.byte	0x8
 538 02a5 EB       		.byte	0xeb
 539 02a6 C3000000 		.4byte	0xc3
 540 02aa 0B       		.uleb128 0xb
 541 02ab C8030000 		.4byte	.LASF52
 542 02af 24       		.byte	0x24
 543 02b0 08       		.byte	0x8
 544 02b1 0C01     		.2byte	0x10c
 545 02b3 26030000 		.4byte	0x326
 546 02b7 0C       		.uleb128 0xc
 547 02b8 723400   		.ascii	"r4\000"
 548 02bb 08       		.byte	0x8
 549 02bc 1F01     		.2byte	0x11f
 550 02be 92020000 		.4byte	0x292
 551 02c2 00       		.byte	0
 552 02c3 0C       		.uleb128 0xc
 553 02c4 723500   		.ascii	"r5\000"
 554 02c7 08       		.byte	0x8
 555 02c8 2001     		.2byte	0x120
 556 02ca 92020000 		.4byte	0x292
 557 02ce 04       		.byte	0x4
 558 02cf 0C       		.uleb128 0xc
 559 02d0 723600   		.ascii	"r6\000"
 560 02d3 08       		.byte	0x8
 561 02d4 2101     		.2byte	0x121
ARM GAS  /var/folders/f2/xhg999f973v6h87pc1fwp6lm0000gn/T//ccmpEpJJ.s 			page 11


 562 02d6 92020000 		.4byte	0x292
 563 02da 08       		.byte	0x8
 564 02db 0C       		.uleb128 0xc
 565 02dc 723700   		.ascii	"r7\000"
 566 02df 08       		.byte	0x8
 567 02e0 2201     		.2byte	0x122
 568 02e2 92020000 		.4byte	0x292
 569 02e6 0C       		.byte	0xc
 570 02e7 0C       		.uleb128 0xc
 571 02e8 723800   		.ascii	"r8\000"
 572 02eb 08       		.byte	0x8
 573 02ec 2301     		.2byte	0x123
 574 02ee 92020000 		.4byte	0x292
 575 02f2 10       		.byte	0x10
 576 02f3 0C       		.uleb128 0xc
 577 02f4 723900   		.ascii	"r9\000"
 578 02f7 08       		.byte	0x8
 579 02f8 2401     		.2byte	0x124
 580 02fa 92020000 		.4byte	0x292
 581 02fe 14       		.byte	0x14
 582 02ff 0C       		.uleb128 0xc
 583 0300 72313000 		.ascii	"r10\000"
 584 0304 08       		.byte	0x8
 585 0305 2501     		.2byte	0x125
 586 0307 92020000 		.4byte	0x292
 587 030b 18       		.byte	0x18
 588 030c 0C       		.uleb128 0xc
 589 030d 72313100 		.ascii	"r11\000"
 590 0311 08       		.byte	0x8
 591 0312 2601     		.2byte	0x126
 592 0314 92020000 		.4byte	0x292
 593 0318 1C       		.byte	0x1c
 594 0319 0C       		.uleb128 0xc
 595 031a 6C7200   		.ascii	"lr\000"
 596 031d 08       		.byte	0x8
 597 031e 2701     		.2byte	0x127
 598 0320 92020000 		.4byte	0x292
 599 0324 20       		.byte	0x20
 600 0325 00       		.byte	0
 601 0326 0B       		.uleb128 0xb
 602 0327 4A020000 		.4byte	.LASF53
 603 032b 04       		.byte	0x4
 604 032c 08       		.byte	0x8
 605 032d 3101     		.2byte	0x131
 606 032f 41030000 		.4byte	0x341
 607 0333 0C       		.uleb128 0xc
 608 0334 72313300 		.ascii	"r13\000"
 609 0338 08       		.byte	0x8
 610 0339 3201     		.2byte	0x132
 611 033b 41030000 		.4byte	0x341
 612 033f 00       		.byte	0
 613 0340 00       		.byte	0
 614 0341 09       		.uleb128 0x9
 615 0342 04       		.byte	0x4
 616 0343 AA020000 		.4byte	0x2aa
 617 0347 04       		.uleb128 0x4
 618 0348 04       		.byte	0x4
ARM GAS  /var/folders/f2/xhg999f973v6h87pc1fwp6lm0000gn/T//ccmpEpJJ.s 			page 12


 619 0349 07       		.byte	0x7
 620 034a 85000000 		.4byte	.LASF54
 621 034e 0D       		.uleb128 0xd
 622 034f 22010000 		.4byte	0x122
 623 0353 05       		.uleb128 0x5
 624 0354 08000000 		.4byte	.LASF55
 625 0358 0C       		.byte	0xc
 626 0359 09       		.byte	0x9
 627 035a 2C       		.byte	0x2c
 628 035b 78030000 		.4byte	0x378
 629 035f 06       		.uleb128 0x6
 630 0360 6B030000 		.4byte	.LASF56
 631 0364 09       		.byte	0x9
 632 0365 2D       		.byte	0x2d
 633 0366 67020000 		.4byte	0x267
 634 036a 00       		.byte	0
 635 036b 06       		.uleb128 0x6
 636 036c 49040000 		.4byte	.LASF57
 637 0370 09       		.byte	0x9
 638 0371 2F       		.byte	0x2f
 639 0372 2D010000 		.4byte	0x12d
 640 0376 08       		.byte	0x8
 641 0377 00       		.byte	0
 642 0378 03       		.uleb128 0x3
 643 0379 08000000 		.4byte	.LASF55
 644 037d 09       		.byte	0x9
 645 037e 30       		.byte	0x30
 646 037f 53030000 		.4byte	0x353
 647 0383 05       		.uleb128 0x5
 648 0384 31020000 		.4byte	.LASF58
 649 0388 10       		.byte	0x10
 650 0389 0A       		.byte	0xa
 651 038a 2C       		.byte	0x2c
 652 038b B4030000 		.4byte	0x3b4
 653 038f 06       		.uleb128 0x6
 654 0390 37020000 		.4byte	.LASF59
 655 0394 0A       		.byte	0xa
 656 0395 2D       		.byte	0x2d
 657 0396 67020000 		.4byte	0x267
 658 039a 00       		.byte	0
 659 039b 06       		.uleb128 0x6
 660 039c 90040000 		.4byte	.LASF60
 661 03a0 0A       		.byte	0xa
 662 03a1 2F       		.byte	0x2f
 663 03a2 61020000 		.4byte	0x261
 664 03a6 08       		.byte	0x8
 665 03a7 06       		.uleb128 0x6
 666 03a8 B8000000 		.4byte	.LASF61
 667 03ac 0A       		.byte	0xa
 668 03ad 31       		.byte	0x31
 669 03ae B4030000 		.4byte	0x3b4
 670 03b2 0C       		.byte	0xc
 671 03b3 00       		.byte	0
 672 03b4 09       		.uleb128 0x9
 673 03b5 04       		.byte	0x4
 674 03b6 83030000 		.4byte	0x383
 675 03ba 03       		.uleb128 0x3
ARM GAS  /var/folders/f2/xhg999f973v6h87pc1fwp6lm0000gn/T//ccmpEpJJ.s 			page 13


 676 03bb 31020000 		.4byte	.LASF58
 677 03bf 0A       		.byte	0xa
 678 03c0 33       		.byte	0x33
 679 03c1 83030000 		.4byte	0x383
 680 03c5 03       		.uleb128 0x3
 681 03c6 F7020000 		.4byte	.LASF62
 682 03ca 0B       		.byte	0xb
 683 03cb 2C       		.byte	0x2c
 684 03cc D0030000 		.4byte	0x3d0
 685 03d0 09       		.uleb128 0x9
 686 03d1 04       		.byte	0x4
 687 03d2 D6030000 		.4byte	0x3d6
 688 03d6 0E       		.uleb128 0xe
 689 03d7 9D020000 		.4byte	0x29d
 690 03db E5030000 		.4byte	0x3e5
 691 03df 0F       		.uleb128 0xf
 692 03e0 2C000000 		.4byte	0x2c
 693 03e4 00       		.byte	0
 694 03e5 03       		.uleb128 0x3
 695 03e6 5F020000 		.4byte	.LASF63
 696 03ea 0C       		.byte	0xc
 697 03eb 34       		.byte	0x34
 698 03ec F0030000 		.4byte	0x3f0
 699 03f0 05       		.uleb128 0x5
 700 03f1 20030000 		.4byte	.LASF64
 701 03f5 20       		.byte	0x20
 702 03f6 0C       		.byte	0xc
 703 03f7 47       		.byte	0x47
 704 03f8 21040000 		.4byte	0x421
 705 03fc 06       		.uleb128 0x6
 706 03fd 3F020000 		.4byte	.LASF65
 707 0401 0C       		.byte	0xc
 708 0402 48       		.byte	0x48
 709 0403 C5030000 		.4byte	0x3c5
 710 0407 00       		.byte	0
 711 0408 06       		.uleb128 0x6
 712 0409 DA020000 		.4byte	.LASF66
 713 040d 0C       		.byte	0xc
 714 040e 4A       		.byte	0x4a
 715 040f 40040000 		.4byte	0x440
 716 0413 08       		.byte	0x8
 717 0414 06       		.uleb128 0x6
 718 0415 9F040000 		.4byte	.LASF67
 719 0419 0C       		.byte	0xc
 720 041a 4C       		.byte	0x4c
 721 041b BA030000 		.4byte	0x3ba
 722 041f 10       		.byte	0x10
 723 0420 00       		.byte	0
 724 0421 10       		.uleb128 0x10
 725 0422 04       		.byte	0x4
 726 0423 0C       		.byte	0xc
 727 0424 3C       		.byte	0x3c
 728 0425 40040000 		.4byte	0x440
 729 0429 11       		.uleb128 0x11
 730 042a AB040000 		.4byte	.LASF68
 731 042e 0C       		.byte	0xc
 732 042f 3D       		.byte	0x3d
ARM GAS  /var/folders/f2/xhg999f973v6h87pc1fwp6lm0000gn/T//ccmpEpJJ.s 			page 14


 733 0430 61040000 		.4byte	0x461
 734 0434 11       		.uleb128 0x11
 735 0435 F0000000 		.4byte	.LASF69
 736 0439 0C       		.byte	0xc
 737 043a 3E       		.byte	0x3e
 738 043b 67040000 		.4byte	0x467
 739 043f 00       		.byte	0
 740 0440 12       		.uleb128 0x12
 741 0441 4F040000 		.4byte	.LASF96
 742 0445 08       		.byte	0x8
 743 0446 0C       		.byte	0xc
 744 0447 39       		.byte	0x39
 745 0448 61040000 		.4byte	0x461
 746 044c 11       		.uleb128 0x11
 747 044d 23040000 		.4byte	.LASF70
 748 0451 0C       		.byte	0xc
 749 0452 3A       		.byte	0x3a
 750 0453 9F020000 		.4byte	0x29f
 751 0457 13       		.uleb128 0x13
 752 0458 6800     		.ascii	"h\000"
 753 045a 0C       		.byte	0xc
 754 045b 41       		.byte	0x41
 755 045c 6D040000 		.4byte	0x46d
 756 0460 00       		.byte	0
 757 0461 09       		.uleb128 0x9
 758 0462 04       		.byte	0x4
 759 0463 40040000 		.4byte	0x440
 760 0467 09       		.uleb128 0x9
 761 0468 04       		.byte	0x4
 762 0469 E5030000 		.4byte	0x3e5
 763 046d 08       		.uleb128 0x8
 764 046e 08       		.byte	0x8
 765 046f 0C       		.byte	0xc
 766 0470 3B       		.byte	0x3b
 767 0471 8C040000 		.4byte	0x48c
 768 0475 07       		.uleb128 0x7
 769 0476 7500     		.ascii	"u\000"
 770 0478 0C       		.byte	0xc
 771 0479 3F       		.byte	0x3f
 772 047a 21040000 		.4byte	0x421
 773 047e 00       		.byte	0
 774 047f 06       		.uleb128 0x6
 775 0480 07040000 		.4byte	.LASF71
 776 0484 0C       		.byte	0xc
 777 0485 40       		.byte	0x40
 778 0486 2C000000 		.4byte	0x2c
 779 048a 04       		.byte	0x4
 780 048b 00       		.byte	0
 781 048c 10       		.uleb128 0x10
 782 048d 04       		.byte	0x4
 783 048e 07       		.byte	0x7
 784 048f 96       		.byte	0x96
 785 0490 C1040000 		.4byte	0x4c1
 786 0494 11       		.uleb128 0x11
 787 0495 98040000 		.4byte	.LASF72
 788 0499 07       		.byte	0x7
 789 049a 9D       		.byte	0x9d
ARM GAS  /var/folders/f2/xhg999f973v6h87pc1fwp6lm0000gn/T//ccmpEpJJ.s 			page 15


 790 049b 0C010000 		.4byte	0x10c
 791 049f 11       		.uleb128 0x11
 792 04a0 40040000 		.4byte	.LASF73
 793 04a4 07       		.byte	0x7
 794 04a5 A4       		.byte	0xa4
 795 04a6 0C010000 		.4byte	0x10c
 796 04aa 11       		.uleb128 0x11
 797 04ab 29040000 		.4byte	.LASF74
 798 04af 07       		.byte	0x7
 799 04b0 AB       		.byte	0xab
 800 04b1 9D020000 		.4byte	0x29d
 801 04b5 11       		.uleb128 0x11
 802 04b6 A8020000 		.4byte	.LASF75
 803 04ba 07       		.byte	0x7
 804 04bb B2       		.byte	0xb2
 805 04bc 17010000 		.4byte	0x117
 806 04c0 00       		.byte	0
 807 04c1 09       		.uleb128 0x9
 808 04c2 04       		.byte	0x4
 809 04c3 C7040000 		.4byte	0x4c7
 810 04c7 14       		.uleb128 0x14
 811 04c8 CC040000 		.4byte	0x4cc
 812 04cc 04       		.uleb128 0x4
 813 04cd 01       		.byte	0x1
 814 04ce 08       		.byte	0x8
 815 04cf 66030000 		.4byte	.LASF76
 816 04d3 09       		.uleb128 0x9
 817 04d4 04       		.byte	0x4
 818 04d5 BA030000 		.4byte	0x3ba
 819 04d9 03       		.uleb128 0x3
 820 04da 73030000 		.4byte	.LASF77
 821 04de 0D       		.byte	0xd
 822 04df 11       		.byte	0x11
 823 04e0 37000000 		.4byte	0x37
 824 04e4 03       		.uleb128 0x3
 825 04e5 AC000000 		.4byte	.LASF78
 826 04e9 0D       		.byte	0xd
 827 04ea 16       		.byte	0x16
 828 04eb 50000000 		.4byte	0x50
 829 04ef 09       		.uleb128 0x9
 830 04f0 04       		.byte	0x4
 831 04f1 78030000 		.4byte	0x378
 832 04f5 15       		.uleb128 0x15
 833 04f6 DB030000 		.4byte	.LASF80
 834 04fa 01       		.byte	0x1
 835 04fb 22       		.byte	0x22
 836 04fc 25000000 		.4byte	0x25
 837 0500 00000000 		.4byte	.LFB7
 838 0504 1C000000 		.4byte	.LFE7-.LFB7
 839 0508 01       		.uleb128 0x1
 840 0509 9C       		.byte	0x9c
 841 050a 3C050000 		.4byte	0x53c
 842 050e 16       		.uleb128 0x16
 843 050f 766F6C00 		.ascii	"vol\000"
 844 0513 01       		.byte	0x1
 845 0514 22       		.byte	0x22
 846 0515 E4040000 		.4byte	0x4e4
ARM GAS  /var/folders/f2/xhg999f973v6h87pc1fwp6lm0000gn/T//ccmpEpJJ.s 			page 16


 847 0519 00000000 		.4byte	.LLST0
 848 051d 17       		.uleb128 0x17
 849 051e C3030000 		.4byte	.LASF79
 850 0522 01       		.byte	0x1
 851 0523 22       		.byte	0x22
 852 0524 3C050000 		.4byte	0x53c
 853 0528 21000000 		.4byte	.LLST1
 854 052c 18       		.uleb128 0x18
 855 052d 14000000 		.4byte	.LVL3
 856 0531 9D060000 		.4byte	0x69d
 857 0535 19       		.uleb128 0x19
 858 0536 01       		.uleb128 0x1
 859 0537 51       		.byte	0x51
 860 0538 01       		.uleb128 0x1
 861 0539 31       		.byte	0x31
 862 053a 00       		.byte	0
 863 053b 00       		.byte	0
 864 053c 09       		.uleb128 0x9
 865 053d 04       		.byte	0x4
 866 053e EF040000 		.4byte	0x4ef
 867 0542 15       		.uleb128 0x15
 868 0543 63040000 		.4byte	.LASF81
 869 0547 01       		.byte	0x1
 870 0548 2C       		.byte	0x2c
 871 0549 25000000 		.4byte	0x25
 872 054d 00000000 		.4byte	.LFB8
 873 0551 0C000000 		.4byte	.LFE8-.LFB8
 874 0555 01       		.uleb128 0x1
 875 0556 9C       		.byte	0x9c
 876 0557 81050000 		.4byte	0x581
 877 055b 17       		.uleb128 0x17
 878 055c C3030000 		.4byte	.LASF79
 879 0560 01       		.byte	0x1
 880 0561 2C       		.byte	0x2c
 881 0562 EF040000 		.4byte	0x4ef
 882 0566 42000000 		.4byte	.LLST2
 883 056a 18       		.uleb128 0x18
 884 056b 08000000 		.4byte	.LVL5
 885 056f B3060000 		.4byte	0x6b3
 886 0573 19       		.uleb128 0x19
 887 0574 01       		.uleb128 0x1
 888 0575 51       		.byte	0x51
 889 0576 01       		.uleb128 0x1
 890 0577 30       		.byte	0x30
 891 0578 19       		.uleb128 0x19
 892 0579 01       		.uleb128 0x1
 893 057a 50       		.byte	0x50
 894 057b 03       		.uleb128 0x3
 895 057c F3       		.byte	0xf3
 896 057d 01       		.uleb128 0x1
 897 057e 50       		.byte	0x50
 898 057f 00       		.byte	0
 899 0580 00       		.byte	0
 900 0581 15       		.uleb128 0x15
 901 0582 0C040000 		.4byte	.LASF82
 902 0586 01       		.byte	0x1
 903 0587 35       		.byte	0x35
ARM GAS  /var/folders/f2/xhg999f973v6h87pc1fwp6lm0000gn/T//ccmpEpJJ.s 			page 17


 904 0588 25000000 		.4byte	0x25
 905 058c 00000000 		.4byte	.LFB9
 906 0590 14000000 		.4byte	.LFE9-.LFB9
 907 0594 01       		.uleb128 0x1
 908 0595 9C       		.byte	0x9c
 909 0596 D1050000 		.4byte	0x5d1
 910 059a 17       		.uleb128 0x17
 911 059b C3030000 		.4byte	.LASF79
 912 059f 01       		.byte	0x1
 913 05a0 35       		.byte	0x35
 914 05a1 EF040000 		.4byte	0x4ef
 915 05a5 63000000 		.4byte	.LLST3
 916 05a9 1A       		.uleb128 0x1a
 917 05aa 6D736700 		.ascii	"msg\000"
 918 05ae 01       		.byte	0x1
 919 05af 37       		.byte	0x37
 920 05b0 0C010000 		.4byte	0x10c
 921 05b4 84000000 		.4byte	.LLST4
 922 05b8 18       		.uleb128 0x18
 923 05b9 0A000000 		.4byte	.LVL7
 924 05bd C9060000 		.4byte	0x6c9
 925 05c1 19       		.uleb128 0x19
 926 05c2 01       		.uleb128 0x1
 927 05c3 51       		.byte	0x51
 928 05c4 03       		.uleb128 0x3
 929 05c5 0A       		.byte	0xa
 930 05c6 E803     		.2byte	0x3e8
 931 05c8 19       		.uleb128 0x19
 932 05c9 01       		.uleb128 0x1
 933 05ca 50       		.byte	0x50
 934 05cb 03       		.uleb128 0x3
 935 05cc F3       		.byte	0xf3
 936 05cd 01       		.uleb128 0x1
 937 05ce 50       		.byte	0x50
 938 05cf 00       		.byte	0
 939 05d0 00       		.byte	0
 940 05d1 1B       		.uleb128 0x1b
 941 05d2 04030000 		.4byte	.LASF84
 942 05d6 01       		.byte	0x1
 943 05d7 3E       		.byte	0x3e
 944 05d8 00000000 		.4byte	.LFB10
 945 05dc 04000000 		.4byte	.LFE10-.LFB10
 946 05e0 01       		.uleb128 0x1
 947 05e1 9C       		.byte	0x9c
 948 05e2 07060000 		.4byte	0x607
 949 05e6 17       		.uleb128 0x17
 950 05e7 C3030000 		.4byte	.LASF79
 951 05eb 01       		.byte	0x1
 952 05ec 3E       		.byte	0x3e
 953 05ed EF040000 		.4byte	0x4ef
 954 05f1 97000000 		.4byte	.LLST5
 955 05f5 1C       		.uleb128 0x1c
 956 05f6 04000000 		.4byte	.LVL10
 957 05fa E3060000 		.4byte	0x6e3
 958 05fe 19       		.uleb128 0x19
 959 05ff 01       		.uleb128 0x1
 960 0600 50       		.byte	0x50
ARM GAS  /var/folders/f2/xhg999f973v6h87pc1fwp6lm0000gn/T//ccmpEpJJ.s 			page 18


 961 0601 03       		.uleb128 0x3
 962 0602 F3       		.byte	0xf3
 963 0603 01       		.uleb128 0x1
 964 0604 50       		.byte	0x50
 965 0605 00       		.byte	0
 966 0606 00       		.byte	0
 967 0607 15       		.uleb128 0x15
 968 0608 BF000000 		.4byte	.LASF83
 969 060c 01       		.byte	0x1
 970 060d 48       		.byte	0x48
 971 060e 9D020000 		.4byte	0x29d
 972 0612 00000000 		.4byte	.LFB11
 973 0616 08000000 		.4byte	.LFE11-.LFB11
 974 061a 01       		.uleb128 0x1
 975 061b 9C       		.byte	0x9c
 976 061c 46060000 		.4byte	0x646
 977 0620 17       		.uleb128 0x17
 978 0621 07040000 		.4byte	.LASF71
 979 0625 01       		.byte	0x1
 980 0626 48       		.byte	0x48
 981 0627 D9040000 		.4byte	0x4d9
 982 062b B8000000 		.4byte	.LLST6
 983 062f 1C       		.uleb128 0x1c
 984 0630 08000000 		.4byte	.LVL13
 985 0634 F4060000 		.4byte	0x6f4
 986 0638 19       		.uleb128 0x19
 987 0639 01       		.uleb128 0x1
 988 063a 51       		.byte	0x51
 989 063b 03       		.uleb128 0x3
 990 063c F3       		.byte	0xf3
 991 063d 01       		.uleb128 0x1
 992 063e 50       		.byte	0x50
 993 063f 19       		.uleb128 0x19
 994 0640 01       		.uleb128 0x1
 995 0641 50       		.byte	0x50
 996 0642 01       		.uleb128 0x1
 997 0643 30       		.byte	0x30
 998 0644 00       		.byte	0
 999 0645 00       		.byte	0
 1000 0646 1B       		.uleb128 0x1b
 1001 0647 FC000000 		.4byte	.LASF85
 1002 064b 01       		.byte	0x1
 1003 064c 50       		.byte	0x50
 1004 064d 00000000 		.4byte	.LFB12
 1005 0651 04000000 		.4byte	.LFE12-.LFB12
 1006 0655 01       		.uleb128 0x1
 1007 0656 9C       		.byte	0x9c
 1008 0657 7C060000 		.4byte	0x67c
 1009 065b 17       		.uleb128 0x17
 1010 065c 89040000 		.4byte	.LASF86
 1011 0660 01       		.byte	0x1
 1012 0661 50       		.byte	0x50
 1013 0662 9D020000 		.4byte	0x29d
 1014 0666 E4000000 		.4byte	.LLST7
 1015 066a 1C       		.uleb128 0x1c
 1016 066b 04000000 		.4byte	.LVL15
 1017 066f 0E070000 		.4byte	0x70e
ARM GAS  /var/folders/f2/xhg999f973v6h87pc1fwp6lm0000gn/T//ccmpEpJJ.s 			page 19


 1018 0673 19       		.uleb128 0x19
 1019 0674 01       		.uleb128 0x1
 1020 0675 50       		.byte	0x50
 1021 0676 03       		.uleb128 0x3
 1022 0677 F3       		.byte	0xf3
 1023 0678 01       		.uleb128 0x1
 1024 0679 50       		.byte	0x50
 1025 067a 00       		.byte	0
 1026 067b 00       		.byte	0
 1027 067c 1D       		.uleb128 0x1d
 1028 067d 78030000 		.4byte	0x378
 1029 0681 8C060000 		.4byte	0x68c
 1030 0685 1E       		.uleb128 0x1e
 1031 0686 47030000 		.4byte	0x347
 1032 068a 00       		.byte	0
 1033 068b 00       		.byte	0
 1034 068c 1F       		.uleb128 0x1f
 1035 068d 19030000 		.4byte	.LASF87
 1036 0691 01       		.byte	0x1
 1037 0692 1D       		.byte	0x1d
 1038 0693 7C060000 		.4byte	0x67c
 1039 0697 05       		.uleb128 0x5
 1040 0698 03       		.byte	0x3
 1041 0699 00000000 		.4byte	ff_sem
 1042 069d 20       		.uleb128 0x20
 1043 069e E6000000 		.4byte	.LASF88
 1044 06a2 09       		.byte	0x9
 1045 06a3 35       		.byte	0x35
 1046 06a4 B3060000 		.4byte	0x6b3
 1047 06a8 0F       		.uleb128 0xf
 1048 06a9 EF040000 		.4byte	0x4ef
 1049 06ad 0F       		.uleb128 0xf
 1050 06ae 2D010000 		.4byte	0x12d
 1051 06b2 00       		.byte	0
 1052 06b3 20       		.uleb128 0x20
 1053 06b4 43010000 		.4byte	.LASF89
 1054 06b8 09       		.byte	0x9
 1055 06b9 36       		.byte	0x36
 1056 06ba C9060000 		.4byte	0x6c9
 1057 06be 0F       		.uleb128 0xf
 1058 06bf EF040000 		.4byte	0x4ef
 1059 06c3 0F       		.uleb128 0xf
 1060 06c4 2D010000 		.4byte	0x12d
 1061 06c8 00       		.byte	0
 1062 06c9 21       		.uleb128 0x21
 1063 06ca 72040000 		.4byte	.LASF91
 1064 06ce 09       		.byte	0x9
 1065 06cf 3A       		.byte	0x3a
 1066 06d0 0C010000 		.4byte	0x10c
 1067 06d4 E3060000 		.4byte	0x6e3
 1068 06d8 0F       		.uleb128 0xf
 1069 06d9 EF040000 		.4byte	0x4ef
 1070 06dd 0F       		.uleb128 0xf
 1071 06de 22010000 		.4byte	0x122
 1072 06e2 00       		.byte	0
 1073 06e3 20       		.uleb128 0x20
 1074 06e4 CF030000 		.4byte	.LASF90
ARM GAS  /var/folders/f2/xhg999f973v6h87pc1fwp6lm0000gn/T//ccmpEpJJ.s 			page 20


 1075 06e8 09       		.byte	0x9
 1076 06e9 3C       		.byte	0x3c
 1077 06ea F4060000 		.4byte	0x6f4
 1078 06ee 0F       		.uleb128 0xf
 1079 06ef EF040000 		.4byte	0x4ef
 1080 06f3 00       		.byte	0
 1081 06f4 21       		.uleb128 0x21
 1082 06f5 1A010000 		.4byte	.LASF92
 1083 06f9 0C       		.byte	0xc
 1084 06fa 59       		.byte	0x59
 1085 06fb 9D020000 		.4byte	0x29d
 1086 06ff 0E070000 		.4byte	0x70e
 1087 0703 0F       		.uleb128 0xf
 1088 0704 67040000 		.4byte	0x467
 1089 0708 0F       		.uleb128 0xf
 1090 0709 2C000000 		.4byte	0x2c
 1091 070d 00       		.byte	0
 1092 070e 22       		.uleb128 0x22
 1093 070f A3030000 		.4byte	.LASF97
 1094 0713 0C       		.byte	0xc
 1095 0714 5A       		.byte	0x5a
 1096 0715 0F       		.uleb128 0xf
 1097 0716 9D020000 		.4byte	0x29d
 1098 071a 00       		.byte	0
 1099 071b 00       		.byte	0
 1100              		.section	.debug_abbrev,"",%progbits
 1101              	.Ldebug_abbrev0:
 1102 0000 01       		.uleb128 0x1
 1103 0001 11       		.uleb128 0x11
 1104 0002 01       		.byte	0x1
 1105 0003 25       		.uleb128 0x25
 1106 0004 0E       		.uleb128 0xe
 1107 0005 13       		.uleb128 0x13
 1108 0006 0B       		.uleb128 0xb
 1109 0007 03       		.uleb128 0x3
 1110 0008 0E       		.uleb128 0xe
 1111 0009 1B       		.uleb128 0x1b
 1112 000a 0E       		.uleb128 0xe
 1113 000b 55       		.uleb128 0x55
 1114 000c 17       		.uleb128 0x17
 1115 000d 11       		.uleb128 0x11
 1116 000e 01       		.uleb128 0x1
 1117 000f 10       		.uleb128 0x10
 1118 0010 17       		.uleb128 0x17
 1119 0011 00       		.byte	0
 1120 0012 00       		.byte	0
 1121 0013 02       		.uleb128 0x2
 1122 0014 24       		.uleb128 0x24
 1123 0015 00       		.byte	0
 1124 0016 0B       		.uleb128 0xb
 1125 0017 0B       		.uleb128 0xb
 1126 0018 3E       		.uleb128 0x3e
 1127 0019 0B       		.uleb128 0xb
 1128 001a 03       		.uleb128 0x3
 1129 001b 08       		.uleb128 0x8
 1130 001c 00       		.byte	0
 1131 001d 00       		.byte	0
ARM GAS  /var/folders/f2/xhg999f973v6h87pc1fwp6lm0000gn/T//ccmpEpJJ.s 			page 21


 1132 001e 03       		.uleb128 0x3
 1133 001f 16       		.uleb128 0x16
 1134 0020 00       		.byte	0
 1135 0021 03       		.uleb128 0x3
 1136 0022 0E       		.uleb128 0xe
 1137 0023 3A       		.uleb128 0x3a
 1138 0024 0B       		.uleb128 0xb
 1139 0025 3B       		.uleb128 0x3b
 1140 0026 0B       		.uleb128 0xb
 1141 0027 49       		.uleb128 0x49
 1142 0028 13       		.uleb128 0x13
 1143 0029 00       		.byte	0
 1144 002a 00       		.byte	0
 1145 002b 04       		.uleb128 0x4
 1146 002c 24       		.uleb128 0x24
 1147 002d 00       		.byte	0
 1148 002e 0B       		.uleb128 0xb
 1149 002f 0B       		.uleb128 0xb
 1150 0030 3E       		.uleb128 0x3e
 1151 0031 0B       		.uleb128 0xb
 1152 0032 03       		.uleb128 0x3
 1153 0033 0E       		.uleb128 0xe
 1154 0034 00       		.byte	0
 1155 0035 00       		.byte	0
 1156 0036 05       		.uleb128 0x5
 1157 0037 13       		.uleb128 0x13
 1158 0038 01       		.byte	0x1
 1159 0039 03       		.uleb128 0x3
 1160 003a 0E       		.uleb128 0xe
 1161 003b 0B       		.uleb128 0xb
 1162 003c 0B       		.uleb128 0xb
 1163 003d 3A       		.uleb128 0x3a
 1164 003e 0B       		.uleb128 0xb
 1165 003f 3B       		.uleb128 0x3b
 1166 0040 0B       		.uleb128 0xb
 1167 0041 01       		.uleb128 0x1
 1168 0042 13       		.uleb128 0x13
 1169 0043 00       		.byte	0
 1170 0044 00       		.byte	0
 1171 0045 06       		.uleb128 0x6
 1172 0046 0D       		.uleb128 0xd
 1173 0047 00       		.byte	0
 1174 0048 03       		.uleb128 0x3
 1175 0049 0E       		.uleb128 0xe
 1176 004a 3A       		.uleb128 0x3a
 1177 004b 0B       		.uleb128 0xb
 1178 004c 3B       		.uleb128 0x3b
 1179 004d 0B       		.uleb128 0xb
 1180 004e 49       		.uleb128 0x49
 1181 004f 13       		.uleb128 0x13
 1182 0050 38       		.uleb128 0x38
 1183 0051 0B       		.uleb128 0xb
 1184 0052 00       		.byte	0
 1185 0053 00       		.byte	0
 1186 0054 07       		.uleb128 0x7
 1187 0055 0D       		.uleb128 0xd
 1188 0056 00       		.byte	0
ARM GAS  /var/folders/f2/xhg999f973v6h87pc1fwp6lm0000gn/T//ccmpEpJJ.s 			page 22


 1189 0057 03       		.uleb128 0x3
 1190 0058 08       		.uleb128 0x8
 1191 0059 3A       		.uleb128 0x3a
 1192 005a 0B       		.uleb128 0xb
 1193 005b 3B       		.uleb128 0x3b
 1194 005c 0B       		.uleb128 0xb
 1195 005d 49       		.uleb128 0x49
 1196 005e 13       		.uleb128 0x13
 1197 005f 38       		.uleb128 0x38
 1198 0060 0B       		.uleb128 0xb
 1199 0061 00       		.byte	0
 1200 0062 00       		.byte	0
 1201 0063 08       		.uleb128 0x8
 1202 0064 13       		.uleb128 0x13
 1203 0065 01       		.byte	0x1
 1204 0066 0B       		.uleb128 0xb
 1205 0067 0B       		.uleb128 0xb
 1206 0068 3A       		.uleb128 0x3a
 1207 0069 0B       		.uleb128 0xb
 1208 006a 3B       		.uleb128 0x3b
 1209 006b 0B       		.uleb128 0xb
 1210 006c 01       		.uleb128 0x1
 1211 006d 13       		.uleb128 0x13
 1212 006e 00       		.byte	0
 1213 006f 00       		.byte	0
 1214 0070 09       		.uleb128 0x9
 1215 0071 0F       		.uleb128 0xf
 1216 0072 00       		.byte	0
 1217 0073 0B       		.uleb128 0xb
 1218 0074 0B       		.uleb128 0xb
 1219 0075 49       		.uleb128 0x49
 1220 0076 13       		.uleb128 0x13
 1221 0077 00       		.byte	0
 1222 0078 00       		.byte	0
 1223 0079 0A       		.uleb128 0xa
 1224 007a 0F       		.uleb128 0xf
 1225 007b 00       		.byte	0
 1226 007c 0B       		.uleb128 0xb
 1227 007d 0B       		.uleb128 0xb
 1228 007e 00       		.byte	0
 1229 007f 00       		.byte	0
 1230 0080 0B       		.uleb128 0xb
 1231 0081 13       		.uleb128 0x13
 1232 0082 01       		.byte	0x1
 1233 0083 03       		.uleb128 0x3
 1234 0084 0E       		.uleb128 0xe
 1235 0085 0B       		.uleb128 0xb
 1236 0086 0B       		.uleb128 0xb
 1237 0087 3A       		.uleb128 0x3a
 1238 0088 0B       		.uleb128 0xb
 1239 0089 3B       		.uleb128 0x3b
 1240 008a 05       		.uleb128 0x5
 1241 008b 01       		.uleb128 0x1
 1242 008c 13       		.uleb128 0x13
 1243 008d 00       		.byte	0
 1244 008e 00       		.byte	0
 1245 008f 0C       		.uleb128 0xc
ARM GAS  /var/folders/f2/xhg999f973v6h87pc1fwp6lm0000gn/T//ccmpEpJJ.s 			page 23


 1246 0090 0D       		.uleb128 0xd
 1247 0091 00       		.byte	0
 1248 0092 03       		.uleb128 0x3
 1249 0093 08       		.uleb128 0x8
 1250 0094 3A       		.uleb128 0x3a
 1251 0095 0B       		.uleb128 0xb
 1252 0096 3B       		.uleb128 0x3b
 1253 0097 05       		.uleb128 0x5
 1254 0098 49       		.uleb128 0x49
 1255 0099 13       		.uleb128 0x13
 1256 009a 38       		.uleb128 0x38
 1257 009b 0B       		.uleb128 0xb
 1258 009c 00       		.byte	0
 1259 009d 00       		.byte	0
 1260 009e 0D       		.uleb128 0xd
 1261 009f 35       		.uleb128 0x35
 1262 00a0 00       		.byte	0
 1263 00a1 49       		.uleb128 0x49
 1264 00a2 13       		.uleb128 0x13
 1265 00a3 00       		.byte	0
 1266 00a4 00       		.byte	0
 1267 00a5 0E       		.uleb128 0xe
 1268 00a6 15       		.uleb128 0x15
 1269 00a7 01       		.byte	0x1
 1270 00a8 27       		.uleb128 0x27
 1271 00a9 19       		.uleb128 0x19
 1272 00aa 49       		.uleb128 0x49
 1273 00ab 13       		.uleb128 0x13
 1274 00ac 01       		.uleb128 0x1
 1275 00ad 13       		.uleb128 0x13
 1276 00ae 00       		.byte	0
 1277 00af 00       		.byte	0
 1278 00b0 0F       		.uleb128 0xf
 1279 00b1 05       		.uleb128 0x5
 1280 00b2 00       		.byte	0
 1281 00b3 49       		.uleb128 0x49
 1282 00b4 13       		.uleb128 0x13
 1283 00b5 00       		.byte	0
 1284 00b6 00       		.byte	0
 1285 00b7 10       		.uleb128 0x10
 1286 00b8 17       		.uleb128 0x17
 1287 00b9 01       		.byte	0x1
 1288 00ba 0B       		.uleb128 0xb
 1289 00bb 0B       		.uleb128 0xb
 1290 00bc 3A       		.uleb128 0x3a
 1291 00bd 0B       		.uleb128 0xb
 1292 00be 3B       		.uleb128 0x3b
 1293 00bf 0B       		.uleb128 0xb
 1294 00c0 01       		.uleb128 0x1
 1295 00c1 13       		.uleb128 0x13
 1296 00c2 00       		.byte	0
 1297 00c3 00       		.byte	0
 1298 00c4 11       		.uleb128 0x11
 1299 00c5 0D       		.uleb128 0xd
 1300 00c6 00       		.byte	0
 1301 00c7 03       		.uleb128 0x3
 1302 00c8 0E       		.uleb128 0xe
ARM GAS  /var/folders/f2/xhg999f973v6h87pc1fwp6lm0000gn/T//ccmpEpJJ.s 			page 24


 1303 00c9 3A       		.uleb128 0x3a
 1304 00ca 0B       		.uleb128 0xb
 1305 00cb 3B       		.uleb128 0x3b
 1306 00cc 0B       		.uleb128 0xb
 1307 00cd 49       		.uleb128 0x49
 1308 00ce 13       		.uleb128 0x13
 1309 00cf 00       		.byte	0
 1310 00d0 00       		.byte	0
 1311 00d1 12       		.uleb128 0x12
 1312 00d2 17       		.uleb128 0x17
 1313 00d3 01       		.byte	0x1
 1314 00d4 03       		.uleb128 0x3
 1315 00d5 0E       		.uleb128 0xe
 1316 00d6 0B       		.uleb128 0xb
 1317 00d7 0B       		.uleb128 0xb
 1318 00d8 3A       		.uleb128 0x3a
 1319 00d9 0B       		.uleb128 0xb
 1320 00da 3B       		.uleb128 0x3b
 1321 00db 0B       		.uleb128 0xb
 1322 00dc 01       		.uleb128 0x1
 1323 00dd 13       		.uleb128 0x13
 1324 00de 00       		.byte	0
 1325 00df 00       		.byte	0
 1326 00e0 13       		.uleb128 0x13
 1327 00e1 0D       		.uleb128 0xd
 1328 00e2 00       		.byte	0
 1329 00e3 03       		.uleb128 0x3
 1330 00e4 08       		.uleb128 0x8
 1331 00e5 3A       		.uleb128 0x3a
 1332 00e6 0B       		.uleb128 0xb
 1333 00e7 3B       		.uleb128 0x3b
 1334 00e8 0B       		.uleb128 0xb
 1335 00e9 49       		.uleb128 0x49
 1336 00ea 13       		.uleb128 0x13
 1337 00eb 00       		.byte	0
 1338 00ec 00       		.byte	0
 1339 00ed 14       		.uleb128 0x14
 1340 00ee 26       		.uleb128 0x26
 1341 00ef 00       		.byte	0
 1342 00f0 49       		.uleb128 0x49
 1343 00f1 13       		.uleb128 0x13
 1344 00f2 00       		.byte	0
 1345 00f3 00       		.byte	0
 1346 00f4 15       		.uleb128 0x15
 1347 00f5 2E       		.uleb128 0x2e
 1348 00f6 01       		.byte	0x1
 1349 00f7 3F       		.uleb128 0x3f
 1350 00f8 19       		.uleb128 0x19
 1351 00f9 03       		.uleb128 0x3
 1352 00fa 0E       		.uleb128 0xe
 1353 00fb 3A       		.uleb128 0x3a
 1354 00fc 0B       		.uleb128 0xb
 1355 00fd 3B       		.uleb128 0x3b
 1356 00fe 0B       		.uleb128 0xb
 1357 00ff 27       		.uleb128 0x27
 1358 0100 19       		.uleb128 0x19
 1359 0101 49       		.uleb128 0x49
ARM GAS  /var/folders/f2/xhg999f973v6h87pc1fwp6lm0000gn/T//ccmpEpJJ.s 			page 25


 1360 0102 13       		.uleb128 0x13
 1361 0103 11       		.uleb128 0x11
 1362 0104 01       		.uleb128 0x1
 1363 0105 12       		.uleb128 0x12
 1364 0106 06       		.uleb128 0x6
 1365 0107 40       		.uleb128 0x40
 1366 0108 18       		.uleb128 0x18
 1367 0109 9742     		.uleb128 0x2117
 1368 010b 19       		.uleb128 0x19
 1369 010c 01       		.uleb128 0x1
 1370 010d 13       		.uleb128 0x13
 1371 010e 00       		.byte	0
 1372 010f 00       		.byte	0
 1373 0110 16       		.uleb128 0x16
 1374 0111 05       		.uleb128 0x5
 1375 0112 00       		.byte	0
 1376 0113 03       		.uleb128 0x3
 1377 0114 08       		.uleb128 0x8
 1378 0115 3A       		.uleb128 0x3a
 1379 0116 0B       		.uleb128 0xb
 1380 0117 3B       		.uleb128 0x3b
 1381 0118 0B       		.uleb128 0xb
 1382 0119 49       		.uleb128 0x49
 1383 011a 13       		.uleb128 0x13
 1384 011b 02       		.uleb128 0x2
 1385 011c 17       		.uleb128 0x17
 1386 011d 00       		.byte	0
 1387 011e 00       		.byte	0
 1388 011f 17       		.uleb128 0x17
 1389 0120 05       		.uleb128 0x5
 1390 0121 00       		.byte	0
 1391 0122 03       		.uleb128 0x3
 1392 0123 0E       		.uleb128 0xe
 1393 0124 3A       		.uleb128 0x3a
 1394 0125 0B       		.uleb128 0xb
 1395 0126 3B       		.uleb128 0x3b
 1396 0127 0B       		.uleb128 0xb
 1397 0128 49       		.uleb128 0x49
 1398 0129 13       		.uleb128 0x13
 1399 012a 02       		.uleb128 0x2
 1400 012b 17       		.uleb128 0x17
 1401 012c 00       		.byte	0
 1402 012d 00       		.byte	0
 1403 012e 18       		.uleb128 0x18
 1404 012f 898201   		.uleb128 0x4109
 1405 0132 01       		.byte	0x1
 1406 0133 11       		.uleb128 0x11
 1407 0134 01       		.uleb128 0x1
 1408 0135 31       		.uleb128 0x31
 1409 0136 13       		.uleb128 0x13
 1410 0137 00       		.byte	0
 1411 0138 00       		.byte	0
 1412 0139 19       		.uleb128 0x19
 1413 013a 8A8201   		.uleb128 0x410a
 1414 013d 00       		.byte	0
 1415 013e 02       		.uleb128 0x2
 1416 013f 18       		.uleb128 0x18
ARM GAS  /var/folders/f2/xhg999f973v6h87pc1fwp6lm0000gn/T//ccmpEpJJ.s 			page 26


 1417 0140 9142     		.uleb128 0x2111
 1418 0142 18       		.uleb128 0x18
 1419 0143 00       		.byte	0
 1420 0144 00       		.byte	0
 1421 0145 1A       		.uleb128 0x1a
 1422 0146 34       		.uleb128 0x34
 1423 0147 00       		.byte	0
 1424 0148 03       		.uleb128 0x3
 1425 0149 08       		.uleb128 0x8
 1426 014a 3A       		.uleb128 0x3a
 1427 014b 0B       		.uleb128 0xb
 1428 014c 3B       		.uleb128 0x3b
 1429 014d 0B       		.uleb128 0xb
 1430 014e 49       		.uleb128 0x49
 1431 014f 13       		.uleb128 0x13
 1432 0150 02       		.uleb128 0x2
 1433 0151 17       		.uleb128 0x17
 1434 0152 00       		.byte	0
 1435 0153 00       		.byte	0
 1436 0154 1B       		.uleb128 0x1b
 1437 0155 2E       		.uleb128 0x2e
 1438 0156 01       		.byte	0x1
 1439 0157 3F       		.uleb128 0x3f
 1440 0158 19       		.uleb128 0x19
 1441 0159 03       		.uleb128 0x3
 1442 015a 0E       		.uleb128 0xe
 1443 015b 3A       		.uleb128 0x3a
 1444 015c 0B       		.uleb128 0xb
 1445 015d 3B       		.uleb128 0x3b
 1446 015e 0B       		.uleb128 0xb
 1447 015f 27       		.uleb128 0x27
 1448 0160 19       		.uleb128 0x19
 1449 0161 11       		.uleb128 0x11
 1450 0162 01       		.uleb128 0x1
 1451 0163 12       		.uleb128 0x12
 1452 0164 06       		.uleb128 0x6
 1453 0165 40       		.uleb128 0x40
 1454 0166 18       		.uleb128 0x18
 1455 0167 9742     		.uleb128 0x2117
 1456 0169 19       		.uleb128 0x19
 1457 016a 01       		.uleb128 0x1
 1458 016b 13       		.uleb128 0x13
 1459 016c 00       		.byte	0
 1460 016d 00       		.byte	0
 1461 016e 1C       		.uleb128 0x1c
 1462 016f 898201   		.uleb128 0x4109
 1463 0172 01       		.byte	0x1
 1464 0173 11       		.uleb128 0x11
 1465 0174 01       		.uleb128 0x1
 1466 0175 9542     		.uleb128 0x2115
 1467 0177 19       		.uleb128 0x19
 1468 0178 31       		.uleb128 0x31
 1469 0179 13       		.uleb128 0x13
 1470 017a 00       		.byte	0
 1471 017b 00       		.byte	0
 1472 017c 1D       		.uleb128 0x1d
 1473 017d 01       		.uleb128 0x1
ARM GAS  /var/folders/f2/xhg999f973v6h87pc1fwp6lm0000gn/T//ccmpEpJJ.s 			page 27


 1474 017e 01       		.byte	0x1
 1475 017f 49       		.uleb128 0x49
 1476 0180 13       		.uleb128 0x13
 1477 0181 01       		.uleb128 0x1
 1478 0182 13       		.uleb128 0x13
 1479 0183 00       		.byte	0
 1480 0184 00       		.byte	0
 1481 0185 1E       		.uleb128 0x1e
 1482 0186 21       		.uleb128 0x21
 1483 0187 00       		.byte	0
 1484 0188 49       		.uleb128 0x49
 1485 0189 13       		.uleb128 0x13
 1486 018a 2F       		.uleb128 0x2f
 1487 018b 0B       		.uleb128 0xb
 1488 018c 00       		.byte	0
 1489 018d 00       		.byte	0
 1490 018e 1F       		.uleb128 0x1f
 1491 018f 34       		.uleb128 0x34
 1492 0190 00       		.byte	0
 1493 0191 03       		.uleb128 0x3
 1494 0192 0E       		.uleb128 0xe
 1495 0193 3A       		.uleb128 0x3a
 1496 0194 0B       		.uleb128 0xb
 1497 0195 3B       		.uleb128 0x3b
 1498 0196 0B       		.uleb128 0xb
 1499 0197 49       		.uleb128 0x49
 1500 0198 13       		.uleb128 0x13
 1501 0199 02       		.uleb128 0x2
 1502 019a 18       		.uleb128 0x18
 1503 019b 00       		.byte	0
 1504 019c 00       		.byte	0
 1505 019d 20       		.uleb128 0x20
 1506 019e 2E       		.uleb128 0x2e
 1507 019f 01       		.byte	0x1
 1508 01a0 3F       		.uleb128 0x3f
 1509 01a1 19       		.uleb128 0x19
 1510 01a2 03       		.uleb128 0x3
 1511 01a3 0E       		.uleb128 0xe
 1512 01a4 3A       		.uleb128 0x3a
 1513 01a5 0B       		.uleb128 0xb
 1514 01a6 3B       		.uleb128 0x3b
 1515 01a7 0B       		.uleb128 0xb
 1516 01a8 27       		.uleb128 0x27
 1517 01a9 19       		.uleb128 0x19
 1518 01aa 3C       		.uleb128 0x3c
 1519 01ab 19       		.uleb128 0x19
 1520 01ac 01       		.uleb128 0x1
 1521 01ad 13       		.uleb128 0x13
 1522 01ae 00       		.byte	0
 1523 01af 00       		.byte	0
 1524 01b0 21       		.uleb128 0x21
 1525 01b1 2E       		.uleb128 0x2e
 1526 01b2 01       		.byte	0x1
 1527 01b3 3F       		.uleb128 0x3f
 1528 01b4 19       		.uleb128 0x19
 1529 01b5 03       		.uleb128 0x3
 1530 01b6 0E       		.uleb128 0xe
ARM GAS  /var/folders/f2/xhg999f973v6h87pc1fwp6lm0000gn/T//ccmpEpJJ.s 			page 28


 1531 01b7 3A       		.uleb128 0x3a
 1532 01b8 0B       		.uleb128 0xb
 1533 01b9 3B       		.uleb128 0x3b
 1534 01ba 0B       		.uleb128 0xb
 1535 01bb 27       		.uleb128 0x27
 1536 01bc 19       		.uleb128 0x19
 1537 01bd 49       		.uleb128 0x49
 1538 01be 13       		.uleb128 0x13
 1539 01bf 3C       		.uleb128 0x3c
 1540 01c0 19       		.uleb128 0x19
 1541 01c1 01       		.uleb128 0x1
 1542 01c2 13       		.uleb128 0x13
 1543 01c3 00       		.byte	0
 1544 01c4 00       		.byte	0
 1545 01c5 22       		.uleb128 0x22
 1546 01c6 2E       		.uleb128 0x2e
 1547 01c7 01       		.byte	0x1
 1548 01c8 3F       		.uleb128 0x3f
 1549 01c9 19       		.uleb128 0x19
 1550 01ca 03       		.uleb128 0x3
 1551 01cb 0E       		.uleb128 0xe
 1552 01cc 3A       		.uleb128 0x3a
 1553 01cd 0B       		.uleb128 0xb
 1554 01ce 3B       		.uleb128 0x3b
 1555 01cf 0B       		.uleb128 0xb
 1556 01d0 27       		.uleb128 0x27
 1557 01d1 19       		.uleb128 0x19
 1558 01d2 3C       		.uleb128 0x3c
 1559 01d3 19       		.uleb128 0x19
 1560 01d4 00       		.byte	0
 1561 01d5 00       		.byte	0
 1562 01d6 00       		.byte	0
 1563              		.section	.debug_loc,"",%progbits
 1564              	.Ldebug_loc0:
 1565              	.LLST0:
 1566 0000 00000000 		.4byte	.LVL0
 1567 0004 08000000 		.4byte	.LVL1
 1568 0008 0100     		.2byte	0x1
 1569 000a 50       		.byte	0x50
 1570 000b 08000000 		.4byte	.LVL1
 1571 000f 1C000000 		.4byte	.LFE7
 1572 0013 0400     		.2byte	0x4
 1573 0015 F3       		.byte	0xf3
 1574 0016 01       		.uleb128 0x1
 1575 0017 50       		.byte	0x50
 1576 0018 9F       		.byte	0x9f
 1577 0019 00000000 		.4byte	0
 1578 001d 00000000 		.4byte	0
 1579              	.LLST1:
 1580 0021 00000000 		.4byte	.LVL0
 1581 0025 10000000 		.4byte	.LVL2
 1582 0029 0100     		.2byte	0x1
 1583 002b 51       		.byte	0x51
 1584 002c 10000000 		.4byte	.LVL2
 1585 0030 1C000000 		.4byte	.LFE7
 1586 0034 0400     		.2byte	0x4
 1587 0036 F3       		.byte	0xf3
ARM GAS  /var/folders/f2/xhg999f973v6h87pc1fwp6lm0000gn/T//ccmpEpJJ.s 			page 29


 1588 0037 01       		.uleb128 0x1
 1589 0038 51       		.byte	0x51
 1590 0039 9F       		.byte	0x9f
 1591 003a 00000000 		.4byte	0
 1592 003e 00000000 		.4byte	0
 1593              	.LLST2:
 1594 0042 00000000 		.4byte	.LVL4
 1595 0046 07000000 		.4byte	.LVL5-1
 1596 004a 0100     		.2byte	0x1
 1597 004c 50       		.byte	0x50
 1598 004d 07000000 		.4byte	.LVL5-1
 1599 0051 0C000000 		.4byte	.LFE8
 1600 0055 0400     		.2byte	0x4
 1601 0057 F3       		.byte	0xf3
 1602 0058 01       		.uleb128 0x1
 1603 0059 50       		.byte	0x50
 1604 005a 9F       		.byte	0x9f
 1605 005b 00000000 		.4byte	0
 1606 005f 00000000 		.4byte	0
 1607              	.LLST3:
 1608 0063 00000000 		.4byte	.LVL6
 1609 0067 09000000 		.4byte	.LVL7-1
 1610 006b 0100     		.2byte	0x1
 1611 006d 50       		.byte	0x50
 1612 006e 09000000 		.4byte	.LVL7-1
 1613 0072 14000000 		.4byte	.LFE9
 1614 0076 0400     		.2byte	0x4
 1615 0078 F3       		.byte	0xf3
 1616 0079 01       		.uleb128 0x1
 1617 007a 50       		.byte	0x50
 1618 007b 9F       		.byte	0x9f
 1619 007c 00000000 		.4byte	0
 1620 0080 00000000 		.4byte	0
 1621              	.LLST4:
 1622 0084 0A000000 		.4byte	.LVL7
 1623 0088 0E000000 		.4byte	.LVL8
 1624 008c 0100     		.2byte	0x1
 1625 008e 50       		.byte	0x50
 1626 008f 00000000 		.4byte	0
 1627 0093 00000000 		.4byte	0
 1628              	.LLST5:
 1629 0097 00000000 		.4byte	.LVL9
 1630 009b 03000000 		.4byte	.LVL10-1
 1631 009f 0100     		.2byte	0x1
 1632 00a1 50       		.byte	0x50
 1633 00a2 03000000 		.4byte	.LVL10-1
 1634 00a6 04000000 		.4byte	.LFE10
 1635 00aa 0400     		.2byte	0x4
 1636 00ac F3       		.byte	0xf3
 1637 00ad 01       		.uleb128 0x1
 1638 00ae 50       		.byte	0x50
 1639 00af 9F       		.byte	0x9f
 1640 00b0 00000000 		.4byte	0
 1641 00b4 00000000 		.4byte	0
 1642              	.LLST6:
 1643 00b8 00000000 		.4byte	.LVL11
 1644 00bc 04000000 		.4byte	.LVL12
ARM GAS  /var/folders/f2/xhg999f973v6h87pc1fwp6lm0000gn/T//ccmpEpJJ.s 			page 30


 1645 00c0 0100     		.2byte	0x1
 1646 00c2 50       		.byte	0x50
 1647 00c3 04000000 		.4byte	.LVL12
 1648 00c7 07000000 		.4byte	.LVL13-1
 1649 00cb 0100     		.2byte	0x1
 1650 00cd 51       		.byte	0x51
 1651 00ce 07000000 		.4byte	.LVL13-1
 1652 00d2 08000000 		.4byte	.LFE11
 1653 00d6 0400     		.2byte	0x4
 1654 00d8 F3       		.byte	0xf3
 1655 00d9 01       		.uleb128 0x1
 1656 00da 50       		.byte	0x50
 1657 00db 9F       		.byte	0x9f
 1658 00dc 00000000 		.4byte	0
 1659 00e0 00000000 		.4byte	0
 1660              	.LLST7:
 1661 00e4 00000000 		.4byte	.LVL14
 1662 00e8 03000000 		.4byte	.LVL15-1
 1663 00ec 0100     		.2byte	0x1
 1664 00ee 50       		.byte	0x50
 1665 00ef 03000000 		.4byte	.LVL15-1
 1666 00f3 04000000 		.4byte	.LFE12
 1667 00f7 0400     		.2byte	0x4
 1668 00f9 F3       		.byte	0xf3
 1669 00fa 01       		.uleb128 0x1
 1670 00fb 50       		.byte	0x50
 1671 00fc 9F       		.byte	0x9f
 1672 00fd 00000000 		.4byte	0
 1673 0101 00000000 		.4byte	0
 1674              		.section	.debug_aranges,"",%progbits
 1675 0000 44000000 		.4byte	0x44
 1676 0004 0200     		.2byte	0x2
 1677 0006 00000000 		.4byte	.Ldebug_info0
 1678 000a 04       		.byte	0x4
 1679 000b 00       		.byte	0
 1680 000c 0000     		.2byte	0
 1681 000e 0000     		.2byte	0
 1682 0010 00000000 		.4byte	.LFB7
 1683 0014 1C000000 		.4byte	.LFE7-.LFB7
 1684 0018 00000000 		.4byte	.LFB8
 1685 001c 0C000000 		.4byte	.LFE8-.LFB8
 1686 0020 00000000 		.4byte	.LFB9
 1687 0024 14000000 		.4byte	.LFE9-.LFB9
 1688 0028 00000000 		.4byte	.LFB10
 1689 002c 04000000 		.4byte	.LFE10-.LFB10
 1690 0030 00000000 		.4byte	.LFB11
 1691 0034 08000000 		.4byte	.LFE11-.LFB11
 1692 0038 00000000 		.4byte	.LFB12
 1693 003c 04000000 		.4byte	.LFE12-.LFB12
 1694 0040 00000000 		.4byte	0
 1695 0044 00000000 		.4byte	0
 1696              		.section	.debug_ranges,"",%progbits
 1697              	.Ldebug_ranges0:
 1698 0000 00000000 		.4byte	.LFB7
 1699 0004 1C000000 		.4byte	.LFE7
 1700 0008 00000000 		.4byte	.LFB8
 1701 000c 0C000000 		.4byte	.LFE8
ARM GAS  /var/folders/f2/xhg999f973v6h87pc1fwp6lm0000gn/T//ccmpEpJJ.s 			page 31


 1702 0010 00000000 		.4byte	.LFB9
 1703 0014 14000000 		.4byte	.LFE9
 1704 0018 00000000 		.4byte	.LFB10
 1705 001c 04000000 		.4byte	.LFE10
 1706 0020 00000000 		.4byte	.LFB11
 1707 0024 08000000 		.4byte	.LFE11
 1708 0028 00000000 		.4byte	.LFB12
 1709 002c 04000000 		.4byte	.LFE12
 1710 0030 00000000 		.4byte	0
 1711 0034 00000000 		.4byte	0
 1712              		.section	.debug_line,"",%progbits
 1713              	.Ldebug_line0:
 1714 0000 99020000 		.section	.debug_str,"MS",%progbits,1
 1714      02002C02 
 1714      00000201 
 1714      FB0E0D00 
 1714      01010101 
 1715              	.LASF15:
 1716 0000 696E7433 		.ascii	"int32_t\000"
 1716      325F7400 
 1717              	.LASF55:
 1718 0008 53656D61 		.ascii	"Semaphore\000"
 1718      70686F72 
 1718      6500
 1719              	.LASF21:
 1720 0012 74726566 		.ascii	"trefs_t\000"
 1720      735F7400 
 1721              	.LASF95:
 1722 001a 2F557365 		.ascii	"/Users/Andy/ChibiStudio/ChibiOS/demos/CAM-DCMI_SD/\000"
 1722      72732F41 
 1722      6E64792F 
 1722      43686962 
 1722      69537475 
 1723              	.LASF17:
 1724 004d 75696E74 		.ascii	"uint64_t\000"
 1724      36345F74 
 1724      00
 1725              	.LASF49:
 1726 0056 54687265 		.ascii	"ThreadsList\000"
 1726      6164734C 
 1726      69737400 
 1727              	.LASF5:
 1728 0062 73686F72 		.ascii	"short int\000"
 1728      7420696E 
 1728      7400
 1729              	.LASF2:
 1730 006c 73697A65 		.ascii	"size_t\000"
 1730      5F7400
 1731              	.LASF44:
 1732 0073 705F6570 		.ascii	"p_epending\000"
 1732      656E6469 
 1732      6E6700
 1733              	.LASF30:
 1734 007e 705F7072 		.ascii	"p_prev\000"
 1734      657600
 1735              	.LASF54:
 1736 0085 73697A65 		.ascii	"sizetype\000"
ARM GAS  /var/folders/f2/xhg999f973v6h87pc1fwp6lm0000gn/T//ccmpEpJJ.s 			page 32


 1736      74797065 
 1736      00
 1737              	.LASF25:
 1738 008e 6576656E 		.ascii	"eventmask_t\000"
 1738      746D6173 
 1738      6B5F7400 
 1739              	.LASF42:
 1740 009a 705F6D73 		.ascii	"p_msgqueue\000"
 1740      67717565 
 1740      756500
 1741              	.LASF31:
 1742 00a5 705F7072 		.ascii	"p_prio\000"
 1742      696F00
 1743              	.LASF78:
 1744 00ac 42595445 		.ascii	"BYTE\000"
 1744      00
 1745              	.LASF29:
 1746 00b1 705F6E65 		.ascii	"p_next\000"
 1746      787400
 1747              	.LASF61:
 1748 00b8 6D5F6E65 		.ascii	"m_next\000"
 1748      787400
 1749              	.LASF83:
 1750 00bf 66665F6D 		.ascii	"ff_memalloc\000"
 1750      656D616C 
 1750      6C6F6300 
 1751              	.LASF50:
 1752 00cb 72656761 		.ascii	"regarm_t\000"
 1752      726D5F74 
 1752      00
 1753              	.LASF14:
 1754 00d4 75696E74 		.ascii	"uint8_t\000"
 1754      385F7400 
 1755              	.LASF22:
 1756 00dc 74736C69 		.ascii	"tslices_t\000"
 1756      6365735F 
 1756      7400
 1757              	.LASF88:
 1758 00e6 63685365 		.ascii	"chSemInit\000"
 1758      6D496E69 
 1758      7400
 1759              	.LASF69:
 1760 00f0 68656170 		.ascii	"heap\000"
 1760      00
 1761              	.LASF40:
 1762 00f5 705F7469 		.ascii	"p_time\000"
 1762      6D6500
 1763              	.LASF85:
 1764 00fc 66665F6D 		.ascii	"ff_memfree\000"
 1764      656D6672 
 1764      656500
 1765              	.LASF51:
 1766 0107 73746B61 		.ascii	"stkalign_t\000"
 1766      6C69676E 
 1766      5F7400
 1767              	.LASF19:
 1768 0112 746D6F64 		.ascii	"tmode_t\000"
ARM GAS  /var/folders/f2/xhg999f973v6h87pc1fwp6lm0000gn/T//ccmpEpJJ.s 			page 33


 1768      655F7400 
 1769              	.LASF92:
 1770 011a 63684865 		.ascii	"chHeapAlloc\000"
 1770      6170416C 
 1770      6C6F6300 
 1771              	.LASF11:
 1772 0126 6C6F6E67 		.ascii	"long long int\000"
 1772      206C6F6E 
 1772      6720696E 
 1772      7400
 1773              	.LASF35:
 1774 0134 705F6E61 		.ascii	"p_name\000"
 1774      6D6500
 1775              	.LASF23:
 1776 013b 74707269 		.ascii	"tprio_t\000"
 1776      6F5F7400 
 1777              	.LASF89:
 1778 0143 63685365 		.ascii	"chSemReset\000"
 1778      6D526573 
 1778      657400
 1779              	.LASF8:
 1780 014e 6C6F6E67 		.ascii	"long int\000"
 1780      20696E74 
 1780      00
 1781              	.LASF93:
 1782 0157 474E5520 		.ascii	"GNU C 4.8.3 20140228 (release) [ARM/embedded-4_8-br"
 1782      4320342E 
 1782      382E3320 
 1782      32303134 
 1782      30323238 
 1783 018a 616E6368 		.ascii	"anch revision 208322] -mcpu=cortex-m4 -mno-thumb-in"
 1783      20726576 
 1783      6973696F 
 1783      6E203230 
 1783      38333232 
 1784 01bd 74657277 		.ascii	"terwork -mthumb -ggdb -O2 -fomit-frame-pointer -fal"
 1784      6F726B20 
 1784      2D6D7468 
 1784      756D6220 
 1784      2D676764 
 1785 01f0 69676E2D 		.ascii	"ign-functions=16 -ffunction-sections -fdata-section"
 1785      66756E63 
 1785      74696F6E 
 1785      733D3136 
 1785      202D6666 
 1786 0223 73202D66 		.ascii	"s -fno-common\000"
 1786      6E6F2D63 
 1786      6F6D6D6F 
 1786      6E00
 1787              	.LASF58:
 1788 0231 4D757465 		.ascii	"Mutex\000"
 1788      7800
 1789              	.LASF59:
 1790 0237 6D5F7175 		.ascii	"m_queue\000"
 1790      65756500 
 1791              	.LASF65:
 1792 023f 685F7072 		.ascii	"h_provider\000"
ARM GAS  /var/folders/f2/xhg999f973v6h87pc1fwp6lm0000gn/T//ccmpEpJJ.s 			page 34


 1792      6F766964 
 1792      657200
 1793              	.LASF53:
 1794 024a 636F6E74 		.ascii	"context\000"
 1794      65787400 
 1795              	.LASF38:
 1796 0252 705F7265 		.ascii	"p_refs\000"
 1796      667300
 1797              	.LASF43:
 1798 0259 705F6D73 		.ascii	"p_msg\000"
 1798      6700
 1799              	.LASF63:
 1800 025f 4D656D6F 		.ascii	"MemoryHeap\000"
 1800      72794865 
 1800      617000
 1801              	.LASF4:
 1802 026a 756E7369 		.ascii	"unsigned char\000"
 1802      676E6564 
 1802      20636861 
 1802      7200
 1803              	.LASF94:
 1804 0278 2E2E2F2E 		.ascii	"../../os/various/fatfs_bindings/fatfs_syscall.c\000"
 1804      2E2F6F73 
 1804      2F766172 
 1804      696F7573 
 1804      2F666174 
 1805              	.LASF75:
 1806 02a8 65776D61 		.ascii	"ewmask\000"
 1806      736B00
 1807              	.LASF1:
 1808 02af 7369676E 		.ascii	"signed char\000"
 1808      65642063 
 1808      68617200 
 1809              	.LASF33:
 1810 02bb 705F6E65 		.ascii	"p_newer\000"
 1810      77657200 
 1811              	.LASF13:
 1812 02c3 6C6F6E67 		.ascii	"long long unsigned int\000"
 1812      206C6F6E 
 1812      6720756E 
 1812      7369676E 
 1812      65642069 
 1813              	.LASF66:
 1814 02da 685F6672 		.ascii	"h_free\000"
 1814      656500
 1815              	.LASF16:
 1816 02e1 75696E74 		.ascii	"uint32_t\000"
 1816      33325F74 
 1816      00
 1817              	.LASF0:
 1818 02ea 756E7369 		.ascii	"unsigned int\000"
 1818      676E6564 
 1818      20696E74 
 1818      00
 1819              	.LASF62:
 1820 02f7 6D656D67 		.ascii	"memgetfunc_t\000"
 1820      65746675 
ARM GAS  /var/folders/f2/xhg999f973v6h87pc1fwp6lm0000gn/T//ccmpEpJJ.s 			page 35


 1820      6E635F74 
 1820      00
 1821              	.LASF84:
 1822 0304 66665F72 		.ascii	"ff_rel_grant\000"
 1822      656C5F67 
 1822      72616E74 
 1822      00
 1823              	.LASF47:
 1824 0311 705F6D70 		.ascii	"p_mpool\000"
 1824      6F6F6C00 
 1825              	.LASF87:
 1826 0319 66665F73 		.ascii	"ff_sem\000"
 1826      656D00
 1827              	.LASF64:
 1828 0320 6D656D6F 		.ascii	"memory_heap\000"
 1828      72795F68 
 1828      65617000 
 1829              	.LASF6:
 1830 032c 73686F72 		.ascii	"short unsigned int\000"
 1830      7420756E 
 1830      7369676E 
 1830      65642069 
 1830      6E7400
 1831              	.LASF37:
 1832 033f 705F666C 		.ascii	"p_flags\000"
 1832      61677300 
 1833              	.LASF39:
 1834 0347 705F7072 		.ascii	"p_preempt\000"
 1834      65656D70 
 1834      7400
 1835              	.LASF46:
 1836 0351 705F7265 		.ascii	"p_realprio\000"
 1836      616C7072 
 1836      696F00
 1837              	.LASF26:
 1838 035c 73797374 		.ascii	"systime_t\000"
 1838      696D655F 
 1838      7400
 1839              	.LASF76:
 1840 0366 63686172 		.ascii	"char\000"
 1840      00
 1841              	.LASF56:
 1842 036b 735F7175 		.ascii	"s_queue\000"
 1842      65756500 
 1843              	.LASF77:
 1844 0373 55494E54 		.ascii	"UINT\000"
 1844      00
 1845              	.LASF36:
 1846 0378 705F7374 		.ascii	"p_state\000"
 1846      61746500 
 1847              	.LASF27:
 1848 0380 636E745F 		.ascii	"cnt_t\000"
 1848      7400
 1849              	.LASF48:
 1850 0386 54687265 		.ascii	"ThreadsQueue\000"
 1850      61647351 
 1850      75657565 
ARM GAS  /var/folders/f2/xhg999f973v6h87pc1fwp6lm0000gn/T//ccmpEpJJ.s 			page 36


 1850      00
 1851              	.LASF18:
 1852 0393 5F426F6F 		.ascii	"_Bool\000"
 1852      6C00
 1853              	.LASF41:
 1854 0399 705F7761 		.ascii	"p_waiting\000"
 1854      6974696E 
 1854      6700
 1855              	.LASF97:
 1856 03a3 63684865 		.ascii	"chHeapFree\000"
 1856      61704672 
 1856      656500
 1857              	.LASF12:
 1858 03ae 5F5F7569 		.ascii	"__uint64_t\000"
 1858      6E743634 
 1858      5F7400
 1859              	.LASF45:
 1860 03b9 705F6D74 		.ascii	"p_mtxlist\000"
 1860      786C6973 
 1860      7400
 1861              	.LASF79:
 1862 03c3 736F626A 		.ascii	"sobj\000"
 1862      00
 1863              	.LASF52:
 1864 03c8 696E7463 		.ascii	"intctx\000"
 1864      747800
 1865              	.LASF90:
 1866 03cf 63685365 		.ascii	"chSemSignal\000"
 1866      6D536967 
 1866      6E616C00 
 1867              	.LASF80:
 1868 03db 66665F63 		.ascii	"ff_cre_syncobj\000"
 1868      72655F73 
 1868      796E636F 
 1868      626A00
 1869              	.LASF10:
 1870 03ea 6C6F6E67 		.ascii	"long unsigned int\000"
 1870      20756E73 
 1870      69676E65 
 1870      6420696E 
 1870      7400
 1871              	.LASF9:
 1872 03fc 5F5F7569 		.ascii	"__uint32_t\000"
 1872      6E743332 
 1872      5F7400
 1873              	.LASF71:
 1874 0407 73697A65 		.ascii	"size\000"
 1874      00
 1875              	.LASF82:
 1876 040c 66665F72 		.ascii	"ff_req_grant\000"
 1876      65715F67 
 1876      72616E74 
 1876      00
 1877              	.LASF7:
 1878 0419 5F5F696E 		.ascii	"__int32_t\000"
 1878      7433325F 
 1878      7400
ARM GAS  /var/folders/f2/xhg999f973v6h87pc1fwp6lm0000gn/T//ccmpEpJJ.s 			page 37


 1879              	.LASF70:
 1880 0423 616C6967 		.ascii	"align\000"
 1880      6E00
 1881              	.LASF74:
 1882 0429 77746F62 		.ascii	"wtobjp\000"
 1882      6A7000
 1883              	.LASF20:
 1884 0430 74737461 		.ascii	"tstate_t\000"
 1884      74655F74 
 1884      00
 1885              	.LASF28:
 1886 0439 54687265 		.ascii	"Thread\000"
 1886      616400
 1887              	.LASF73:
 1888 0440 65786974 		.ascii	"exitcode\000"
 1888      636F6465 
 1888      00
 1889              	.LASF57:
 1890 0449 735F636E 		.ascii	"s_cnt\000"
 1890      7400
 1891              	.LASF96:
 1892 044f 68656170 		.ascii	"heap_header\000"
 1892      5F686561 
 1892      64657200 
 1893              	.LASF34:
 1894 045b 705F6F6C 		.ascii	"p_older\000"
 1894      64657200 
 1895              	.LASF81:
 1896 0463 66665F64 		.ascii	"ff_del_syncobj\000"
 1896      656C5F73 
 1896      796E636F 
 1896      626A00
 1897              	.LASF91:
 1898 0472 63685365 		.ascii	"chSemWaitTimeout\000"
 1898      6D576169 
 1898      7454696D 
 1898      656F7574 
 1898      00
 1899              	.LASF32:
 1900 0483 705F6374 		.ascii	"p_ctx\000"
 1900      7800
 1901              	.LASF86:
 1902 0489 6D626C6F 		.ascii	"mblock\000"
 1902      636B00
 1903              	.LASF60:
 1904 0490 6D5F6F77 		.ascii	"m_owner\000"
 1904      6E657200 
 1905              	.LASF72:
 1906 0498 7264796D 		.ascii	"rdymsg\000"
 1906      736700
 1907              	.LASF67:
 1908 049f 685F6D74 		.ascii	"h_mtx\000"
 1908      7800
 1909              	.LASF24:
 1910 04a5 6D73675F 		.ascii	"msg_t\000"
 1910      7400
 1911              	.LASF68:
ARM GAS  /var/folders/f2/xhg999f973v6h87pc1fwp6lm0000gn/T//ccmpEpJJ.s 			page 38


 1912 04ab 6E657874 		.ascii	"next\000"
 1912      00
 1913              	.LASF3:
 1914 04b0 5F5F7569 		.ascii	"__uint8_t\000"
 1914      6E74385F 
 1914      7400
 1915              		.ident	"GCC: (GNU Tools for ARM Embedded Processors) 4.8.3 20140228 (release) [ARM/embedded-4_8-br
ARM GAS  /var/folders/f2/xhg999f973v6h87pc1fwp6lm0000gn/T//ccmpEpJJ.s 			page 39


DEFINED SYMBOLS
                            *ABS*:0000000000000000 fatfs_syscall.c
/var/folders/f2/xhg999f973v6h87pc1fwp6lm0000gn/T//ccmpEpJJ.s:19     .text.ff_cre_syncobj:0000000000000000 $t
/var/folders/f2/xhg999f973v6h87pc1fwp6lm0000gn/T//ccmpEpJJ.s:25     .text.ff_cre_syncobj:0000000000000000 ff_cre_syncobj
/var/folders/f2/xhg999f973v6h87pc1fwp6lm0000gn/T//ccmpEpJJ.s:54     .text.ff_cre_syncobj:0000000000000018 $d
/var/folders/f2/xhg999f973v6h87pc1fwp6lm0000gn/T//ccmpEpJJ.s:59     .text.ff_del_syncobj:0000000000000000 $t
/var/folders/f2/xhg999f973v6h87pc1fwp6lm0000gn/T//ccmpEpJJ.s:65     .text.ff_del_syncobj:0000000000000000 ff_del_syncobj
/var/folders/f2/xhg999f973v6h87pc1fwp6lm0000gn/T//ccmpEpJJ.s:87     .text.ff_req_grant:0000000000000000 $t
/var/folders/f2/xhg999f973v6h87pc1fwp6lm0000gn/T//ccmpEpJJ.s:93     .text.ff_req_grant:0000000000000000 ff_req_grant
/var/folders/f2/xhg999f973v6h87pc1fwp6lm0000gn/T//ccmpEpJJ.s:118    .text.ff_rel_grant:0000000000000000 $t
/var/folders/f2/xhg999f973v6h87pc1fwp6lm0000gn/T//ccmpEpJJ.s:124    .text.ff_rel_grant:0000000000000000 ff_rel_grant
/var/folders/f2/xhg999f973v6h87pc1fwp6lm0000gn/T//ccmpEpJJ.s:139    .text.ff_memalloc:0000000000000000 $t
/var/folders/f2/xhg999f973v6h87pc1fwp6lm0000gn/T//ccmpEpJJ.s:145    .text.ff_memalloc:0000000000000000 ff_memalloc
/var/folders/f2/xhg999f973v6h87pc1fwp6lm0000gn/T//ccmpEpJJ.s:164    .text.ff_memfree:0000000000000000 $t
/var/folders/f2/xhg999f973v6h87pc1fwp6lm0000gn/T//ccmpEpJJ.s:170    .text.ff_memfree:0000000000000000 ff_memfree
/var/folders/f2/xhg999f973v6h87pc1fwp6lm0000gn/T//ccmpEpJJ.s:185    .bss.ff_sem:0000000000000000 $d
/var/folders/f2/xhg999f973v6h87pc1fwp6lm0000gn/T//ccmpEpJJ.s:189    .bss.ff_sem:0000000000000000 ff_sem
                     .debug_frame:0000000000000010 $d
/var/folders/f2/xhg999f973v6h87pc1fwp6lm0000gn/T//ccmpEpJJ.s:58     .text.ff_cre_syncobj:000000000000001c $t

UNDEFINED SYMBOLS
chSemInit
chSemReset
chSemWaitTimeout
chSemSignal
chHeapAlloc
chHeapFree
