ARM GAS  /var/folders/4k/6h5l9jl178sb4hslwv3xp1mr0000gn/T//ccM6b2CI.s 			page 1


   1              		.syntax unified
   2              		.cpu cortex-m4
   3              		.fpu softvfp
   4              		.eabi_attribute 20, 1
   5              		.eabi_attribute 21, 1
   6              		.eabi_attribute 23, 3
   7              		.eabi_attribute 24, 1
   8              		.eabi_attribute 25, 1
   9              		.eabi_attribute 26, 1
  10              		.eabi_attribute 30, 2
  11              		.eabi_attribute 34, 1
  12              		.eabi_attribute 18, 4
  13              		.thumb
  14              		.file	"hal.c"
  15              		.text
  16              	.Ltext0:
  17              		.cfi_sections	.debug_frame
  18              		.section	.text.halInit,"ax",%progbits
  19              		.align	2
  20              		.p2align 4,,15
  21              		.global	halInit
  22              		.thumb
  23              		.thumb_func
  24              		.type	halInit, %function
  25              	halInit:
  26              	.LFB118:
  27              		.file 1 "../ChibiStudio/ChibiOS/os/hal/src/hal.c"
  28              		.loc 1 68 0
  29              		.cfi_startproc
  30              		@ args = 0, pretend = 0, frame = 0
  31              		@ frame_needed = 0, uses_anonymous_args = 0
  32 0000 08B5     		push	{r3, lr}
  33              		.cfi_def_cfa_offset 8
  34              		.cfi_offset 3, -8
  35              		.cfi_offset 14, -4
  36              		.loc 1 70 0
  37 0002 FFF7FEFF 		bl	hal_lld_init
  38              	.LVL0:
  39              		.loc 1 76 0
  40 0006 0948     		ldr	r0, .L2
  41 0008 FFF7FEFF 		bl	_pal_lld_init
  42              	.LVL1:
  43              		.loc 1 85 0
  44 000c FFF7FEFF 		bl	dcmiInit
  45              	.LVL2:
  46              		.loc 1 94 0
  47 0010 FFF7FEFF 		bl	i2cInit
  48              	.LVL3:
  49              		.loc 1 103 0
  50 0014 FFF7FEFF 		bl	pwmInit
  51              	.LVL4:
  52              		.loc 1 106 0
  53 0018 FFF7FEFF 		bl	sdInit
  54              	.LVL5:
  55              		.loc 1 112 0
  56 001c FFF7FEFF 		bl	spiInit
  57              	.LVL6:
ARM GAS  /var/folders/4k/6h5l9jl178sb4hslwv3xp1mr0000gn/T//ccM6b2CI.s 			page 2


  58              		.loc 1 121 0
  59 0020 FFF7FEFF 		bl	mmcInit
  60              	.LVL7:
  61              		.loc 1 131 0
  62 0024 BDE80840 		pop	{r3, lr}
  63              		.loc 1 130 0
  64 0028 FFF7FEBF 		b	boardInit
  65              	.LVL8:
  66              	.L3:
  67              		.align	2
  68              	.L2:
  69 002c 00000000 		.word	pal_default_config
  70              		.cfi_endproc
  71              	.LFE118:
  72              		.size	halInit, .-halInit
  73              		.section	.text.halIsCounterWithin,"ax",%progbits
  74              		.align	2
  75              		.p2align 4,,15
  76              		.global	halIsCounterWithin
  77              		.thumb
  78              		.thumb_func
  79              		.type	halIsCounterWithin, %function
  80              	halIsCounterWithin:
  81              	.LFB119:
  82              		.loc 1 177 0
  83              		.cfi_startproc
  84              		@ args = 0, pretend = 0, frame = 0
  85              		@ frame_needed = 0, uses_anonymous_args = 0
  86              		@ link register save eliminated.
  87              	.LVL9:
  88              		.loc 1 178 0
  89 0000 084B     		ldr	r3, .L13
  90              		.loc 1 180 0
  91 0002 8142     		cmp	r1, r0
  92              		.loc 1 178 0
  93 0004 5B68     		ldr	r3, [r3, #4]
  94              	.LVL10:
  95              		.loc 1 180 0
  96 0006 06D9     		bls	.L5
  97              		.loc 1 180 0 is_stmt 0 discriminator 1
  98 0008 8342     		cmp	r3, r0
  99 000a 08D3     		bcc	.L9
 100              	.L11:
 101 000c 8B42     		cmp	r3, r1
 102 000e 2CBF     		ite	cs
 103 0010 0020     		movcs	r0, #0
 104              	.LVL11:
 105 0012 0120     		movcc	r0, #1
 106 0014 7047     		bx	lr
 107              	.LVL12:
 108              	.L5:
 109              		.loc 1 181 0 is_stmt 1
 110 0016 8342     		cmp	r3, r0
 111 0018 F8D3     		bcc	.L11
 112 001a 0120     		movs	r0, #1
 113              	.LVL13:
 114              		.loc 1 182 0
ARM GAS  /var/folders/4k/6h5l9jl178sb4hslwv3xp1mr0000gn/T//ccM6b2CI.s 			page 3


 115 001c 7047     		bx	lr
 116              	.LVL14:
 117              	.L9:
 118 001e 0020     		movs	r0, #0
 119              	.LVL15:
 120 0020 7047     		bx	lr
 121              	.L14:
 122 0022 00BF     		.align	2
 123              	.L13:
 124 0024 001000E0 		.word	-536866816
 125              		.cfi_endproc
 126              	.LFE119:
 127              		.size	halIsCounterWithin, .-halIsCounterWithin
 128 0028 AFF30080 		.section	.text.halPolledDelay,"ax",%progbits
 128      AFF30080 
 129              		.align	2
 130              		.p2align 4,,15
 131              		.global	halPolledDelay
 132              		.thumb
 133              		.thumb_func
 134              		.type	halPolledDelay, %function
 135              	halPolledDelay:
 136              	.LFB120:
 137              		.loc 1 196 0
 138              		.cfi_startproc
 139              		@ args = 0, pretend = 0, frame = 0
 140              		@ frame_needed = 0, uses_anonymous_args = 0
 141              		@ link register save eliminated.
 142              	.LVL16:
 143              		.loc 1 197 0
 144 0000 0C49     		ldr	r1, .L26
 145 0002 4A68     		ldr	r2, [r1, #4]
 146              	.LVL17:
 147              		.loc 1 198 0
 148 0004 1044     		add	r0, r0, r2
 149              	.LVL18:
 150              	.L21:
 151              	.LBB4:
 152              	.LBB5:
 153              		.loc 1 180 0 discriminator 1
 154 0006 8242     		cmp	r2, r0
 155              		.loc 1 178 0 discriminator 1
 156 0008 4B68     		ldr	r3, [r1, #4]
 157              	.LVL19:
 158              		.loc 1 180 0 discriminator 1
 159 000a 0CD2     		bcs	.L16
 160              		.loc 1 180 0 is_stmt 0
 161 000c 9A42     		cmp	r2, r3
 162 000e 03D9     		bls	.L24
 163 0010 0023     		movs	r3, #0
 164              	.LVL20:
 165              	.LBE5:
 166              	.LBE4:
 167              		.loc 1 199 0 is_stmt 1
 168 0012 002B     		cmp	r3, #0
 169 0014 F7D1     		bne	.L21
 170              	.L25:
ARM GAS  /var/folders/4k/6h5l9jl178sb4hslwv3xp1mr0000gn/T//ccM6b2CI.s 			page 4


 171              		.loc 1 201 0
 172 0016 7047     		bx	lr
 173              	.LVL21:
 174              	.L24:
 175 0018 9842     		cmp	r0, r3
 176 001a 94BF     		ite	ls
 177 001c 0023     		movls	r3, #0
 178              	.LVL22:
 179 001e 0123     		movhi	r3, #1
 180              		.loc 1 199 0
 181 0020 002B     		cmp	r3, #0
 182 0022 F0D1     		bne	.L21
 183 0024 F7E7     		b	.L25
 184              	.LVL23:
 185              	.L16:
 186              	.LBB7:
 187              	.LBB6:
 188              		.loc 1 181 0
 189 0026 9A42     		cmp	r2, r3
 190 0028 F6D8     		bhi	.L24
 191 002a 0123     		movs	r3, #1
 192              	.LVL24:
 193              	.LBE6:
 194              	.LBE7:
 195              		.loc 1 199 0
 196 002c 002B     		cmp	r3, #0
 197 002e EAD1     		bne	.L21
 198 0030 F1E7     		b	.L25
 199              	.L27:
 200 0032 00BF     		.align	2
 201              	.L26:
 202 0034 001000E0 		.word	-536866816
 203              		.cfi_endproc
 204              	.LFE120:
 205              		.size	halPolledDelay, .-halPolledDelay
 206 0038 AFF30080 		.text
 206      AFF30080 
 207              	.Letext0:
 208              		.file 2 "/Users/mikevanis/Documents/workspace/gcc-arm-none-eabi-4_8-2014q1/arm-none-eabi/include/m
 209              		.file 3 "/Users/mikevanis/Documents/workspace/gcc-arm-none-eabi-4_8-2014q1/arm-none-eabi/include/s
 210              		.file 4 "../ChibiStudio/ChibiOS/os/ports/GCC/ARMCMx/chtypes.h"
 211              		.file 5 "../ChibiStudio/ChibiOS/os/ports/common/ARMCMx/nvic.h"
 212              		.file 6 "../ChibiStudio/ChibiOS/os/hal/platforms/STM32F4xx/hal_lld.h"
 213              		.file 7 "../ChibiStudio/ChibiOS/os/hal/platforms/STM32/GPIOv2/pal_lld.h"
 214              		.file 8 "../ChibiStudio/ChibiOS/os/ports/common/ARMCMx/CMSIS/include/core_cm4.h"
 215              		.file 9 "../ChibiStudio/ChibiOS/os/hal/include/dcmi.h"
 216              		.file 10 "../ChibiStudio/ChibiOS/os/hal/include/i2c.h"
 217              		.file 11 "../ChibiStudio/ChibiOS/os/hal/include/pwm.h"
 218              		.file 12 "../ChibiStudio/ChibiOS/os/hal/include/serial.h"
 219              		.file 13 "../ChibiStudio/ChibiOS/os/hal/include/spi.h"
 220              		.file 14 "../ChibiStudio/ChibiOS/os/hal/include/mmc_spi.h"
 221              		.file 15 "../ChibiStudio/ChibiOS/boards/ST_STM32F4_DISCOVERY/board.h"
 222              		.section	.debug_info,"",%progbits
 223              	.Ldebug_info0:
 224 0000 DC030000 		.4byte	0x3dc
 225 0004 0400     		.2byte	0x4
 226 0006 00000000 		.4byte	.Ldebug_abbrev0
ARM GAS  /var/folders/4k/6h5l9jl178sb4hslwv3xp1mr0000gn/T//ccM6b2CI.s 			page 5


 227 000a 04       		.byte	0x4
 228 000b 01       		.uleb128 0x1
 229 000c 1E010000 		.4byte	.LASF59
 230 0010 01       		.byte	0x1
 231 0011 D6000000 		.4byte	.LASF60
 232 0015 7E020000 		.4byte	.LASF61
 233 0019 18000000 		.4byte	.Ldebug_ranges0+0x18
 234 001d 00000000 		.4byte	0
 235 0021 00000000 		.4byte	.Ldebug_line0
 236 0025 02       		.uleb128 0x2
 237 0026 04       		.byte	0x4
 238 0027 05       		.byte	0x5
 239 0028 696E7400 		.ascii	"int\000"
 240 002c 03       		.uleb128 0x3
 241 002d 04       		.byte	0x4
 242 002e 07       		.byte	0x7
 243 002f 56030000 		.4byte	.LASF0
 244 0033 03       		.uleb128 0x3
 245 0034 01       		.byte	0x1
 246 0035 06       		.byte	0x6
 247 0036 12020000 		.4byte	.LASF1
 248 003a 03       		.uleb128 0x3
 249 003b 01       		.byte	0x1
 250 003c 08       		.byte	0x8
 251 003d FF010000 		.4byte	.LASF2
 252 0041 03       		.uleb128 0x3
 253 0042 02       		.byte	0x2
 254 0043 05       		.byte	0x5
 255 0044 38000000 		.4byte	.LASF3
 256 0048 03       		.uleb128 0x3
 257 0049 02       		.byte	0x2
 258 004a 07       		.byte	0x7
 259 004b 6B020000 		.4byte	.LASF4
 260 004f 04       		.uleb128 0x4
 261 0050 AC000000 		.4byte	.LASF6
 262 0054 02       		.byte	0x2
 263 0055 37       		.byte	0x37
 264 0056 5A000000 		.4byte	0x5a
 265 005a 03       		.uleb128 0x3
 266 005b 04       		.byte	0x4
 267 005c 05       		.byte	0x5
 268 005d BE000000 		.4byte	.LASF5
 269 0061 04       		.uleb128 0x4
 270 0062 6E000000 		.4byte	.LASF7
 271 0066 02       		.byte	0x2
 272 0067 38       		.byte	0x38
 273 0068 6C000000 		.4byte	0x6c
 274 006c 03       		.uleb128 0x3
 275 006d 04       		.byte	0x4
 276 006e 07       		.byte	0x7
 277 006f F7020000 		.4byte	.LASF8
 278 0073 03       		.uleb128 0x3
 279 0074 08       		.byte	0x8
 280 0075 05       		.byte	0x5
 281 0076 8F000000 		.4byte	.LASF9
 282 007a 03       		.uleb128 0x3
 283 007b 08       		.byte	0x8
ARM GAS  /var/folders/4k/6h5l9jl178sb4hslwv3xp1mr0000gn/T//ccM6b2CI.s 			page 6


 284 007c 07       		.byte	0x7
 285 007d 1E020000 		.4byte	.LASF10
 286 0081 04       		.uleb128 0x4
 287 0082 BB020000 		.4byte	.LASF11
 288 0086 03       		.byte	0x3
 289 0087 41       		.byte	0x41
 290 0088 4F000000 		.4byte	0x4f
 291 008c 04       		.uleb128 0x4
 292 008d 35020000 		.4byte	.LASF12
 293 0091 03       		.byte	0x3
 294 0092 42       		.byte	0x42
 295 0093 61000000 		.4byte	0x61
 296 0097 04       		.uleb128 0x4
 297 0098 C3020000 		.4byte	.LASF13
 298 009c 04       		.byte	0x4
 299 009d 2B       		.byte	0x2b
 300 009e A2000000 		.4byte	0xa2
 301 00a2 03       		.uleb128 0x3
 302 00a3 01       		.byte	0x1
 303 00a4 02       		.byte	0x2
 304 00a5 DB020000 		.4byte	.LASF14
 305 00a9 04       		.uleb128 0x4
 306 00aa 80000000 		.4byte	.LASF15
 307 00ae 05       		.byte	0x5
 308 00af 3A       		.byte	0x3a
 309 00b0 B4000000 		.4byte	0xb4
 310 00b4 05       		.uleb128 0x5
 311 00b5 8C000000 		.4byte	0x8c
 312 00b9 03       		.uleb128 0x3
 313 00ba 04       		.byte	0x4
 314 00bb 07       		.byte	0x7
 315 00bc 42000000 		.4byte	.LASF16
 316 00c0 06       		.uleb128 0x6
 317 00c1 20       		.byte	0x20
 318 00c2 05       		.byte	0x5
 319 00c3 0601     		.2byte	0x106
 320 00c5 32010000 		.4byte	0x132
 321 00c9 07       		.uleb128 0x7
 322 00ca 0D020000 		.4byte	.LASF17
 323 00ce 05       		.byte	0x5
 324 00cf 0701     		.2byte	0x107
 325 00d1 A9000000 		.4byte	0xa9
 326 00d5 00       		.byte	0
 327 00d6 07       		.uleb128 0x7
 328 00d7 A5000000 		.4byte	.LASF18
 329 00db 05       		.byte	0x5
 330 00dc 0801     		.2byte	0x108
 331 00de A9000000 		.4byte	0xa9
 332 00e2 04       		.byte	0x4
 333 00e3 07       		.uleb128 0x7
 334 00e4 F0020000 		.4byte	.LASF19
 335 00e8 05       		.byte	0x5
 336 00e9 0901     		.2byte	0x109
 337 00eb A9000000 		.4byte	0xa9
 338 00ef 08       		.byte	0x8
 339 00f0 07       		.uleb128 0x7
 340 00f1 76030000 		.4byte	.LASF20
ARM GAS  /var/folders/4k/6h5l9jl178sb4hslwv3xp1mr0000gn/T//ccM6b2CI.s 			page 7


 341 00f5 05       		.byte	0x5
 342 00f6 0A01     		.2byte	0x10a
 343 00f8 A9000000 		.4byte	0xa9
 344 00fc 0C       		.byte	0xc
 345 00fd 07       		.uleb128 0x7
 346 00fe 1B030000 		.4byte	.LASF21
 347 0102 05       		.byte	0x5
 348 0103 0B01     		.2byte	0x10b
 349 0105 A9000000 		.4byte	0xa9
 350 0109 10       		.byte	0x10
 351 010a 07       		.uleb128 0x7
 352 010b 32030000 		.4byte	.LASF22
 353 010f 05       		.byte	0x5
 354 0110 0C01     		.2byte	0x10c
 355 0112 A9000000 		.4byte	0xa9
 356 0116 14       		.byte	0x14
 357 0117 07       		.uleb128 0x7
 358 0118 5E000000 		.4byte	.LASF23
 359 011c 05       		.byte	0x5
 360 011d 0D01     		.2byte	0x10d
 361 011f A9000000 		.4byte	0xa9
 362 0123 18       		.byte	0x18
 363 0124 07       		.uleb128 0x7
 364 0125 4B000000 		.4byte	.LASF24
 365 0129 05       		.byte	0x5
 366 012a 0E01     		.2byte	0x10e
 367 012c A9000000 		.4byte	0xa9
 368 0130 1C       		.byte	0x1c
 369 0131 00       		.byte	0
 370 0132 08       		.uleb128 0x8
 371 0133 E1020000 		.4byte	.LASF25
 372 0137 05       		.byte	0x5
 373 0138 0F01     		.2byte	0x10f
 374 013a C0000000 		.4byte	0xc0
 375 013e 03       		.uleb128 0x3
 376 013f 01       		.byte	0x1
 377 0140 08       		.byte	0x8
 378 0141 B6020000 		.4byte	.LASF26
 379 0145 05       		.uleb128 0x5
 380 0146 81000000 		.4byte	0x81
 381 014a 08       		.uleb128 0x8
 382 014b 10030000 		.4byte	.LASF27
 383 014f 06       		.byte	0x6
 384 0150 C706     		.2byte	0x6c7
 385 0152 8C000000 		.4byte	0x8c
 386 0156 09       		.uleb128 0x9
 387 0157 1C       		.byte	0x1c
 388 0158 07       		.byte	0x7
 389 0159 A3       		.byte	0xa3
 390 015a B3010000 		.4byte	0x1b3
 391 015e 0A       		.uleb128 0xa
 392 015f 43030000 		.4byte	.LASF28
 393 0163 07       		.byte	0x7
 394 0164 A5       		.byte	0xa5
 395 0165 8C000000 		.4byte	0x8c
 396 0169 00       		.byte	0
 397 016a 0A       		.uleb128 0xa
ARM GAS  /var/folders/4k/6h5l9jl178sb4hslwv3xp1mr0000gn/T//ccM6b2CI.s 			page 8


 398 016b 3E020000 		.4byte	.LASF29
 399 016f 07       		.byte	0x7
 400 0170 A7       		.byte	0xa7
 401 0171 8C000000 		.4byte	0x8c
 402 0175 04       		.byte	0x4
 403 0176 0A       		.uleb128 0xa
 404 0177 B6000000 		.4byte	.LASF30
 405 017b 07       		.byte	0x7
 406 017c A9       		.byte	0xa9
 407 017d 8C000000 		.4byte	0x8c
 408 0181 08       		.byte	0x8
 409 0182 0A       		.uleb128 0xa
 410 0183 2C030000 		.4byte	.LASF31
 411 0187 07       		.byte	0x7
 412 0188 AB       		.byte	0xab
 413 0189 8C000000 		.4byte	0x8c
 414 018d 0C       		.byte	0xc
 415 018e 0B       		.uleb128 0xb
 416 018f 6F647200 		.ascii	"odr\000"
 417 0193 07       		.byte	0x7
 418 0194 AD       		.byte	0xad
 419 0195 8C000000 		.4byte	0x8c
 420 0199 10       		.byte	0x10
 421 019a 0A       		.uleb128 0xa
 422 019b 3E030000 		.4byte	.LASF32
 423 019f 07       		.byte	0x7
 424 01a0 AF       		.byte	0xaf
 425 01a1 8C000000 		.4byte	0x8c
 426 01a5 14       		.byte	0x14
 427 01a6 0A       		.uleb128 0xa
 428 01a7 39030000 		.4byte	.LASF33
 429 01ab 07       		.byte	0x7
 430 01ac B1       		.byte	0xb1
 431 01ad 8C000000 		.4byte	0x8c
 432 01b1 18       		.byte	0x18
 433 01b2 00       		.byte	0
 434 01b3 04       		.uleb128 0x4
 435 01b4 45020000 		.4byte	.LASF34
 436 01b8 07       		.byte	0x7
 437 01b9 B2       		.byte	0xb2
 438 01ba 56010000 		.4byte	0x156
 439 01be 09       		.uleb128 0x9
 440 01bf FC       		.byte	0xfc
 441 01c0 07       		.byte	0x7
 442 01c1 BB       		.byte	0xbb
 443 01c2 33020000 		.4byte	0x233
 444 01c6 0A       		.uleb128 0xa
 445 01c7 88000000 		.4byte	.LASF35
 446 01cb 07       		.byte	0x7
 447 01cc BE       		.byte	0xbe
 448 01cd B3010000 		.4byte	0x1b3
 449 01d1 00       		.byte	0
 450 01d2 0A       		.uleb128 0xa
 451 01d3 D4020000 		.4byte	.LASF36
 452 01d7 07       		.byte	0x7
 453 01d8 C2       		.byte	0xc2
 454 01d9 B3010000 		.4byte	0x1b3
ARM GAS  /var/folders/4k/6h5l9jl178sb4hslwv3xp1mr0000gn/T//ccM6b2CI.s 			page 9


 455 01dd 1C       		.byte	0x1c
 456 01de 0A       		.uleb128 0xa
 457 01df F8010000 		.4byte	.LASF37
 458 01e3 07       		.byte	0x7
 459 01e4 C6       		.byte	0xc6
 460 01e5 B3010000 		.4byte	0x1b3
 461 01e9 38       		.byte	0x38
 462 01ea 0A       		.uleb128 0xa
 463 01eb CF000000 		.4byte	.LASF38
 464 01ef 07       		.byte	0x7
 465 01f0 CA       		.byte	0xca
 466 01f1 B3010000 		.4byte	0x1b3
 467 01f5 54       		.byte	0x54
 468 01f6 0A       		.uleb128 0xa
 469 01f7 E9020000 		.4byte	.LASF39
 470 01fb 07       		.byte	0x7
 471 01fc CE       		.byte	0xce
 472 01fd B3010000 		.4byte	0x1b3
 473 0201 70       		.byte	0x70
 474 0202 0A       		.uleb128 0xa
 475 0203 50000000 		.4byte	.LASF40
 476 0207 07       		.byte	0x7
 477 0208 D2       		.byte	0xd2
 478 0209 B3010000 		.4byte	0x1b3
 479 020d 8C       		.byte	0x8c
 480 020e 0A       		.uleb128 0xa
 481 020f 17010000 		.4byte	.LASF41
 482 0213 07       		.byte	0x7
 483 0214 D6       		.byte	0xd6
 484 0215 B3010000 		.4byte	0x1b3
 485 0219 A8       		.byte	0xa8
 486 021a 0A       		.uleb128 0xa
 487 021b 09030000 		.4byte	.LASF42
 488 021f 07       		.byte	0x7
 489 0220 DA       		.byte	0xda
 490 0221 B3010000 		.4byte	0x1b3
 491 0225 C4       		.byte	0xc4
 492 0226 0A       		.uleb128 0xa
 493 0227 57000000 		.4byte	.LASF43
 494 022b 07       		.byte	0x7
 495 022c DE       		.byte	0xde
 496 022d B3010000 		.4byte	0x1b3
 497 0231 E0       		.byte	0xe0
 498 0232 00       		.byte	0
 499 0233 04       		.uleb128 0x4
 500 0234 CA020000 		.4byte	.LASF44
 501 0238 07       		.byte	0x7
 502 0239 E0       		.byte	0xe0
 503 023a BE010000 		.4byte	0x1be
 504 023e 0C       		.uleb128 0xc
 505 023f 63030000 		.4byte	.LASF62
 506 0243 01       		.byte	0x1
 507 0244 B1       		.byte	0xb1
 508 0245 97000000 		.4byte	0x97
 509 0249 01       		.byte	0x1
 510 024a 70020000 		.4byte	0x270
 511 024e 0D       		.uleb128 0xd
ARM GAS  /var/folders/4k/6h5l9jl178sb4hslwv3xp1mr0000gn/T//ccM6b2CI.s 			page 10


 512 024f 65020000 		.4byte	.LASF45
 513 0253 01       		.byte	0x1
 514 0254 B1       		.byte	0xb1
 515 0255 4A010000 		.4byte	0x14a
 516 0259 0E       		.uleb128 0xe
 517 025a 656E6400 		.ascii	"end\000"
 518 025e 01       		.byte	0x1
 519 025f B1       		.byte	0xb1
 520 0260 4A010000 		.4byte	0x14a
 521 0264 0F       		.uleb128 0xf
 522 0265 6E6F7700 		.ascii	"now\000"
 523 0269 01       		.byte	0x1
 524 026a B2       		.byte	0xb2
 525 026b 4A010000 		.4byte	0x14a
 526 026f 00       		.byte	0
 527 0270 10       		.uleb128 0x10
 528 0271 9D000000 		.4byte	.LASF46
 529 0275 01       		.byte	0x1
 530 0276 44       		.byte	0x44
 531 0277 00000000 		.4byte	.LFB118
 532 027b 30000000 		.4byte	.LFE118-.LFB118
 533 027f 01       		.uleb128 0x1
 534 0280 9C       		.byte	0x9c
 535 0281 D7020000 		.4byte	0x2d7
 536 0285 11       		.uleb128 0x11
 537 0286 06000000 		.4byte	.LVL0
 538 028a 8B030000 		.4byte	0x38b
 539 028e 11       		.uleb128 0x11
 540 028f 0C000000 		.4byte	.LVL1
 541 0293 93030000 		.4byte	0x393
 542 0297 11       		.uleb128 0x11
 543 0298 10000000 		.4byte	.LVL2
 544 029c AB030000 		.4byte	0x3ab
 545 02a0 11       		.uleb128 0x11
 546 02a1 14000000 		.4byte	.LVL3
 547 02a5 B2030000 		.4byte	0x3b2
 548 02a9 11       		.uleb128 0x11
 549 02aa 18000000 		.4byte	.LVL4
 550 02ae B9030000 		.4byte	0x3b9
 551 02b2 11       		.uleb128 0x11
 552 02b3 1C000000 		.4byte	.LVL5
 553 02b7 C0030000 		.4byte	0x3c0
 554 02bb 11       		.uleb128 0x11
 555 02bc 20000000 		.4byte	.LVL6
 556 02c0 C8030000 		.4byte	0x3c8
 557 02c4 11       		.uleb128 0x11
 558 02c5 24000000 		.4byte	.LVL7
 559 02c9 D0030000 		.4byte	0x3d0
 560 02cd 12       		.uleb128 0x12
 561 02ce 2C000000 		.4byte	.LVL8
 562 02d2 D7030000 		.4byte	0x3d7
 563 02d6 00       		.byte	0
 564 02d7 13       		.uleb128 0x13
 565 02d8 3E020000 		.4byte	0x23e
 566 02dc 00000000 		.4byte	.LFB119
 567 02e0 28000000 		.4byte	.LFE119-.LFB119
 568 02e4 01       		.uleb128 0x1
ARM GAS  /var/folders/4k/6h5l9jl178sb4hslwv3xp1mr0000gn/T//ccM6b2CI.s 			page 11


 569 02e5 9C       		.byte	0x9c
 570 02e6 02030000 		.4byte	0x302
 571 02ea 14       		.uleb128 0x14
 572 02eb 4E020000 		.4byte	0x24e
 573 02ef 00000000 		.4byte	.LLST0
 574 02f3 15       		.uleb128 0x15
 575 02f4 59020000 		.4byte	0x259
 576 02f8 01       		.uleb128 0x1
 577 02f9 51       		.byte	0x51
 578 02fa 16       		.uleb128 0x16
 579 02fb 64020000 		.4byte	0x264
 580 02ff 01       		.uleb128 0x1
 581 0300 53       		.byte	0x53
 582 0301 00       		.byte	0
 583 0302 10       		.uleb128 0x10
 584 0303 FE000000 		.4byte	.LASF47
 585 0307 01       		.byte	0x1
 586 0308 C4       		.byte	0xc4
 587 0309 00000000 		.4byte	.LFB120
 588 030d 38000000 		.4byte	.LFE120-.LFB120
 589 0311 01       		.uleb128 0x1
 590 0312 9C       		.byte	0x9c
 591 0313 6E030000 		.4byte	0x36e
 592 0317 17       		.uleb128 0x17
 593 0318 00000000 		.4byte	.LASF63
 594 031c 01       		.byte	0x1
 595 031d C4       		.byte	0xc4
 596 031e 4A010000 		.4byte	0x14a
 597 0322 53000000 		.4byte	.LLST1
 598 0326 18       		.uleb128 0x18
 599 0327 65020000 		.4byte	.LASF45
 600 032b 01       		.byte	0x1
 601 032c C5       		.byte	0xc5
 602 032d 4A010000 		.4byte	0x14a
 603 0331 01       		.uleb128 0x1
 604 0332 52       		.byte	0x52
 605 0333 18       		.uleb128 0x18
 606 0334 7D030000 		.4byte	.LASF48
 607 0338 01       		.byte	0x1
 608 0339 C6       		.byte	0xc6
 609 033a 4A010000 		.4byte	0x14a
 610 033e 01       		.uleb128 0x1
 611 033f 50       		.byte	0x50
 612 0340 19       		.uleb128 0x19
 613 0341 3E020000 		.4byte	0x23e
 614 0345 06000000 		.4byte	.LBB4
 615 0349 00000000 		.4byte	.Ldebug_ranges0+0
 616 034d 01       		.byte	0x1
 617 034e C7       		.byte	0xc7
 618 034f 15       		.uleb128 0x15
 619 0350 59020000 		.4byte	0x259
 620 0354 01       		.uleb128 0x1
 621 0355 50       		.byte	0x50
 622 0356 15       		.uleb128 0x15
 623 0357 4E020000 		.4byte	0x24e
 624 035b 01       		.uleb128 0x1
 625 035c 52       		.byte	0x52
ARM GAS  /var/folders/4k/6h5l9jl178sb4hslwv3xp1mr0000gn/T//ccM6b2CI.s 			page 12


 626 035d 1A       		.uleb128 0x1a
 627 035e 00000000 		.4byte	.Ldebug_ranges0+0
 628 0362 1B       		.uleb128 0x1b
 629 0363 64020000 		.4byte	0x264
 630 0367 74000000 		.4byte	.LLST2
 631 036b 00       		.byte	0
 632 036c 00       		.byte	0
 633 036d 00       		.byte	0
 634 036e 1C       		.uleb128 0x1c
 635 036f 49030000 		.4byte	.LASF49
 636 0373 08       		.byte	0x8
 637 0374 9806     		.2byte	0x698
 638 0376 45010000 		.4byte	0x145
 639 037a 1C       		.uleb128 0x1c
 640 037b 25000000 		.4byte	.LASF50
 641 037f 07       		.byte	0x7
 642 0380 BC01     		.2byte	0x1bc
 643 0382 86030000 		.4byte	0x386
 644 0386 1D       		.uleb128 0x1d
 645 0387 33020000 		.4byte	0x233
 646 038b 1E       		.uleb128 0x1e
 647 038c 58020000 		.4byte	.LASF51
 648 0390 06       		.byte	0x6
 649 0391 F006     		.2byte	0x6f0
 650 0393 1F       		.uleb128 0x1f
 651 0394 17000000 		.4byte	.LASF64
 652 0398 07       		.byte	0x7
 653 0399 C101     		.2byte	0x1c1
 654 039b A5030000 		.4byte	0x3a5
 655 039f 20       		.uleb128 0x20
 656 03a0 A5030000 		.4byte	0x3a5
 657 03a4 00       		.byte	0
 658 03a5 21       		.uleb128 0x21
 659 03a6 04       		.byte	0x4
 660 03a7 86030000 		.4byte	0x386
 661 03ab 22       		.uleb128 0x22
 662 03ac 06000000 		.4byte	.LASF52
 663 03b0 09       		.byte	0x9
 664 03b1 CD       		.byte	0xcd
 665 03b2 22       		.uleb128 0x22
 666 03b3 0F000000 		.4byte	.LASF53
 667 03b7 0A       		.byte	0xa
 668 03b8 7F       		.byte	0x7f
 669 03b9 22       		.uleb128 0x22
 670 03ba C7000000 		.4byte	.LASF54
 671 03be 0B       		.byte	0xb
 672 03bf F2       		.byte	0xf2
 673 03c0 1E       		.uleb128 0x1e
 674 03c1 79000000 		.4byte	.LASF55
 675 03c5 0C       		.byte	0xc
 676 03c6 3501     		.2byte	0x135
 677 03c8 1E       		.uleb128 0x1e
 678 03c9 66000000 		.4byte	.LASF56
 679 03cd 0D       		.byte	0xd
 680 03ce 2E01     		.2byte	0x12e
 681 03d0 22       		.uleb128 0x22
 682 03d1 24030000 		.4byte	.LASF57
ARM GAS  /var/folders/4k/6h5l9jl178sb4hslwv3xp1mr0000gn/T//ccM6b2CI.s 			page 13


 683 03d5 0E       		.byte	0xe
 684 03d6 B5       		.byte	0xb5
 685 03d7 1E       		.uleb128 0x1e
 686 03d8 0D010000 		.4byte	.LASF58
 687 03dc 0F       		.byte	0xf
 688 03dd 0A05     		.2byte	0x50a
 689 03df 00       		.byte	0
 690              		.section	.debug_abbrev,"",%progbits
 691              	.Ldebug_abbrev0:
 692 0000 01       		.uleb128 0x1
 693 0001 11       		.uleb128 0x11
 694 0002 01       		.byte	0x1
 695 0003 25       		.uleb128 0x25
 696 0004 0E       		.uleb128 0xe
 697 0005 13       		.uleb128 0x13
 698 0006 0B       		.uleb128 0xb
 699 0007 03       		.uleb128 0x3
 700 0008 0E       		.uleb128 0xe
 701 0009 1B       		.uleb128 0x1b
 702 000a 0E       		.uleb128 0xe
 703 000b 55       		.uleb128 0x55
 704 000c 17       		.uleb128 0x17
 705 000d 11       		.uleb128 0x11
 706 000e 01       		.uleb128 0x1
 707 000f 10       		.uleb128 0x10
 708 0010 17       		.uleb128 0x17
 709 0011 00       		.byte	0
 710 0012 00       		.byte	0
 711 0013 02       		.uleb128 0x2
 712 0014 24       		.uleb128 0x24
 713 0015 00       		.byte	0
 714 0016 0B       		.uleb128 0xb
 715 0017 0B       		.uleb128 0xb
 716 0018 3E       		.uleb128 0x3e
 717 0019 0B       		.uleb128 0xb
 718 001a 03       		.uleb128 0x3
 719 001b 08       		.uleb128 0x8
 720 001c 00       		.byte	0
 721 001d 00       		.byte	0
 722 001e 03       		.uleb128 0x3
 723 001f 24       		.uleb128 0x24
 724 0020 00       		.byte	0
 725 0021 0B       		.uleb128 0xb
 726 0022 0B       		.uleb128 0xb
 727 0023 3E       		.uleb128 0x3e
 728 0024 0B       		.uleb128 0xb
 729 0025 03       		.uleb128 0x3
 730 0026 0E       		.uleb128 0xe
 731 0027 00       		.byte	0
 732 0028 00       		.byte	0
 733 0029 04       		.uleb128 0x4
 734 002a 16       		.uleb128 0x16
 735 002b 00       		.byte	0
 736 002c 03       		.uleb128 0x3
 737 002d 0E       		.uleb128 0xe
 738 002e 3A       		.uleb128 0x3a
 739 002f 0B       		.uleb128 0xb
ARM GAS  /var/folders/4k/6h5l9jl178sb4hslwv3xp1mr0000gn/T//ccM6b2CI.s 			page 14


 740 0030 3B       		.uleb128 0x3b
 741 0031 0B       		.uleb128 0xb
 742 0032 49       		.uleb128 0x49
 743 0033 13       		.uleb128 0x13
 744 0034 00       		.byte	0
 745 0035 00       		.byte	0
 746 0036 05       		.uleb128 0x5
 747 0037 35       		.uleb128 0x35
 748 0038 00       		.byte	0
 749 0039 49       		.uleb128 0x49
 750 003a 13       		.uleb128 0x13
 751 003b 00       		.byte	0
 752 003c 00       		.byte	0
 753 003d 06       		.uleb128 0x6
 754 003e 13       		.uleb128 0x13
 755 003f 01       		.byte	0x1
 756 0040 0B       		.uleb128 0xb
 757 0041 0B       		.uleb128 0xb
 758 0042 3A       		.uleb128 0x3a
 759 0043 0B       		.uleb128 0xb
 760 0044 3B       		.uleb128 0x3b
 761 0045 05       		.uleb128 0x5
 762 0046 01       		.uleb128 0x1
 763 0047 13       		.uleb128 0x13
 764 0048 00       		.byte	0
 765 0049 00       		.byte	0
 766 004a 07       		.uleb128 0x7
 767 004b 0D       		.uleb128 0xd
 768 004c 00       		.byte	0
 769 004d 03       		.uleb128 0x3
 770 004e 0E       		.uleb128 0xe
 771 004f 3A       		.uleb128 0x3a
 772 0050 0B       		.uleb128 0xb
 773 0051 3B       		.uleb128 0x3b
 774 0052 05       		.uleb128 0x5
 775 0053 49       		.uleb128 0x49
 776 0054 13       		.uleb128 0x13
 777 0055 38       		.uleb128 0x38
 778 0056 0B       		.uleb128 0xb
 779 0057 00       		.byte	0
 780 0058 00       		.byte	0
 781 0059 08       		.uleb128 0x8
 782 005a 16       		.uleb128 0x16
 783 005b 00       		.byte	0
 784 005c 03       		.uleb128 0x3
 785 005d 0E       		.uleb128 0xe
 786 005e 3A       		.uleb128 0x3a
 787 005f 0B       		.uleb128 0xb
 788 0060 3B       		.uleb128 0x3b
 789 0061 05       		.uleb128 0x5
 790 0062 49       		.uleb128 0x49
 791 0063 13       		.uleb128 0x13
 792 0064 00       		.byte	0
 793 0065 00       		.byte	0
 794 0066 09       		.uleb128 0x9
 795 0067 13       		.uleb128 0x13
 796 0068 01       		.byte	0x1
ARM GAS  /var/folders/4k/6h5l9jl178sb4hslwv3xp1mr0000gn/T//ccM6b2CI.s 			page 15


 797 0069 0B       		.uleb128 0xb
 798 006a 0B       		.uleb128 0xb
 799 006b 3A       		.uleb128 0x3a
 800 006c 0B       		.uleb128 0xb
 801 006d 3B       		.uleb128 0x3b
 802 006e 0B       		.uleb128 0xb
 803 006f 01       		.uleb128 0x1
 804 0070 13       		.uleb128 0x13
 805 0071 00       		.byte	0
 806 0072 00       		.byte	0
 807 0073 0A       		.uleb128 0xa
 808 0074 0D       		.uleb128 0xd
 809 0075 00       		.byte	0
 810 0076 03       		.uleb128 0x3
 811 0077 0E       		.uleb128 0xe
 812 0078 3A       		.uleb128 0x3a
 813 0079 0B       		.uleb128 0xb
 814 007a 3B       		.uleb128 0x3b
 815 007b 0B       		.uleb128 0xb
 816 007c 49       		.uleb128 0x49
 817 007d 13       		.uleb128 0x13
 818 007e 38       		.uleb128 0x38
 819 007f 0B       		.uleb128 0xb
 820 0080 00       		.byte	0
 821 0081 00       		.byte	0
 822 0082 0B       		.uleb128 0xb
 823 0083 0D       		.uleb128 0xd
 824 0084 00       		.byte	0
 825 0085 03       		.uleb128 0x3
 826 0086 08       		.uleb128 0x8
 827 0087 3A       		.uleb128 0x3a
 828 0088 0B       		.uleb128 0xb
 829 0089 3B       		.uleb128 0x3b
 830 008a 0B       		.uleb128 0xb
 831 008b 49       		.uleb128 0x49
 832 008c 13       		.uleb128 0x13
 833 008d 38       		.uleb128 0x38
 834 008e 0B       		.uleb128 0xb
 835 008f 00       		.byte	0
 836 0090 00       		.byte	0
 837 0091 0C       		.uleb128 0xc
 838 0092 2E       		.uleb128 0x2e
 839 0093 01       		.byte	0x1
 840 0094 3F       		.uleb128 0x3f
 841 0095 19       		.uleb128 0x19
 842 0096 03       		.uleb128 0x3
 843 0097 0E       		.uleb128 0xe
 844 0098 3A       		.uleb128 0x3a
 845 0099 0B       		.uleb128 0xb
 846 009a 3B       		.uleb128 0x3b
 847 009b 0B       		.uleb128 0xb
 848 009c 27       		.uleb128 0x27
 849 009d 19       		.uleb128 0x19
 850 009e 49       		.uleb128 0x49
 851 009f 13       		.uleb128 0x13
 852 00a0 20       		.uleb128 0x20
 853 00a1 0B       		.uleb128 0xb
ARM GAS  /var/folders/4k/6h5l9jl178sb4hslwv3xp1mr0000gn/T//ccM6b2CI.s 			page 16


 854 00a2 01       		.uleb128 0x1
 855 00a3 13       		.uleb128 0x13
 856 00a4 00       		.byte	0
 857 00a5 00       		.byte	0
 858 00a6 0D       		.uleb128 0xd
 859 00a7 05       		.uleb128 0x5
 860 00a8 00       		.byte	0
 861 00a9 03       		.uleb128 0x3
 862 00aa 0E       		.uleb128 0xe
 863 00ab 3A       		.uleb128 0x3a
 864 00ac 0B       		.uleb128 0xb
 865 00ad 3B       		.uleb128 0x3b
 866 00ae 0B       		.uleb128 0xb
 867 00af 49       		.uleb128 0x49
 868 00b0 13       		.uleb128 0x13
 869 00b1 00       		.byte	0
 870 00b2 00       		.byte	0
 871 00b3 0E       		.uleb128 0xe
 872 00b4 05       		.uleb128 0x5
 873 00b5 00       		.byte	0
 874 00b6 03       		.uleb128 0x3
 875 00b7 08       		.uleb128 0x8
 876 00b8 3A       		.uleb128 0x3a
 877 00b9 0B       		.uleb128 0xb
 878 00ba 3B       		.uleb128 0x3b
 879 00bb 0B       		.uleb128 0xb
 880 00bc 49       		.uleb128 0x49
 881 00bd 13       		.uleb128 0x13
 882 00be 00       		.byte	0
 883 00bf 00       		.byte	0
 884 00c0 0F       		.uleb128 0xf
 885 00c1 34       		.uleb128 0x34
 886 00c2 00       		.byte	0
 887 00c3 03       		.uleb128 0x3
 888 00c4 08       		.uleb128 0x8
 889 00c5 3A       		.uleb128 0x3a
 890 00c6 0B       		.uleb128 0xb
 891 00c7 3B       		.uleb128 0x3b
 892 00c8 0B       		.uleb128 0xb
 893 00c9 49       		.uleb128 0x49
 894 00ca 13       		.uleb128 0x13
 895 00cb 00       		.byte	0
 896 00cc 00       		.byte	0
 897 00cd 10       		.uleb128 0x10
 898 00ce 2E       		.uleb128 0x2e
 899 00cf 01       		.byte	0x1
 900 00d0 3F       		.uleb128 0x3f
 901 00d1 19       		.uleb128 0x19
 902 00d2 03       		.uleb128 0x3
 903 00d3 0E       		.uleb128 0xe
 904 00d4 3A       		.uleb128 0x3a
 905 00d5 0B       		.uleb128 0xb
 906 00d6 3B       		.uleb128 0x3b
 907 00d7 0B       		.uleb128 0xb
 908 00d8 27       		.uleb128 0x27
 909 00d9 19       		.uleb128 0x19
 910 00da 11       		.uleb128 0x11
ARM GAS  /var/folders/4k/6h5l9jl178sb4hslwv3xp1mr0000gn/T//ccM6b2CI.s 			page 17


 911 00db 01       		.uleb128 0x1
 912 00dc 12       		.uleb128 0x12
 913 00dd 06       		.uleb128 0x6
 914 00de 40       		.uleb128 0x40
 915 00df 18       		.uleb128 0x18
 916 00e0 9742     		.uleb128 0x2117
 917 00e2 19       		.uleb128 0x19
 918 00e3 01       		.uleb128 0x1
 919 00e4 13       		.uleb128 0x13
 920 00e5 00       		.byte	0
 921 00e6 00       		.byte	0
 922 00e7 11       		.uleb128 0x11
 923 00e8 898201   		.uleb128 0x4109
 924 00eb 00       		.byte	0
 925 00ec 11       		.uleb128 0x11
 926 00ed 01       		.uleb128 0x1
 927 00ee 31       		.uleb128 0x31
 928 00ef 13       		.uleb128 0x13
 929 00f0 00       		.byte	0
 930 00f1 00       		.byte	0
 931 00f2 12       		.uleb128 0x12
 932 00f3 898201   		.uleb128 0x4109
 933 00f6 00       		.byte	0
 934 00f7 11       		.uleb128 0x11
 935 00f8 01       		.uleb128 0x1
 936 00f9 9542     		.uleb128 0x2115
 937 00fb 19       		.uleb128 0x19
 938 00fc 31       		.uleb128 0x31
 939 00fd 13       		.uleb128 0x13
 940 00fe 00       		.byte	0
 941 00ff 00       		.byte	0
 942 0100 13       		.uleb128 0x13
 943 0101 2E       		.uleb128 0x2e
 944 0102 01       		.byte	0x1
 945 0103 31       		.uleb128 0x31
 946 0104 13       		.uleb128 0x13
 947 0105 11       		.uleb128 0x11
 948 0106 01       		.uleb128 0x1
 949 0107 12       		.uleb128 0x12
 950 0108 06       		.uleb128 0x6
 951 0109 40       		.uleb128 0x40
 952 010a 18       		.uleb128 0x18
 953 010b 9742     		.uleb128 0x2117
 954 010d 19       		.uleb128 0x19
 955 010e 01       		.uleb128 0x1
 956 010f 13       		.uleb128 0x13
 957 0110 00       		.byte	0
 958 0111 00       		.byte	0
 959 0112 14       		.uleb128 0x14
 960 0113 05       		.uleb128 0x5
 961 0114 00       		.byte	0
 962 0115 31       		.uleb128 0x31
 963 0116 13       		.uleb128 0x13
 964 0117 02       		.uleb128 0x2
 965 0118 17       		.uleb128 0x17
 966 0119 00       		.byte	0
 967 011a 00       		.byte	0
ARM GAS  /var/folders/4k/6h5l9jl178sb4hslwv3xp1mr0000gn/T//ccM6b2CI.s 			page 18


 968 011b 15       		.uleb128 0x15
 969 011c 05       		.uleb128 0x5
 970 011d 00       		.byte	0
 971 011e 31       		.uleb128 0x31
 972 011f 13       		.uleb128 0x13
 973 0120 02       		.uleb128 0x2
 974 0121 18       		.uleb128 0x18
 975 0122 00       		.byte	0
 976 0123 00       		.byte	0
 977 0124 16       		.uleb128 0x16
 978 0125 34       		.uleb128 0x34
 979 0126 00       		.byte	0
 980 0127 31       		.uleb128 0x31
 981 0128 13       		.uleb128 0x13
 982 0129 02       		.uleb128 0x2
 983 012a 18       		.uleb128 0x18
 984 012b 00       		.byte	0
 985 012c 00       		.byte	0
 986 012d 17       		.uleb128 0x17
 987 012e 05       		.uleb128 0x5
 988 012f 00       		.byte	0
 989 0130 03       		.uleb128 0x3
 990 0131 0E       		.uleb128 0xe
 991 0132 3A       		.uleb128 0x3a
 992 0133 0B       		.uleb128 0xb
 993 0134 3B       		.uleb128 0x3b
 994 0135 0B       		.uleb128 0xb
 995 0136 49       		.uleb128 0x49
 996 0137 13       		.uleb128 0x13
 997 0138 02       		.uleb128 0x2
 998 0139 17       		.uleb128 0x17
 999 013a 00       		.byte	0
 1000 013b 00       		.byte	0
 1001 013c 18       		.uleb128 0x18
 1002 013d 34       		.uleb128 0x34
 1003 013e 00       		.byte	0
 1004 013f 03       		.uleb128 0x3
 1005 0140 0E       		.uleb128 0xe
 1006 0141 3A       		.uleb128 0x3a
 1007 0142 0B       		.uleb128 0xb
 1008 0143 3B       		.uleb128 0x3b
 1009 0144 0B       		.uleb128 0xb
 1010 0145 49       		.uleb128 0x49
 1011 0146 13       		.uleb128 0x13
 1012 0147 02       		.uleb128 0x2
 1013 0148 18       		.uleb128 0x18
 1014 0149 00       		.byte	0
 1015 014a 00       		.byte	0
 1016 014b 19       		.uleb128 0x19
 1017 014c 1D       		.uleb128 0x1d
 1018 014d 01       		.byte	0x1
 1019 014e 31       		.uleb128 0x31
 1020 014f 13       		.uleb128 0x13
 1021 0150 52       		.uleb128 0x52
 1022 0151 01       		.uleb128 0x1
 1023 0152 55       		.uleb128 0x55
 1024 0153 17       		.uleb128 0x17
ARM GAS  /var/folders/4k/6h5l9jl178sb4hslwv3xp1mr0000gn/T//ccM6b2CI.s 			page 19


 1025 0154 58       		.uleb128 0x58
 1026 0155 0B       		.uleb128 0xb
 1027 0156 59       		.uleb128 0x59
 1028 0157 0B       		.uleb128 0xb
 1029 0158 00       		.byte	0
 1030 0159 00       		.byte	0
 1031 015a 1A       		.uleb128 0x1a
 1032 015b 0B       		.uleb128 0xb
 1033 015c 01       		.byte	0x1
 1034 015d 55       		.uleb128 0x55
 1035 015e 17       		.uleb128 0x17
 1036 015f 00       		.byte	0
 1037 0160 00       		.byte	0
 1038 0161 1B       		.uleb128 0x1b
 1039 0162 34       		.uleb128 0x34
 1040 0163 00       		.byte	0
 1041 0164 31       		.uleb128 0x31
 1042 0165 13       		.uleb128 0x13
 1043 0166 02       		.uleb128 0x2
 1044 0167 17       		.uleb128 0x17
 1045 0168 00       		.byte	0
 1046 0169 00       		.byte	0
 1047 016a 1C       		.uleb128 0x1c
 1048 016b 34       		.uleb128 0x34
 1049 016c 00       		.byte	0
 1050 016d 03       		.uleb128 0x3
 1051 016e 0E       		.uleb128 0xe
 1052 016f 3A       		.uleb128 0x3a
 1053 0170 0B       		.uleb128 0xb
 1054 0171 3B       		.uleb128 0x3b
 1055 0172 05       		.uleb128 0x5
 1056 0173 49       		.uleb128 0x49
 1057 0174 13       		.uleb128 0x13
 1058 0175 3F       		.uleb128 0x3f
 1059 0176 19       		.uleb128 0x19
 1060 0177 3C       		.uleb128 0x3c
 1061 0178 19       		.uleb128 0x19
 1062 0179 00       		.byte	0
 1063 017a 00       		.byte	0
 1064 017b 1D       		.uleb128 0x1d
 1065 017c 26       		.uleb128 0x26
 1066 017d 00       		.byte	0
 1067 017e 49       		.uleb128 0x49
 1068 017f 13       		.uleb128 0x13
 1069 0180 00       		.byte	0
 1070 0181 00       		.byte	0
 1071 0182 1E       		.uleb128 0x1e
 1072 0183 2E       		.uleb128 0x2e
 1073 0184 00       		.byte	0
 1074 0185 3F       		.uleb128 0x3f
 1075 0186 19       		.uleb128 0x19
 1076 0187 03       		.uleb128 0x3
 1077 0188 0E       		.uleb128 0xe
 1078 0189 3A       		.uleb128 0x3a
 1079 018a 0B       		.uleb128 0xb
 1080 018b 3B       		.uleb128 0x3b
 1081 018c 05       		.uleb128 0x5
ARM GAS  /var/folders/4k/6h5l9jl178sb4hslwv3xp1mr0000gn/T//ccM6b2CI.s 			page 20


 1082 018d 27       		.uleb128 0x27
 1083 018e 19       		.uleb128 0x19
 1084 018f 3C       		.uleb128 0x3c
 1085 0190 19       		.uleb128 0x19
 1086 0191 00       		.byte	0
 1087 0192 00       		.byte	0
 1088 0193 1F       		.uleb128 0x1f
 1089 0194 2E       		.uleb128 0x2e
 1090 0195 01       		.byte	0x1
 1091 0196 3F       		.uleb128 0x3f
 1092 0197 19       		.uleb128 0x19
 1093 0198 03       		.uleb128 0x3
 1094 0199 0E       		.uleb128 0xe
 1095 019a 3A       		.uleb128 0x3a
 1096 019b 0B       		.uleb128 0xb
 1097 019c 3B       		.uleb128 0x3b
 1098 019d 05       		.uleb128 0x5
 1099 019e 27       		.uleb128 0x27
 1100 019f 19       		.uleb128 0x19
 1101 01a0 3C       		.uleb128 0x3c
 1102 01a1 19       		.uleb128 0x19
 1103 01a2 01       		.uleb128 0x1
 1104 01a3 13       		.uleb128 0x13
 1105 01a4 00       		.byte	0
 1106 01a5 00       		.byte	0
 1107 01a6 20       		.uleb128 0x20
 1108 01a7 05       		.uleb128 0x5
 1109 01a8 00       		.byte	0
 1110 01a9 49       		.uleb128 0x49
 1111 01aa 13       		.uleb128 0x13
 1112 01ab 00       		.byte	0
 1113 01ac 00       		.byte	0
 1114 01ad 21       		.uleb128 0x21
 1115 01ae 0F       		.uleb128 0xf
 1116 01af 00       		.byte	0
 1117 01b0 0B       		.uleb128 0xb
 1118 01b1 0B       		.uleb128 0xb
 1119 01b2 49       		.uleb128 0x49
 1120 01b3 13       		.uleb128 0x13
 1121 01b4 00       		.byte	0
 1122 01b5 00       		.byte	0
 1123 01b6 22       		.uleb128 0x22
 1124 01b7 2E       		.uleb128 0x2e
 1125 01b8 00       		.byte	0
 1126 01b9 3F       		.uleb128 0x3f
 1127 01ba 19       		.uleb128 0x19
 1128 01bb 03       		.uleb128 0x3
 1129 01bc 0E       		.uleb128 0xe
 1130 01bd 3A       		.uleb128 0x3a
 1131 01be 0B       		.uleb128 0xb
 1132 01bf 3B       		.uleb128 0x3b
 1133 01c0 0B       		.uleb128 0xb
 1134 01c1 27       		.uleb128 0x27
 1135 01c2 19       		.uleb128 0x19
 1136 01c3 3C       		.uleb128 0x3c
 1137 01c4 19       		.uleb128 0x19
 1138 01c5 00       		.byte	0
ARM GAS  /var/folders/4k/6h5l9jl178sb4hslwv3xp1mr0000gn/T//ccM6b2CI.s 			page 21


 1139 01c6 00       		.byte	0
 1140 01c7 00       		.byte	0
 1141              		.section	.debug_loc,"",%progbits
 1142              	.Ldebug_loc0:
 1143              	.LLST0:
 1144 0000 00000000 		.4byte	.LVL9
 1145 0004 12000000 		.4byte	.LVL11
 1146 0008 0100     		.2byte	0x1
 1147 000a 50       		.byte	0x50
 1148 000b 12000000 		.4byte	.LVL11
 1149 000f 16000000 		.4byte	.LVL12
 1150 0013 0400     		.2byte	0x4
 1151 0015 F3       		.byte	0xf3
 1152 0016 01       		.uleb128 0x1
 1153 0017 50       		.byte	0x50
 1154 0018 9F       		.byte	0x9f
 1155 0019 16000000 		.4byte	.LVL12
 1156 001d 1C000000 		.4byte	.LVL13
 1157 0021 0100     		.2byte	0x1
 1158 0023 50       		.byte	0x50
 1159 0024 1C000000 		.4byte	.LVL13
 1160 0028 1E000000 		.4byte	.LVL14
 1161 002c 0400     		.2byte	0x4
 1162 002e F3       		.byte	0xf3
 1163 002f 01       		.uleb128 0x1
 1164 0030 50       		.byte	0x50
 1165 0031 9F       		.byte	0x9f
 1166 0032 1E000000 		.4byte	.LVL14
 1167 0036 20000000 		.4byte	.LVL15
 1168 003a 0100     		.2byte	0x1
 1169 003c 50       		.byte	0x50
 1170 003d 20000000 		.4byte	.LVL15
 1171 0041 28000000 		.4byte	.LFE119
 1172 0045 0400     		.2byte	0x4
 1173 0047 F3       		.byte	0xf3
 1174 0048 01       		.uleb128 0x1
 1175 0049 50       		.byte	0x50
 1176 004a 9F       		.byte	0x9f
 1177 004b 00000000 		.4byte	0
 1178 004f 00000000 		.4byte	0
 1179              	.LLST1:
 1180 0053 00000000 		.4byte	.LVL16
 1181 0057 06000000 		.4byte	.LVL18
 1182 005b 0100     		.2byte	0x1
 1183 005d 50       		.byte	0x50
 1184 005e 06000000 		.4byte	.LVL18
 1185 0062 38000000 		.4byte	.LFE120
 1186 0066 0400     		.2byte	0x4
 1187 0068 F3       		.byte	0xf3
 1188 0069 01       		.uleb128 0x1
 1189 006a 50       		.byte	0x50
 1190 006b 9F       		.byte	0x9f
 1191 006c 00000000 		.4byte	0
 1192 0070 00000000 		.4byte	0
 1193              	.LLST2:
 1194 0074 0A000000 		.4byte	.LVL19
 1195 0078 12000000 		.4byte	.LVL20
ARM GAS  /var/folders/4k/6h5l9jl178sb4hslwv3xp1mr0000gn/T//ccM6b2CI.s 			page 22


 1196 007c 0100     		.2byte	0x1
 1197 007e 53       		.byte	0x53
 1198 007f 18000000 		.4byte	.LVL21
 1199 0083 1E000000 		.4byte	.LVL22
 1200 0087 0100     		.2byte	0x1
 1201 0089 53       		.byte	0x53
 1202 008a 26000000 		.4byte	.LVL23
 1203 008e 2C000000 		.4byte	.LVL24
 1204 0092 0100     		.2byte	0x1
 1205 0094 53       		.byte	0x53
 1206 0095 00000000 		.4byte	0
 1207 0099 00000000 		.4byte	0
 1208              		.section	.debug_aranges,"",%progbits
 1209 0000 2C000000 		.4byte	0x2c
 1210 0004 0200     		.2byte	0x2
 1211 0006 00000000 		.4byte	.Ldebug_info0
 1212 000a 04       		.byte	0x4
 1213 000b 00       		.byte	0
 1214 000c 0000     		.2byte	0
 1215 000e 0000     		.2byte	0
 1216 0010 00000000 		.4byte	.LFB118
 1217 0014 30000000 		.4byte	.LFE118-.LFB118
 1218 0018 00000000 		.4byte	.LFB119
 1219 001c 28000000 		.4byte	.LFE119-.LFB119
 1220 0020 00000000 		.4byte	.LFB120
 1221 0024 38000000 		.4byte	.LFE120-.LFB120
 1222 0028 00000000 		.4byte	0
 1223 002c 00000000 		.4byte	0
 1224              		.section	.debug_ranges,"",%progbits
 1225              	.Ldebug_ranges0:
 1226 0000 06000000 		.4byte	.LBB4
 1227 0004 12000000 		.4byte	.LBE4
 1228 0008 26000000 		.4byte	.LBB7
 1229 000c 2C000000 		.4byte	.LBE7
 1230 0010 00000000 		.4byte	0
 1231 0014 00000000 		.4byte	0
 1232 0018 00000000 		.4byte	.LFB118
 1233 001c 30000000 		.4byte	.LFE118
 1234 0020 00000000 		.4byte	.LFB119
 1235 0024 28000000 		.4byte	.LFE119
 1236 0028 00000000 		.4byte	.LFB120
 1237 002c 38000000 		.4byte	.LFE120
 1238 0030 00000000 		.4byte	0
 1239 0034 00000000 		.4byte	0
 1240              		.section	.debug_line,"",%progbits
 1241              	.Ldebug_line0:
 1242 0000 6B030000 		.section	.debug_str,"MS",%progbits,1
 1242      0200F302 
 1242      00000201 
 1242      FB0E0D00 
 1242      01010101 
 1243              	.LASF63:
 1244 0000 7469636B 		.ascii	"ticks\000"
 1244      7300
 1245              	.LASF52:
 1246 0006 64636D69 		.ascii	"dcmiInit\000"
 1246      496E6974 
ARM GAS  /var/folders/4k/6h5l9jl178sb4hslwv3xp1mr0000gn/T//ccM6b2CI.s 			page 23


 1246      00
 1247              	.LASF53:
 1248 000f 69326349 		.ascii	"i2cInit\000"
 1248      6E697400 
 1249              	.LASF64:
 1250 0017 5F70616C 		.ascii	"_pal_lld_init\000"
 1250      5F6C6C64 
 1250      5F696E69 
 1250      7400
 1251              	.LASF50:
 1252 0025 70616C5F 		.ascii	"pal_default_config\000"
 1252      64656661 
 1252      756C745F 
 1252      636F6E66 
 1252      696700
 1253              	.LASF3:
 1254 0038 73686F72 		.ascii	"short int\000"
 1254      7420696E 
 1254      7400
 1255              	.LASF16:
 1256 0042 73697A65 		.ascii	"sizetype\000"
 1256      74797065 
 1256      00
 1257              	.LASF24:
 1258 004b 50435352 		.ascii	"PCSR\000"
 1258      00
 1259              	.LASF40:
 1260 0050 50464461 		.ascii	"PFData\000"
 1260      746100
 1261              	.LASF43:
 1262 0057 50494461 		.ascii	"PIData\000"
 1262      746100
 1263              	.LASF23:
 1264 005e 464F4C44 		.ascii	"FOLDCNT\000"
 1264      434E5400 
 1265              	.LASF56:
 1266 0066 73706949 		.ascii	"spiInit\000"
 1266      6E697400 
 1267              	.LASF7:
 1268 006e 5F5F7569 		.ascii	"__uint32_t\000"
 1268      6E743332 
 1268      5F7400
 1269              	.LASF55:
 1270 0079 7364496E 		.ascii	"sdInit\000"
 1270      697400
 1271              	.LASF15:
 1272 0080 494F5245 		.ascii	"IOREG32\000"
 1272      47333200 
 1273              	.LASF35:
 1274 0088 50414461 		.ascii	"PAData\000"
 1274      746100
 1275              	.LASF9:
 1276 008f 6C6F6E67 		.ascii	"long long int\000"
 1276      206C6F6E 
 1276      6720696E 
 1276      7400
 1277              	.LASF46:
ARM GAS  /var/folders/4k/6h5l9jl178sb4hslwv3xp1mr0000gn/T//ccM6b2CI.s 			page 24


 1278 009d 68616C49 		.ascii	"halInit\000"
 1278      6E697400 
 1279              	.LASF18:
 1280 00a5 43594343 		.ascii	"CYCCNT\000"
 1280      4E5400
 1281              	.LASF6:
 1282 00ac 5F5F696E 		.ascii	"__int32_t\000"
 1282      7433325F 
 1282      7400
 1283              	.LASF30:
 1284 00b6 6F737065 		.ascii	"ospeedr\000"
 1284      65647200 
 1285              	.LASF5:
 1286 00be 6C6F6E67 		.ascii	"long int\000"
 1286      20696E74 
 1286      00
 1287              	.LASF54:
 1288 00c7 70776D49 		.ascii	"pwmInit\000"
 1288      6E697400 
 1289              	.LASF38:
 1290 00cf 50444461 		.ascii	"PDData\000"
 1290      746100
 1291              	.LASF60:
 1292 00d6 2E2E2F43 		.ascii	"../ChibiStudio/ChibiOS/os/hal/src/hal.c\000"
 1292      68696269 
 1292      53747564 
 1292      696F2F43 
 1292      68696269 
 1293              	.LASF47:
 1294 00fe 68616C50 		.ascii	"halPolledDelay\000"
 1294      6F6C6C65 
 1294      6444656C 
 1294      617900
 1295              	.LASF58:
 1296 010d 626F6172 		.ascii	"boardInit\000"
 1296      64496E69 
 1296      7400
 1297              	.LASF41:
 1298 0117 50474461 		.ascii	"PGData\000"
 1298      746100
 1299              	.LASF59:
 1300 011e 474E5520 		.ascii	"GNU C 4.8.3 20140228 (release) [ARM/embedded-4_8-br"
 1300      4320342E 
 1300      382E3320 
 1300      32303134 
 1300      30323238 
 1301 0151 616E6368 		.ascii	"anch revision 208322] -mcpu=cortex-m4 -mno-thumb-in"
 1301      20726576 
 1301      6973696F 
 1301      6E203230 
 1301      38333232 
 1302 0184 74657277 		.ascii	"terwork -mthumb -ggdb -O2 -fomit-frame-pointer -fal"
 1302      6F726B20 
 1302      2D6D7468 
 1302      756D6220 
 1302      2D676764 
 1303 01b7 69676E2D 		.ascii	"ign-functions=16 -ffunction-sections -fdata-section"
ARM GAS  /var/folders/4k/6h5l9jl178sb4hslwv3xp1mr0000gn/T//ccM6b2CI.s 			page 25


 1303      66756E63 
 1303      74696F6E 
 1303      733D3136 
 1303      202D6666 
 1304 01ea 73202D66 		.ascii	"s -fno-common\000"
 1304      6E6F2D63 
 1304      6F6D6D6F 
 1304      6E00
 1305              	.LASF37:
 1306 01f8 50434461 		.ascii	"PCData\000"
 1306      746100
 1307              	.LASF2:
 1308 01ff 756E7369 		.ascii	"unsigned char\000"
 1308      676E6564 
 1308      20636861 
 1308      7200
 1309              	.LASF17:
 1310 020d 4354524C 		.ascii	"CTRL\000"
 1310      00
 1311              	.LASF1:
 1312 0212 7369676E 		.ascii	"signed char\000"
 1312      65642063 
 1312      68617200 
 1313              	.LASF10:
 1314 021e 6C6F6E67 		.ascii	"long long unsigned int\000"
 1314      206C6F6E 
 1314      6720756E 
 1314      7369676E 
 1314      65642069 
 1315              	.LASF12:
 1316 0235 75696E74 		.ascii	"uint32_t\000"
 1316      33325F74 
 1316      00
 1317              	.LASF29:
 1318 023e 6F747970 		.ascii	"otyper\000"
 1318      657200
 1319              	.LASF34:
 1320 0245 73746D33 		.ascii	"stm32_gpio_setup_t\000"
 1320      325F6770 
 1320      696F5F73 
 1320      65747570 
 1320      5F7400
 1321              	.LASF51:
 1322 0258 68616C5F 		.ascii	"hal_lld_init\000"
 1322      6C6C645F 
 1322      696E6974 
 1322      00
 1323              	.LASF45:
 1324 0265 73746172 		.ascii	"start\000"
 1324      7400
 1325              	.LASF4:
 1326 026b 73686F72 		.ascii	"short unsigned int\000"
 1326      7420756E 
 1326      7369676E 
 1326      65642069 
 1326      6E7400
 1327              	.LASF61:
ARM GAS  /var/folders/4k/6h5l9jl178sb4hslwv3xp1mr0000gn/T//ccM6b2CI.s 			page 26


 1328 027e 2F557365 		.ascii	"/Users/mikevanis/Documents/workspace/STM32_DCMI_CAM"
 1328      72732F6D 
 1328      696B6576 
 1328      616E6973 
 1328      2F446F63 
 1329 02b1 4552412F 		.ascii	"ERA/\000"
 1329      00
 1330              	.LASF26:
 1331 02b6 63686172 		.ascii	"char\000"
 1331      00
 1332              	.LASF11:
 1333 02bb 696E7433 		.ascii	"int32_t\000"
 1333      325F7400 
 1334              	.LASF13:
 1335 02c3 626F6F6C 		.ascii	"bool_t\000"
 1335      5F7400
 1336              	.LASF44:
 1337 02ca 50414C43 		.ascii	"PALConfig\000"
 1337      6F6E6669 
 1337      6700
 1338              	.LASF36:
 1339 02d4 50424461 		.ascii	"PBData\000"
 1339      746100
 1340              	.LASF14:
 1341 02db 5F426F6F 		.ascii	"_Bool\000"
 1341      6C00
 1342              	.LASF25:
 1343 02e1 434D785F 		.ascii	"CMx_DWT\000"
 1343      44575400 
 1344              	.LASF39:
 1345 02e9 50454461 		.ascii	"PEData\000"
 1345      746100
 1346              	.LASF19:
 1347 02f0 43504943 		.ascii	"CPICNT\000"
 1347      4E5400
 1348              	.LASF8:
 1349 02f7 6C6F6E67 		.ascii	"long unsigned int\000"
 1349      20756E73 
 1349      69676E65 
 1349      6420696E 
 1349      7400
 1350              	.LASF42:
 1351 0309 50484461 		.ascii	"PHData\000"
 1351      746100
 1352              	.LASF27:
 1353 0310 68616C72 		.ascii	"halrtcnt_t\000"
 1353      74636E74 
 1353      5F7400
 1354              	.LASF21:
 1355 031b 534C4545 		.ascii	"SLEEPCNT\000"
 1355      50434E54 
 1355      00
 1356              	.LASF57:
 1357 0324 6D6D6349 		.ascii	"mmcInit\000"
 1357      6E697400 
 1358              	.LASF31:
 1359 032c 70757064 		.ascii	"pupdr\000"
ARM GAS  /var/folders/4k/6h5l9jl178sb4hslwv3xp1mr0000gn/T//ccM6b2CI.s 			page 27


 1359      7200
 1360              	.LASF22:
 1361 0332 4C535543 		.ascii	"LSUCNT\000"
 1361      4E5400
 1362              	.LASF33:
 1363 0339 61667268 		.ascii	"afrh\000"
 1363      00
 1364              	.LASF32:
 1365 033e 6166726C 		.ascii	"afrl\000"
 1365      00
 1366              	.LASF28:
 1367 0343 6D6F6465 		.ascii	"moder\000"
 1367      7200
 1368              	.LASF49:
 1369 0349 49544D5F 		.ascii	"ITM_RxBuffer\000"
 1369      52784275 
 1369      66666572 
 1369      00
 1370              	.LASF0:
 1371 0356 756E7369 		.ascii	"unsigned int\000"
 1371      676E6564 
 1371      20696E74 
 1371      00
 1372              	.LASF62:
 1373 0363 68616C49 		.ascii	"halIsCounterWithin\000"
 1373      73436F75 
 1373      6E746572 
 1373      57697468 
 1373      696E00
 1374              	.LASF20:
 1375 0376 45584343 		.ascii	"EXCCNT\000"
 1375      4E5400
 1376              	.LASF48:
 1377 037d 74696D65 		.ascii	"timeout\000"
 1377      6F757400 
 1378              		.ident	"GCC: (GNU Tools for ARM Embedded Processors) 4.8.3 20140228 (release) [ARM/embedded-4_8-br
ARM GAS  /var/folders/4k/6h5l9jl178sb4hslwv3xp1mr0000gn/T//ccM6b2CI.s 			page 28


DEFINED SYMBOLS
                            *ABS*:0000000000000000 hal.c
/var/folders/4k/6h5l9jl178sb4hslwv3xp1mr0000gn/T//ccM6b2CI.s:19     .text.halInit:0000000000000000 $t
/var/folders/4k/6h5l9jl178sb4hslwv3xp1mr0000gn/T//ccM6b2CI.s:25     .text.halInit:0000000000000000 halInit
/var/folders/4k/6h5l9jl178sb4hslwv3xp1mr0000gn/T//ccM6b2CI.s:69     .text.halInit:000000000000002c $d
/var/folders/4k/6h5l9jl178sb4hslwv3xp1mr0000gn/T//ccM6b2CI.s:74     .text.halIsCounterWithin:0000000000000000 $t
/var/folders/4k/6h5l9jl178sb4hslwv3xp1mr0000gn/T//ccM6b2CI.s:80     .text.halIsCounterWithin:0000000000000000 halIsCounterWithin
/var/folders/4k/6h5l9jl178sb4hslwv3xp1mr0000gn/T//ccM6b2CI.s:124    .text.halIsCounterWithin:0000000000000024 $d
/var/folders/4k/6h5l9jl178sb4hslwv3xp1mr0000gn/T//ccM6b2CI.s:129    .text.halPolledDelay:0000000000000000 $t
/var/folders/4k/6h5l9jl178sb4hslwv3xp1mr0000gn/T//ccM6b2CI.s:135    .text.halPolledDelay:0000000000000000 halPolledDelay
/var/folders/4k/6h5l9jl178sb4hslwv3xp1mr0000gn/T//ccM6b2CI.s:202    .text.halPolledDelay:0000000000000034 $d
                     .debug_frame:0000000000000010 $d
/var/folders/4k/6h5l9jl178sb4hslwv3xp1mr0000gn/T//ccM6b2CI.s:128    .text.halIsCounterWithin:0000000000000028 $t
/var/folders/4k/6h5l9jl178sb4hslwv3xp1mr0000gn/T//ccM6b2CI.s:206    .text.halPolledDelay:0000000000000038 $t

UNDEFINED SYMBOLS
hal_lld_init
_pal_lld_init
dcmiInit
i2cInit
pwmInit
sdInit
spiInit
mmcInit
boardInit
pal_default_config
