ARM GAS  /var/folders/4k/6h5l9jl178sb4hslwv3xp1mr0000gn/T//ccP81lK0.s 			page 1


   1              		.syntax unified
   2              		.cpu cortex-m4
   3              		.fpu softvfp
   4              		.eabi_attribute 20, 1
   5              		.eabi_attribute 21, 1
   6              		.eabi_attribute 23, 3
   7              		.eabi_attribute 24, 1
   8              		.eabi_attribute 25, 1
   9              		.eabi_attribute 26, 1
  10              		.eabi_attribute 30, 2
  11              		.eabi_attribute 34, 1
  12              		.eabi_attribute 18, 4
  13              		.thumb
  14              		.file	"nvic.c"
  15              		.text
  16              	.Ltext0:
  17              		.cfi_sections	.debug_frame
  18              		.section	.text.nvicEnableVector,"ax",%progbits
  19              		.align	2
  20              		.p2align 4,,15
  21              		.global	nvicEnableVector
  22              		.thumb
  23              		.thumb_func
  24              		.type	nvicEnableVector, %function
  25              	nvicEnableVector:
  26              	.LFB7:
  27              		.file 1 "../ChibiStudio/ChibiOS/os/ports/common/ARMCMx/nvic.c"
  28              		.loc 1 46 0
  29              		.cfi_startproc
  30              		@ args = 0, pretend = 0, frame = 0
  31              		@ frame_needed = 0, uses_anonymous_args = 0
  32              		@ link register save eliminated.
  33              	.LVL0:
  34 0000 20F00302 		bic	r2, r0, #3
  35 0004 02F16042 		add	r2, r2, #-536870912
  36 0008 02F56142 		add	r2, r2, #57600
  37 000c F0B4     		push	{r4, r5, r6, r7}
  38              		.cfi_def_cfa_offset 16
  39              		.cfi_offset 4, -16
  40              		.cfi_offset 5, -12
  41              		.cfi_offset 6, -8
  42              		.cfi_offset 7, -4
  43              		.loc 1 50 0
  44 000e 4309     		lsrs	r3, r0, #5
  45              		.loc 1 47 0
  46 0010 00F00304 		and	r4, r0, #3
  47              		.loc 1 49 0
  48 0014 D2F80053 		ldr	r5, [r2, #768]
  49              		.loc 1 47 0
  50 0018 E400     		lsls	r4, r4, #3
  51              	.LVL1:
  52              		.loc 1 49 0
  53 001a FF26     		movs	r6, #255
  54 001c 9B00     		lsls	r3, r3, #2
  55 001e A640     		lsls	r6, r6, r4
  56 0020 03F16043 		add	r3, r3, #-536870912
  57 0024 25EA0605 		bic	r5, r5, r6
ARM GAS  /var/folders/4k/6h5l9jl178sb4hslwv3xp1mr0000gn/T//ccP81lK0.s 			page 2


  58 0028 03F56143 		add	r3, r3, #57600
  59              		.loc 1 50 0
  60 002c 0127     		movs	r7, #1
  61              		.loc 1 49 0
  62 002e A140     		lsls	r1, r1, r4
  63              	.LVL2:
  64              		.loc 1 50 0
  65 0030 00F01F00 		and	r0, r0, #31
  66              	.LVL3:
  67 0034 07FA00F0 		lsl	r0, r7, r0
  68              		.loc 1 49 0
  69 0038 45EA0104 		orr	r4, r5, r1
  70              	.LVL4:
  71 003c C2F80043 		str	r4, [r2, #768]
  72              		.loc 1 50 0
  73 0040 C3F88001 		str	r0, [r3, #384]
  74              		.loc 1 52 0
  75 0044 F0BC     		pop	{r4, r5, r6, r7}
  76              		.loc 1 51 0
  77 0046 1860     		str	r0, [r3]
  78              		.loc 1 52 0
  79 0048 7047     		bx	lr
  80              		.cfi_endproc
  81              	.LFE7:
  82              		.size	nvicEnableVector, .-nvicEnableVector
  83 004a 00BFAFF3 		.section	.text.nvicDisableVector,"ax",%progbits
  83      0080
  84              		.align	2
  85              		.p2align 4,,15
  86              		.global	nvicDisableVector
  87              		.thumb
  88              		.thumb_func
  89              		.type	nvicDisableVector, %function
  90              	nvicDisableVector:
  91              	.LFB8:
  92              		.loc 1 60 0
  93              		.cfi_startproc
  94              		@ args = 0, pretend = 0, frame = 0
  95              		@ frame_needed = 0, uses_anonymous_args = 0
  96              		@ link register save eliminated.
  97              	.LVL5:
  98              		.loc 1 63 0
  99 0000 4109     		lsrs	r1, r0, #5
 100              		.loc 1 60 0
 101 0002 30B4     		push	{r4, r5}
 102              		.cfi_def_cfa_offset 8
 103              		.cfi_offset 4, -8
 104              		.cfi_offset 5, -4
 105              		.loc 1 63 0
 106 0004 2031     		adds	r1, r1, #32
 107 0006 00F01F04 		and	r4, r0, #31
 108 000a 0125     		movs	r5, #1
 109 000c 0C4A     		ldr	r2, .L3
 110 000e 20F00303 		bic	r3, r0, #3
 111 0012 05FA04F4 		lsl	r4, r5, r4
 112 0016 03F16043 		add	r3, r3, #-536870912
 113 001a 42F82140 		str	r4, [r2, r1, lsl #2]
ARM GAS  /var/folders/4k/6h5l9jl178sb4hslwv3xp1mr0000gn/T//ccP81lK0.s 			page 3


 114 001e 03F56143 		add	r3, r3, #57600
 115              		.loc 1 61 0
 116 0022 00F00300 		and	r0, r0, #3
 117              	.LVL6:
 118              		.loc 1 64 0
 119 0026 D3F80023 		ldr	r2, [r3, #768]
 120              		.loc 1 61 0
 121 002a C000     		lsls	r0, r0, #3
 122              	.LVL7:
 123              		.loc 1 64 0
 124 002c FF21     		movs	r1, #255
 125 002e 01FA00F0 		lsl	r0, r1, r0
 126              	.LVL8:
 127 0032 22EA0000 		bic	r0, r2, r0
 128 0036 C3F80003 		str	r0, [r3, #768]
 129              		.loc 1 65 0
 130 003a 30BC     		pop	{r4, r5}
 131 003c 7047     		bx	lr
 132              	.L4:
 133 003e 00BF     		.align	2
 134              	.L3:
 135 0040 00E100E0 		.word	-536813312
 136              		.cfi_endproc
 137              	.LFE8:
 138              		.size	nvicDisableVector, .-nvicDisableVector
 139 0044 AFF30080 		.section	.text.nvicSetSystemHandlerPriority,"ax",%progbits
 139      AFF30080 
 139      AFF30080 
 140              		.align	2
 141              		.p2align 4,,15
 142              		.global	nvicSetSystemHandlerPriority
 143              		.thumb
 144              		.thumb_func
 145              		.type	nvicSetSystemHandlerPriority, %function
 146              	nvicSetSystemHandlerPriority:
 147              	.LFB9:
 148              		.loc 1 74 0
 149              		.cfi_startproc
 150              		@ args = 0, pretend = 0, frame = 0
 151              		@ frame_needed = 0, uses_anonymous_args = 0
 152              		@ link register save eliminated.
 153              	.LVL9:
 154 0000 20F00303 		bic	r3, r0, #3
 155 0004 03F16043 		add	r3, r3, #-536870912
 156 0008 03F56D43 		add	r3, r3, #60672
 157              		.loc 1 75 0
 158 000c 00F00300 		and	r0, r0, #3
 159              	.LVL10:
 160              		.loc 1 74 0
 161 0010 10B4     		push	{r4}
 162              		.cfi_def_cfa_offset 4
 163              		.cfi_offset 4, -4
 164              		.loc 1 75 0
 165 0012 C000     		lsls	r0, r0, #3
 166              	.LVL11:
 167              		.loc 1 77 0
 168 0014 9A69     		ldr	r2, [r3, #24]
ARM GAS  /var/folders/4k/6h5l9jl178sb4hslwv3xp1mr0000gn/T//ccP81lK0.s 			page 4


 169              		.loc 1 78 0
 170 0016 FF24     		movs	r4, #255
 171 0018 8440     		lsls	r4, r4, r0
 172              		.loc 1 77 0
 173 001a 22EA0402 		bic	r2, r2, r4
 174              		.loc 1 78 0
 175 001e 8140     		lsls	r1, r1, r0
 176              	.LVL12:
 177 0020 0A43     		orrs	r2, r2, r1
 178              		.loc 1 77 0
 179 0022 9A61     		str	r2, [r3, #24]
 180              		.loc 1 79 0
 181 0024 5DF8044B 		ldr	r4, [sp], #4
 182 0028 7047     		bx	lr
 183              		.cfi_endproc
 184              	.LFE9:
 185              		.size	nvicSetSystemHandlerPriority, .-nvicSetSystemHandlerPriority
 186 002a 00BFAFF3 		.text
 186      0080
 187              	.Letext0:
 188              		.file 2 "/Users/mikevanis/Documents/workspace/gcc-arm-none-eabi-4_8-2014q1/arm-none-eabi/include/m
 189              		.file 3 "/Users/mikevanis/Documents/workspace/gcc-arm-none-eabi-4_8-2014q1/arm-none-eabi/include/s
 190              		.file 4 "../ChibiStudio/ChibiOS/os/ports/common/ARMCMx/nvic.h"
 191              		.section	.debug_info,"",%progbits
 192              	.Ldebug_info0:
 193 0000 02040000 		.4byte	0x402
 194 0004 0400     		.2byte	0x4
 195 0006 00000000 		.4byte	.Ldebug_abbrev0
 196 000a 04       		.byte	0x4
 197 000b 01       		.uleb128 0x1
 198 000c AC010000 		.4byte	.LASF47
 199 0010 01       		.byte	0x1
 200 0011 77000000 		.4byte	.LASF48
 201 0015 27000000 		.4byte	.LASF49
 202 0019 00000000 		.4byte	.Ldebug_ranges0+0
 203 001d 00000000 		.4byte	0
 204 0021 00000000 		.4byte	.Ldebug_line0
 205 0025 02       		.uleb128 0x2
 206 0026 04       		.byte	0x4
 207 0027 05       		.byte	0x5
 208 0028 696E7400 		.ascii	"int\000"
 209 002c 03       		.uleb128 0x3
 210 002d 04       		.byte	0x4
 211 002e 07       		.byte	0x7
 212 002f 3C010000 		.4byte	.LASF0
 213 0033 03       		.uleb128 0x3
 214 0034 01       		.byte	0x1
 215 0035 06       		.byte	0x6
 216 0036 B3020000 		.4byte	.LASF1
 217 003a 03       		.uleb128 0x3
 218 003b 01       		.byte	0x1
 219 003c 08       		.byte	0x8
 220 003d B9000000 		.4byte	.LASF2
 221 0041 03       		.uleb128 0x3
 222 0042 02       		.byte	0x2
 223 0043 05       		.byte	0x5
 224 0044 6D000000 		.4byte	.LASF3
ARM GAS  /var/folders/4k/6h5l9jl178sb4hslwv3xp1mr0000gn/T//ccP81lK0.s 			page 5


 225 0048 03       		.uleb128 0x3
 226 0049 02       		.byte	0x2
 227 004a 07       		.byte	0x7
 228 004b F7000000 		.4byte	.LASF4
 229 004f 03       		.uleb128 0x3
 230 0050 04       		.byte	0x4
 231 0051 05       		.byte	0x5
 232 0052 A5020000 		.4byte	.LASF5
 233 0056 04       		.uleb128 0x4
 234 0057 31010000 		.4byte	.LASF9
 235 005b 02       		.byte	0x2
 236 005c 38       		.byte	0x38
 237 005d 61000000 		.4byte	0x61
 238 0061 03       		.uleb128 0x3
 239 0062 04       		.byte	0x4
 240 0063 07       		.byte	0x7
 241 0064 14010000 		.4byte	.LASF6
 242 0068 03       		.uleb128 0x3
 243 0069 08       		.byte	0x8
 244 006a 05       		.byte	0x5
 245 006b 93010000 		.4byte	.LASF7
 246 006f 03       		.uleb128 0x3
 247 0070 08       		.byte	0x8
 248 0071 07       		.byte	0x7
 249 0072 53010000 		.4byte	.LASF8
 250 0076 04       		.uleb128 0x4
 251 0077 9C020000 		.4byte	.LASF10
 252 007b 03       		.byte	0x3
 253 007c 42       		.byte	0x42
 254 007d 56000000 		.4byte	0x56
 255 0081 03       		.uleb128 0x3
 256 0082 01       		.byte	0x1
 257 0083 02       		.byte	0x2
 258 0084 0F000000 		.4byte	.LASF11
 259 0088 04       		.uleb128 0x4
 260 0089 B1000000 		.4byte	.LASF12
 261 008d 04       		.byte	0x4
 262 008e 3A       		.byte	0x3a
 263 008f 93000000 		.4byte	0x93
 264 0093 05       		.uleb128 0x5
 265 0094 76000000 		.4byte	0x76
 266 0098 06       		.uleb128 0x6
 267 0099 040E     		.2byte	0xe04
 268 009b 04       		.byte	0x4
 269 009c 6A       		.byte	0x6a
 270 009d 47010000 		.4byte	0x147
 271 00a1 07       		.uleb128 0x7
 272 00a2 8B020000 		.4byte	.LASF13
 273 00a6 04       		.byte	0x4
 274 00a7 6B       		.byte	0x6b
 275 00a8 5E010000 		.4byte	0x15e
 276 00ac 00       		.byte	0
 277 00ad 07       		.uleb128 0x7
 278 00ae C7000000 		.4byte	.LASF14
 279 00b2 04       		.byte	0x4
 280 00b3 6C       		.byte	0x6c
 281 00b4 73010000 		.4byte	0x173
ARM GAS  /var/folders/4k/6h5l9jl178sb4hslwv3xp1mr0000gn/T//ccP81lK0.s 			page 6


 282 00b8 20       		.byte	0x20
 283 00b9 07       		.uleb128 0x7
 284 00ba AC000000 		.4byte	.LASF15
 285 00be 04       		.byte	0x4
 286 00bf 6D       		.byte	0x6d
 287 00c0 78010000 		.4byte	0x178
 288 00c4 80       		.byte	0x80
 289 00c5 07       		.uleb128 0x7
 290 00c6 CF000000 		.4byte	.LASF16
 291 00ca 04       		.byte	0x4
 292 00cb 6E       		.byte	0x6e
 293 00cc 7D010000 		.4byte	0x17d
 294 00d0 A0       		.byte	0xa0
 295 00d1 08       		.uleb128 0x8
 296 00d2 49010000 		.4byte	.LASF17
 297 00d6 04       		.byte	0x4
 298 00d7 6F       		.byte	0x6f
 299 00d8 82010000 		.4byte	0x182
 300 00dc 0001     		.2byte	0x100
 301 00de 08       		.uleb128 0x8
 302 00df D7000000 		.4byte	.LASF18
 303 00e3 04       		.byte	0x4
 304 00e4 70       		.byte	0x70
 305 00e5 87010000 		.4byte	0x187
 306 00e9 2001     		.2byte	0x120
 307 00eb 08       		.uleb128 0x8
 308 00ec 05000000 		.4byte	.LASF19
 309 00f0 04       		.byte	0x4
 310 00f1 71       		.byte	0x71
 311 00f2 8C010000 		.4byte	0x18c
 312 00f6 8001     		.2byte	0x180
 313 00f8 08       		.uleb128 0x8
 314 00f9 DF000000 		.4byte	.LASF20
 315 00fd 04       		.byte	0x4
 316 00fe 72       		.byte	0x72
 317 00ff 91010000 		.4byte	0x191
 318 0103 A001     		.2byte	0x1a0
 319 0105 08       		.uleb128 0x8
 320 0106 DC020000 		.4byte	.LASF21
 321 010a 04       		.byte	0x4
 322 010b 73       		.byte	0x73
 323 010c 96010000 		.4byte	0x196
 324 0110 0002     		.2byte	0x200
 325 0112 08       		.uleb128 0x8
 326 0113 E7000000 		.4byte	.LASF22
 327 0117 04       		.byte	0x4
 328 0118 74       		.byte	0x74
 329 0119 AB010000 		.4byte	0x1ab
 330 011d 2002     		.2byte	0x220
 331 011f 09       		.uleb128 0x9
 332 0120 49505200 		.ascii	"IPR\000"
 333 0124 04       		.byte	0x4
 334 0125 75       		.byte	0x75
 335 0126 C0010000 		.4byte	0x1c0
 336 012a 0003     		.2byte	0x300
 337 012c 08       		.uleb128 0x8
 338 012d EF000000 		.4byte	.LASF23
ARM GAS  /var/folders/4k/6h5l9jl178sb4hslwv3xp1mr0000gn/T//ccP81lK0.s 			page 7


 339 0131 04       		.byte	0x4
 340 0132 76       		.byte	0x76
 341 0133 D6010000 		.4byte	0x1d6
 342 0137 F003     		.2byte	0x3f0
 343 0139 08       		.uleb128 0x8
 344 013a 2C010000 		.4byte	.LASF24
 345 013e 04       		.byte	0x4
 346 013f 77       		.byte	0x77
 347 0140 88000000 		.4byte	0x88
 348 0144 000E     		.2byte	0xe00
 349 0146 00       		.byte	0
 350 0147 0A       		.uleb128 0xa
 351 0148 88000000 		.4byte	0x88
 352 014c 57010000 		.4byte	0x157
 353 0150 0B       		.uleb128 0xb
 354 0151 57010000 		.4byte	0x157
 355 0155 07       		.byte	0x7
 356 0156 00       		.byte	0
 357 0157 03       		.uleb128 0x3
 358 0158 04       		.byte	0x4
 359 0159 07       		.byte	0x7
 360 015a 8A010000 		.4byte	.LASF25
 361 015e 05       		.uleb128 0x5
 362 015f 47010000 		.4byte	0x147
 363 0163 0A       		.uleb128 0xa
 364 0164 88000000 		.4byte	0x88
 365 0168 73010000 		.4byte	0x173
 366 016c 0B       		.uleb128 0xb
 367 016d 57010000 		.4byte	0x157
 368 0171 17       		.byte	0x17
 369 0172 00       		.byte	0
 370 0173 05       		.uleb128 0x5
 371 0174 63010000 		.4byte	0x163
 372 0178 05       		.uleb128 0x5
 373 0179 47010000 		.4byte	0x147
 374 017d 05       		.uleb128 0x5
 375 017e 63010000 		.4byte	0x163
 376 0182 05       		.uleb128 0x5
 377 0183 47010000 		.4byte	0x147
 378 0187 05       		.uleb128 0x5
 379 0188 63010000 		.4byte	0x163
 380 018c 05       		.uleb128 0x5
 381 018d 47010000 		.4byte	0x147
 382 0191 05       		.uleb128 0x5
 383 0192 63010000 		.4byte	0x163
 384 0196 05       		.uleb128 0x5
 385 0197 47010000 		.4byte	0x147
 386 019b 0A       		.uleb128 0xa
 387 019c 88000000 		.4byte	0x88
 388 01a0 AB010000 		.4byte	0x1ab
 389 01a4 0B       		.uleb128 0xb
 390 01a5 57010000 		.4byte	0x157
 391 01a9 37       		.byte	0x37
 392 01aa 00       		.byte	0
 393 01ab 05       		.uleb128 0x5
 394 01ac 9B010000 		.4byte	0x19b
 395 01b0 0A       		.uleb128 0xa
ARM GAS  /var/folders/4k/6h5l9jl178sb4hslwv3xp1mr0000gn/T//ccP81lK0.s 			page 8


 396 01b1 88000000 		.4byte	0x88
 397 01b5 C0010000 		.4byte	0x1c0
 398 01b9 0B       		.uleb128 0xb
 399 01ba 57010000 		.4byte	0x157
 400 01be 3B       		.byte	0x3b
 401 01bf 00       		.byte	0
 402 01c0 05       		.uleb128 0x5
 403 01c1 B0010000 		.4byte	0x1b0
 404 01c5 0A       		.uleb128 0xa
 405 01c6 88000000 		.4byte	0x88
 406 01ca D6010000 		.4byte	0x1d6
 407 01ce 0C       		.uleb128 0xc
 408 01cf 57010000 		.4byte	0x157
 409 01d3 8302     		.2byte	0x283
 410 01d5 00       		.byte	0
 411 01d6 05       		.uleb128 0x5
 412 01d7 C5010000 		.4byte	0x1c5
 413 01db 04       		.uleb128 0x4
 414 01dc 5F000000 		.4byte	.LASF26
 415 01e0 04       		.byte	0x4
 416 01e1 78       		.byte	0x78
 417 01e2 98000000 		.4byte	0x98
 418 01e6 0D       		.uleb128 0xd
 419 01e7 8C       		.byte	0x8c
 420 01e8 04       		.byte	0x4
 421 01e9 89       		.byte	0x89
 422 01ea EB020000 		.4byte	0x2eb
 423 01ee 07       		.uleb128 0x7
 424 01ef A1010000 		.4byte	.LASF27
 425 01f3 04       		.byte	0x4
 426 01f4 8A       		.byte	0x8a
 427 01f5 88000000 		.4byte	0x88
 428 01f9 00       		.byte	0
 429 01fa 07       		.uleb128 0x7
 430 01fb 6A010000 		.4byte	.LASF28
 431 01ff 04       		.byte	0x4
 432 0200 8B       		.byte	0x8b
 433 0201 88000000 		.4byte	0x88
 434 0205 04       		.byte	0x4
 435 0206 07       		.uleb128 0x7
 436 0207 68000000 		.4byte	.LASF29
 437 020b 04       		.byte	0x4
 438 020c 8C       		.byte	0x8c
 439 020d 88000000 		.4byte	0x88
 440 0211 08       		.byte	0x8
 441 0212 07       		.uleb128 0x7
 442 0213 77010000 		.4byte	.LASF30
 443 0217 04       		.byte	0x4
 444 0218 8D       		.byte	0x8d
 445 0219 88000000 		.4byte	0x88
 446 021d 0C       		.byte	0xc
 447 021e 0E       		.uleb128 0xe
 448 021f 53435200 		.ascii	"SCR\000"
 449 0223 04       		.byte	0x4
 450 0224 8E       		.byte	0x8e
 451 0225 88000000 		.4byte	0x88
 452 0229 10       		.byte	0x10
ARM GAS  /var/folders/4k/6h5l9jl178sb4hslwv3xp1mr0000gn/T//ccP81lK0.s 			page 9


 453 022a 0E       		.uleb128 0xe
 454 022b 43435200 		.ascii	"CCR\000"
 455 022f 04       		.byte	0x4
 456 0230 8F       		.byte	0x8f
 457 0231 88000000 		.4byte	0x88
 458 0235 14       		.byte	0x14
 459 0236 07       		.uleb128 0x7
 460 0237 AE020000 		.4byte	.LASF31
 461 023b 04       		.byte	0x4
 462 023c 90       		.byte	0x90
 463 023d FB020000 		.4byte	0x2fb
 464 0241 18       		.byte	0x18
 465 0242 07       		.uleb128 0x7
 466 0243 96020000 		.4byte	.LASF32
 467 0247 04       		.byte	0x4
 468 0248 91       		.byte	0x91
 469 0249 88000000 		.4byte	0x88
 470 024d 24       		.byte	0x24
 471 024e 07       		.uleb128 0x7
 472 024f 0A010000 		.4byte	.LASF33
 473 0253 04       		.byte	0x4
 474 0254 92       		.byte	0x92
 475 0255 88000000 		.4byte	0x88
 476 0259 28       		.byte	0x28
 477 025a 07       		.uleb128 0x7
 478 025b 0F010000 		.4byte	.LASF34
 479 025f 04       		.byte	0x4
 480 0260 93       		.byte	0x93
 481 0261 88000000 		.4byte	0x88
 482 0265 2C       		.byte	0x2c
 483 0266 07       		.uleb128 0x7
 484 0267 4E010000 		.4byte	.LASF35
 485 026b 04       		.byte	0x4
 486 026c 94       		.byte	0x94
 487 026d 88000000 		.4byte	0x88
 488 0271 30       		.byte	0x30
 489 0272 07       		.uleb128 0x7
 490 0273 90020000 		.4byte	.LASF36
 491 0277 04       		.byte	0x4
 492 0278 95       		.byte	0x95
 493 0279 88000000 		.4byte	0x88
 494 027d 34       		.byte	0x34
 495 027e 07       		.uleb128 0x7
 496 027f 7D010000 		.4byte	.LASF37
 497 0283 04       		.byte	0x4
 498 0284 96       		.byte	0x96
 499 0285 88000000 		.4byte	0x88
 500 0289 38       		.byte	0x38
 501 028a 07       		.uleb128 0x7
 502 028b 86020000 		.4byte	.LASF38
 503 028f 04       		.byte	0x4
 504 0290 97       		.byte	0x97
 505 0291 88000000 		.4byte	0x88
 506 0295 3C       		.byte	0x3c
 507 0296 0E       		.uleb128 0xe
 508 0297 50465200 		.ascii	"PFR\000"
 509 029b 04       		.byte	0x4
ARM GAS  /var/folders/4k/6h5l9jl178sb4hslwv3xp1mr0000gn/T//ccP81lK0.s 			page 10


 510 029c 98       		.byte	0x98
 511 029d 10030000 		.4byte	0x310
 512 02a1 40       		.byte	0x40
 513 02a2 0E       		.uleb128 0xe
 514 02a3 44465200 		.ascii	"DFR\000"
 515 02a7 04       		.byte	0x4
 516 02a8 99       		.byte	0x99
 517 02a9 88000000 		.4byte	0x88
 518 02ad 48       		.byte	0x48
 519 02ae 0E       		.uleb128 0xe
 520 02af 41445200 		.ascii	"ADR\000"
 521 02b3 04       		.byte	0x4
 522 02b4 9A       		.byte	0x9a
 523 02b5 88000000 		.4byte	0x88
 524 02b9 4C       		.byte	0x4c
 525 02ba 07       		.uleb128 0x7
 526 02bb 0A000000 		.4byte	.LASF39
 527 02bf 04       		.byte	0x4
 528 02c0 9B       		.byte	0x9b
 529 02c1 25030000 		.4byte	0x325
 530 02c5 50       		.byte	0x50
 531 02c6 0E       		.uleb128 0xe
 532 02c7 53415200 		.ascii	"SAR\000"
 533 02cb 04       		.byte	0x4
 534 02cc 9C       		.byte	0x9c
 535 02cd 3A030000 		.4byte	0x33a
 536 02d1 60       		.byte	0x60
 537 02d2 07       		.uleb128 0x7
 538 02d3 C7000000 		.4byte	.LASF14
 539 02d7 04       		.byte	0x4
 540 02d8 9D       		.byte	0x9d
 541 02d9 3F030000 		.4byte	0x33f
 542 02dd 74       		.byte	0x74
 543 02de 07       		.uleb128 0x7
 544 02df 26010000 		.4byte	.LASF40
 545 02e3 04       		.byte	0x4
 546 02e4 9E       		.byte	0x9e
 547 02e5 88000000 		.4byte	0x88
 548 02e9 88       		.byte	0x88
 549 02ea 00       		.byte	0
 550 02eb 0A       		.uleb128 0xa
 551 02ec 88000000 		.4byte	0x88
 552 02f0 FB020000 		.4byte	0x2fb
 553 02f4 0B       		.uleb128 0xb
 554 02f5 57010000 		.4byte	0x157
 555 02f9 02       		.byte	0x2
 556 02fa 00       		.byte	0
 557 02fb 05       		.uleb128 0x5
 558 02fc EB020000 		.4byte	0x2eb
 559 0300 0A       		.uleb128 0xa
 560 0301 88000000 		.4byte	0x88
 561 0305 10030000 		.4byte	0x310
 562 0309 0B       		.uleb128 0xb
 563 030a 57010000 		.4byte	0x157
 564 030e 01       		.byte	0x1
 565 030f 00       		.byte	0
 566 0310 05       		.uleb128 0x5
ARM GAS  /var/folders/4k/6h5l9jl178sb4hslwv3xp1mr0000gn/T//ccP81lK0.s 			page 11


 567 0311 00030000 		.4byte	0x300
 568 0315 0A       		.uleb128 0xa
 569 0316 88000000 		.4byte	0x88
 570 031a 25030000 		.4byte	0x325
 571 031e 0B       		.uleb128 0xb
 572 031f 57010000 		.4byte	0x157
 573 0323 03       		.byte	0x3
 574 0324 00       		.byte	0
 575 0325 05       		.uleb128 0x5
 576 0326 15030000 		.4byte	0x315
 577 032a 0A       		.uleb128 0xa
 578 032b 88000000 		.4byte	0x88
 579 032f 3A030000 		.4byte	0x33a
 580 0333 0B       		.uleb128 0xb
 581 0334 57010000 		.4byte	0x157
 582 0338 04       		.byte	0x4
 583 0339 00       		.byte	0
 584 033a 05       		.uleb128 0x5
 585 033b 2A030000 		.4byte	0x32a
 586 033f 05       		.uleb128 0x5
 587 0340 2A030000 		.4byte	0x32a
 588 0344 04       		.uleb128 0x4
 589 0345 6F010000 		.4byte	.LASF41
 590 0349 04       		.byte	0x4
 591 034a 9F       		.byte	0x9f
 592 034b E6010000 		.4byte	0x1e6
 593 034f 03       		.uleb128 0x3
 594 0350 01       		.byte	0x1
 595 0351 08       		.byte	0x8
 596 0352 A7010000 		.4byte	.LASF42
 597 0356 0F       		.uleb128 0xf
 598 0357 E1020000 		.4byte	.LASF44
 599 035b 01       		.byte	0x1
 600 035c 2E       		.byte	0x2e
 601 035d 00000000 		.4byte	.LFB7
 602 0361 4A000000 		.4byte	.LFE7-.LFB7
 603 0365 01       		.uleb128 0x1
 604 0366 9C       		.byte	0x9c
 605 0367 96030000 		.4byte	0x396
 606 036b 10       		.uleb128 0x10
 607 036c 6E00     		.ascii	"n\000"
 608 036e 01       		.byte	0x1
 609 036f 2E       		.byte	0x2e
 610 0370 76000000 		.4byte	0x76
 611 0374 00000000 		.4byte	.LLST0
 612 0378 11       		.uleb128 0x11
 613 0379 00000000 		.4byte	.LASF43
 614 037d 01       		.byte	0x1
 615 037e 2E       		.byte	0x2e
 616 037f 76000000 		.4byte	0x76
 617 0383 21000000 		.4byte	.LLST1
 618 0387 12       		.uleb128 0x12
 619 0388 736800   		.ascii	"sh\000"
 620 038b 01       		.byte	0x1
 621 038c 2F       		.byte	0x2f
 622 038d 2C000000 		.4byte	0x2c
 623 0391 42000000 		.4byte	.LLST2
ARM GAS  /var/folders/4k/6h5l9jl178sb4hslwv3xp1mr0000gn/T//ccP81lK0.s 			page 12


 624 0395 00       		.byte	0
 625 0396 0F       		.uleb128 0xf
 626 0397 15000000 		.4byte	.LASF45
 627 039b 01       		.byte	0x1
 628 039c 3C       		.byte	0x3c
 629 039d 00000000 		.4byte	.LFB8
 630 03a1 44000000 		.4byte	.LFE8-.LFB8
 631 03a5 01       		.uleb128 0x1
 632 03a6 9C       		.byte	0x9c
 633 03a7 C7030000 		.4byte	0x3c7
 634 03ab 10       		.uleb128 0x10
 635 03ac 6E00     		.ascii	"n\000"
 636 03ae 01       		.byte	0x1
 637 03af 3C       		.byte	0x3c
 638 03b0 76000000 		.4byte	0x76
 639 03b4 78000000 		.4byte	.LLST3
 640 03b8 12       		.uleb128 0x12
 641 03b9 736800   		.ascii	"sh\000"
 642 03bc 01       		.byte	0x1
 643 03bd 3D       		.byte	0x3d
 644 03be 2C000000 		.4byte	0x2c
 645 03c2 99000000 		.4byte	.LLST4
 646 03c6 00       		.byte	0
 647 03c7 13       		.uleb128 0x13
 648 03c8 BF020000 		.4byte	.LASF50
 649 03cc 01       		.byte	0x1
 650 03cd 4A       		.byte	0x4a
 651 03ce 00000000 		.4byte	.LFB9
 652 03d2 2A000000 		.4byte	.LFE9-.LFB9
 653 03d6 01       		.uleb128 0x1
 654 03d7 9C       		.byte	0x9c
 655 03d8 11       		.uleb128 0x11
 656 03d9 82010000 		.4byte	.LASF46
 657 03dd 01       		.byte	0x1
 658 03de 4A       		.byte	0x4a
 659 03df 76000000 		.4byte	0x76
 660 03e3 E1000000 		.4byte	.LLST5
 661 03e7 11       		.uleb128 0x11
 662 03e8 00000000 		.4byte	.LASF43
 663 03ec 01       		.byte	0x1
 664 03ed 4A       		.byte	0x4a
 665 03ee 76000000 		.4byte	0x76
 666 03f2 02010000 		.4byte	.LLST6
 667 03f6 12       		.uleb128 0x12
 668 03f7 736800   		.ascii	"sh\000"
 669 03fa 01       		.byte	0x1
 670 03fb 4B       		.byte	0x4b
 671 03fc 2C000000 		.4byte	0x2c
 672 0400 23010000 		.4byte	.LLST7
 673 0404 00       		.byte	0
 674 0405 00       		.byte	0
 675              		.section	.debug_abbrev,"",%progbits
 676              	.Ldebug_abbrev0:
 677 0000 01       		.uleb128 0x1
 678 0001 11       		.uleb128 0x11
 679 0002 01       		.byte	0x1
 680 0003 25       		.uleb128 0x25
ARM GAS  /var/folders/4k/6h5l9jl178sb4hslwv3xp1mr0000gn/T//ccP81lK0.s 			page 13


 681 0004 0E       		.uleb128 0xe
 682 0005 13       		.uleb128 0x13
 683 0006 0B       		.uleb128 0xb
 684 0007 03       		.uleb128 0x3
 685 0008 0E       		.uleb128 0xe
 686 0009 1B       		.uleb128 0x1b
 687 000a 0E       		.uleb128 0xe
 688 000b 55       		.uleb128 0x55
 689 000c 17       		.uleb128 0x17
 690 000d 11       		.uleb128 0x11
 691 000e 01       		.uleb128 0x1
 692 000f 10       		.uleb128 0x10
 693 0010 17       		.uleb128 0x17
 694 0011 00       		.byte	0
 695 0012 00       		.byte	0
 696 0013 02       		.uleb128 0x2
 697 0014 24       		.uleb128 0x24
 698 0015 00       		.byte	0
 699 0016 0B       		.uleb128 0xb
 700 0017 0B       		.uleb128 0xb
 701 0018 3E       		.uleb128 0x3e
 702 0019 0B       		.uleb128 0xb
 703 001a 03       		.uleb128 0x3
 704 001b 08       		.uleb128 0x8
 705 001c 00       		.byte	0
 706 001d 00       		.byte	0
 707 001e 03       		.uleb128 0x3
 708 001f 24       		.uleb128 0x24
 709 0020 00       		.byte	0
 710 0021 0B       		.uleb128 0xb
 711 0022 0B       		.uleb128 0xb
 712 0023 3E       		.uleb128 0x3e
 713 0024 0B       		.uleb128 0xb
 714 0025 03       		.uleb128 0x3
 715 0026 0E       		.uleb128 0xe
 716 0027 00       		.byte	0
 717 0028 00       		.byte	0
 718 0029 04       		.uleb128 0x4
 719 002a 16       		.uleb128 0x16
 720 002b 00       		.byte	0
 721 002c 03       		.uleb128 0x3
 722 002d 0E       		.uleb128 0xe
 723 002e 3A       		.uleb128 0x3a
 724 002f 0B       		.uleb128 0xb
 725 0030 3B       		.uleb128 0x3b
 726 0031 0B       		.uleb128 0xb
 727 0032 49       		.uleb128 0x49
 728 0033 13       		.uleb128 0x13
 729 0034 00       		.byte	0
 730 0035 00       		.byte	0
 731 0036 05       		.uleb128 0x5
 732 0037 35       		.uleb128 0x35
 733 0038 00       		.byte	0
 734 0039 49       		.uleb128 0x49
 735 003a 13       		.uleb128 0x13
 736 003b 00       		.byte	0
 737 003c 00       		.byte	0
ARM GAS  /var/folders/4k/6h5l9jl178sb4hslwv3xp1mr0000gn/T//ccP81lK0.s 			page 14


 738 003d 06       		.uleb128 0x6
 739 003e 13       		.uleb128 0x13
 740 003f 01       		.byte	0x1
 741 0040 0B       		.uleb128 0xb
 742 0041 05       		.uleb128 0x5
 743 0042 3A       		.uleb128 0x3a
 744 0043 0B       		.uleb128 0xb
 745 0044 3B       		.uleb128 0x3b
 746 0045 0B       		.uleb128 0xb
 747 0046 01       		.uleb128 0x1
 748 0047 13       		.uleb128 0x13
 749 0048 00       		.byte	0
 750 0049 00       		.byte	0
 751 004a 07       		.uleb128 0x7
 752 004b 0D       		.uleb128 0xd
 753 004c 00       		.byte	0
 754 004d 03       		.uleb128 0x3
 755 004e 0E       		.uleb128 0xe
 756 004f 3A       		.uleb128 0x3a
 757 0050 0B       		.uleb128 0xb
 758 0051 3B       		.uleb128 0x3b
 759 0052 0B       		.uleb128 0xb
 760 0053 49       		.uleb128 0x49
 761 0054 13       		.uleb128 0x13
 762 0055 38       		.uleb128 0x38
 763 0056 0B       		.uleb128 0xb
 764 0057 00       		.byte	0
 765 0058 00       		.byte	0
 766 0059 08       		.uleb128 0x8
 767 005a 0D       		.uleb128 0xd
 768 005b 00       		.byte	0
 769 005c 03       		.uleb128 0x3
 770 005d 0E       		.uleb128 0xe
 771 005e 3A       		.uleb128 0x3a
 772 005f 0B       		.uleb128 0xb
 773 0060 3B       		.uleb128 0x3b
 774 0061 0B       		.uleb128 0xb
 775 0062 49       		.uleb128 0x49
 776 0063 13       		.uleb128 0x13
 777 0064 38       		.uleb128 0x38
 778 0065 05       		.uleb128 0x5
 779 0066 00       		.byte	0
 780 0067 00       		.byte	0
 781 0068 09       		.uleb128 0x9
 782 0069 0D       		.uleb128 0xd
 783 006a 00       		.byte	0
 784 006b 03       		.uleb128 0x3
 785 006c 08       		.uleb128 0x8
 786 006d 3A       		.uleb128 0x3a
 787 006e 0B       		.uleb128 0xb
 788 006f 3B       		.uleb128 0x3b
 789 0070 0B       		.uleb128 0xb
 790 0071 49       		.uleb128 0x49
 791 0072 13       		.uleb128 0x13
 792 0073 38       		.uleb128 0x38
 793 0074 05       		.uleb128 0x5
 794 0075 00       		.byte	0
ARM GAS  /var/folders/4k/6h5l9jl178sb4hslwv3xp1mr0000gn/T//ccP81lK0.s 			page 15


 795 0076 00       		.byte	0
 796 0077 0A       		.uleb128 0xa
 797 0078 01       		.uleb128 0x1
 798 0079 01       		.byte	0x1
 799 007a 49       		.uleb128 0x49
 800 007b 13       		.uleb128 0x13
 801 007c 01       		.uleb128 0x1
 802 007d 13       		.uleb128 0x13
 803 007e 00       		.byte	0
 804 007f 00       		.byte	0
 805 0080 0B       		.uleb128 0xb
 806 0081 21       		.uleb128 0x21
 807 0082 00       		.byte	0
 808 0083 49       		.uleb128 0x49
 809 0084 13       		.uleb128 0x13
 810 0085 2F       		.uleb128 0x2f
 811 0086 0B       		.uleb128 0xb
 812 0087 00       		.byte	0
 813 0088 00       		.byte	0
 814 0089 0C       		.uleb128 0xc
 815 008a 21       		.uleb128 0x21
 816 008b 00       		.byte	0
 817 008c 49       		.uleb128 0x49
 818 008d 13       		.uleb128 0x13
 819 008e 2F       		.uleb128 0x2f
 820 008f 05       		.uleb128 0x5
 821 0090 00       		.byte	0
 822 0091 00       		.byte	0
 823 0092 0D       		.uleb128 0xd
 824 0093 13       		.uleb128 0x13
 825 0094 01       		.byte	0x1
 826 0095 0B       		.uleb128 0xb
 827 0096 0B       		.uleb128 0xb
 828 0097 3A       		.uleb128 0x3a
 829 0098 0B       		.uleb128 0xb
 830 0099 3B       		.uleb128 0x3b
 831 009a 0B       		.uleb128 0xb
 832 009b 01       		.uleb128 0x1
 833 009c 13       		.uleb128 0x13
 834 009d 00       		.byte	0
 835 009e 00       		.byte	0
 836 009f 0E       		.uleb128 0xe
 837 00a0 0D       		.uleb128 0xd
 838 00a1 00       		.byte	0
 839 00a2 03       		.uleb128 0x3
 840 00a3 08       		.uleb128 0x8
 841 00a4 3A       		.uleb128 0x3a
 842 00a5 0B       		.uleb128 0xb
 843 00a6 3B       		.uleb128 0x3b
 844 00a7 0B       		.uleb128 0xb
 845 00a8 49       		.uleb128 0x49
 846 00a9 13       		.uleb128 0x13
 847 00aa 38       		.uleb128 0x38
 848 00ab 0B       		.uleb128 0xb
 849 00ac 00       		.byte	0
 850 00ad 00       		.byte	0
 851 00ae 0F       		.uleb128 0xf
ARM GAS  /var/folders/4k/6h5l9jl178sb4hslwv3xp1mr0000gn/T//ccP81lK0.s 			page 16


 852 00af 2E       		.uleb128 0x2e
 853 00b0 01       		.byte	0x1
 854 00b1 3F       		.uleb128 0x3f
 855 00b2 19       		.uleb128 0x19
 856 00b3 03       		.uleb128 0x3
 857 00b4 0E       		.uleb128 0xe
 858 00b5 3A       		.uleb128 0x3a
 859 00b6 0B       		.uleb128 0xb
 860 00b7 3B       		.uleb128 0x3b
 861 00b8 0B       		.uleb128 0xb
 862 00b9 27       		.uleb128 0x27
 863 00ba 19       		.uleb128 0x19
 864 00bb 11       		.uleb128 0x11
 865 00bc 01       		.uleb128 0x1
 866 00bd 12       		.uleb128 0x12
 867 00be 06       		.uleb128 0x6
 868 00bf 40       		.uleb128 0x40
 869 00c0 18       		.uleb128 0x18
 870 00c1 9742     		.uleb128 0x2117
 871 00c3 19       		.uleb128 0x19
 872 00c4 01       		.uleb128 0x1
 873 00c5 13       		.uleb128 0x13
 874 00c6 00       		.byte	0
 875 00c7 00       		.byte	0
 876 00c8 10       		.uleb128 0x10
 877 00c9 05       		.uleb128 0x5
 878 00ca 00       		.byte	0
 879 00cb 03       		.uleb128 0x3
 880 00cc 08       		.uleb128 0x8
 881 00cd 3A       		.uleb128 0x3a
 882 00ce 0B       		.uleb128 0xb
 883 00cf 3B       		.uleb128 0x3b
 884 00d0 0B       		.uleb128 0xb
 885 00d1 49       		.uleb128 0x49
 886 00d2 13       		.uleb128 0x13
 887 00d3 02       		.uleb128 0x2
 888 00d4 17       		.uleb128 0x17
 889 00d5 00       		.byte	0
 890 00d6 00       		.byte	0
 891 00d7 11       		.uleb128 0x11
 892 00d8 05       		.uleb128 0x5
 893 00d9 00       		.byte	0
 894 00da 03       		.uleb128 0x3
 895 00db 0E       		.uleb128 0xe
 896 00dc 3A       		.uleb128 0x3a
 897 00dd 0B       		.uleb128 0xb
 898 00de 3B       		.uleb128 0x3b
 899 00df 0B       		.uleb128 0xb
 900 00e0 49       		.uleb128 0x49
 901 00e1 13       		.uleb128 0x13
 902 00e2 02       		.uleb128 0x2
 903 00e3 17       		.uleb128 0x17
 904 00e4 00       		.byte	0
 905 00e5 00       		.byte	0
 906 00e6 12       		.uleb128 0x12
 907 00e7 34       		.uleb128 0x34
 908 00e8 00       		.byte	0
ARM GAS  /var/folders/4k/6h5l9jl178sb4hslwv3xp1mr0000gn/T//ccP81lK0.s 			page 17


 909 00e9 03       		.uleb128 0x3
 910 00ea 08       		.uleb128 0x8
 911 00eb 3A       		.uleb128 0x3a
 912 00ec 0B       		.uleb128 0xb
 913 00ed 3B       		.uleb128 0x3b
 914 00ee 0B       		.uleb128 0xb
 915 00ef 49       		.uleb128 0x49
 916 00f0 13       		.uleb128 0x13
 917 00f1 02       		.uleb128 0x2
 918 00f2 17       		.uleb128 0x17
 919 00f3 00       		.byte	0
 920 00f4 00       		.byte	0
 921 00f5 13       		.uleb128 0x13
 922 00f6 2E       		.uleb128 0x2e
 923 00f7 01       		.byte	0x1
 924 00f8 3F       		.uleb128 0x3f
 925 00f9 19       		.uleb128 0x19
 926 00fa 03       		.uleb128 0x3
 927 00fb 0E       		.uleb128 0xe
 928 00fc 3A       		.uleb128 0x3a
 929 00fd 0B       		.uleb128 0xb
 930 00fe 3B       		.uleb128 0x3b
 931 00ff 0B       		.uleb128 0xb
 932 0100 27       		.uleb128 0x27
 933 0101 19       		.uleb128 0x19
 934 0102 11       		.uleb128 0x11
 935 0103 01       		.uleb128 0x1
 936 0104 12       		.uleb128 0x12
 937 0105 06       		.uleb128 0x6
 938 0106 40       		.uleb128 0x40
 939 0107 18       		.uleb128 0x18
 940 0108 9742     		.uleb128 0x2117
 941 010a 19       		.uleb128 0x19
 942 010b 00       		.byte	0
 943 010c 00       		.byte	0
 944 010d 00       		.byte	0
 945              		.section	.debug_loc,"",%progbits
 946              	.Ldebug_loc0:
 947              	.LLST0:
 948 0000 00000000 		.4byte	.LVL0
 949 0004 34000000 		.4byte	.LVL3
 950 0008 0100     		.2byte	0x1
 951 000a 50       		.byte	0x50
 952 000b 34000000 		.4byte	.LVL3
 953 000f 4A000000 		.4byte	.LFE7
 954 0013 0400     		.2byte	0x4
 955 0015 F3       		.byte	0xf3
 956 0016 01       		.uleb128 0x1
 957 0017 50       		.byte	0x50
 958 0018 9F       		.byte	0x9f
 959 0019 00000000 		.4byte	0
 960 001d 00000000 		.4byte	0
 961              	.LLST1:
 962 0021 00000000 		.4byte	.LVL0
 963 0025 30000000 		.4byte	.LVL2
 964 0029 0100     		.2byte	0x1
 965 002b 51       		.byte	0x51
ARM GAS  /var/folders/4k/6h5l9jl178sb4hslwv3xp1mr0000gn/T//ccP81lK0.s 			page 18


 966 002c 30000000 		.4byte	.LVL2
 967 0030 4A000000 		.4byte	.LFE7
 968 0034 0400     		.2byte	0x4
 969 0036 F3       		.byte	0xf3
 970 0037 01       		.uleb128 0x1
 971 0038 51       		.byte	0x51
 972 0039 9F       		.byte	0x9f
 973 003a 00000000 		.4byte	0
 974 003e 00000000 		.4byte	0
 975              	.LLST2:
 976 0042 00000000 		.4byte	.LVL0
 977 0046 1A000000 		.4byte	.LVL1
 978 004a 0700     		.2byte	0x7
 979 004c 70       		.byte	0x70
 980 004d 00       		.sleb128 0
 981 004e 33       		.byte	0x33
 982 004f 1A       		.byte	0x1a
 983 0050 33       		.byte	0x33
 984 0051 24       		.byte	0x24
 985 0052 9F       		.byte	0x9f
 986 0053 1A000000 		.4byte	.LVL1
 987 0057 3C000000 		.4byte	.LVL4
 988 005b 0100     		.2byte	0x1
 989 005d 54       		.byte	0x54
 990 005e 3C000000 		.4byte	.LVL4
 991 0062 4A000000 		.4byte	.LFE7
 992 0066 0800     		.2byte	0x8
 993 0068 F3       		.byte	0xf3
 994 0069 01       		.uleb128 0x1
 995 006a 50       		.byte	0x50
 996 006b 33       		.byte	0x33
 997 006c 1A       		.byte	0x1a
 998 006d 33       		.byte	0x33
 999 006e 24       		.byte	0x24
 1000 006f 9F       		.byte	0x9f
 1001 0070 00000000 		.4byte	0
 1002 0074 00000000 		.4byte	0
 1003              	.LLST3:
 1004 0078 00000000 		.4byte	.LVL5
 1005 007c 26000000 		.4byte	.LVL6
 1006 0080 0100     		.2byte	0x1
 1007 0082 50       		.byte	0x50
 1008 0083 26000000 		.4byte	.LVL6
 1009 0087 44000000 		.4byte	.LFE8
 1010 008b 0400     		.2byte	0x4
 1011 008d F3       		.byte	0xf3
 1012 008e 01       		.uleb128 0x1
 1013 008f 50       		.byte	0x50
 1014 0090 9F       		.byte	0x9f
 1015 0091 00000000 		.4byte	0
 1016 0095 00000000 		.4byte	0
 1017              	.LLST4:
 1018 0099 00000000 		.4byte	.LVL5
 1019 009d 26000000 		.4byte	.LVL6
 1020 00a1 0700     		.2byte	0x7
 1021 00a3 70       		.byte	0x70
 1022 00a4 00       		.sleb128 0
ARM GAS  /var/folders/4k/6h5l9jl178sb4hslwv3xp1mr0000gn/T//ccP81lK0.s 			page 19


 1023 00a5 33       		.byte	0x33
 1024 00a6 1A       		.byte	0x1a
 1025 00a7 33       		.byte	0x33
 1026 00a8 24       		.byte	0x24
 1027 00a9 9F       		.byte	0x9f
 1028 00aa 26000000 		.4byte	.LVL6
 1029 00ae 2C000000 		.4byte	.LVL7
 1030 00b2 0800     		.2byte	0x8
 1031 00b4 F3       		.byte	0xf3
 1032 00b5 01       		.uleb128 0x1
 1033 00b6 50       		.byte	0x50
 1034 00b7 33       		.byte	0x33
 1035 00b8 1A       		.byte	0x1a
 1036 00b9 33       		.byte	0x33
 1037 00ba 24       		.byte	0x24
 1038 00bb 9F       		.byte	0x9f
 1039 00bc 2C000000 		.4byte	.LVL7
 1040 00c0 32000000 		.4byte	.LVL8
 1041 00c4 0100     		.2byte	0x1
 1042 00c6 50       		.byte	0x50
 1043 00c7 32000000 		.4byte	.LVL8
 1044 00cb 44000000 		.4byte	.LFE8
 1045 00cf 0800     		.2byte	0x8
 1046 00d1 F3       		.byte	0xf3
 1047 00d2 01       		.uleb128 0x1
 1048 00d3 50       		.byte	0x50
 1049 00d4 33       		.byte	0x33
 1050 00d5 1A       		.byte	0x1a
 1051 00d6 33       		.byte	0x33
 1052 00d7 24       		.byte	0x24
 1053 00d8 9F       		.byte	0x9f
 1054 00d9 00000000 		.4byte	0
 1055 00dd 00000000 		.4byte	0
 1056              	.LLST5:
 1057 00e1 00000000 		.4byte	.LVL9
 1058 00e5 10000000 		.4byte	.LVL10
 1059 00e9 0100     		.2byte	0x1
 1060 00eb 50       		.byte	0x50
 1061 00ec 10000000 		.4byte	.LVL10
 1062 00f0 2A000000 		.4byte	.LFE9
 1063 00f4 0400     		.2byte	0x4
 1064 00f6 F3       		.byte	0xf3
 1065 00f7 01       		.uleb128 0x1
 1066 00f8 50       		.byte	0x50
 1067 00f9 9F       		.byte	0x9f
 1068 00fa 00000000 		.4byte	0
 1069 00fe 00000000 		.4byte	0
 1070              	.LLST6:
 1071 0102 00000000 		.4byte	.LVL9
 1072 0106 20000000 		.4byte	.LVL12
 1073 010a 0100     		.2byte	0x1
 1074 010c 51       		.byte	0x51
 1075 010d 20000000 		.4byte	.LVL12
 1076 0111 2A000000 		.4byte	.LFE9
 1077 0115 0400     		.2byte	0x4
 1078 0117 F3       		.byte	0xf3
 1079 0118 01       		.uleb128 0x1
ARM GAS  /var/folders/4k/6h5l9jl178sb4hslwv3xp1mr0000gn/T//ccP81lK0.s 			page 20


 1080 0119 51       		.byte	0x51
 1081 011a 9F       		.byte	0x9f
 1082 011b 00000000 		.4byte	0
 1083 011f 00000000 		.4byte	0
 1084              	.LLST7:
 1085 0123 00000000 		.4byte	.LVL9
 1086 0127 10000000 		.4byte	.LVL10
 1087 012b 0700     		.2byte	0x7
 1088 012d 70       		.byte	0x70
 1089 012e 00       		.sleb128 0
 1090 012f 33       		.byte	0x33
 1091 0130 1A       		.byte	0x1a
 1092 0131 33       		.byte	0x33
 1093 0132 24       		.byte	0x24
 1094 0133 9F       		.byte	0x9f
 1095 0134 10000000 		.4byte	.LVL10
 1096 0138 14000000 		.4byte	.LVL11
 1097 013c 0800     		.2byte	0x8
 1098 013e F3       		.byte	0xf3
 1099 013f 01       		.uleb128 0x1
 1100 0140 50       		.byte	0x50
 1101 0141 33       		.byte	0x33
 1102 0142 1A       		.byte	0x1a
 1103 0143 33       		.byte	0x33
 1104 0144 24       		.byte	0x24
 1105 0145 9F       		.byte	0x9f
 1106 0146 14000000 		.4byte	.LVL11
 1107 014a 2A000000 		.4byte	.LFE9
 1108 014e 0100     		.2byte	0x1
 1109 0150 50       		.byte	0x50
 1110 0151 00000000 		.4byte	0
 1111 0155 00000000 		.4byte	0
 1112              		.section	.debug_aranges,"",%progbits
 1113 0000 2C000000 		.4byte	0x2c
 1114 0004 0200     		.2byte	0x2
 1115 0006 00000000 		.4byte	.Ldebug_info0
 1116 000a 04       		.byte	0x4
 1117 000b 00       		.byte	0
 1118 000c 0000     		.2byte	0
 1119 000e 0000     		.2byte	0
 1120 0010 00000000 		.4byte	.LFB7
 1121 0014 4A000000 		.4byte	.LFE7-.LFB7
 1122 0018 00000000 		.4byte	.LFB8
 1123 001c 44000000 		.4byte	.LFE8-.LFB8
 1124 0020 00000000 		.4byte	.LFB9
 1125 0024 2A000000 		.4byte	.LFE9-.LFB9
 1126 0028 00000000 		.4byte	0
 1127 002c 00000000 		.4byte	0
 1128              		.section	.debug_ranges,"",%progbits
 1129              	.Ldebug_ranges0:
 1130 0000 00000000 		.4byte	.LFB7
 1131 0004 4A000000 		.4byte	.LFE7
 1132 0008 00000000 		.4byte	.LFB8
 1133 000c 44000000 		.4byte	.LFE8
 1134 0010 00000000 		.4byte	.LFB9
 1135 0014 2A000000 		.4byte	.LFE9
 1136 0018 00000000 		.4byte	0
ARM GAS  /var/folders/4k/6h5l9jl178sb4hslwv3xp1mr0000gn/T//ccP81lK0.s 			page 21


 1137 001c 00000000 		.4byte	0
 1138              		.section	.debug_line,"",%progbits
 1139              	.Ldebug_line0:
 1140 0000 7F010000 		.section	.debug_str,"MS",%progbits,1
 1140      02002D01 
 1140      00000201 
 1140      FB0E0D00 
 1140      01010101 
 1141              	.LASF43:
 1142 0000 7072696F 		.ascii	"prio\000"
 1142      00
 1143              	.LASF19:
 1144 0005 49435052 		.ascii	"ICPR\000"
 1144      00
 1145              	.LASF39:
 1146 000a 4D4D4652 		.ascii	"MMFR\000"
 1146      00
 1147              	.LASF11:
 1148 000f 5F426F6F 		.ascii	"_Bool\000"
 1148      6C00
 1149              	.LASF45:
 1150 0015 6E766963 		.ascii	"nvicDisableVector\000"
 1150      44697361 
 1150      626C6556 
 1150      6563746F 
 1150      7200
 1151              	.LASF49:
 1152 0027 2F557365 		.ascii	"/Users/mikevanis/Documents/workspace/STM32_DCMI_CAM"
 1152      72732F6D 
 1152      696B6576 
 1152      616E6973 
 1152      2F446F63 
 1153 005a 4552412F 		.ascii	"ERA/\000"
 1153      00
 1154              	.LASF26:
 1155 005f 434D785F 		.ascii	"CMx_NVIC\000"
 1155      4E564943 
 1155      00
 1156              	.LASF29:
 1157 0068 56544F52 		.ascii	"VTOR\000"
 1157      00
 1158              	.LASF3:
 1159 006d 73686F72 		.ascii	"short int\000"
 1159      7420696E 
 1159      7400
 1160              	.LASF48:
 1161 0077 2E2E2F43 		.ascii	"../ChibiStudio/ChibiOS/os/ports/common/ARMCMx/nvic."
 1161      68696269 
 1161      53747564 
 1161      696F2F43 
 1161      68696269 
 1162 00aa 6300     		.ascii	"c\000"
 1163              	.LASF15:
 1164 00ac 49434552 		.ascii	"ICER\000"
 1164      00
 1165              	.LASF12:
 1166 00b1 494F5245 		.ascii	"IOREG32\000"
ARM GAS  /var/folders/4k/6h5l9jl178sb4hslwv3xp1mr0000gn/T//ccP81lK0.s 			page 22


 1166      47333200 
 1167              	.LASF2:
 1168 00b9 756E7369 		.ascii	"unsigned char\000"
 1168      676E6564 
 1168      20636861 
 1168      7200
 1169              	.LASF14:
 1170 00c7 756E7573 		.ascii	"unused1\000"
 1170      65643100 
 1171              	.LASF16:
 1172 00cf 756E7573 		.ascii	"unused2\000"
 1172      65643200 
 1173              	.LASF18:
 1174 00d7 756E7573 		.ascii	"unused3\000"
 1174      65643300 
 1175              	.LASF20:
 1176 00df 756E7573 		.ascii	"unused4\000"
 1176      65643400 
 1177              	.LASF22:
 1178 00e7 756E7573 		.ascii	"unused5\000"
 1178      65643500 
 1179              	.LASF23:
 1180 00ef 756E7573 		.ascii	"unused6\000"
 1180      65643600 
 1181              	.LASF4:
 1182 00f7 73686F72 		.ascii	"short unsigned int\000"
 1182      7420756E 
 1182      7369676E 
 1182      65642069 
 1182      6E7400
 1183              	.LASF33:
 1184 010a 43465352 		.ascii	"CFSR\000"
 1184      00
 1185              	.LASF34:
 1186 010f 48465352 		.ascii	"HFSR\000"
 1186      00
 1187              	.LASF6:
 1188 0114 6C6F6E67 		.ascii	"long unsigned int\000"
 1188      20756E73 
 1188      69676E65 
 1188      6420696E 
 1188      7400
 1189              	.LASF40:
 1190 0126 43504143 		.ascii	"CPACR\000"
 1190      5200
 1191              	.LASF24:
 1192 012c 53544952 		.ascii	"STIR\000"
 1192      00
 1193              	.LASF9:
 1194 0131 5F5F7569 		.ascii	"__uint32_t\000"
 1194      6E743332 
 1194      5F7400
 1195              	.LASF0:
 1196 013c 756E7369 		.ascii	"unsigned int\000"
 1196      676E6564 
 1196      20696E74 
 1196      00
ARM GAS  /var/folders/4k/6h5l9jl178sb4hslwv3xp1mr0000gn/T//ccP81lK0.s 			page 23


 1197              	.LASF17:
 1198 0149 49535052 		.ascii	"ISPR\000"
 1198      00
 1199              	.LASF35:
 1200 014e 44465352 		.ascii	"DFSR\000"
 1200      00
 1201              	.LASF8:
 1202 0153 6C6F6E67 		.ascii	"long long unsigned int\000"
 1202      206C6F6E 
 1202      6720756E 
 1202      7369676E 
 1202      65642069 
 1203              	.LASF28:
 1204 016a 49435352 		.ascii	"ICSR\000"
 1204      00
 1205              	.LASF41:
 1206 016f 434D785F 		.ascii	"CMx_SCB\000"
 1206      53434200 
 1207              	.LASF30:
 1208 0177 41495243 		.ascii	"AIRCR\000"
 1208      5200
 1209              	.LASF37:
 1210 017d 42464152 		.ascii	"BFAR\000"
 1210      00
 1211              	.LASF46:
 1212 0182 68616E64 		.ascii	"handler\000"
 1212      6C657200 
 1213              	.LASF25:
 1214 018a 73697A65 		.ascii	"sizetype\000"
 1214      74797065 
 1214      00
 1215              	.LASF7:
 1216 0193 6C6F6E67 		.ascii	"long long int\000"
 1216      206C6F6E 
 1216      6720696E 
 1216      7400
 1217              	.LASF27:
 1218 01a1 43505549 		.ascii	"CPUID\000"
 1218      4400
 1219              	.LASF42:
 1220 01a7 63686172 		.ascii	"char\000"
 1220      00
 1221              	.LASF47:
 1222 01ac 474E5520 		.ascii	"GNU C 4.8.3 20140228 (release) [ARM/embedded-4_8-br"
 1222      4320342E 
 1222      382E3320 
 1222      32303134 
 1222      30323238 
 1223 01df 616E6368 		.ascii	"anch revision 208322] -mcpu=cortex-m4 -mno-thumb-in"
 1223      20726576 
 1223      6973696F 
 1223      6E203230 
 1223      38333232 
 1224 0212 74657277 		.ascii	"terwork -mthumb -ggdb -O2 -fomit-frame-pointer -fal"
 1224      6F726B20 
 1224      2D6D7468 
 1224      756D6220 
ARM GAS  /var/folders/4k/6h5l9jl178sb4hslwv3xp1mr0000gn/T//ccP81lK0.s 			page 24


 1224      2D676764 
 1225 0245 69676E2D 		.ascii	"ign-functions=16 -ffunction-sections -fdata-section"
 1225      66756E63 
 1225      74696F6E 
 1225      733D3136 
 1225      202D6666 
 1226 0278 73202D66 		.ascii	"s -fno-common\000"
 1226      6E6F2D63 
 1226      6F6D6D6F 
 1226      6E00
 1227              	.LASF38:
 1228 0286 41465352 		.ascii	"AFSR\000"
 1228      00
 1229              	.LASF13:
 1230 028b 49534552 		.ascii	"ISER\000"
 1230      00
 1231              	.LASF36:
 1232 0290 4D4D4641 		.ascii	"MMFAR\000"
 1232      5200
 1233              	.LASF32:
 1234 0296 53484353 		.ascii	"SHCSR\000"
 1234      5200
 1235              	.LASF10:
 1236 029c 75696E74 		.ascii	"uint32_t\000"
 1236      33325F74 
 1236      00
 1237              	.LASF5:
 1238 02a5 6C6F6E67 		.ascii	"long int\000"
 1238      20696E74 
 1238      00
 1239              	.LASF31:
 1240 02ae 53485052 		.ascii	"SHPR\000"
 1240      00
 1241              	.LASF1:
 1242 02b3 7369676E 		.ascii	"signed char\000"
 1242      65642063 
 1242      68617200 
 1243              	.LASF50:
 1244 02bf 6E766963 		.ascii	"nvicSetSystemHandlerPriority\000"
 1244      53657453 
 1244      79737465 
 1244      6D48616E 
 1244      646C6572 
 1245              	.LASF21:
 1246 02dc 49414252 		.ascii	"IABR\000"
 1246      00
 1247              	.LASF44:
 1248 02e1 6E766963 		.ascii	"nvicEnableVector\000"
 1248      456E6162 
 1248      6C655665 
 1248      63746F72 
 1248      00
 1249              		.ident	"GCC: (GNU Tools for ARM Embedded Processors) 4.8.3 20140228 (release) [ARM/embedded-4_8-br
ARM GAS  /var/folders/4k/6h5l9jl178sb4hslwv3xp1mr0000gn/T//ccP81lK0.s 			page 25


DEFINED SYMBOLS
                            *ABS*:0000000000000000 nvic.c
/var/folders/4k/6h5l9jl178sb4hslwv3xp1mr0000gn/T//ccP81lK0.s:19     .text.nvicEnableVector:0000000000000000 $t
/var/folders/4k/6h5l9jl178sb4hslwv3xp1mr0000gn/T//ccP81lK0.s:25     .text.nvicEnableVector:0000000000000000 nvicEnableVector
/var/folders/4k/6h5l9jl178sb4hslwv3xp1mr0000gn/T//ccP81lK0.s:84     .text.nvicDisableVector:0000000000000000 $t
/var/folders/4k/6h5l9jl178sb4hslwv3xp1mr0000gn/T//ccP81lK0.s:90     .text.nvicDisableVector:0000000000000000 nvicDisableVector
/var/folders/4k/6h5l9jl178sb4hslwv3xp1mr0000gn/T//ccP81lK0.s:135    .text.nvicDisableVector:0000000000000040 $d
/var/folders/4k/6h5l9jl178sb4hslwv3xp1mr0000gn/T//ccP81lK0.s:140    .text.nvicSetSystemHandlerPriority:0000000000000000 $t
/var/folders/4k/6h5l9jl178sb4hslwv3xp1mr0000gn/T//ccP81lK0.s:146    .text.nvicSetSystemHandlerPriority:0000000000000000 nvicSetSystemHandlerPriority
                     .debug_frame:0000000000000010 $d
/var/folders/4k/6h5l9jl178sb4hslwv3xp1mr0000gn/T//ccP81lK0.s:139    .text.nvicDisableVector:0000000000000044 $t

NO UNDEFINED SYMBOLS
