ARM GAS  /var/folders/4k/6h5l9jl178sb4hslwv3xp1mr0000gn/T//ccbX091V.s 			page 1


   1              		.syntax unified
   2              		.cpu cortex-m4
   3              		.fpu softvfp
   4              		.eabi_attribute 20, 1
   5              		.eabi_attribute 21, 1
   6              		.eabi_attribute 23, 3
   7              		.eabi_attribute 24, 1
   8              		.eabi_attribute 25, 1
   9              		.eabi_attribute 26, 1
  10              		.eabi_attribute 30, 2
  11              		.eabi_attribute 34, 1
  12              		.eabi_attribute 18, 4
  13              		.thumb
  14              		.file	"pwm.c"
  15              		.text
  16              	.Ltext0:
  17              		.cfi_sections	.debug_frame
  18              		.section	.text.pwmInit,"ax",%progbits
  19              		.align	2
  20              		.p2align 4,,15
  21              		.global	pwmInit
  22              		.thumb
  23              		.thumb_func
  24              		.type	pwmInit, %function
  25              	pwmInit:
  26              	.LFB118:
  27              		.file 1 "../ChibiStudio/ChibiOS/os/hal/src/pwm.c"
  28              		.loc 1 68 0
  29              		.cfi_startproc
  30              		@ args = 0, pretend = 0, frame = 0
  31              		@ frame_needed = 0, uses_anonymous_args = 0
  32              		@ link register save eliminated.
  33              		.loc 1 70 0
  34 0000 FFF7FEBF 		b	pwm_lld_init
  35              	.LVL0:
  36              		.cfi_endproc
  37              	.LFE118:
  38              		.size	pwmInit, .-pwmInit
  39 0004 AFF30080 		.section	.text.pwmObjectInit,"ax",%progbits
  39      AFF30080 
  39      AFF30080 
  40              		.align	2
  41              		.p2align 4,,15
  42              		.global	pwmObjectInit
  43              		.thumb
  44              		.thumb_func
  45              		.type	pwmObjectInit, %function
  46              	pwmObjectInit:
  47              	.LFB119:
  48              		.loc 1 80 0
  49              		.cfi_startproc
  50              		@ args = 0, pretend = 0, frame = 0
  51              		@ frame_needed = 0, uses_anonymous_args = 0
  52              		@ link register save eliminated.
  53              	.LVL1:
  54              		.loc 1 82 0
  55 0000 0122     		movs	r2, #1
ARM GAS  /var/folders/4k/6h5l9jl178sb4hslwv3xp1mr0000gn/T//ccbX091V.s 			page 2


  56              		.loc 1 83 0
  57 0002 0023     		movs	r3, #0
  58              		.loc 1 82 0
  59 0004 0270     		strb	r2, [r0]
  60              		.loc 1 83 0
  61 0006 4360     		str	r3, [r0, #4]
  62 0008 7047     		bx	lr
  63              		.cfi_endproc
  64              	.LFE119:
  65              		.size	pwmObjectInit, .-pwmObjectInit
  66 000a 00BFAFF3 		.section	.text.pwmStart,"ax",%progbits
  66      0080
  67              		.align	2
  68              		.p2align 4,,15
  69              		.global	pwmStart
  70              		.thumb
  71              		.thumb_func
  72              		.type	pwmStart, %function
  73              	pwmStart:
  74              	.LFB120:
  75              		.loc 1 99 0
  76              		.cfi_startproc
  77              		@ args = 0, pretend = 0, frame = 0
  78              		@ frame_needed = 0, uses_anonymous_args = 0
  79              	.LVL2:
  80 0000 10B5     		push	{r4, lr}
  81              		.cfi_def_cfa_offset 8
  82              		.cfi_offset 4, -8
  83              		.cfi_offset 14, -4
  84              	.LBB2:
  85              		.loc 1 103 0
  86 0002 2023     		movs	r3, #32
  87              	.LBE2:
  88              		.loc 1 99 0
  89 0004 0446     		mov	r4, r0
  90              	.LBB3:
  91              		.loc 1 103 0
  92              	@ 103 "../ChibiStudio/ChibiOS/os/hal/src/pwm.c" 1
  93 0006 83F31188 		msr     BASEPRI, r3
  94              	@ 0 "" 2
  95              		.thumb
  96              	.LBE3:
  97              		.loc 1 107 0
  98 000a 8B88     		ldrh	r3, [r1, #4]
  99 000c 0381     		strh	r3, [r0, #8]	@ movhi
 100              		.loc 1 106 0
 101 000e 4160     		str	r1, [r0, #4]
 102              		.loc 1 108 0
 103 0010 FFF7FEFF 		bl	pwm_lld_start
 104              	.LVL3:
 105              		.loc 1 109 0
 106 0014 0223     		movs	r3, #2
 107 0016 2370     		strb	r3, [r4]
 108              	.LBB4:
 109              		.loc 1 110 0
 110 0018 0023     		movs	r3, #0
 111              	@ 110 "../ChibiStudio/ChibiOS/os/hal/src/pwm.c" 1
ARM GAS  /var/folders/4k/6h5l9jl178sb4hslwv3xp1mr0000gn/T//ccbX091V.s 			page 3


 112 001a 83F31188 		msr     BASEPRI, r3
 113              	@ 0 "" 2
 114              		.thumb
 115 001e 10BD     		pop	{r4, pc}
 116              	.LBE4:
 117              		.cfi_endproc
 118              	.LFE120:
 119              		.size	pwmStart, .-pwmStart
 120              		.section	.text.pwmStop,"ax",%progbits
 121              		.align	2
 122              		.p2align 4,,15
 123              		.global	pwmStop
 124              		.thumb
 125              		.thumb_func
 126              		.type	pwmStop, %function
 127              	pwmStop:
 128              	.LFB121:
 129              		.loc 1 120 0
 130              		.cfi_startproc
 131              		@ args = 0, pretend = 0, frame = 0
 132              		@ frame_needed = 0, uses_anonymous_args = 0
 133              	.LVL4:
 134 0000 10B5     		push	{r4, lr}
 135              		.cfi_def_cfa_offset 8
 136              		.cfi_offset 4, -8
 137              		.cfi_offset 14, -4
 138              	.LBB5:
 139              		.loc 1 124 0
 140 0002 2023     		movs	r3, #32
 141              	.LBE5:
 142              		.loc 1 120 0
 143 0004 0446     		mov	r4, r0
 144              	.LBB6:
 145              		.loc 1 124 0
 146              	@ 124 "../ChibiStudio/ChibiOS/os/hal/src/pwm.c" 1
 147 0006 83F31188 		msr     BASEPRI, r3
 148              	@ 0 "" 2
 149              		.thumb
 150              	.LBE6:
 151              		.loc 1 127 0
 152 000a FFF7FEFF 		bl	pwm_lld_stop
 153              	.LVL5:
 154              		.loc 1 128 0
 155 000e 0123     		movs	r3, #1
 156 0010 2370     		strb	r3, [r4]
 157              	.LBB7:
 158              		.loc 1 129 0
 159 0012 0023     		movs	r3, #0
 160              	@ 129 "../ChibiStudio/ChibiOS/os/hal/src/pwm.c" 1
 161 0014 83F31188 		msr     BASEPRI, r3
 162              	@ 0 "" 2
 163              		.thumb
 164 0018 10BD     		pop	{r4, pc}
 165              	.LBE7:
 166              		.cfi_endproc
 167              	.LFE121:
 168              		.size	pwmStop, .-pwmStop
ARM GAS  /var/folders/4k/6h5l9jl178sb4hslwv3xp1mr0000gn/T//ccbX091V.s 			page 4


 169 001a 00BFAFF3 		.section	.text.pwmChangePeriod,"ax",%progbits
 169      0080
 170              		.align	2
 171              		.p2align 4,,15
 172              		.global	pwmChangePeriod
 173              		.thumb
 174              		.thumb_func
 175              		.type	pwmChangePeriod, %function
 176              	pwmChangePeriod:
 177              	.LFB122:
 178              		.loc 1 147 0
 179              		.cfi_startproc
 180              		@ args = 0, pretend = 0, frame = 0
 181              		@ frame_needed = 0, uses_anonymous_args = 0
 182              		@ link register save eliminated.
 183              	.LVL6:
 184              	.LBB8:
 185              		.loc 1 151 0
 186 0000 2023     		movs	r3, #32
 187              	@ 151 "../ChibiStudio/ChibiOS/os/hal/src/pwm.c" 1
 188 0002 83F31188 		msr     BASEPRI, r3
 189              	@ 0 "" 2
 190              		.thumb
 191              	.LBE8:
 192              		.loc 1 154 0
 193 0006 0369     		ldr	r3, [r0, #16]
 194 0008 0181     		strh	r1, [r0, #8]	@ movhi
 195 000a 4A1E     		subs	r2, r1, #1
 196 000c 92B2     		uxth	r2, r2
 197 000e DA62     		str	r2, [r3, #44]
 198              	.LBB9:
 199              		.loc 1 155 0
 200 0010 0023     		movs	r3, #0
 201              	@ 155 "../ChibiStudio/ChibiOS/os/hal/src/pwm.c" 1
 202 0012 83F31188 		msr     BASEPRI, r3
 203              	@ 0 "" 2
 204              		.thumb
 205 0016 7047     		bx	lr
 206              	.LBE9:
 207              		.cfi_endproc
 208              	.LFE122:
 209              		.size	pwmChangePeriod, .-pwmChangePeriod
 210 0018 AFF30080 		.section	.text.pwmEnableChannel,"ax",%progbits
 210      AFF30080 
 211              		.align	2
 212              		.p2align 4,,15
 213              		.global	pwmEnableChannel
 214              		.thumb
 215              		.thumb_func
 216              		.type	pwmEnableChannel, %function
 217              	pwmEnableChannel:
 218              	.LFB123:
 219              		.loc 1 174 0
 220              		.cfi_startproc
 221              		@ args = 0, pretend = 0, frame = 0
 222              		@ frame_needed = 0, uses_anonymous_args = 0
 223              	.LVL7:
ARM GAS  /var/folders/4k/6h5l9jl178sb4hslwv3xp1mr0000gn/T//ccbX091V.s 			page 5


 224 0000 08B5     		push	{r3, lr}
 225              		.cfi_def_cfa_offset 8
 226              		.cfi_offset 3, -8
 227              		.cfi_offset 14, -4
 228              	.LBB10:
 229              		.loc 1 179 0
 230 0002 2023     		movs	r3, #32
 231              	@ 179 "../ChibiStudio/ChibiOS/os/hal/src/pwm.c" 1
 232 0004 83F31188 		msr     BASEPRI, r3
 233              	@ 0 "" 2
 234              		.thumb
 235              	.LBE10:
 236              		.loc 1 182 0
 237 0008 FFF7FEFF 		bl	pwm_lld_enable_channel
 238              	.LVL8:
 239              	.LBB11:
 240              		.loc 1 183 0
 241 000c 0023     		movs	r3, #0
 242              	@ 183 "../ChibiStudio/ChibiOS/os/hal/src/pwm.c" 1
 243 000e 83F31188 		msr     BASEPRI, r3
 244              	@ 0 "" 2
 245              		.thumb
 246 0012 08BD     		pop	{r3, pc}
 247              	.LBE11:
 248              		.cfi_endproc
 249              	.LFE123:
 250              		.size	pwmEnableChannel, .-pwmEnableChannel
 251 0014 AFF30080 		.section	.text.pwmDisableChannel,"ax",%progbits
 251      AFF30080 
 251      AFF30080 
 252              		.align	2
 253              		.p2align 4,,15
 254              		.global	pwmDisableChannel
 255              		.thumb
 256              		.thumb_func
 257              		.type	pwmDisableChannel, %function
 258              	pwmDisableChannel:
 259              	.LFB124:
 260              		.loc 1 200 0
 261              		.cfi_startproc
 262              		@ args = 0, pretend = 0, frame = 0
 263              		@ frame_needed = 0, uses_anonymous_args = 0
 264              	.LVL9:
 265 0000 08B5     		push	{r3, lr}
 266              		.cfi_def_cfa_offset 8
 267              		.cfi_offset 3, -8
 268              		.cfi_offset 14, -4
 269              	.LBB12:
 270              		.loc 1 205 0
 271 0002 2023     		movs	r3, #32
 272              	@ 205 "../ChibiStudio/ChibiOS/os/hal/src/pwm.c" 1
 273 0004 83F31188 		msr     BASEPRI, r3
 274              	@ 0 "" 2
 275              		.thumb
 276              	.LBE12:
 277              		.loc 1 208 0
 278 0008 FFF7FEFF 		bl	pwm_lld_disable_channel
ARM GAS  /var/folders/4k/6h5l9jl178sb4hslwv3xp1mr0000gn/T//ccbX091V.s 			page 6


 279              	.LVL10:
 280              	.LBB13:
 281              		.loc 1 209 0
 282 000c 0023     		movs	r3, #0
 283              	@ 209 "../ChibiStudio/ChibiOS/os/hal/src/pwm.c" 1
 284 000e 83F31188 		msr     BASEPRI, r3
 285              	@ 0 "" 2
 286              		.thumb
 287 0012 08BD     		pop	{r3, pc}
 288              	.LBE13:
 289              		.cfi_endproc
 290              	.LFE124:
 291              		.size	pwmDisableChannel, .-pwmDisableChannel
 292 0014 AFF30080 		.text
 292      AFF30080 
 292      AFF30080 
 293              	.Letext0:
 294              		.file 2 "/Users/mikevanis/Documents/workspace/gcc-arm-none-eabi-4_8-2014q1/arm-none-eabi/include/m
 295              		.file 3 "/Users/mikevanis/Documents/workspace/gcc-arm-none-eabi-4_8-2014q1/arm-none-eabi/include/s
 296              		.file 4 "../ChibiStudio/ChibiOS/os/hal/include/pwm.h"
 297              		.file 5 "../ChibiStudio/ChibiOS/os/hal/platforms/STM32/TIMv1/pwm_lld.h"
 298              		.file 6 "../ChibiStudio/ChibiOS/os/hal/platforms/STM32/TIMv1/stm32_tim.h"
 299              		.file 7 "../ChibiStudio/ChibiOS/os/ports/common/ARMCMx/CMSIS/include/core_cm4.h"
 300              		.section	.debug_info,"",%progbits
 301              	.Ldebug_info0:
 302 0000 81060000 		.4byte	0x681
 303 0004 0400     		.2byte	0x4
 304 0006 00000000 		.4byte	.Ldebug_abbrev0
 305 000a 04       		.byte	0x4
 306 000b 01       		.uleb128 0x1
 307 000c 23010000 		.4byte	.LASF64
 308 0010 01       		.byte	0x1
 309 0011 46030000 		.4byte	.LASF65
 310 0015 A8020000 		.4byte	.LASF66
 311 0019 30000000 		.4byte	.Ldebug_ranges0+0x30
 312 001d 00000000 		.4byte	0
 313 0021 00000000 		.4byte	.Ldebug_line0
 314 0025 02       		.uleb128 0x2
 315 0026 04       		.byte	0x4
 316 0027 05       		.byte	0x5
 317 0028 696E7400 		.ascii	"int\000"
 318 002c 03       		.uleb128 0x3
 319 002d 04       		.byte	0x4
 320 002e 07       		.byte	0x7
 321 002f 75020000 		.4byte	.LASF0
 322 0033 03       		.uleb128 0x3
 323 0034 01       		.byte	0x1
 324 0035 06       		.byte	0x6
 325 0036 49020000 		.4byte	.LASF1
 326 003a 04       		.uleb128 0x4
 327 003b FB000000 		.4byte	.LASF4
 328 003f 02       		.byte	0x2
 329 0040 1C       		.byte	0x1c
 330 0041 45000000 		.4byte	0x45
 331 0045 03       		.uleb128 0x3
 332 0046 01       		.byte	0x1
 333 0047 08       		.byte	0x8
ARM GAS  /var/folders/4k/6h5l9jl178sb4hslwv3xp1mr0000gn/T//ccbX091V.s 			page 7


 334 0048 12020000 		.4byte	.LASF2
 335 004c 03       		.uleb128 0x3
 336 004d 02       		.byte	0x2
 337 004e 05       		.byte	0x5
 338 004f 29000000 		.4byte	.LASF3
 339 0053 04       		.uleb128 0x4
 340 0054 7A000000 		.4byte	.LASF5
 341 0058 02       		.byte	0x2
 342 0059 26       		.byte	0x26
 343 005a 5E000000 		.4byte	0x5e
 344 005e 03       		.uleb128 0x3
 345 005f 02       		.byte	0x2
 346 0060 07       		.byte	0x7
 347 0061 95020000 		.4byte	.LASF6
 348 0065 04       		.uleb128 0x4
 349 0066 6E030000 		.4byte	.LASF7
 350 006a 02       		.byte	0x2
 351 006b 37       		.byte	0x37
 352 006c 70000000 		.4byte	0x70
 353 0070 03       		.uleb128 0x3
 354 0071 04       		.byte	0x4
 355 0072 05       		.byte	0x5
 356 0073 D9000000 		.4byte	.LASF8
 357 0077 04       		.uleb128 0x4
 358 0078 6A000000 		.4byte	.LASF9
 359 007c 02       		.byte	0x2
 360 007d 38       		.byte	0x38
 361 007e 82000000 		.4byte	0x82
 362 0082 03       		.uleb128 0x3
 363 0083 04       		.byte	0x4
 364 0084 07       		.byte	0x7
 365 0085 2E030000 		.4byte	.LASF10
 366 0089 03       		.uleb128 0x3
 367 008a 08       		.byte	0x8
 368 008b 05       		.byte	0x5
 369 008c CB000000 		.4byte	.LASF11
 370 0090 03       		.uleb128 0x3
 371 0091 08       		.byte	0x8
 372 0092 07       		.byte	0x7
 373 0093 55020000 		.4byte	.LASF12
 374 0097 04       		.uleb128 0x4
 375 0098 A3000000 		.4byte	.LASF13
 376 009c 03       		.byte	0x3
 377 009d 2A       		.byte	0x2a
 378 009e 3A000000 		.4byte	0x3a
 379 00a2 04       		.uleb128 0x4
 380 00a3 82020000 		.4byte	.LASF14
 381 00a7 03       		.byte	0x3
 382 00a8 36       		.byte	0x36
 383 00a9 53000000 		.4byte	0x53
 384 00ad 04       		.uleb128 0x4
 385 00ae 08030000 		.4byte	.LASF15
 386 00b2 03       		.byte	0x3
 387 00b3 41       		.byte	0x41
 388 00b4 65000000 		.4byte	0x65
 389 00b8 04       		.uleb128 0x4
 390 00b9 6C020000 		.4byte	.LASF16
ARM GAS  /var/folders/4k/6h5l9jl178sb4hslwv3xp1mr0000gn/T//ccbX091V.s 			page 8


 391 00bd 03       		.byte	0x3
 392 00be 42       		.byte	0x42
 393 00bf 77000000 		.4byte	0x77
 394 00c3 03       		.uleb128 0x3
 395 00c4 01       		.byte	0x1
 396 00c5 02       		.byte	0x2
 397 00c6 10030000 		.4byte	.LASF17
 398 00ca 05       		.uleb128 0x5
 399 00cb B8000000 		.4byte	0xb8
 400 00cf 03       		.uleb128 0x3
 401 00d0 04       		.byte	0x4
 402 00d1 07       		.byte	0x7
 403 00d2 3C000000 		.4byte	.LASF18
 404 00d6 03       		.uleb128 0x3
 405 00d7 01       		.byte	0x1
 406 00d8 08       		.byte	0x8
 407 00d9 ED020000 		.4byte	.LASF19
 408 00dd 06       		.uleb128 0x6
 409 00de B8000000 		.4byte	0xb8
 410 00e2 ED000000 		.4byte	0xed
 411 00e6 07       		.uleb128 0x7
 412 00e7 CF000000 		.4byte	0xcf
 413 00eb 03       		.byte	0x3
 414 00ec 00       		.byte	0
 415 00ed 05       		.uleb128 0x5
 416 00ee AD000000 		.4byte	0xad
 417 00f2 08       		.uleb128 0x8
 418 00f3 01       		.byte	0x1
 419 00f4 04       		.byte	0x4
 420 00f5 55       		.byte	0x55
 421 00f6 0D010000 		.4byte	0x10d
 422 00fa 09       		.uleb128 0x9
 423 00fb 07020000 		.4byte	.LASF20
 424 00ff 00       		.sleb128 0
 425 0100 09       		.uleb128 0x9
 426 0101 82030000 		.4byte	.LASF21
 427 0105 01       		.sleb128 1
 428 0106 09       		.uleb128 0x9
 429 0107 78030000 		.4byte	.LASF22
 430 010b 02       		.sleb128 2
 431 010c 00       		.byte	0
 432 010d 04       		.uleb128 0x4
 433 010e CA030000 		.4byte	.LASF23
 434 0112 04       		.byte	0x4
 435 0113 59       		.byte	0x59
 436 0114 F2000000 		.4byte	0xf2
 437 0118 04       		.uleb128 0x4
 438 0119 FE020000 		.4byte	.LASF24
 439 011d 04       		.byte	0x4
 440 011e 5E       		.byte	0x5e
 441 011f 23010000 		.4byte	0x123
 442 0123 0A       		.uleb128 0xa
 443 0124 FE020000 		.4byte	.LASF24
 444 0128 14       		.byte	0x14
 445 0129 05       		.byte	0x5
 446 012a 6F01     		.2byte	0x16f
 447 012c 72010000 		.4byte	0x172
ARM GAS  /var/folders/4k/6h5l9jl178sb4hslwv3xp1mr0000gn/T//ccbX091V.s 			page 9


 448 0130 0B       		.uleb128 0xb
 449 0131 17000000 		.4byte	.LASF25
 450 0135 05       		.byte	0x5
 451 0136 7301     		.2byte	0x173
 452 0138 0D010000 		.4byte	0x10d
 453 013c 00       		.byte	0
 454 013d 0B       		.uleb128 0xb
 455 013e 8E000000 		.4byte	.LASF26
 456 0142 05       		.byte	0x5
 457 0143 7701     		.2byte	0x177
 458 0145 86030000 		.4byte	0x386
 459 0149 04       		.byte	0x4
 460 014a 0B       		.uleb128 0xb
 461 014b F4000000 		.4byte	.LASF27
 462 014f 05       		.byte	0x5
 463 0150 7B01     		.2byte	0x17b
 464 0152 D6020000 		.4byte	0x2d6
 465 0156 08       		.byte	0x8
 466 0157 0B       		.uleb128 0xb
 467 0158 40030000 		.4byte	.LASF28
 468 015c 05       		.byte	0x5
 469 015d 8301     		.2byte	0x183
 470 015f B8000000 		.4byte	0xb8
 471 0163 0C       		.byte	0xc
 472 0164 0C       		.uleb128 0xc
 473 0165 74696D00 		.ascii	"tim\000"
 474 0169 05       		.byte	0x5
 475 016a 8701     		.2byte	0x187
 476 016c 91030000 		.4byte	0x391
 477 0170 10       		.byte	0x10
 478 0171 00       		.byte	0
 479 0172 04       		.uleb128 0x4
 480 0173 D5030000 		.4byte	.LASF29
 481 0177 04       		.byte	0x4
 482 0178 65       		.byte	0x65
 483 0179 7D010000 		.4byte	0x17d
 484 017d 0D       		.uleb128 0xd
 485 017e 04       		.byte	0x4
 486 017f 83010000 		.4byte	0x183
 487 0183 0E       		.uleb128 0xe
 488 0184 8E010000 		.4byte	0x18e
 489 0188 0F       		.uleb128 0xf
 490 0189 8E010000 		.4byte	0x18e
 491 018d 00       		.byte	0
 492 018e 0D       		.uleb128 0xd
 493 018f 04       		.byte	0x4
 494 0190 18010000 		.4byte	0x118
 495 0194 10       		.uleb128 0x10
 496 0195 60       		.byte	0x60
 497 0196 06       		.byte	0x6
 498 0197 9E01     		.2byte	0x19e
 499 0199 AD020000 		.4byte	0x2ad
 500 019d 0C       		.uleb128 0xc
 501 019e 43523100 		.ascii	"CR1\000"
 502 01a2 06       		.byte	0x6
 503 01a3 9F01     		.2byte	0x19f
 504 01a5 CA000000 		.4byte	0xca
ARM GAS  /var/folders/4k/6h5l9jl178sb4hslwv3xp1mr0000gn/T//ccbX091V.s 			page 10


 505 01a9 00       		.byte	0
 506 01aa 0C       		.uleb128 0xc
 507 01ab 43523200 		.ascii	"CR2\000"
 508 01af 06       		.byte	0x6
 509 01b0 A001     		.2byte	0x1a0
 510 01b2 CA000000 		.4byte	0xca
 511 01b6 04       		.byte	0x4
 512 01b7 0B       		.uleb128 0xb
 513 01b8 02020000 		.4byte	.LASF30
 514 01bc 06       		.byte	0x6
 515 01bd A101     		.2byte	0x1a1
 516 01bf CA000000 		.4byte	0xca
 517 01c3 08       		.byte	0x8
 518 01c4 0B       		.uleb128 0xb
 519 01c5 90020000 		.4byte	.LASF31
 520 01c9 06       		.byte	0x6
 521 01ca A201     		.2byte	0x1a2
 522 01cc CA000000 		.4byte	0xca
 523 01d0 0C       		.byte	0xc
 524 01d1 0C       		.uleb128 0xc
 525 01d2 535200   		.ascii	"SR\000"
 526 01d5 06       		.byte	0x6
 527 01d6 A301     		.2byte	0x1a3
 528 01d8 CA000000 		.4byte	0xca
 529 01dc 10       		.byte	0x10
 530 01dd 0C       		.uleb128 0xc
 531 01de 45475200 		.ascii	"EGR\000"
 532 01e2 06       		.byte	0x6
 533 01e3 A401     		.2byte	0x1a4
 534 01e5 CA000000 		.4byte	0xca
 535 01e9 14       		.byte	0x14
 536 01ea 0B       		.uleb128 0xb
 537 01eb 05010000 		.4byte	.LASF32
 538 01ef 06       		.byte	0x6
 539 01f0 A501     		.2byte	0x1a5
 540 01f2 CA000000 		.4byte	0xca
 541 01f6 18       		.byte	0x18
 542 01f7 0B       		.uleb128 0xb
 543 01f8 1D000000 		.4byte	.LASF33
 544 01fc 06       		.byte	0x6
 545 01fd A601     		.2byte	0x1a6
 546 01ff CA000000 		.4byte	0xca
 547 0203 1C       		.byte	0x1c
 548 0204 0B       		.uleb128 0xb
 549 0205 00000000 		.4byte	.LASF34
 550 0209 06       		.byte	0x6
 551 020a A701     		.2byte	0x1a7
 552 020c CA000000 		.4byte	0xca
 553 0210 20       		.byte	0x20
 554 0211 0C       		.uleb128 0xc
 555 0212 434E5400 		.ascii	"CNT\000"
 556 0216 06       		.byte	0x6
 557 0217 A801     		.2byte	0x1a8
 558 0219 CA000000 		.4byte	0xca
 559 021d 24       		.byte	0x24
 560 021e 0C       		.uleb128 0xc
 561 021f 50534300 		.ascii	"PSC\000"
ARM GAS  /var/folders/4k/6h5l9jl178sb4hslwv3xp1mr0000gn/T//ccbX091V.s 			page 11


 562 0223 06       		.byte	0x6
 563 0224 A901     		.2byte	0x1a9
 564 0226 CA000000 		.4byte	0xca
 565 022a 28       		.byte	0x28
 566 022b 0C       		.uleb128 0xc
 567 022c 41525200 		.ascii	"ARR\000"
 568 0230 06       		.byte	0x6
 569 0231 AA01     		.2byte	0x1aa
 570 0233 CA000000 		.4byte	0xca
 571 0237 2C       		.byte	0x2c
 572 0238 0C       		.uleb128 0xc
 573 0239 52435200 		.ascii	"RCR\000"
 574 023d 06       		.byte	0x6
 575 023e AB01     		.2byte	0x1ab
 576 0240 CA000000 		.4byte	0xca
 577 0244 30       		.byte	0x30
 578 0245 0C       		.uleb128 0xc
 579 0246 43435200 		.ascii	"CCR\000"
 580 024a 06       		.byte	0x6
 581 024b AC01     		.2byte	0x1ac
 582 024d AD020000 		.4byte	0x2ad
 583 0251 34       		.byte	0x34
 584 0252 0B       		.uleb128 0xb
 585 0253 8B020000 		.4byte	.LASF35
 586 0257 06       		.byte	0x6
 587 0258 AD01     		.2byte	0x1ad
 588 025a CA000000 		.4byte	0xca
 589 025e 44       		.byte	0x44
 590 025f 0C       		.uleb128 0xc
 591 0260 44435200 		.ascii	"DCR\000"
 592 0264 06       		.byte	0x6
 593 0265 AE01     		.2byte	0x1ae
 594 0267 CA000000 		.4byte	0xca
 595 026b 48       		.byte	0x48
 596 026c 0B       		.uleb128 0xb
 597 026d 12000000 		.4byte	.LASF36
 598 0271 06       		.byte	0x6
 599 0272 AF01     		.2byte	0x1af
 600 0274 CA000000 		.4byte	0xca
 601 0278 4C       		.byte	0x4c
 602 0279 0C       		.uleb128 0xc
 603 027a 4F5200   		.ascii	"OR\000"
 604 027d 06       		.byte	0x6
 605 027e B001     		.2byte	0x1b0
 606 0280 CA000000 		.4byte	0xca
 607 0284 50       		.byte	0x50
 608 0285 0B       		.uleb128 0xb
 609 0286 23000000 		.4byte	.LASF37
 610 028a 06       		.byte	0x6
 611 028b B101     		.2byte	0x1b1
 612 028d CA000000 		.4byte	0xca
 613 0291 54       		.byte	0x54
 614 0292 0B       		.uleb128 0xb
 615 0293 EA000000 		.4byte	.LASF38
 616 0297 06       		.byte	0x6
 617 0298 B201     		.2byte	0x1b2
 618 029a CA000000 		.4byte	0xca
ARM GAS  /var/folders/4k/6h5l9jl178sb4hslwv3xp1mr0000gn/T//ccbX091V.s 			page 12


 619 029e 58       		.byte	0x58
 620 029f 0B       		.uleb128 0xb
 621 02a0 EF000000 		.4byte	.LASF39
 622 02a4 06       		.byte	0x6
 623 02a5 B301     		.2byte	0x1b3
 624 02a7 CA000000 		.4byte	0xca
 625 02ab 5C       		.byte	0x5c
 626 02ac 00       		.byte	0
 627 02ad 05       		.uleb128 0x5
 628 02ae DD000000 		.4byte	0xdd
 629 02b2 11       		.uleb128 0x11
 630 02b3 F2020000 		.4byte	.LASF40
 631 02b7 06       		.byte	0x6
 632 02b8 B401     		.2byte	0x1b4
 633 02ba 94010000 		.4byte	0x194
 634 02be 11       		.uleb128 0x11
 635 02bf B3030000 		.4byte	.LASF41
 636 02c3 05       		.byte	0x5
 637 02c4 2001     		.2byte	0x120
 638 02c6 B8000000 		.4byte	0xb8
 639 02ca 11       		.uleb128 0x11
 640 02cb 5D000000 		.4byte	.LASF42
 641 02cf 05       		.byte	0x5
 642 02d0 2501     		.2byte	0x125
 643 02d2 97000000 		.4byte	0x97
 644 02d6 11       		.uleb128 0x11
 645 02d7 33000000 		.4byte	.LASF43
 646 02db 05       		.byte	0x5
 647 02dc 2A01     		.2byte	0x12a
 648 02de A2000000 		.4byte	0xa2
 649 02e2 10       		.uleb128 0x10
 650 02e3 08       		.byte	0x8
 651 02e4 05       		.byte	0x5
 652 02e5 2F01     		.2byte	0x12f
 653 02e7 06030000 		.4byte	0x306
 654 02eb 0B       		.uleb128 0xb
 655 02ec 75000000 		.4byte	.LASF44
 656 02f0 05       		.byte	0x5
 657 02f1 3301     		.2byte	0x133
 658 02f3 BE020000 		.4byte	0x2be
 659 02f7 00       		.byte	0
 660 02f8 0B       		.uleb128 0xb
 661 02f9 E3030000 		.4byte	.LASF45
 662 02fd 05       		.byte	0x5
 663 02fe 3901     		.2byte	0x139
 664 0300 72010000 		.4byte	0x172
 665 0304 04       		.byte	0x4
 666 0305 00       		.byte	0
 667 0306 11       		.uleb128 0x11
 668 0307 A2030000 		.4byte	.LASF46
 669 030b 05       		.byte	0x5
 670 030c 3B01     		.2byte	0x13b
 671 030e E2020000 		.4byte	0x2e2
 672 0312 10       		.uleb128 0x10
 673 0313 34       		.byte	0x34
 674 0314 05       		.byte	0x5
 675 0315 4001     		.2byte	0x140
ARM GAS  /var/folders/4k/6h5l9jl178sb4hslwv3xp1mr0000gn/T//ccbX091V.s 			page 13


 676 0317 6A030000 		.4byte	0x36a
 677 031b 0B       		.uleb128 0xb
 678 031c 98030000 		.4byte	.LASF47
 679 0320 05       		.byte	0x5
 680 0321 4601     		.2byte	0x146
 681 0323 B8000000 		.4byte	0xb8
 682 0327 00       		.byte	0
 683 0328 0B       		.uleb128 0xb
 684 0329 F4000000 		.4byte	.LASF27
 685 032d 05       		.byte	0x5
 686 032e 4C01     		.2byte	0x14c
 687 0330 D6020000 		.4byte	0x2d6
 688 0334 04       		.byte	0x4
 689 0335 0B       		.uleb128 0xb
 690 0336 E3030000 		.4byte	.LASF45
 691 033a 05       		.byte	0x5
 692 033b 5201     		.2byte	0x152
 693 033d 72010000 		.4byte	0x172
 694 0341 08       		.byte	0x8
 695 0342 0B       		.uleb128 0xb
 696 0343 85000000 		.4byte	.LASF48
 697 0347 05       		.byte	0x5
 698 0348 5601     		.2byte	0x156
 699 034a 6A030000 		.4byte	0x36a
 700 034e 0C       		.byte	0xc
 701 034f 0C       		.uleb128 0xc
 702 0350 63723200 		.ascii	"cr2\000"
 703 0354 05       		.byte	0x5
 704 0355 5C01     		.2byte	0x15c
 705 0357 B8000000 		.4byte	0xb8
 706 035b 2C       		.byte	0x2c
 707 035c 0B       		.uleb128 0xb
 708 035d 8B030000 		.4byte	.LASF49
 709 0361 05       		.byte	0x5
 710 0362 6901     		.2byte	0x169
 711 0364 B8000000 		.4byte	0xb8
 712 0368 30       		.byte	0x30
 713 0369 00       		.byte	0
 714 036a 06       		.uleb128 0x6
 715 036b 06030000 		.4byte	0x306
 716 036f 7A030000 		.4byte	0x37a
 717 0373 07       		.uleb128 0x7
 718 0374 CF000000 		.4byte	0xcf
 719 0378 03       		.byte	0x3
 720 0379 00       		.byte	0
 721 037a 11       		.uleb128 0x11
 722 037b 19010000 		.4byte	.LASF50
 723 037f 05       		.byte	0x5
 724 0380 6A01     		.2byte	0x16a
 725 0382 12030000 		.4byte	0x312
 726 0386 0D       		.uleb128 0xd
 727 0387 04       		.byte	0x4
 728 0388 8C030000 		.4byte	0x38c
 729 038c 12       		.uleb128 0x12
 730 038d 7A030000 		.4byte	0x37a
 731 0391 0D       		.uleb128 0xd
 732 0392 04       		.byte	0x4
ARM GAS  /var/folders/4k/6h5l9jl178sb4hslwv3xp1mr0000gn/T//ccbX091V.s 			page 14


 733 0393 B2020000 		.4byte	0x2b2
 734 0397 13       		.uleb128 0x13
 735 0398 E2000000 		.4byte	.LASF51
 736 039c 01       		.byte	0x1
 737 039d 44       		.byte	0x44
 738 039e 00000000 		.4byte	.LFB118
 739 03a2 04000000 		.4byte	.LFE118-.LFB118
 740 03a6 01       		.uleb128 0x1
 741 03a7 9C       		.byte	0x9c
 742 03a8 B6030000 		.4byte	0x3b6
 743 03ac 14       		.uleb128 0x14
 744 03ad 04000000 		.4byte	.LVL0
 745 03b1 29060000 		.4byte	0x629
 746 03b5 00       		.byte	0
 747 03b6 13       		.uleb128 0x13
 748 03b7 95000000 		.4byte	.LASF52
 749 03bb 01       		.byte	0x1
 750 03bc 50       		.byte	0x50
 751 03bd 00000000 		.4byte	.LFB119
 752 03c1 0A000000 		.4byte	.LFE119-.LFB119
 753 03c5 01       		.uleb128 0x1
 754 03c6 9C       		.byte	0x9c
 755 03c7 D9030000 		.4byte	0x3d9
 756 03cb 15       		.uleb128 0x15
 757 03cc FD010000 		.4byte	.LASF54
 758 03d0 01       		.byte	0x1
 759 03d1 50       		.byte	0x50
 760 03d2 8E010000 		.4byte	0x18e
 761 03d6 01       		.uleb128 0x1
 762 03d7 50       		.byte	0x50
 763 03d8 00       		.byte	0
 764 03d9 13       		.uleb128 0x13
 765 03da C2000000 		.4byte	.LASF53
 766 03de 01       		.byte	0x1
 767 03df 63       		.byte	0x63
 768 03e0 00000000 		.4byte	.LFB120
 769 03e4 20000000 		.4byte	.LFE120-.LFB120
 770 03e8 01       		.uleb128 0x1
 771 03e9 9C       		.byte	0x9c
 772 03ea 4F040000 		.4byte	0x44f
 773 03ee 16       		.uleb128 0x16
 774 03ef FD010000 		.4byte	.LASF54
 775 03f3 01       		.byte	0x1
 776 03f4 63       		.byte	0x63
 777 03f5 8E010000 		.4byte	0x18e
 778 03f9 00000000 		.4byte	.LLST0
 779 03fd 16       		.uleb128 0x16
 780 03fe 8E000000 		.4byte	.LASF26
 781 0402 01       		.byte	0x1
 782 0403 63       		.byte	0x63
 783 0404 86030000 		.4byte	0x386
 784 0408 1E000000 		.4byte	.LLST1
 785 040c 17       		.uleb128 0x17
 786 040d 00000000 		.4byte	.Ldebug_ranges0+0
 787 0411 23040000 		.4byte	0x423
 788 0415 18       		.uleb128 0x18
 789 0416 746D7000 		.ascii	"tmp\000"
ARM GAS  /var/folders/4k/6h5l9jl178sb4hslwv3xp1mr0000gn/T//ccbX091V.s 			page 15


 790 041a 01       		.byte	0x1
 791 041b 67       		.byte	0x67
 792 041c B8000000 		.4byte	0xb8
 793 0420 01       		.uleb128 0x1
 794 0421 53       		.byte	0x53
 795 0422 00       		.byte	0
 796 0423 19       		.uleb128 0x19
 797 0424 18000000 		.4byte	.LBB4
 798 0428 08000000 		.4byte	.LBE4-.LBB4
 799 042c 3E040000 		.4byte	0x43e
 800 0430 18       		.uleb128 0x18
 801 0431 746D7000 		.ascii	"tmp\000"
 802 0435 01       		.byte	0x1
 803 0436 6E       		.byte	0x6e
 804 0437 B8000000 		.4byte	0xb8
 805 043b 01       		.uleb128 0x1
 806 043c 53       		.byte	0x53
 807 043d 00       		.byte	0
 808 043e 1A       		.uleb128 0x1a
 809 043f 14000000 		.4byte	.LVL3
 810 0443 31060000 		.4byte	0x631
 811 0447 1B       		.uleb128 0x1b
 812 0448 01       		.uleb128 0x1
 813 0449 50       		.byte	0x50
 814 044a 02       		.uleb128 0x2
 815 044b 74       		.byte	0x74
 816 044c 00       		.sleb128 0
 817 044d 00       		.byte	0
 818 044e 00       		.byte	0
 819 044f 13       		.uleb128 0x13
 820 0450 90030000 		.4byte	.LASF55
 821 0454 01       		.byte	0x1
 822 0455 78       		.byte	0x78
 823 0456 00000000 		.4byte	.LFB121
 824 045a 1A000000 		.4byte	.LFE121-.LFB121
 825 045e 01       		.uleb128 0x1
 826 045f 9C       		.byte	0x9c
 827 0460 B6040000 		.4byte	0x4b6
 828 0464 16       		.uleb128 0x16
 829 0465 FD010000 		.4byte	.LASF54
 830 0469 01       		.byte	0x1
 831 046a 78       		.byte	0x78
 832 046b 8E010000 		.4byte	0x18e
 833 046f 3F000000 		.4byte	.LLST2
 834 0473 17       		.uleb128 0x17
 835 0474 18000000 		.4byte	.Ldebug_ranges0+0x18
 836 0478 8A040000 		.4byte	0x48a
 837 047c 18       		.uleb128 0x18
 838 047d 746D7000 		.ascii	"tmp\000"
 839 0481 01       		.byte	0x1
 840 0482 7C       		.byte	0x7c
 841 0483 B8000000 		.4byte	0xb8
 842 0487 01       		.uleb128 0x1
 843 0488 53       		.byte	0x53
 844 0489 00       		.byte	0
 845 048a 19       		.uleb128 0x19
 846 048b 12000000 		.4byte	.LBB7
ARM GAS  /var/folders/4k/6h5l9jl178sb4hslwv3xp1mr0000gn/T//ccbX091V.s 			page 16


 847 048f 08000000 		.4byte	.LBE7-.LBB7
 848 0493 A5040000 		.4byte	0x4a5
 849 0497 18       		.uleb128 0x18
 850 0498 746D7000 		.ascii	"tmp\000"
 851 049c 01       		.byte	0x1
 852 049d 81       		.byte	0x81
 853 049e B8000000 		.4byte	0xb8
 854 04a2 01       		.uleb128 0x1
 855 04a3 53       		.byte	0x53
 856 04a4 00       		.byte	0
 857 04a5 1A       		.uleb128 0x1a
 858 04a6 0E000000 		.4byte	.LVL5
 859 04aa 43060000 		.4byte	0x643
 860 04ae 1B       		.uleb128 0x1b
 861 04af 01       		.uleb128 0x1
 862 04b0 50       		.byte	0x50
 863 04b1 02       		.uleb128 0x2
 864 04b2 74       		.byte	0x74
 865 04b3 00       		.sleb128 0
 866 04b4 00       		.byte	0
 867 04b5 00       		.byte	0
 868 04b6 13       		.uleb128 0x13
 869 04b7 1E030000 		.4byte	.LASF56
 870 04bb 01       		.byte	0x1
 871 04bc 93       		.byte	0x93
 872 04bd 00000000 		.4byte	.LFB122
 873 04c1 18000000 		.4byte	.LFE122-.LFB122
 874 04c5 01       		.uleb128 0x1
 875 04c6 9C       		.byte	0x9c
 876 04c7 18050000 		.4byte	0x518
 877 04cb 15       		.uleb128 0x15
 878 04cc FD010000 		.4byte	.LASF54
 879 04d0 01       		.byte	0x1
 880 04d1 93       		.byte	0x93
 881 04d2 8E010000 		.4byte	0x18e
 882 04d6 01       		.uleb128 0x1
 883 04d7 50       		.byte	0x50
 884 04d8 15       		.uleb128 0x15
 885 04d9 F4000000 		.4byte	.LASF27
 886 04dd 01       		.byte	0x1
 887 04de 93       		.byte	0x93
 888 04df D6020000 		.4byte	0x2d6
 889 04e3 01       		.uleb128 0x1
 890 04e4 51       		.byte	0x51
 891 04e5 19       		.uleb128 0x19
 892 04e6 00000000 		.4byte	.LBB8
 893 04ea 06000000 		.4byte	.LBE8-.LBB8
 894 04ee 00050000 		.4byte	0x500
 895 04f2 18       		.uleb128 0x18
 896 04f3 746D7000 		.ascii	"tmp\000"
 897 04f7 01       		.byte	0x1
 898 04f8 97       		.byte	0x97
 899 04f9 B8000000 		.4byte	0xb8
 900 04fd 01       		.uleb128 0x1
 901 04fe 53       		.byte	0x53
 902 04ff 00       		.byte	0
 903 0500 1C       		.uleb128 0x1c
ARM GAS  /var/folders/4k/6h5l9jl178sb4hslwv3xp1mr0000gn/T//ccbX091V.s 			page 17


 904 0501 10000000 		.4byte	.LBB9
 905 0505 08000000 		.4byte	.LBE9-.LBB9
 906 0509 18       		.uleb128 0x18
 907 050a 746D7000 		.ascii	"tmp\000"
 908 050e 01       		.byte	0x1
 909 050f 9B       		.byte	0x9b
 910 0510 B8000000 		.4byte	0xb8
 911 0514 01       		.uleb128 0x1
 912 0515 53       		.byte	0x53
 913 0516 00       		.byte	0
 914 0517 00       		.byte	0
 915 0518 13       		.uleb128 0x13
 916 0519 AB000000 		.4byte	.LASF57
 917 051d 01       		.byte	0x1
 918 051e AC       		.byte	0xac
 919 051f 00000000 		.4byte	.LFB123
 920 0523 14000000 		.4byte	.LFE123-.LFB123
 921 0527 01       		.uleb128 0x1
 922 0528 9C       		.byte	0x9c
 923 0529 A2050000 		.4byte	0x5a2
 924 052d 16       		.uleb128 0x16
 925 052e FD010000 		.4byte	.LASF54
 926 0532 01       		.byte	0x1
 927 0533 AC       		.byte	0xac
 928 0534 8E010000 		.4byte	0x18e
 929 0538 5D000000 		.4byte	.LLST3
 930 053c 16       		.uleb128 0x16
 931 053d 16030000 		.4byte	.LASF58
 932 0541 01       		.byte	0x1
 933 0542 AD       		.byte	0xad
 934 0543 CA020000 		.4byte	0x2ca
 935 0547 7E000000 		.4byte	.LLST4
 936 054b 16       		.uleb128 0x16
 937 054c BC000000 		.4byte	.LASF59
 938 0550 01       		.byte	0x1
 939 0551 AE       		.byte	0xae
 940 0552 D6020000 		.4byte	0x2d6
 941 0556 9F000000 		.4byte	.LLST5
 942 055a 19       		.uleb128 0x19
 943 055b 02000000 		.4byte	.LBB10
 944 055f 06000000 		.4byte	.LBE10-.LBB10
 945 0563 75050000 		.4byte	0x575
 946 0567 18       		.uleb128 0x18
 947 0568 746D7000 		.ascii	"tmp\000"
 948 056c 01       		.byte	0x1
 949 056d B3       		.byte	0xb3
 950 056e B8000000 		.4byte	0xb8
 951 0572 01       		.uleb128 0x1
 952 0573 53       		.byte	0x53
 953 0574 00       		.byte	0
 954 0575 19       		.uleb128 0x19
 955 0576 0C000000 		.4byte	.LBB11
 956 057a 08000000 		.4byte	.LBE11-.LBB11
 957 057e 90050000 		.4byte	0x590
 958 0582 18       		.uleb128 0x18
 959 0583 746D7000 		.ascii	"tmp\000"
 960 0587 01       		.byte	0x1
ARM GAS  /var/folders/4k/6h5l9jl178sb4hslwv3xp1mr0000gn/T//ccbX091V.s 			page 18


 961 0588 B7       		.byte	0xb7
 962 0589 B8000000 		.4byte	0xb8
 963 058d 01       		.uleb128 0x1
 964 058e 53       		.byte	0x53
 965 058f 00       		.byte	0
 966 0590 1A       		.uleb128 0x1a
 967 0591 0C000000 		.4byte	.LVL8
 968 0595 55060000 		.4byte	0x655
 969 0599 1B       		.uleb128 0x1b
 970 059a 01       		.uleb128 0x1
 971 059b 50       		.byte	0x50
 972 059c 03       		.uleb128 0x3
 973 059d F3       		.byte	0xf3
 974 059e 01       		.uleb128 0x1
 975 059f 50       		.byte	0x50
 976 05a0 00       		.byte	0
 977 05a1 00       		.byte	0
 978 05a2 13       		.uleb128 0x13
 979 05a3 37020000 		.4byte	.LASF60
 980 05a7 01       		.byte	0x1
 981 05a8 C8       		.byte	0xc8
 982 05a9 00000000 		.4byte	.LFB124
 983 05ad 14000000 		.4byte	.LFE124-.LFB124
 984 05b1 01       		.uleb128 0x1
 985 05b2 9C       		.byte	0x9c
 986 05b3 1D060000 		.4byte	0x61d
 987 05b7 16       		.uleb128 0x16
 988 05b8 FD010000 		.4byte	.LASF54
 989 05bc 01       		.byte	0x1
 990 05bd C8       		.byte	0xc8
 991 05be 8E010000 		.4byte	0x18e
 992 05c2 C0000000 		.4byte	.LLST6
 993 05c6 16       		.uleb128 0x16
 994 05c7 16030000 		.4byte	.LASF58
 995 05cb 01       		.byte	0x1
 996 05cc C8       		.byte	0xc8
 997 05cd CA020000 		.4byte	0x2ca
 998 05d1 E1000000 		.4byte	.LLST7
 999 05d5 19       		.uleb128 0x19
 1000 05d6 02000000 		.4byte	.LBB12
 1001 05da 06000000 		.4byte	.LBE12-.LBB12
 1002 05de F0050000 		.4byte	0x5f0
 1003 05e2 18       		.uleb128 0x18
 1004 05e3 746D7000 		.ascii	"tmp\000"
 1005 05e7 01       		.byte	0x1
 1006 05e8 CD       		.byte	0xcd
 1007 05e9 B8000000 		.4byte	0xb8
 1008 05ed 01       		.uleb128 0x1
 1009 05ee 53       		.byte	0x53
 1010 05ef 00       		.byte	0
 1011 05f0 19       		.uleb128 0x19
 1012 05f1 0C000000 		.4byte	.LBB13
 1013 05f5 08000000 		.4byte	.LBE13-.LBB13
 1014 05f9 0B060000 		.4byte	0x60b
 1015 05fd 18       		.uleb128 0x18
 1016 05fe 746D7000 		.ascii	"tmp\000"
 1017 0602 01       		.byte	0x1
ARM GAS  /var/folders/4k/6h5l9jl178sb4hslwv3xp1mr0000gn/T//ccbX091V.s 			page 19


 1018 0603 D1       		.byte	0xd1
 1019 0604 B8000000 		.4byte	0xb8
 1020 0608 01       		.uleb128 0x1
 1021 0609 53       		.byte	0x53
 1022 060a 00       		.byte	0
 1023 060b 1A       		.uleb128 0x1a
 1024 060c 0C000000 		.4byte	.LVL10
 1025 0610 71060000 		.4byte	0x671
 1026 0614 1B       		.uleb128 0x1b
 1027 0615 01       		.uleb128 0x1
 1028 0616 50       		.byte	0x50
 1029 0617 03       		.uleb128 0x3
 1030 0618 F3       		.byte	0xf3
 1031 0619 01       		.uleb128 0x1
 1032 061a 50       		.byte	0x50
 1033 061b 00       		.byte	0
 1034 061c 00       		.byte	0
 1035 061d 1D       		.uleb128 0x1d
 1036 061e BD030000 		.4byte	.LASF67
 1037 0622 07       		.byte	0x7
 1038 0623 9806     		.2byte	0x698
 1039 0625 ED000000 		.4byte	0xed
 1040 0629 1E       		.uleb128 0x1e
 1041 062a E0020000 		.4byte	.LASF68
 1042 062e 05       		.byte	0x5
 1043 062f D101     		.2byte	0x1d1
 1044 0631 1F       		.uleb128 0x1f
 1045 0632 0B010000 		.4byte	.LASF61
 1046 0636 05       		.byte	0x5
 1047 0637 D201     		.2byte	0x1d2
 1048 0639 43060000 		.4byte	0x643
 1049 063d 0F       		.uleb128 0xf
 1050 063e 8E010000 		.4byte	0x18e
 1051 0642 00       		.byte	0
 1052 0643 1F       		.uleb128 0x1f
 1053 0644 05000000 		.4byte	.LASF62
 1054 0648 05       		.byte	0x5
 1055 0649 D301     		.2byte	0x1d3
 1056 064b 55060000 		.4byte	0x655
 1057 064f 0F       		.uleb128 0xf
 1058 0650 8E010000 		.4byte	0x18e
 1059 0654 00       		.byte	0
 1060 0655 1F       		.uleb128 0x1f
 1061 0656 20020000 		.4byte	.LASF63
 1062 065a 05       		.byte	0x5
 1063 065b D401     		.2byte	0x1d4
 1064 065d 71060000 		.4byte	0x671
 1065 0661 0F       		.uleb128 0xf
 1066 0662 8E010000 		.4byte	0x18e
 1067 0666 0F       		.uleb128 0xf
 1068 0667 CA020000 		.4byte	0x2ca
 1069 066b 0F       		.uleb128 0xf
 1070 066c D6020000 		.4byte	0x2d6
 1071 0670 00       		.byte	0
 1072 0671 20       		.uleb128 0x20
 1073 0672 45000000 		.4byte	.LASF69
 1074 0676 05       		.byte	0x5
ARM GAS  /var/folders/4k/6h5l9jl178sb4hslwv3xp1mr0000gn/T//ccbX091V.s 			page 20


 1075 0677 D701     		.2byte	0x1d7
 1076 0679 0F       		.uleb128 0xf
 1077 067a 8E010000 		.4byte	0x18e
 1078 067e 0F       		.uleb128 0xf
 1079 067f CA020000 		.4byte	0x2ca
 1080 0683 00       		.byte	0
 1081 0684 00       		.byte	0
 1082              		.section	.debug_abbrev,"",%progbits
 1083              	.Ldebug_abbrev0:
 1084 0000 01       		.uleb128 0x1
 1085 0001 11       		.uleb128 0x11
 1086 0002 01       		.byte	0x1
 1087 0003 25       		.uleb128 0x25
 1088 0004 0E       		.uleb128 0xe
 1089 0005 13       		.uleb128 0x13
 1090 0006 0B       		.uleb128 0xb
 1091 0007 03       		.uleb128 0x3
 1092 0008 0E       		.uleb128 0xe
 1093 0009 1B       		.uleb128 0x1b
 1094 000a 0E       		.uleb128 0xe
 1095 000b 55       		.uleb128 0x55
 1096 000c 17       		.uleb128 0x17
 1097 000d 11       		.uleb128 0x11
 1098 000e 01       		.uleb128 0x1
 1099 000f 10       		.uleb128 0x10
 1100 0010 17       		.uleb128 0x17
 1101 0011 00       		.byte	0
 1102 0012 00       		.byte	0
 1103 0013 02       		.uleb128 0x2
 1104 0014 24       		.uleb128 0x24
 1105 0015 00       		.byte	0
 1106 0016 0B       		.uleb128 0xb
 1107 0017 0B       		.uleb128 0xb
 1108 0018 3E       		.uleb128 0x3e
 1109 0019 0B       		.uleb128 0xb
 1110 001a 03       		.uleb128 0x3
 1111 001b 08       		.uleb128 0x8
 1112 001c 00       		.byte	0
 1113 001d 00       		.byte	0
 1114 001e 03       		.uleb128 0x3
 1115 001f 24       		.uleb128 0x24
 1116 0020 00       		.byte	0
 1117 0021 0B       		.uleb128 0xb
 1118 0022 0B       		.uleb128 0xb
 1119 0023 3E       		.uleb128 0x3e
 1120 0024 0B       		.uleb128 0xb
 1121 0025 03       		.uleb128 0x3
 1122 0026 0E       		.uleb128 0xe
 1123 0027 00       		.byte	0
 1124 0028 00       		.byte	0
 1125 0029 04       		.uleb128 0x4
 1126 002a 16       		.uleb128 0x16
 1127 002b 00       		.byte	0
 1128 002c 03       		.uleb128 0x3
 1129 002d 0E       		.uleb128 0xe
 1130 002e 3A       		.uleb128 0x3a
 1131 002f 0B       		.uleb128 0xb
ARM GAS  /var/folders/4k/6h5l9jl178sb4hslwv3xp1mr0000gn/T//ccbX091V.s 			page 21


 1132 0030 3B       		.uleb128 0x3b
 1133 0031 0B       		.uleb128 0xb
 1134 0032 49       		.uleb128 0x49
 1135 0033 13       		.uleb128 0x13
 1136 0034 00       		.byte	0
 1137 0035 00       		.byte	0
 1138 0036 05       		.uleb128 0x5
 1139 0037 35       		.uleb128 0x35
 1140 0038 00       		.byte	0
 1141 0039 49       		.uleb128 0x49
 1142 003a 13       		.uleb128 0x13
 1143 003b 00       		.byte	0
 1144 003c 00       		.byte	0
 1145 003d 06       		.uleb128 0x6
 1146 003e 01       		.uleb128 0x1
 1147 003f 01       		.byte	0x1
 1148 0040 49       		.uleb128 0x49
 1149 0041 13       		.uleb128 0x13
 1150 0042 01       		.uleb128 0x1
 1151 0043 13       		.uleb128 0x13
 1152 0044 00       		.byte	0
 1153 0045 00       		.byte	0
 1154 0046 07       		.uleb128 0x7
 1155 0047 21       		.uleb128 0x21
 1156 0048 00       		.byte	0
 1157 0049 49       		.uleb128 0x49
 1158 004a 13       		.uleb128 0x13
 1159 004b 2F       		.uleb128 0x2f
 1160 004c 0B       		.uleb128 0xb
 1161 004d 00       		.byte	0
 1162 004e 00       		.byte	0
 1163 004f 08       		.uleb128 0x8
 1164 0050 04       		.uleb128 0x4
 1165 0051 01       		.byte	0x1
 1166 0052 0B       		.uleb128 0xb
 1167 0053 0B       		.uleb128 0xb
 1168 0054 3A       		.uleb128 0x3a
 1169 0055 0B       		.uleb128 0xb
 1170 0056 3B       		.uleb128 0x3b
 1171 0057 0B       		.uleb128 0xb
 1172 0058 01       		.uleb128 0x1
 1173 0059 13       		.uleb128 0x13
 1174 005a 00       		.byte	0
 1175 005b 00       		.byte	0
 1176 005c 09       		.uleb128 0x9
 1177 005d 28       		.uleb128 0x28
 1178 005e 00       		.byte	0
 1179 005f 03       		.uleb128 0x3
 1180 0060 0E       		.uleb128 0xe
 1181 0061 1C       		.uleb128 0x1c
 1182 0062 0D       		.uleb128 0xd
 1183 0063 00       		.byte	0
 1184 0064 00       		.byte	0
 1185 0065 0A       		.uleb128 0xa
 1186 0066 13       		.uleb128 0x13
 1187 0067 01       		.byte	0x1
 1188 0068 03       		.uleb128 0x3
ARM GAS  /var/folders/4k/6h5l9jl178sb4hslwv3xp1mr0000gn/T//ccbX091V.s 			page 22


 1189 0069 0E       		.uleb128 0xe
 1190 006a 0B       		.uleb128 0xb
 1191 006b 0B       		.uleb128 0xb
 1192 006c 3A       		.uleb128 0x3a
 1193 006d 0B       		.uleb128 0xb
 1194 006e 3B       		.uleb128 0x3b
 1195 006f 05       		.uleb128 0x5
 1196 0070 01       		.uleb128 0x1
 1197 0071 13       		.uleb128 0x13
 1198 0072 00       		.byte	0
 1199 0073 00       		.byte	0
 1200 0074 0B       		.uleb128 0xb
 1201 0075 0D       		.uleb128 0xd
 1202 0076 00       		.byte	0
 1203 0077 03       		.uleb128 0x3
 1204 0078 0E       		.uleb128 0xe
 1205 0079 3A       		.uleb128 0x3a
 1206 007a 0B       		.uleb128 0xb
 1207 007b 3B       		.uleb128 0x3b
 1208 007c 05       		.uleb128 0x5
 1209 007d 49       		.uleb128 0x49
 1210 007e 13       		.uleb128 0x13
 1211 007f 38       		.uleb128 0x38
 1212 0080 0B       		.uleb128 0xb
 1213 0081 00       		.byte	0
 1214 0082 00       		.byte	0
 1215 0083 0C       		.uleb128 0xc
 1216 0084 0D       		.uleb128 0xd
 1217 0085 00       		.byte	0
 1218 0086 03       		.uleb128 0x3
 1219 0087 08       		.uleb128 0x8
 1220 0088 3A       		.uleb128 0x3a
 1221 0089 0B       		.uleb128 0xb
 1222 008a 3B       		.uleb128 0x3b
 1223 008b 05       		.uleb128 0x5
 1224 008c 49       		.uleb128 0x49
 1225 008d 13       		.uleb128 0x13
 1226 008e 38       		.uleb128 0x38
 1227 008f 0B       		.uleb128 0xb
 1228 0090 00       		.byte	0
 1229 0091 00       		.byte	0
 1230 0092 0D       		.uleb128 0xd
 1231 0093 0F       		.uleb128 0xf
 1232 0094 00       		.byte	0
 1233 0095 0B       		.uleb128 0xb
 1234 0096 0B       		.uleb128 0xb
 1235 0097 49       		.uleb128 0x49
 1236 0098 13       		.uleb128 0x13
 1237 0099 00       		.byte	0
 1238 009a 00       		.byte	0
 1239 009b 0E       		.uleb128 0xe
 1240 009c 15       		.uleb128 0x15
 1241 009d 01       		.byte	0x1
 1242 009e 27       		.uleb128 0x27
 1243 009f 19       		.uleb128 0x19
 1244 00a0 01       		.uleb128 0x1
 1245 00a1 13       		.uleb128 0x13
ARM GAS  /var/folders/4k/6h5l9jl178sb4hslwv3xp1mr0000gn/T//ccbX091V.s 			page 23


 1246 00a2 00       		.byte	0
 1247 00a3 00       		.byte	0
 1248 00a4 0F       		.uleb128 0xf
 1249 00a5 05       		.uleb128 0x5
 1250 00a6 00       		.byte	0
 1251 00a7 49       		.uleb128 0x49
 1252 00a8 13       		.uleb128 0x13
 1253 00a9 00       		.byte	0
 1254 00aa 00       		.byte	0
 1255 00ab 10       		.uleb128 0x10
 1256 00ac 13       		.uleb128 0x13
 1257 00ad 01       		.byte	0x1
 1258 00ae 0B       		.uleb128 0xb
 1259 00af 0B       		.uleb128 0xb
 1260 00b0 3A       		.uleb128 0x3a
 1261 00b1 0B       		.uleb128 0xb
 1262 00b2 3B       		.uleb128 0x3b
 1263 00b3 05       		.uleb128 0x5
 1264 00b4 01       		.uleb128 0x1
 1265 00b5 13       		.uleb128 0x13
 1266 00b6 00       		.byte	0
 1267 00b7 00       		.byte	0
 1268 00b8 11       		.uleb128 0x11
 1269 00b9 16       		.uleb128 0x16
 1270 00ba 00       		.byte	0
 1271 00bb 03       		.uleb128 0x3
 1272 00bc 0E       		.uleb128 0xe
 1273 00bd 3A       		.uleb128 0x3a
 1274 00be 0B       		.uleb128 0xb
 1275 00bf 3B       		.uleb128 0x3b
 1276 00c0 05       		.uleb128 0x5
 1277 00c1 49       		.uleb128 0x49
 1278 00c2 13       		.uleb128 0x13
 1279 00c3 00       		.byte	0
 1280 00c4 00       		.byte	0
 1281 00c5 12       		.uleb128 0x12
 1282 00c6 26       		.uleb128 0x26
 1283 00c7 00       		.byte	0
 1284 00c8 49       		.uleb128 0x49
 1285 00c9 13       		.uleb128 0x13
 1286 00ca 00       		.byte	0
 1287 00cb 00       		.byte	0
 1288 00cc 13       		.uleb128 0x13
 1289 00cd 2E       		.uleb128 0x2e
 1290 00ce 01       		.byte	0x1
 1291 00cf 3F       		.uleb128 0x3f
 1292 00d0 19       		.uleb128 0x19
 1293 00d1 03       		.uleb128 0x3
 1294 00d2 0E       		.uleb128 0xe
 1295 00d3 3A       		.uleb128 0x3a
 1296 00d4 0B       		.uleb128 0xb
 1297 00d5 3B       		.uleb128 0x3b
 1298 00d6 0B       		.uleb128 0xb
 1299 00d7 27       		.uleb128 0x27
 1300 00d8 19       		.uleb128 0x19
 1301 00d9 11       		.uleb128 0x11
 1302 00da 01       		.uleb128 0x1
ARM GAS  /var/folders/4k/6h5l9jl178sb4hslwv3xp1mr0000gn/T//ccbX091V.s 			page 24


 1303 00db 12       		.uleb128 0x12
 1304 00dc 06       		.uleb128 0x6
 1305 00dd 40       		.uleb128 0x40
 1306 00de 18       		.uleb128 0x18
 1307 00df 9742     		.uleb128 0x2117
 1308 00e1 19       		.uleb128 0x19
 1309 00e2 01       		.uleb128 0x1
 1310 00e3 13       		.uleb128 0x13
 1311 00e4 00       		.byte	0
 1312 00e5 00       		.byte	0
 1313 00e6 14       		.uleb128 0x14
 1314 00e7 898201   		.uleb128 0x4109
 1315 00ea 00       		.byte	0
 1316 00eb 11       		.uleb128 0x11
 1317 00ec 01       		.uleb128 0x1
 1318 00ed 9542     		.uleb128 0x2115
 1319 00ef 19       		.uleb128 0x19
 1320 00f0 31       		.uleb128 0x31
 1321 00f1 13       		.uleb128 0x13
 1322 00f2 00       		.byte	0
 1323 00f3 00       		.byte	0
 1324 00f4 15       		.uleb128 0x15
 1325 00f5 05       		.uleb128 0x5
 1326 00f6 00       		.byte	0
 1327 00f7 03       		.uleb128 0x3
 1328 00f8 0E       		.uleb128 0xe
 1329 00f9 3A       		.uleb128 0x3a
 1330 00fa 0B       		.uleb128 0xb
 1331 00fb 3B       		.uleb128 0x3b
 1332 00fc 0B       		.uleb128 0xb
 1333 00fd 49       		.uleb128 0x49
 1334 00fe 13       		.uleb128 0x13
 1335 00ff 02       		.uleb128 0x2
 1336 0100 18       		.uleb128 0x18
 1337 0101 00       		.byte	0
 1338 0102 00       		.byte	0
 1339 0103 16       		.uleb128 0x16
 1340 0104 05       		.uleb128 0x5
 1341 0105 00       		.byte	0
 1342 0106 03       		.uleb128 0x3
 1343 0107 0E       		.uleb128 0xe
 1344 0108 3A       		.uleb128 0x3a
 1345 0109 0B       		.uleb128 0xb
 1346 010a 3B       		.uleb128 0x3b
 1347 010b 0B       		.uleb128 0xb
 1348 010c 49       		.uleb128 0x49
 1349 010d 13       		.uleb128 0x13
 1350 010e 02       		.uleb128 0x2
 1351 010f 17       		.uleb128 0x17
 1352 0110 00       		.byte	0
 1353 0111 00       		.byte	0
 1354 0112 17       		.uleb128 0x17
 1355 0113 0B       		.uleb128 0xb
 1356 0114 01       		.byte	0x1
 1357 0115 55       		.uleb128 0x55
 1358 0116 17       		.uleb128 0x17
 1359 0117 01       		.uleb128 0x1
ARM GAS  /var/folders/4k/6h5l9jl178sb4hslwv3xp1mr0000gn/T//ccbX091V.s 			page 25


 1360 0118 13       		.uleb128 0x13
 1361 0119 00       		.byte	0
 1362 011a 00       		.byte	0
 1363 011b 18       		.uleb128 0x18
 1364 011c 34       		.uleb128 0x34
 1365 011d 00       		.byte	0
 1366 011e 03       		.uleb128 0x3
 1367 011f 08       		.uleb128 0x8
 1368 0120 3A       		.uleb128 0x3a
 1369 0121 0B       		.uleb128 0xb
 1370 0122 3B       		.uleb128 0x3b
 1371 0123 0B       		.uleb128 0xb
 1372 0124 49       		.uleb128 0x49
 1373 0125 13       		.uleb128 0x13
 1374 0126 02       		.uleb128 0x2
 1375 0127 18       		.uleb128 0x18
 1376 0128 00       		.byte	0
 1377 0129 00       		.byte	0
 1378 012a 19       		.uleb128 0x19
 1379 012b 0B       		.uleb128 0xb
 1380 012c 01       		.byte	0x1
 1381 012d 11       		.uleb128 0x11
 1382 012e 01       		.uleb128 0x1
 1383 012f 12       		.uleb128 0x12
 1384 0130 06       		.uleb128 0x6
 1385 0131 01       		.uleb128 0x1
 1386 0132 13       		.uleb128 0x13
 1387 0133 00       		.byte	0
 1388 0134 00       		.byte	0
 1389 0135 1A       		.uleb128 0x1a
 1390 0136 898201   		.uleb128 0x4109
 1391 0139 01       		.byte	0x1
 1392 013a 11       		.uleb128 0x11
 1393 013b 01       		.uleb128 0x1
 1394 013c 31       		.uleb128 0x31
 1395 013d 13       		.uleb128 0x13
 1396 013e 00       		.byte	0
 1397 013f 00       		.byte	0
 1398 0140 1B       		.uleb128 0x1b
 1399 0141 8A8201   		.uleb128 0x410a
 1400 0144 00       		.byte	0
 1401 0145 02       		.uleb128 0x2
 1402 0146 18       		.uleb128 0x18
 1403 0147 9142     		.uleb128 0x2111
 1404 0149 18       		.uleb128 0x18
 1405 014a 00       		.byte	0
 1406 014b 00       		.byte	0
 1407 014c 1C       		.uleb128 0x1c
 1408 014d 0B       		.uleb128 0xb
 1409 014e 01       		.byte	0x1
 1410 014f 11       		.uleb128 0x11
 1411 0150 01       		.uleb128 0x1
 1412 0151 12       		.uleb128 0x12
 1413 0152 06       		.uleb128 0x6
 1414 0153 00       		.byte	0
 1415 0154 00       		.byte	0
 1416 0155 1D       		.uleb128 0x1d
ARM GAS  /var/folders/4k/6h5l9jl178sb4hslwv3xp1mr0000gn/T//ccbX091V.s 			page 26


 1417 0156 34       		.uleb128 0x34
 1418 0157 00       		.byte	0
 1419 0158 03       		.uleb128 0x3
 1420 0159 0E       		.uleb128 0xe
 1421 015a 3A       		.uleb128 0x3a
 1422 015b 0B       		.uleb128 0xb
 1423 015c 3B       		.uleb128 0x3b
 1424 015d 05       		.uleb128 0x5
 1425 015e 49       		.uleb128 0x49
 1426 015f 13       		.uleb128 0x13
 1427 0160 3F       		.uleb128 0x3f
 1428 0161 19       		.uleb128 0x19
 1429 0162 3C       		.uleb128 0x3c
 1430 0163 19       		.uleb128 0x19
 1431 0164 00       		.byte	0
 1432 0165 00       		.byte	0
 1433 0166 1E       		.uleb128 0x1e
 1434 0167 2E       		.uleb128 0x2e
 1435 0168 00       		.byte	0
 1436 0169 3F       		.uleb128 0x3f
 1437 016a 19       		.uleb128 0x19
 1438 016b 03       		.uleb128 0x3
 1439 016c 0E       		.uleb128 0xe
 1440 016d 3A       		.uleb128 0x3a
 1441 016e 0B       		.uleb128 0xb
 1442 016f 3B       		.uleb128 0x3b
 1443 0170 05       		.uleb128 0x5
 1444 0171 27       		.uleb128 0x27
 1445 0172 19       		.uleb128 0x19
 1446 0173 3C       		.uleb128 0x3c
 1447 0174 19       		.uleb128 0x19
 1448 0175 00       		.byte	0
 1449 0176 00       		.byte	0
 1450 0177 1F       		.uleb128 0x1f
 1451 0178 2E       		.uleb128 0x2e
 1452 0179 01       		.byte	0x1
 1453 017a 3F       		.uleb128 0x3f
 1454 017b 19       		.uleb128 0x19
 1455 017c 03       		.uleb128 0x3
 1456 017d 0E       		.uleb128 0xe
 1457 017e 3A       		.uleb128 0x3a
 1458 017f 0B       		.uleb128 0xb
 1459 0180 3B       		.uleb128 0x3b
 1460 0181 05       		.uleb128 0x5
 1461 0182 27       		.uleb128 0x27
 1462 0183 19       		.uleb128 0x19
 1463 0184 3C       		.uleb128 0x3c
 1464 0185 19       		.uleb128 0x19
 1465 0186 01       		.uleb128 0x1
 1466 0187 13       		.uleb128 0x13
 1467 0188 00       		.byte	0
 1468 0189 00       		.byte	0
 1469 018a 20       		.uleb128 0x20
 1470 018b 2E       		.uleb128 0x2e
 1471 018c 01       		.byte	0x1
 1472 018d 3F       		.uleb128 0x3f
 1473 018e 19       		.uleb128 0x19
ARM GAS  /var/folders/4k/6h5l9jl178sb4hslwv3xp1mr0000gn/T//ccbX091V.s 			page 27


 1474 018f 03       		.uleb128 0x3
 1475 0190 0E       		.uleb128 0xe
 1476 0191 3A       		.uleb128 0x3a
 1477 0192 0B       		.uleb128 0xb
 1478 0193 3B       		.uleb128 0x3b
 1479 0194 05       		.uleb128 0x5
 1480 0195 27       		.uleb128 0x27
 1481 0196 19       		.uleb128 0x19
 1482 0197 3C       		.uleb128 0x3c
 1483 0198 19       		.uleb128 0x19
 1484 0199 00       		.byte	0
 1485 019a 00       		.byte	0
 1486 019b 00       		.byte	0
 1487              		.section	.debug_loc,"",%progbits
 1488              	.Ldebug_loc0:
 1489              	.LLST0:
 1490 0000 00000000 		.4byte	.LVL2
 1491 0004 13000000 		.4byte	.LVL3-1
 1492 0008 0100     		.2byte	0x1
 1493 000a 50       		.byte	0x50
 1494 000b 13000000 		.4byte	.LVL3-1
 1495 000f 20000000 		.4byte	.LFE120
 1496 0013 0100     		.2byte	0x1
 1497 0015 54       		.byte	0x54
 1498 0016 00000000 		.4byte	0
 1499 001a 00000000 		.4byte	0
 1500              	.LLST1:
 1501 001e 00000000 		.4byte	.LVL2
 1502 0022 13000000 		.4byte	.LVL3-1
 1503 0026 0100     		.2byte	0x1
 1504 0028 51       		.byte	0x51
 1505 0029 13000000 		.4byte	.LVL3-1
 1506 002d 20000000 		.4byte	.LFE120
 1507 0031 0400     		.2byte	0x4
 1508 0033 F3       		.byte	0xf3
 1509 0034 01       		.uleb128 0x1
 1510 0035 51       		.byte	0x51
 1511 0036 9F       		.byte	0x9f
 1512 0037 00000000 		.4byte	0
 1513 003b 00000000 		.4byte	0
 1514              	.LLST2:
 1515 003f 00000000 		.4byte	.LVL4
 1516 0043 0D000000 		.4byte	.LVL5-1
 1517 0047 0100     		.2byte	0x1
 1518 0049 50       		.byte	0x50
 1519 004a 0D000000 		.4byte	.LVL5-1
 1520 004e 1A000000 		.4byte	.LFE121
 1521 0052 0100     		.2byte	0x1
 1522 0054 54       		.byte	0x54
 1523 0055 00000000 		.4byte	0
 1524 0059 00000000 		.4byte	0
 1525              	.LLST3:
 1526 005d 00000000 		.4byte	.LVL7
 1527 0061 0B000000 		.4byte	.LVL8-1
 1528 0065 0100     		.2byte	0x1
 1529 0067 50       		.byte	0x50
 1530 0068 0B000000 		.4byte	.LVL8-1
ARM GAS  /var/folders/4k/6h5l9jl178sb4hslwv3xp1mr0000gn/T//ccbX091V.s 			page 28


 1531 006c 14000000 		.4byte	.LFE123
 1532 0070 0400     		.2byte	0x4
 1533 0072 F3       		.byte	0xf3
 1534 0073 01       		.uleb128 0x1
 1535 0074 50       		.byte	0x50
 1536 0075 9F       		.byte	0x9f
 1537 0076 00000000 		.4byte	0
 1538 007a 00000000 		.4byte	0
 1539              	.LLST4:
 1540 007e 00000000 		.4byte	.LVL7
 1541 0082 0B000000 		.4byte	.LVL8-1
 1542 0086 0100     		.2byte	0x1
 1543 0088 51       		.byte	0x51
 1544 0089 0B000000 		.4byte	.LVL8-1
 1545 008d 14000000 		.4byte	.LFE123
 1546 0091 0400     		.2byte	0x4
 1547 0093 F3       		.byte	0xf3
 1548 0094 01       		.uleb128 0x1
 1549 0095 51       		.byte	0x51
 1550 0096 9F       		.byte	0x9f
 1551 0097 00000000 		.4byte	0
 1552 009b 00000000 		.4byte	0
 1553              	.LLST5:
 1554 009f 00000000 		.4byte	.LVL7
 1555 00a3 0B000000 		.4byte	.LVL8-1
 1556 00a7 0100     		.2byte	0x1
 1557 00a9 52       		.byte	0x52
 1558 00aa 0B000000 		.4byte	.LVL8-1
 1559 00ae 14000000 		.4byte	.LFE123
 1560 00b2 0400     		.2byte	0x4
 1561 00b4 F3       		.byte	0xf3
 1562 00b5 01       		.uleb128 0x1
 1563 00b6 52       		.byte	0x52
 1564 00b7 9F       		.byte	0x9f
 1565 00b8 00000000 		.4byte	0
 1566 00bc 00000000 		.4byte	0
 1567              	.LLST6:
 1568 00c0 00000000 		.4byte	.LVL9
 1569 00c4 0B000000 		.4byte	.LVL10-1
 1570 00c8 0100     		.2byte	0x1
 1571 00ca 50       		.byte	0x50
 1572 00cb 0B000000 		.4byte	.LVL10-1
 1573 00cf 14000000 		.4byte	.LFE124
 1574 00d3 0400     		.2byte	0x4
 1575 00d5 F3       		.byte	0xf3
 1576 00d6 01       		.uleb128 0x1
 1577 00d7 50       		.byte	0x50
 1578 00d8 9F       		.byte	0x9f
 1579 00d9 00000000 		.4byte	0
 1580 00dd 00000000 		.4byte	0
 1581              	.LLST7:
 1582 00e1 00000000 		.4byte	.LVL9
 1583 00e5 0B000000 		.4byte	.LVL10-1
 1584 00e9 0100     		.2byte	0x1
 1585 00eb 51       		.byte	0x51
 1586 00ec 0B000000 		.4byte	.LVL10-1
 1587 00f0 14000000 		.4byte	.LFE124
ARM GAS  /var/folders/4k/6h5l9jl178sb4hslwv3xp1mr0000gn/T//ccbX091V.s 			page 29


 1588 00f4 0400     		.2byte	0x4
 1589 00f6 F3       		.byte	0xf3
 1590 00f7 01       		.uleb128 0x1
 1591 00f8 51       		.byte	0x51
 1592 00f9 9F       		.byte	0x9f
 1593 00fa 00000000 		.4byte	0
 1594 00fe 00000000 		.4byte	0
 1595              		.section	.debug_aranges,"",%progbits
 1596 0000 4C000000 		.4byte	0x4c
 1597 0004 0200     		.2byte	0x2
 1598 0006 00000000 		.4byte	.Ldebug_info0
 1599 000a 04       		.byte	0x4
 1600 000b 00       		.byte	0
 1601 000c 0000     		.2byte	0
 1602 000e 0000     		.2byte	0
 1603 0010 00000000 		.4byte	.LFB118
 1604 0014 04000000 		.4byte	.LFE118-.LFB118
 1605 0018 00000000 		.4byte	.LFB119
 1606 001c 0A000000 		.4byte	.LFE119-.LFB119
 1607 0020 00000000 		.4byte	.LFB120
 1608 0024 20000000 		.4byte	.LFE120-.LFB120
 1609 0028 00000000 		.4byte	.LFB121
 1610 002c 1A000000 		.4byte	.LFE121-.LFB121
 1611 0030 00000000 		.4byte	.LFB122
 1612 0034 18000000 		.4byte	.LFE122-.LFB122
 1613 0038 00000000 		.4byte	.LFB123
 1614 003c 14000000 		.4byte	.LFE123-.LFB123
 1615 0040 00000000 		.4byte	.LFB124
 1616 0044 14000000 		.4byte	.LFE124-.LFB124
 1617 0048 00000000 		.4byte	0
 1618 004c 00000000 		.4byte	0
 1619              		.section	.debug_ranges,"",%progbits
 1620              	.Ldebug_ranges0:
 1621 0000 02000000 		.4byte	.LBB2
 1622 0004 04000000 		.4byte	.LBE2
 1623 0008 06000000 		.4byte	.LBB3
 1624 000c 0A000000 		.4byte	.LBE3
 1625 0010 00000000 		.4byte	0
 1626 0014 00000000 		.4byte	0
 1627 0018 02000000 		.4byte	.LBB5
 1628 001c 04000000 		.4byte	.LBE5
 1629 0020 06000000 		.4byte	.LBB6
 1630 0024 0A000000 		.4byte	.LBE6
 1631 0028 00000000 		.4byte	0
 1632 002c 00000000 		.4byte	0
 1633 0030 00000000 		.4byte	.LFB118
 1634 0034 04000000 		.4byte	.LFE118
 1635 0038 00000000 		.4byte	.LFB119
 1636 003c 0A000000 		.4byte	.LFE119
 1637 0040 00000000 		.4byte	.LFB120
 1638 0044 20000000 		.4byte	.LFE120
 1639 0048 00000000 		.4byte	.LFB121
 1640 004c 1A000000 		.4byte	.LFE121
 1641 0050 00000000 		.4byte	.LFB122
 1642 0054 18000000 		.4byte	.LFE122
 1643 0058 00000000 		.4byte	.LFB123
 1644 005c 14000000 		.4byte	.LFE123
ARM GAS  /var/folders/4k/6h5l9jl178sb4hslwv3xp1mr0000gn/T//ccbX091V.s 			page 30


 1645 0060 00000000 		.4byte	.LFB124
 1646 0064 14000000 		.4byte	.LFE124
 1647 0068 00000000 		.4byte	0
 1648 006c 00000000 		.4byte	0
 1649              		.section	.debug_line,"",%progbits
 1650              	.Ldebug_line0:
 1651 0000 71020000 		.section	.debug_str,"MS",%progbits,1
 1651      0200DF01 
 1651      00000201 
 1651      FB0E0D00 
 1651      01010101 
 1652              	.LASF34:
 1653 0000 43434552 		.ascii	"CCER\000"
 1653      00
 1654              	.LASF62:
 1655 0005 70776D5F 		.ascii	"pwm_lld_stop\000"
 1655      6C6C645F 
 1655      73746F70 
 1655      00
 1656              	.LASF36:
 1657 0012 444D4152 		.ascii	"DMAR\000"
 1657      00
 1658              	.LASF25:
 1659 0017 73746174 		.ascii	"state\000"
 1659      6500
 1660              	.LASF33:
 1661 001d 43434D52 		.ascii	"CCMR2\000"
 1661      3200
 1662              	.LASF37:
 1663 0023 43434D52 		.ascii	"CCMR3\000"
 1663      3300
 1664              	.LASF3:
 1665 0029 73686F72 		.ascii	"short int\000"
 1665      7420696E 
 1665      7400
 1666              	.LASF43:
 1667 0033 70776D63 		.ascii	"pwmcnt_t\000"
 1667      6E745F74 
 1667      00
 1668              	.LASF18:
 1669 003c 73697A65 		.ascii	"sizetype\000"
 1669      74797065 
 1669      00
 1670              	.LASF69:
 1671 0045 70776D5F 		.ascii	"pwm_lld_disable_channel\000"
 1671      6C6C645F 
 1671      64697361 
 1671      626C655F 
 1671      6368616E 
 1672              	.LASF42:
 1673 005d 70776D63 		.ascii	"pwmchannel_t\000"
 1673      68616E6E 
 1673      656C5F74 
 1673      00
 1674              	.LASF9:
 1675 006a 5F5F7569 		.ascii	"__uint32_t\000"
 1675      6E743332 
ARM GAS  /var/folders/4k/6h5l9jl178sb4hslwv3xp1mr0000gn/T//ccbX091V.s 			page 31


 1675      5F7400
 1676              	.LASF44:
 1677 0075 6D6F6465 		.ascii	"mode\000"
 1677      00
 1678              	.LASF5:
 1679 007a 5F5F7569 		.ascii	"__uint16_t\000"
 1679      6E743136 
 1679      5F7400
 1680              	.LASF48:
 1681 0085 6368616E 		.ascii	"channels\000"
 1681      6E656C73 
 1681      00
 1682              	.LASF26:
 1683 008e 636F6E66 		.ascii	"config\000"
 1683      696700
 1684              	.LASF52:
 1685 0095 70776D4F 		.ascii	"pwmObjectInit\000"
 1685      626A6563 
 1685      74496E69 
 1685      7400
 1686              	.LASF13:
 1687 00a3 75696E74 		.ascii	"uint8_t\000"
 1687      385F7400 
 1688              	.LASF57:
 1689 00ab 70776D45 		.ascii	"pwmEnableChannel\000"
 1689      6E61626C 
 1689      65436861 
 1689      6E6E656C 
 1689      00
 1690              	.LASF59:
 1691 00bc 77696474 		.ascii	"width\000"
 1691      6800
 1692              	.LASF53:
 1693 00c2 70776D53 		.ascii	"pwmStart\000"
 1693      74617274 
 1693      00
 1694              	.LASF11:
 1695 00cb 6C6F6E67 		.ascii	"long long int\000"
 1695      206C6F6E 
 1695      6720696E 
 1695      7400
 1696              	.LASF8:
 1697 00d9 6C6F6E67 		.ascii	"long int\000"
 1697      20696E74 
 1697      00
 1698              	.LASF51:
 1699 00e2 70776D49 		.ascii	"pwmInit\000"
 1699      6E697400 
 1700              	.LASF38:
 1701 00ea 43435235 		.ascii	"CCR5\000"
 1701      00
 1702              	.LASF39:
 1703 00ef 43435236 		.ascii	"CCR6\000"
 1703      00
 1704              	.LASF27:
 1705 00f4 70657269 		.ascii	"period\000"
 1705      6F6400
ARM GAS  /var/folders/4k/6h5l9jl178sb4hslwv3xp1mr0000gn/T//ccbX091V.s 			page 32


 1706              	.LASF4:
 1707 00fb 5F5F7569 		.ascii	"__uint8_t\000"
 1707      6E74385F 
 1707      7400
 1708              	.LASF32:
 1709 0105 43434D52 		.ascii	"CCMR1\000"
 1709      3100
 1710              	.LASF61:
 1711 010b 70776D5F 		.ascii	"pwm_lld_start\000"
 1711      6C6C645F 
 1711      73746172 
 1711      7400
 1712              	.LASF50:
 1713 0119 50574D43 		.ascii	"PWMConfig\000"
 1713      6F6E6669 
 1713      6700
 1714              	.LASF64:
 1715 0123 474E5520 		.ascii	"GNU C 4.8.3 20140228 (release) [ARM/embedded-4_8-br"
 1715      4320342E 
 1715      382E3320 
 1715      32303134 
 1715      30323238 
 1716 0156 616E6368 		.ascii	"anch revision 208322] -mcpu=cortex-m4 -mno-thumb-in"
 1716      20726576 
 1716      6973696F 
 1716      6E203230 
 1716      38333232 
 1717 0189 74657277 		.ascii	"terwork -mthumb -ggdb -O2 -fomit-frame-pointer -fal"
 1717      6F726B20 
 1717      2D6D7468 
 1717      756D6220 
 1717      2D676764 
 1718 01bc 69676E2D 		.ascii	"ign-functions=16 -ffunction-sections -fdata-section"
 1718      66756E63 
 1718      74696F6E 
 1718      733D3136 
 1718      202D6666 
 1719 01ef 73202D66 		.ascii	"s -fno-common\000"
 1719      6E6F2D63 
 1719      6F6D6D6F 
 1719      6E00
 1720              	.LASF54:
 1721 01fd 70776D70 		.ascii	"pwmp\000"
 1721      00
 1722              	.LASF30:
 1723 0202 534D4352 		.ascii	"SMCR\000"
 1723      00
 1724              	.LASF20:
 1725 0207 50574D5F 		.ascii	"PWM_UNINIT\000"
 1725      554E494E 
 1725      495400
 1726              	.LASF2:
 1727 0212 756E7369 		.ascii	"unsigned char\000"
 1727      676E6564 
 1727      20636861 
 1727      7200
 1728              	.LASF63:
ARM GAS  /var/folders/4k/6h5l9jl178sb4hslwv3xp1mr0000gn/T//ccbX091V.s 			page 33


 1729 0220 70776D5F 		.ascii	"pwm_lld_enable_channel\000"
 1729      6C6C645F 
 1729      656E6162 
 1729      6C655F63 
 1729      68616E6E 
 1730              	.LASF60:
 1731 0237 70776D44 		.ascii	"pwmDisableChannel\000"
 1731      69736162 
 1731      6C654368 
 1731      616E6E65 
 1731      6C00
 1732              	.LASF1:
 1733 0249 7369676E 		.ascii	"signed char\000"
 1733      65642063 
 1733      68617200 
 1734              	.LASF12:
 1735 0255 6C6F6E67 		.ascii	"long long unsigned int\000"
 1735      206C6F6E 
 1735      6720756E 
 1735      7369676E 
 1735      65642069 
 1736              	.LASF16:
 1737 026c 75696E74 		.ascii	"uint32_t\000"
 1737      33325F74 
 1737      00
 1738              	.LASF0:
 1739 0275 756E7369 		.ascii	"unsigned int\000"
 1739      676E6564 
 1739      20696E74 
 1739      00
 1740              	.LASF14:
 1741 0282 75696E74 		.ascii	"uint16_t\000"
 1741      31365F74 
 1741      00
 1742              	.LASF35:
 1743 028b 42445452 		.ascii	"BDTR\000"
 1743      00
 1744              	.LASF31:
 1745 0290 44494552 		.ascii	"DIER\000"
 1745      00
 1746              	.LASF6:
 1747 0295 73686F72 		.ascii	"short unsigned int\000"
 1747      7420756E 
 1747      7369676E 
 1747      65642069 
 1747      6E7400
 1748              	.LASF66:
 1749 02a8 2F557365 		.ascii	"/Users/mikevanis/Documents/workspace/STM32_DCMI_CAM"
 1749      72732F6D 
 1749      696B6576 
 1749      616E6973 
 1749      2F446F63 
 1750 02db 4552412F 		.ascii	"ERA/\000"
 1750      00
 1751              	.LASF68:
 1752 02e0 70776D5F 		.ascii	"pwm_lld_init\000"
 1752      6C6C645F 
ARM GAS  /var/folders/4k/6h5l9jl178sb4hslwv3xp1mr0000gn/T//ccbX091V.s 			page 34


 1752      696E6974 
 1752      00
 1753              	.LASF19:
 1754 02ed 63686172 		.ascii	"char\000"
 1754      00
 1755              	.LASF40:
 1756 02f2 73746D33 		.ascii	"stm32_tim_t\000"
 1756      325F7469 
 1756      6D5F7400 
 1757              	.LASF24:
 1758 02fe 50574D44 		.ascii	"PWMDriver\000"
 1758      72697665 
 1758      7200
 1759              	.LASF15:
 1760 0308 696E7433 		.ascii	"int32_t\000"
 1760      325F7400 
 1761              	.LASF17:
 1762 0310 5F426F6F 		.ascii	"_Bool\000"
 1762      6C00
 1763              	.LASF58:
 1764 0316 6368616E 		.ascii	"channel\000"
 1764      6E656C00 
 1765              	.LASF56:
 1766 031e 70776D43 		.ascii	"pwmChangePeriod\000"
 1766      68616E67 
 1766      65506572 
 1766      696F6400 
 1767              	.LASF10:
 1768 032e 6C6F6E67 		.ascii	"long unsigned int\000"
 1768      20756E73 
 1768      69676E65 
 1768      6420696E 
 1768      7400
 1769              	.LASF28:
 1770 0340 636C6F63 		.ascii	"clock\000"
 1770      6B00
 1771              	.LASF65:
 1772 0346 2E2E2F43 		.ascii	"../ChibiStudio/ChibiOS/os/hal/src/pwm.c\000"
 1772      68696269 
 1772      53747564 
 1772      696F2F43 
 1772      68696269 
 1773              	.LASF7:
 1774 036e 5F5F696E 		.ascii	"__int32_t\000"
 1774      7433325F 
 1774      7400
 1775              	.LASF22:
 1776 0378 50574D5F 		.ascii	"PWM_READY\000"
 1776      52454144 
 1776      5900
 1777              	.LASF21:
 1778 0382 50574D5F 		.ascii	"PWM_STOP\000"
 1778      53544F50 
 1778      00
 1779              	.LASF49:
 1780 038b 64696572 		.ascii	"dier\000"
 1780      00
ARM GAS  /var/folders/4k/6h5l9jl178sb4hslwv3xp1mr0000gn/T//ccbX091V.s 			page 35


 1781              	.LASF55:
 1782 0390 70776D53 		.ascii	"pwmStop\000"
 1782      746F7000 
 1783              	.LASF47:
 1784 0398 66726571 		.ascii	"frequency\000"
 1784      75656E63 
 1784      7900
 1785              	.LASF46:
 1786 03a2 50574D43 		.ascii	"PWMChannelConfig\000"
 1786      68616E6E 
 1786      656C436F 
 1786      6E666967 
 1786      00
 1787              	.LASF41:
 1788 03b3 70776D6D 		.ascii	"pwmmode_t\000"
 1788      6F64655F 
 1788      7400
 1789              	.LASF67:
 1790 03bd 49544D5F 		.ascii	"ITM_RxBuffer\000"
 1790      52784275 
 1790      66666572 
 1790      00
 1791              	.LASF23:
 1792 03ca 70776D73 		.ascii	"pwmstate_t\000"
 1792      74617465 
 1792      5F7400
 1793              	.LASF29:
 1794 03d5 70776D63 		.ascii	"pwmcallback_t\000"
 1794      616C6C62 
 1794      61636B5F 
 1794      7400
 1795              	.LASF45:
 1796 03e3 63616C6C 		.ascii	"callback\000"
 1796      6261636B 
 1796      00
 1797              		.ident	"GCC: (GNU Tools for ARM Embedded Processors) 4.8.3 20140228 (release) [ARM/embedded-4_8-br
ARM GAS  /var/folders/4k/6h5l9jl178sb4hslwv3xp1mr0000gn/T//ccbX091V.s 			page 36


DEFINED SYMBOLS
                            *ABS*:0000000000000000 pwm.c
/var/folders/4k/6h5l9jl178sb4hslwv3xp1mr0000gn/T//ccbX091V.s:19     .text.pwmInit:0000000000000000 $t
/var/folders/4k/6h5l9jl178sb4hslwv3xp1mr0000gn/T//ccbX091V.s:25     .text.pwmInit:0000000000000000 pwmInit
/var/folders/4k/6h5l9jl178sb4hslwv3xp1mr0000gn/T//ccbX091V.s:40     .text.pwmObjectInit:0000000000000000 $t
/var/folders/4k/6h5l9jl178sb4hslwv3xp1mr0000gn/T//ccbX091V.s:46     .text.pwmObjectInit:0000000000000000 pwmObjectInit
/var/folders/4k/6h5l9jl178sb4hslwv3xp1mr0000gn/T//ccbX091V.s:67     .text.pwmStart:0000000000000000 $t
/var/folders/4k/6h5l9jl178sb4hslwv3xp1mr0000gn/T//ccbX091V.s:73     .text.pwmStart:0000000000000000 pwmStart
/var/folders/4k/6h5l9jl178sb4hslwv3xp1mr0000gn/T//ccbX091V.s:121    .text.pwmStop:0000000000000000 $t
/var/folders/4k/6h5l9jl178sb4hslwv3xp1mr0000gn/T//ccbX091V.s:127    .text.pwmStop:0000000000000000 pwmStop
/var/folders/4k/6h5l9jl178sb4hslwv3xp1mr0000gn/T//ccbX091V.s:170    .text.pwmChangePeriod:0000000000000000 $t
/var/folders/4k/6h5l9jl178sb4hslwv3xp1mr0000gn/T//ccbX091V.s:176    .text.pwmChangePeriod:0000000000000000 pwmChangePeriod
/var/folders/4k/6h5l9jl178sb4hslwv3xp1mr0000gn/T//ccbX091V.s:211    .text.pwmEnableChannel:0000000000000000 $t
/var/folders/4k/6h5l9jl178sb4hslwv3xp1mr0000gn/T//ccbX091V.s:217    .text.pwmEnableChannel:0000000000000000 pwmEnableChannel
/var/folders/4k/6h5l9jl178sb4hslwv3xp1mr0000gn/T//ccbX091V.s:252    .text.pwmDisableChannel:0000000000000000 $t
/var/folders/4k/6h5l9jl178sb4hslwv3xp1mr0000gn/T//ccbX091V.s:258    .text.pwmDisableChannel:0000000000000000 pwmDisableChannel
                     .debug_frame:0000000000000010 $d

UNDEFINED SYMBOLS
pwm_lld_init
pwm_lld_start
pwm_lld_stop
pwm_lld_enable_channel
pwm_lld_disable_channel
